# JRE version: OpenJDK Runtime Environment Temurin-23.0.2+7 (23.0.2+7) (build 23.0.2+7)
# Java VM: OpenJDK 64-Bit Server VM Temurin-23.0.2+7 (23.0.2+7, mixed mode, sharing, tiered, compressed oops, compressed class ptrs, g1 gc, bsd-aarch64)
GC Precious Log:
 CardTable entry size: 512
 Card Set container configuration: InlinePtr #cards 4 size 8 Array Of Cards #cards 16 size 48 Howl #buckets 8 coarsen threshold 3686 Howl Bitmap #cards 512 size 80 coarsen threshold 460 Card regions per heap region 1 cards per card region 4096
 CPUs: 10 total, 10 available
 Memory: 16384M
 Large Page Support: Disabled
 NUMA Support: Disabled
 Compressed Oops: Enabled (Zero based)
 Heap Region Size: 2M
 Heap Min Capacity: 8M
 Heap Initial Capacity: 256M
 Heap Max Capacity: 4G
 Pre-touch: Disabled
 Parallel Workers: 9
 Concurrent Workers: 2
 Concurrent Refinement Workers: 9
 Periodic GC: Disabled
Heap:
 garbage-first heap   total reserved 4194304K, committed 151552K, used 46412K [0x0000000300800000, 0x0000000400800000)
  region size 2048K, 4 young (8192K), 1 survivors (2048K)
 Metaspace       used 36272K, committed 36800K, reserved 1114112K
  class space    used 4723K, committed 4992K, reserved 1048576K
GC Heap History (16 events):
Event: 0.212 GC heap before
{Heap before GC invocations=0 (full 0):
 garbage-first heap   total reserved 4194304K, committed 264192K, used 23668K [0x0000000300800000, 0x0000000400800000)
  region size 2048K, 12 young (24576K), 0 survivors (0K)
 Metaspace       used 4824K, committed 4992K, reserved 1114112K
  class space    used 427K, committed 512K, reserved 1048576K
}
Event: 0.214 GC heap after
{Heap after GC invocations=1 (full 0):
 garbage-first heap   total reserved 4194304K, committed 264192K, used 3812K [0x0000000300800000, 0x0000000400800000)
  region size 2048K, 2 young (4096K), 2 survivors (4096K)
 Metaspace       used 4824K, committed 4992K, reserved 1114112K
  class space    used 427K, committed 512K, reserved 1048576K
}
Event: 0.367 GC heap before
{Heap before GC invocations=1 (full 0):
 garbage-first heap   total reserved 4194304K, committed 264192K, used 26340K [0x0000000300800000, 0x0000000400800000)
  region size 2048K, 14 young (28672K), 2 survivors (4096K)
 Metaspace       used 12577K, committed 12992K, reserved 1114112K
  class space    used 1337K, committed 1536K, reserved 1048576K
}
Event: 0.369 GC heap after
{Heap after GC invocations=2 (full 0):
 garbage-first heap   total reserved 4194304K, committed 264192K, used 6385K [0x0000000300800000, 0x0000000400800000)
  region size 2048K, 2 young (4096K), 2 survivors (4096K)
 Metaspace       used 12577K, committed 12992K, reserved 1114112K
  class space    used 1337K, committed 1536K, reserved 1048576K
}
Event: 5.841 GC heap before
{Heap before GC invocations=2 (full 0):
 garbage-first heap   total reserved 4194304K, committed 264192K, used 41201K [0x0000000300800000, 0x0000000400800000)
  region size 2048K, 21 young (43008K), 2 survivors (4096K)
 Metaspace       used 21126K, committed 21504K, reserved 1114112K
  class space    used 2648K, committed 2816K, reserved 1048576K
}
Event: 5.843 GC heap after
{Heap after GC invocations=3 (full 0):
 garbage-first heap   total reserved 4194304K, committed 264192K, used 8132K [0x0000000300800000, 0x0000000400800000)
  region size 2048K, 3 young (6144K), 3 survivors (6144K)
 Metaspace       used 21126K, committed 21504K, reserved 1114112K
  class space    used 2648K, committed 2816K, reserved 1048576K
}
Event: 6.138 GC heap before
{Heap before GC invocations=4 (full 0):
 garbage-first heap   total reserved 4194304K, committed 40960K, used 34756K [0x0000000300800000, 0x0000000400800000)
  region size 2048K, 17 young (34816K), 3 survivors (6144K)
 Metaspace       used 27599K, committed 28032K, reserved 1114112K
  class space    used 3522K, committed 3712K, reserved 1048576K
}
Event: 6.142 GC heap after
{Heap after GC invocations=5 (full 0):
 garbage-first heap   total reserved 4194304K, committed 53248K, used 14664K [0x0000000300800000, 0x0000000400800000)
  region size 2048K, 5 young (10240K), 5 survivors (10240K)
 Metaspace       used 27599K, committed 28032K, reserved 1114112K
  class space    used 3522K, committed 3712K, reserved 1048576K
}
Event: 6.494 GC heap before
{Heap before GC invocations=5 (full 0):
 garbage-first heap   total reserved 4194304K, committed 53248K, used 35144K [0x0000000300800000, 0x0000000400800000)
  region size 2048K, 15 young (30720K), 5 survivors (10240K)
 Metaspace       used 32386K, committed 32832K, reserved 1114112K
  class space    used 4147K, committed 4352K, reserved 1048576K
}
Event: 6.502 GC heap after
{Heap after GC invocations=6 (full 0):
 garbage-first heap   total reserved 4194304K, committed 53248K, used 17649K [0x0000000300800000, 0x0000000400800000)
  region size 2048K, 2 young (4096K), 2 survivors (4096K)
 Metaspace       used 32386K, committed 32832K, reserved 1114112K
  class space    used 4147K, committed 4352K, reserved 1048576K
}
Event: 6.510 GC heap before
{Heap before GC invocations=6 (full 0):
 garbage-first heap   total reserved 4194304K, committed 53248K, used 17649K [0x0000000300800000, 0x0000000400800000)
  region size 2048K, 3 young (6144K), 2 survivors (4096K)
 Metaspace       used 32431K, committed 32896K, reserved 1114112K
  class space    used 4151K, committed 4352K, reserved 1048576K
}
Event: 6.515 GC heap after
{Heap after GC invocations=7 (full 0):
 garbage-first heap   total reserved 4194304K, committed 53248K, used 16468K [0x0000000300800000, 0x0000000400800000)
  region size 2048K, 1 young (2048K), 1 survivors (2048K)
 Metaspace       used 32431K, committed 32896K, reserved 1114112K
  class space    used 4151K, committed 4352K, reserved 1048576K
}
Event: 6.744 GC heap before
{Heap before GC invocations=7 (full 0):
 garbage-first heap   total reserved 4194304K, committed 55296K, used 43092K [0x0000000300800000, 0x0000000400800000)
  region size 2048K, 5 young (10240K), 1 survivors (2048K)
 Metaspace       used 34092K, committed 34624K, reserved 1114112K
  class space    used 4382K, committed 4608K, reserved 1048576K
}
Event: 6.748 GC heap after
{Heap after GC invocations=8 (full 0):
 garbage-first heap   total reserved 4194304K, committed 159744K, used 39579K [0x0000000300800000, 0x0000000400800000)
  region size 2048K, 1 young (2048K), 1 survivors (2048K)
 Metaspace       used 34092K, committed 34624K, reserved 1114112K
  class space    used 4382K, committed 4608K, reserved 1048576K
}
Event: 9.575 GC heap before
{Heap before GC invocations=8 (full 0):
 garbage-first heap   total reserved 4194304K, committed 159744K, used 47771K [0x0000000300800000, 0x0000000400800000)
  region size 2048K, 6 young (12288K), 1 survivors (2048K)
 Metaspace       used 35626K, committed 36096K, reserved 1114112K
  class space    used 4637K, committed 4864K, reserved 1048576K
}
Event: 9.576 GC heap after
{Heap after GC invocations=9 (full 0):
 garbage-first heap   total reserved 4194304K, committed 159744K, used 42316K [0x0000000300800000, 0x0000000400800000)
  region size 2048K, 1 young (2048K), 1 survivors (2048K)
 Metaspace       used 35626K, committed 36096K, reserved 1114112K
  class space    used 4637K, committed 4864K, reserved 1048576K
}

