        -:    0:Source:/Applications/Xcode.app/Contents/Developer/Platforms/MacOSX.platform/Developer/SDKs/MacOSX15.0.sdk/usr/include/c++/v1/__algorithm/unwrap_iter.h
        -:    0:Graph:/Users/artemastahov/All_files/styding/LabsBSUIR/LabsOS/FourthLab/FirstTask/cmake-build-debug-coverage-1/googletest/googletest/CMakeFiles/gtest.dir/src/gtest-all.cc.gcno
        -:    0:Data:/Users/artemastahov/All_files/styding/LabsBSUIR/LabsOS/FourthLab/FirstTask/cmake-build-debug-coverage-1/googletest/googletest/CMakeFiles/gtest.dir/src/gtest-all.cc.gcda
        -:    0:Runs:1
        -:    0:Programs:1
        -:    1://===----------------------------------------------------------------------===//
        -:    2://
        -:    3:// Part of the LLVM Project, under the Apache License v2.0 with LLVM Exceptions.
        -:    4:// See https://llvm.org/LICENSE.txt for license information.
        -:    5:// SPDX-License-Identifier: Apache-2.0 WITH LLVM-exception
        -:    6://
        -:    7://===----------------------------------------------------------------------===//
        -:    8:
        -:    9:#ifndef _LIBCPP___ALGORITHM_UNWRAP_ITER_H
        -:   10:#define _LIBCPP___ALGORITHM_UNWRAP_ITER_H
        -:   11:
        -:   12:#include <__config>
        -:   13:#include <__iterator/iterator_traits.h>
        -:   14:#include <__memory/pointer_traits.h>
        -:   15:#include <__type_traits/enable_if.h>
        -:   16:#include <__type_traits/is_copy_constructible.h>
        -:   17:#include <__utility/declval.h>
        -:   18:#include <__utility/move.h>
        -:   19:
        -:   20:#if !defined(_LIBCPP_HAS_NO_PRAGMA_SYSTEM_HEADER)
        -:   21:#  pragma GCC system_header
        -:   22:#endif
        -:   23:
        -:   24:_LIBCPP_PUSH_MACROS
        -:   25:#include <__undef_macros>
        -:   26:
        -:   27:_LIBCPP_BEGIN_NAMESPACE_STD
        -:   28:
        -:   29:// TODO: Change the name of __unwrap_iter_impl to something more appropriate
        -:   30:// The job of __unwrap_iter is to remove iterator wrappers (like reverse_iterator or __wrap_iter),
        -:   31:// to reduce the number of template instantiations and to enable pointer-based optimizations e.g. in std::copy.
        -:   32://
        -:   33:// Some algorithms (e.g. std::copy, but not std::sort) need to convert an
        -:   34:// "unwrapped" result back into the original iterator type. Doing that is the job of __rewrap_iter.
        -:   35:
        -:   36:// Default case - we can't unwrap anything
        -:   37:template <class _Iter, bool = __libcpp_is_contiguous_iterator<_Iter>::value>
        -:   38:struct __unwrap_iter_impl {
function _ZNSt3__118__unwrap_iter_implINS_16reverse_iteratorIPPcEELb0EE8__rewrapB8ne180100ES4_S4_ called 0 returned 0% blocks executed 0%
function _ZNSt3__118__unwrap_iter_implINS_15insert_iteratorINS_6vectorINS_12basic_stringIcNS_11char_traitsIcEENS_9allocatorIcEEEENS6_IS8_EEEEEELb0EE8__rewrapB8ne180100ESB_SB_ called 18 returned 100% blocks executed 100%
function _ZNSt3__118__unwrap_iter_implINS_15insert_iteratorINS_13unordered_setINS_12basic_stringIcNS_11char_traitsIcEENS_9allocatorIcEEEENS_4hashIS8_EENS_8equal_toIS8_EENS6_IS8_EEEEEELb0EE8__rewrapB8ne180100ESF_SF_ called 18 returned 100% blocks executed 100%
function _ZNSt3__118__unwrap_iter_implINS_16reverse_iteratorIPN7testing8internal13edit_distance8EditTypeEEELb0EE8__rewrapB8ne180100ES7_S7_ called 0 returned 0% blocks executed 0%
function _ZNSt3__118__unwrap_iter_implINS_16reverse_iteratorIPmEELb0EE8__rewrapB8ne180100ES3_S3_ called 0 returned 0% blocks executed 0%
function _ZNSt3__118__unwrap_iter_implINS_16reverse_iteratorIPPN7testing8TestInfoEEELb0EE8__rewrapB8ne180100ES6_S6_ called 48 returned 100% blocks executed 100%
function _ZNSt3__118__unwrap_iter_implINS_16reverse_iteratorIPiEELb0EE8__rewrapB8ne180100ES3_S3_ called 60 returned 100% blocks executed 100%
function _ZNSt3__118__unwrap_iter_implINS_16reverse_iteratorINS_11__wrap_iterIPPN7testing8TestInfoEEEEELb0EE8__rewrapB8ne180100ES8_S8_ called 0 returned 0% blocks executed 0%
function _ZNSt3__118__unwrap_iter_implINS_16reverse_iteratorIPPN7testing17TestEventListenerEEELb0EE8__rewrapB8ne180100ES6_S6_ called 12 returned 100% blocks executed 100%
function _ZNSt3__118__unwrap_iter_implINS_16reverse_iteratorIPPN7testing11EnvironmentEEELb0EE8__rewrapB8ne180100ES6_S6_ called 0 returned 0% blocks executed 0%
function _ZNSt3__118__unwrap_iter_implINS_16reverse_iteratorIPPN7testing9TestSuiteEEELb0EE8__rewrapB8ne180100ES6_S6_ called 12 returned 100% blocks executed 100%
      168:   39:  static _LIBCPP_HIDE_FROM_ABI _LIBCPP_CONSTEXPR _Iter __rewrap(_Iter, _Iter __iter) { return __iter; }
    $$$$$:   39-block  0
       18:   39-block  1
       18:   39-block  2
    $$$$$:   39-block  3
    $$$$$:   39-block  4
       48:   39-block  5
       60:   39-block  6
    $$$$$:   39-block  7
       12:   39-block  8
    $$$$$:   39-block  9
       12:   39-block 10
function _ZNSt3__118__unwrap_iter_implINS_16reverse_iteratorIPPcEELb0EE8__unwrapB8ne180100ES4_ called 0 returned 0% blocks executed 0%
function _ZNSt3__118__unwrap_iter_implINS_15insert_iteratorINS_6vectorINS_12basic_stringIcNS_11char_traitsIcEENS_9allocatorIcEEEENS6_IS8_EEEEEELb0EE8__unwrapB8ne180100ESB_ called 18 returned 100% blocks executed 100%
function _ZNSt3__118__unwrap_iter_implINS_15insert_iteratorINS_13unordered_setINS_12basic_stringIcNS_11char_traitsIcEENS_9allocatorIcEEEENS_4hashIS8_EENS_8equal_toIS8_EENS6_IS8_EEEEEELb0EE8__unwrapB8ne180100ESF_ called 18 returned 100% blocks executed 100%
function _ZNSt3__118__unwrap_iter_implINS_16reverse_iteratorIPN7testing8internal13edit_distance8EditTypeEEELb0EE8__unwrapB8ne180100ES7_ called 0 returned 0% blocks executed 0%
function _ZNSt3__118__unwrap_iter_implINS_16reverse_iteratorIPmEELb0EE8__unwrapB8ne180100ES3_ called 0 returned 0% blocks executed 0%
function _ZNSt3__118__unwrap_iter_implINS_16reverse_iteratorIPPN7testing8TestInfoEEELb0EE8__unwrapB8ne180100ES6_ called 72 returned 100% blocks executed 100%
function _ZNSt3__118__unwrap_iter_implINS_16reverse_iteratorIPiEELb0EE8__unwrapB8ne180100ES3_ called 90 returned 100% blocks executed 100%
function _ZNSt3__118__unwrap_iter_implINS_16reverse_iteratorINS_11__wrap_iterIPPN7testing8TestInfoEEEEELb0EE8__unwrapB8ne180100ES8_ called 0 returned 0% blocks executed 0%
function _ZNSt3__118__unwrap_iter_implINS_16reverse_iteratorIPPN7testing17TestEventListenerEEELb0EE8__unwrapB8ne180100ES6_ called 18 returned 100% blocks executed 100%
function _ZNSt3__118__unwrap_iter_implINS_16reverse_iteratorIPPN7testing11EnvironmentEEELb0EE8__unwrapB8ne180100ES6_ called 0 returned 0% blocks executed 0%
function _ZNSt3__118__unwrap_iter_implINS_16reverse_iteratorIPPN7testing9TestSuiteEEELb0EE8__unwrapB8ne180100ES6_ called 18 returned 100% blocks executed 100%
      234:   40:  static _LIBCPP_HIDE_FROM_ABI _LIBCPP_CONSTEXPR _Iter __unwrap(_Iter __i) _NOEXCEPT { return __i; }
    $$$$$:   40-block  0
       18:   40-block  1
       18:   40-block  2
    $$$$$:   40-block  3
    $$$$$:   40-block  4
       72:   40-block  5
       90:   40-block  6
    $$$$$:   40-block  7
       18:   40-block  8
    $$$$$:   40-block  9
       18:   40-block 10
        -:   41:};
        -:   42:
        -:   43:// TODO(hardening): make sure that the following unwrapping doesn't unexpectedly turn hardened iterators into raw
        -:   44:// pointers.
        -:   45:
        -:   46:// It's a contiguous iterator, so we can use a raw pointer instead
        -:   47:template <class _Iter>
        -:   48:struct __unwrap_iter_impl<_Iter, true> {
        -:   49:  using _ToAddressT = decltype(std::__to_address(std::declval<_Iter>()));
        -:   50:
function _ZNSt3__118__unwrap_iter_implIPNS_12basic_stringIcNS_11char_traitsIcEENS_9allocatorIcEEEELb1EE8__rewrapB8ne180100ES7_S7_ called 6 returned 100% blocks executed 100%
function _ZNSt3__118__unwrap_iter_implINS_11__wrap_iterIPNS_12basic_stringIcNS_11char_traitsIcEENS_9allocatorIcEEEEEELb1EE8__rewrapB8ne180100ES9_S8_ called 36 returned 100% blocks executed 100%
function _ZNSt3__118__unwrap_iter_implIPKcLb1EE8__rewrapB8ne180100ES2_S2_ called 72 returned 100% blocks executed 100%
function _ZNSt3__118__unwrap_iter_implIPcLb1EE8__rewrapB8ne180100ES1_S1_ called 72 returned 100% blocks executed 100%
function _ZNSt3__118__unwrap_iter_implIPdLb1EE8__rewrapB8ne180100ES1_S1_ called 0 returned 0% blocks executed 0%
function _ZNSt3__118__unwrap_iter_implIPN7testing8internal13edit_distance8EditTypeELb1EE8__rewrapB8ne180100ES5_S5_ called 0 returned 0% blocks executed 0%
function _ZNSt3__118__unwrap_iter_implINS_11__wrap_iterIPKNS_12basic_stringIcNS_11char_traitsIcEENS_9allocatorIcEEEEEELb1EE8__rewrapB8ne180100ESA_S9_ called 0 returned 0% blocks executed 0%
function _ZNSt3__118__unwrap_iter_implIPPN7testing8TestInfoELb1EE8__rewrapB8ne180100ES4_S4_ called 0 returned 0% blocks executed 0%
function _ZNSt3__118__unwrap_iter_implINS_11__wrap_iterIPPN7testing8TestInfoEEELb1EE8__rewrapB8ne180100ES6_S5_ called 0 returned 0% blocks executed 0%
function _ZNSt3__118__unwrap_iter_implIPPN7testing17TestEventListenerELb1EE8__rewrapB8ne180100ES4_S4_ called 0 returned 0% blocks executed 0%
function _ZNSt3__118__unwrap_iter_implIPPN7testing9TestSuiteELb1EE8__rewrapB8ne180100ES4_S4_ called 0 returned 0% blocks executed 0%
      186:   51:  static _LIBCPP_HIDE_FROM_ABI _LIBCPP_CONSTEXPR _Iter __rewrap(_Iter __orig_iter, _ToAddressT __unwrapped_iter) {
      186:   52:    return __orig_iter + (__unwrapped_iter - std::__to_address(__orig_iter));
        6:   52-block  0
       36:   52-block  1
       72:   52-block  2
       72:   52-block  3
    $$$$$:   52-block  4
    $$$$$:   52-block  5
    $$$$$:   52-block  6
    $$$$$:   52-block  7
    $$$$$:   52-block  8
    $$$$$:   52-block  9
    $$$$$:   52-block 10
        -:   53:  }
        -:   54:
function _ZNSt3__118__unwrap_iter_implINS_11__wrap_iterIPNS_12basic_stringIcNS_11char_traitsIcEENS_9allocatorIcEEEEEELb1EE8__unwrapB8ne180100ES9_ called 72 returned 100% blocks executed 100%
function _ZNSt3__118__unwrap_iter_implIPNS_12basic_stringIcNS_11char_traitsIcEENS_9allocatorIcEEEELb1EE8__unwrapB8ne180100ES7_ called 18 returned 100% blocks executed 100%
function _ZNSt3__118__unwrap_iter_implIPKPKcLb1EE8__unwrapB8ne180100ES4_ called 0 returned 0% blocks executed 0%
function _ZNSt3__118__unwrap_iter_implIPKcLb1EE8__unwrapB8ne180100ES2_ called 144 returned 100% blocks executed 100%
function _ZNSt3__118__unwrap_iter_implIPcLb1EE8__unwrapB8ne180100ES1_ called 72 returned 100% blocks executed 100%
function _ZNSt3__118__unwrap_iter_implINS_11__wrap_iterIPKNS_12basic_stringIcNS_11char_traitsIcEENS_9allocatorIcEEEEEELb1EE8__unwrapB8ne180100ESA_ called 0 returned 0% blocks executed 0%
function _ZNSt3__118__unwrap_iter_implIPdLb1EE8__unwrapB8ne180100ES1_ called 0 returned 0% blocks executed 0%
function _ZNSt3__118__unwrap_iter_implIPN7testing8internal13edit_distance8EditTypeELb1EE8__unwrapB8ne180100ES5_ called 0 returned 0% blocks executed 0%
function _ZNSt3__118__unwrap_iter_implIPPN7testing8TestInfoELb1EE8__unwrapB8ne180100ES4_ called 0 returned 0% blocks executed 0%
function _ZNSt3__118__unwrap_iter_implINS_11__wrap_iterIPPN7testing8TestInfoEEELb1EE8__unwrapB8ne180100ES6_ called 0 returned 0% blocks executed 0%
function _ZNSt3__118__unwrap_iter_implIPPN7testing17TestEventListenerELb1EE8__unwrapB8ne180100ES4_ called 0 returned 0% blocks executed 0%
function _ZNSt3__118__unwrap_iter_implIPPN7testing9TestSuiteELb1EE8__unwrapB8ne180100ES4_ called 0 returned 0% blocks executed 0%
      306:   55:  static _LIBCPP_HIDE_FROM_ABI _LIBCPP_CONSTEXPR _ToAddressT __unwrap(_Iter __i) _NOEXCEPT {
      306:   56:    return std::__to_address(__i);
       72:   56-block  0
       18:   56-block  1
    $$$$$:   56-block  2
      144:   56-block  3
       72:   56-block  4
    $$$$$:   56-block  5
    $$$$$:   56-block  6
    $$$$$:   56-block  7
    $$$$$:   56-block  8
    $$$$$:   56-block  9
    $$$$$:   56-block 10
    $$$$$:   56-block 11
        -:   57:  }
        -:   58:};
        -:   59:
        -:   60:template <class _Iter,
        -:   61:          class _Impl                                             = __unwrap_iter_impl<_Iter>,
        -:   62:          __enable_if_t<is_copy_constructible<_Iter>::value, int> = 0>
        -:   63:inline _LIBCPP_HIDE_FROM_ABI _LIBCPP_CONSTEXPR_SINCE_CXX14 decltype(_Impl::__unwrap(std::declval<_Iter>()))
function _ZNSt3__113__unwrap_iterB8ne180100INS_16reverse_iteratorIPPcEENS_18__unwrap_iter_implIS4_Lb0EEELi0EEEDTclsrT0_8__unwrapclsr3stdE7declvalIT_EEEES8_ called 0 returned 0% blocks executed 0%
function _ZNSt3__113__unwrap_iterB8ne180100INS_15insert_iteratorINS_6vectorINS_12basic_stringIcNS_11char_traitsIcEENS_9allocatorIcEEEENS6_IS8_EEEEEENS_18__unwrap_iter_implISB_Lb0EEELi0EEEDTclsrT0_8__unwrapclsr3stdE7declvalIT_EEEESF_ called 18 returned 100% blocks executed 100%
function _ZNSt3__113__unwrap_iterB8ne180100INS_11__wrap_iterIPNS_12basic_stringIcNS_11char_traitsIcEENS_9allocatorIcEEEEEENS_18__unwrap_iter_implIS9_Lb1EEELi0EEEDTclsrT0_8__unwrapclsr3stdE7declvalIT_EEEESD_ called 72 returned 100% blocks executed 100%
function _ZNSt3__113__unwrap_iterB8ne180100IPNS_12basic_stringIcNS_11char_traitsIcEENS_9allocatorIcEEEENS_18__unwrap_iter_implIS7_Lb1EEELi0EEEDTclsrT0_8__unwrapclsr3stdE7declvalIT_EEEESB_ called 18 returned 100% blocks executed 100%
function _ZNSt3__113__unwrap_iterB8ne180100INS_15insert_iteratorINS_13unordered_setINS_12basic_stringIcNS_11char_traitsIcEENS_9allocatorIcEEEENS_4hashIS8_EENS_8equal_toIS8_EENS6_IS8_EEEEEENS_18__unwrap_iter_implISF_Lb0EEELi0EEEDTclsrT0_8__unwrapclsr3stdE7declvalIT_EEEESJ_ called 18 returned 100% blocks executed 100%
function _ZNSt3__113__unwrap_iterB8ne180100IPKPKcNS_18__unwrap_iter_implIS4_Lb1EEELi0EEEDTclsrT0_8__unwrapclsr3stdE7declvalIT_EEEES8_ called 0 returned 0% blocks executed 0%
function _ZNSt3__113__unwrap_iterB8ne180100IPcNS_18__unwrap_iter_implIS1_Lb1EEELi0EEEDTclsrT0_8__unwrapclsr3stdE7declvalIT_EEEES5_ called 72 returned 100% blocks executed 100%
function _ZNSt3__113__unwrap_iterB8ne180100IPKcNS_18__unwrap_iter_implIS2_Lb1EEELi0EEEDTclsrT0_8__unwrapclsr3stdE7declvalIT_EEEES6_ called 144 returned 100% blocks executed 100%
function _ZNSt3__113__unwrap_iterB8ne180100INS_11__wrap_iterIPKNS_12basic_stringIcNS_11char_traitsIcEENS_9allocatorIcEEEEEENS_18__unwrap_iter_implISA_Lb1EEELi0EEEDTclsrT0_8__unwrapclsr3stdE7declvalIT_EEEESE_ called 0 returned 0% blocks executed 0%
function _ZNSt3__113__unwrap_iterB8ne180100IPdNS_18__unwrap_iter_implIS1_Lb1EEELi0EEEDTclsrT0_8__unwrapclsr3stdE7declvalIT_EEEES5_ called 0 returned 0% blocks executed 0%
function _ZNSt3__113__unwrap_iterB8ne180100IPN7testing8internal13edit_distance8EditTypeENS_18__unwrap_iter_implIS5_Lb1EEELi0EEEDTclsrT0_8__unwrapclsr3stdE7declvalIT_EEEES9_ called 0 returned 0% blocks executed 0%
function _ZNSt3__113__unwrap_iterB8ne180100INS_16reverse_iteratorIPN7testing8internal13edit_distance8EditTypeEEENS_18__unwrap_iter_implIS7_Lb0EEELi0EEEDTclsrT0_8__unwrapclsr3stdE7declvalIT_EEEESB_ called 0 returned 0% blocks executed 0%
function _ZNSt3__113__unwrap_iterB8ne180100INS_16reverse_iteratorIPmEENS_18__unwrap_iter_implIS3_Lb0EEELi0EEEDTclsrT0_8__unwrapclsr3stdE7declvalIT_EEEES7_ called 0 returned 0% blocks executed 0%
function _ZNSt3__113__unwrap_iterB8ne180100INS_16reverse_iteratorIPPN7testing8TestInfoEEENS_18__unwrap_iter_implIS6_Lb0EEELi0EEEDTclsrT0_8__unwrapclsr3stdE7declvalIT_EEEESA_ called 72 returned 100% blocks executed 100%
function _ZNSt3__113__unwrap_iterB8ne180100INS_16reverse_iteratorIPiEENS_18__unwrap_iter_implIS3_Lb0EEELi0EEEDTclsrT0_8__unwrapclsr3stdE7declvalIT_EEEES7_ called 90 returned 100% blocks executed 100%
function _ZNSt3__113__unwrap_iterB8ne180100INS_11__wrap_iterIPPN7testing8TestInfoEEENS_18__unwrap_iter_implIS6_Lb1EEELi0EEEDTclsrT0_8__unwrapclsr3stdE7declvalIT_EEEESA_ called 0 returned 0% blocks executed 0%
function _ZNSt3__113__unwrap_iterB8ne180100IPPN7testing8TestInfoENS_18__unwrap_iter_implIS4_Lb1EEELi0EEEDTclsrT0_8__unwrapclsr3stdE7declvalIT_EEEES8_ called 0 returned 0% blocks executed 0%
function _ZNSt3__113__unwrap_iterB8ne180100INS_16reverse_iteratorINS_11__wrap_iterIPPN7testing8TestInfoEEEEENS_18__unwrap_iter_implIS8_Lb0EEELi0EEEDTclsrT0_8__unwrapclsr3stdE7declvalIT_EEEESC_ called 0 returned 0% blocks executed 0%
function _ZNSt3__113__unwrap_iterB8ne180100INS_16reverse_iteratorIPPN7testing17TestEventListenerEEENS_18__unwrap_iter_implIS6_Lb0EEELi0EEEDTclsrT0_8__unwrapclsr3stdE7declvalIT_EEEESA_ called 18 returned 100% blocks executed 100%
function _ZNSt3__113__unwrap_iterB8ne180100IPPN7testing17TestEventListenerENS_18__unwrap_iter_implIS4_Lb1EEELi0EEEDTclsrT0_8__unwrapclsr3stdE7declvalIT_EEEES8_ called 0 returned 0% blocks executed 0%
function _ZNSt3__113__unwrap_iterB8ne180100INS_16reverse_iteratorIPPN7testing11EnvironmentEEENS_18__unwrap_iter_implIS6_Lb0EEELi0EEEDTclsrT0_8__unwrapclsr3stdE7declvalIT_EEEESA_ called 0 returned 0% blocks executed 0%
function _ZNSt3__113__unwrap_iterB8ne180100IPPN7testing9TestSuiteENS_18__unwrap_iter_implIS4_Lb1EEELi0EEEDTclsrT0_8__unwrapclsr3stdE7declvalIT_EEEES8_ called 0 returned 0% blocks executed 0%
function _ZNSt3__113__unwrap_iterB8ne180100INS_16reverse_iteratorIPPN7testing9TestSuiteEEENS_18__unwrap_iter_implIS6_Lb0EEELi0EEEDTclsrT0_8__unwrapclsr3stdE7declvalIT_EEEESA_ called 18 returned 100% blocks executed 100%
      540:   64:__unwrap_iter(_Iter __i) _NOEXCEPT {
      540:   65:  return _Impl::__unwrap(__i);
    $$$$$:   65-block  0
       18:   65-block  1
       72:   65-block  2
       18:   65-block  3
       18:   65-block  4
    $$$$$:   65-block  5
       72:   65-block  6
      144:   65-block  7
    $$$$$:   65-block  8
    $$$$$:   65-block  9
    $$$$$:   65-block 10
    $$$$$:   65-block 11
    $$$$$:   65-block 12
       72:   65-block 13
       90:   65-block 14
    $$$$$:   65-block 15
    $$$$$:   65-block 16
    $$$$$:   65-block 17
       18:   65-block 18
    $$$$$:   65-block 19
    $$$$$:   65-block 20
    $$$$$:   65-block 21
       18:   65-block 22
        -:   66:}
        -:   67:
        -:   68:// Allow input_iterators to be passed to __unwrap_iter (but not __rewrap_iter)
        -:   69:#if _LIBCPP_STD_VER >= 20
        -:   70:template <class _Iter, __enable_if_t<!is_copy_constructible<_Iter>::value, int> = 0>
        -:   71:inline _LIBCPP_HIDE_FROM_ABI constexpr _Iter __unwrap_iter(_Iter __i) noexcept {
        -:   72:  return __i;
        -:   73:}
        -:   74:#endif
        -:   75:
        -:   76:template <class _OrigIter, class _Iter, class _Impl = __unwrap_iter_impl<_OrigIter> >
function _ZNSt3__113__rewrap_iterB8ne180100INS_16reverse_iteratorIPPcEES4_NS_18__unwrap_iter_implIS4_Lb0EEEEET_S7_T0_ called 0 returned 0% blocks executed 0%
function _ZNSt3__113__rewrap_iterB8ne180100INS_15insert_iteratorINS_6vectorINS_12basic_stringIcNS_11char_traitsIcEENS_9allocatorIcEEEENS6_IS8_EEEEEESB_NS_18__unwrap_iter_implISB_Lb0EEEEET_SE_T0_ called 18 returned 100% blocks executed 66%
function _ZNSt3__113__rewrap_iterB8ne180100IPNS_12basic_stringIcNS_11char_traitsIcEENS_9allocatorIcEEEES7_NS_18__unwrap_iter_implIS7_Lb1EEEEET_SA_T0_ called 6 returned 100% blocks executed 66%
function _ZNSt3__113__rewrap_iterB8ne180100INS_11__wrap_iterIPNS_12basic_stringIcNS_11char_traitsIcEENS_9allocatorIcEEEEEES8_NS_18__unwrap_iter_implIS9_Lb1EEEEET_SC_T0_ called 36 returned 100% blocks executed 66%
function _ZNSt3__113__rewrap_iterB8ne180100INS_15insert_iteratorINS_13unordered_setINS_12basic_stringIcNS_11char_traitsIcEENS_9allocatorIcEEEENS_4hashIS8_EENS_8equal_toIS8_EENS6_IS8_EEEEEESF_NS_18__unwrap_iter_implISF_Lb0EEEEET_SI_T0_ called 18 returned 100% blocks executed 66%
function _ZNSt3__113__rewrap_iterB8ne180100IPcS1_NS_18__unwrap_iter_implIS1_Lb1EEEEET_S4_T0_ called 72 returned 100% blocks executed 66%
function _ZNSt3__113__rewrap_iterB8ne180100IPKcS2_NS_18__unwrap_iter_implIS2_Lb1EEEEET_S5_T0_ called 72 returned 100% blocks executed 66%
function _ZNSt3__113__rewrap_iterB8ne180100IPdS1_NS_18__unwrap_iter_implIS1_Lb1EEEEET_S4_T0_ called 0 returned 0% blocks executed 0%
function _ZNSt3__113__rewrap_iterB8ne180100IPN7testing8internal13edit_distance8EditTypeES5_NS_18__unwrap_iter_implIS5_Lb1EEEEET_S8_T0_ called 0 returned 0% blocks executed 0%
function _ZNSt3__113__rewrap_iterB8ne180100INS_16reverse_iteratorIPN7testing8internal13edit_distance8EditTypeEEES7_NS_18__unwrap_iter_implIS7_Lb0EEEEET_SA_T0_ called 0 returned 0% blocks executed 0%
function _ZNSt3__113__rewrap_iterB8ne180100INS_16reverse_iteratorIPmEES3_NS_18__unwrap_iter_implIS3_Lb0EEEEET_S6_T0_ called 0 returned 0% blocks executed 0%
function _ZNSt3__113__rewrap_iterB8ne180100INS_11__wrap_iterIPKNS_12basic_stringIcNS_11char_traitsIcEENS_9allocatorIcEEEEEES9_NS_18__unwrap_iter_implISA_Lb1EEEEET_SD_T0_ called 0 returned 0% blocks executed 0%
function _ZNSt3__113__rewrap_iterB8ne180100INS_16reverse_iteratorIPPN7testing8TestInfoEEES6_NS_18__unwrap_iter_implIS6_Lb0EEEEET_S9_T0_ called 48 returned 100% blocks executed 66%
function _ZNSt3__113__rewrap_iterB8ne180100INS_16reverse_iteratorIPiEES3_NS_18__unwrap_iter_implIS3_Lb0EEEEET_S6_T0_ called 60 returned 100% blocks executed 66%
function _ZNSt3__113__rewrap_iterB8ne180100INS_11__wrap_iterIPPN7testing8TestInfoEEES5_NS_18__unwrap_iter_implIS6_Lb1EEEEET_S9_T0_ called 0 returned 0% blocks executed 0%
function _ZNSt3__113__rewrap_iterB8ne180100IPPN7testing8TestInfoES4_NS_18__unwrap_iter_implIS4_Lb1EEEEET_S7_T0_ called 0 returned 0% blocks executed 0%
function _ZNSt3__113__rewrap_iterB8ne180100INS_16reverse_iteratorINS_11__wrap_iterIPPN7testing8TestInfoEEEEES8_NS_18__unwrap_iter_implIS8_Lb0EEEEET_SB_T0_ called 0 returned 0% blocks executed 0%
function _ZNSt3__113__rewrap_iterB8ne180100INS_16reverse_iteratorIPPN7testing17TestEventListenerEEES6_NS_18__unwrap_iter_implIS6_Lb0EEEEET_S9_T0_ called 12 returned 100% blocks executed 66%
function _ZNSt3__113__rewrap_iterB8ne180100IPPN7testing17TestEventListenerES4_NS_18__unwrap_iter_implIS4_Lb1EEEEET_S7_T0_ called 0 returned 0% blocks executed 0%
function _ZNSt3__113__rewrap_iterB8ne180100INS_16reverse_iteratorIPPN7testing11EnvironmentEEES6_NS_18__unwrap_iter_implIS6_Lb0EEEEET_S9_T0_ called 0 returned 0% blocks executed 0%
function _ZNSt3__113__rewrap_iterB8ne180100IPPN7testing9TestSuiteES4_NS_18__unwrap_iter_implIS4_Lb1EEEEET_S7_T0_ called 0 returned 0% blocks executed 0%
function _ZNSt3__113__rewrap_iterB8ne180100INS_16reverse_iteratorIPPN7testing9TestSuiteEEES6_NS_18__unwrap_iter_implIS6_Lb0EEEEET_S9_T0_ called 12 returned 100% blocks executed 66%
      354:   77:_LIBCPP_HIDE_FROM_ABI _LIBCPP_CONSTEXPR _OrigIter __rewrap_iter(_OrigIter __orig_iter, _Iter __iter) _NOEXCEPT {
      354:   78:  return _Impl::__rewrap(std::move(__orig_iter), std::move(__iter));
    $$$$$:   78-block  0
branch  0 never executed
branch  1 never executed
    $$$$$:   78-block  1
    $$$$$:   78-block  2
       18:   78-block  3
branch  2 taken 18
branch  3 taken 0
       18:   78-block  4
    $$$$$:   78-block  5
        6:   78-block  6
branch  4 taken 6
branch  5 taken 0
        6:   78-block  7
    $$$$$:   78-block  8
       36:   78-block  9
branch  6 taken 36
branch  7 taken 0
       36:   78-block 10
    $$$$$:   78-block 11
       18:   78-block 12
branch  8 taken 18
branch  9 taken 0
       18:   78-block 13
    $$$$$:   78-block 14
       72:   78-block 15
branch 10 taken 72
branch 11 taken 0
       72:   78-block 16
    $$$$$:   78-block 17
       72:   78-block 18
branch 12 taken 72
branch 13 taken 0
       72:   78-block 19
    $$$$$:   78-block 20
    $$$$$:   78-block 21
branch 14 never executed
branch 15 never executed
    $$$$$:   78-block 22
    $$$$$:   78-block 23
    $$$$$:   78-block 24
branch 16 never executed
branch 17 never executed
    $$$$$:   78-block 25
    $$$$$:   78-block 26
    $$$$$:   78-block 27
branch 18 never executed
branch 19 never executed
    $$$$$:   78-block 28
    $$$$$:   78-block 29
    $$$$$:   78-block 30
branch 20 never executed
branch 21 never executed
    $$$$$:   78-block 31
    $$$$$:   78-block 32
    $$$$$:   78-block 33
branch 22 never executed
branch 23 never executed
    $$$$$:   78-block 34
    $$$$$:   78-block 35
       48:   78-block 36
branch 24 taken 48
branch 25 taken 0
       48:   78-block 37
    $$$$$:   78-block 38
       60:   78-block 39
branch 26 taken 60
branch 27 taken 0
       60:   78-block 40
    $$$$$:   78-block 41
    $$$$$:   78-block 42
branch 28 never executed
branch 29 never executed
    $$$$$:   78-block 43
    $$$$$:   78-block 44
    $$$$$:   78-block 45
branch 30 never executed
branch 31 never executed
    $$$$$:   78-block 46
    $$$$$:   78-block 47
    $$$$$:   78-block 48
branch 32 never executed
branch 33 never executed
    $$$$$:   78-block 49
    $$$$$:   78-block 50
       12:   78-block 51
branch 34 taken 12
branch 35 taken 0
       12:   78-block 52
    $$$$$:   78-block 53
    $$$$$:   78-block 54
branch 36 never executed
branch 37 never executed
    $$$$$:   78-block 55
    $$$$$:   78-block 56
    $$$$$:   78-block 57
branch 38 never executed
branch 39 never executed
    $$$$$:   78-block 58
    $$$$$:   78-block 59
    $$$$$:   78-block 60
branch 40 never executed
branch 41 never executed
    $$$$$:   78-block 61
    $$$$$:   78-block 62
       12:   78-block 63
branch 42 taken 12
branch 43 taken 0
       12:   78-block 64
    $$$$$:   78-block 65
        -:   79:}
        -:   80:
        -:   81:_LIBCPP_END_NAMESPACE_STD
        -:   82:
        -:   83:_LIBCPP_POP_MACROS
        -:   84:
        -:   85:#endif // _LIBCPP___ALGORITHM_UNWRAP_ITER_H
