        -:    0:Source:/Applications/Xcode.app/Contents/Developer/Platforms/MacOSX.platform/Developer/SDKs/MacOSX15.0.sdk/usr/include/c++/v1/__utility/exception_guard.h
        -:    0:Graph:/Users/artemastahov/All_files/styding/LabsBSUIR/LabsOS/FourthLab/FirstTask/cmake-build-debug-coverage-1/googletest/googletest/CMakeFiles/gtest.dir/src/gtest-all.cc.gcno
        -:    0:Data:/Users/artemastahov/All_files/styding/LabsBSUIR/LabsOS/FourthLab/FirstTask/cmake-build-debug-coverage-1/googletest/googletest/CMakeFiles/gtest.dir/src/gtest-all.cc.gcda
        -:    0:Runs:1
        -:    0:Programs:1
        -:    1://===----------------------------------------------------------------------===//
        -:    2://
        -:    3:// Part of the LLVM Project, under the Apache License v2.0 with LLVM Exceptions.
        -:    4:// See https://llvm.org/LICENSE.txt for license information.
        -:    5:// SPDX-License-Identifier: Apache-2.0 WITH LLVM-exception
        -:    6://
        -:    7://===----------------------------------------------------------------------===//
        -:    8:
        -:    9:#ifndef _LIBCPP___UTILITY_TRANSACTION_H
        -:   10:#define _LIBCPP___UTILITY_TRANSACTION_H
        -:   11:
        -:   12:#include <__assert>
        -:   13:#include <__config>
        -:   14:#include <__type_traits/is_nothrow_move_constructible.h>
        -:   15:#include <__utility/exchange.h>
        -:   16:#include <__utility/move.h>
        -:   17:
        -:   18:#if !defined(_LIBCPP_HAS_NO_PRAGMA_SYSTEM_HEADER)
        -:   19:#  pragma GCC system_header
        -:   20:#endif
        -:   21:
        -:   22:_LIBCPP_PUSH_MACROS
        -:   23:#include <__undef_macros>
        -:   24:
        -:   25:_LIBCPP_BEGIN_NAMESPACE_STD
        -:   26:
        -:   27:// __exception_guard is a helper class for writing code with the strong exception guarantee.
        -:   28://
        -:   29:// When writing code that can throw an exception, one can store rollback instructions in an
        -:   30:// exception guard so that if an exception is thrown at any point during the lifetime of the
        -:   31:// exception guard, it will be rolled back automatically. When the exception guard is done, one
        -:   32:// must mark it as being complete so it isn't rolled back when the exception guard is destroyed.
        -:   33://
        -:   34:// Exception guards are not default constructible, they can't be copied or assigned to, but
        -:   35:// they can be moved around for convenience.
        -:   36://
        -:   37:// __exception_guard is a no-op in -fno-exceptions mode to produce better code-gen. This means
        -:   38:// that we don't provide the strong exception guarantees. However, Clang doesn't generate cleanup
        -:   39:// code with exceptions disabled, so even if we wanted to provide the strong exception guarantees
        -:   40:// we couldn't. This is also only relevant for constructs with a stack of
        -:   41:// -fexceptions > -fno-exceptions > -fexceptions code, since the exception can't be caught where
        -:   42:// exceptions are disabled. While -fexceptions > -fno-exceptions is quite common
        -:   43:// (e.g. libc++.dylib > -fno-exceptions), having another layer with exceptions enabled seems a lot
        -:   44:// less common, especially one that tries to catch an exception through -fno-exceptions code.
        -:   45://
        -:   46:// __exception_guard can help greatly simplify code that would normally be cluttered by
        -:   47:// `#if _LIBCPP_HAS_NO_EXCEPTIONS`. For example:
        -:   48://
        -:   49://    template <class Iterator, class Size, class OutputIterator>
        -:   50://    Iterator uninitialized_copy_n(Iterator iter, Size n, OutputIterator out) {
        -:   51://        typedef typename iterator_traits<Iterator>::value_type value_type;
        -:   52://        __exception_guard guard([start=out, &out] {
        -:   53://            std::destroy(start, out);
        -:   54://        });
        -:   55://
        -:   56://        for (; n > 0; ++iter, ++out, --n) {
        -:   57://            ::new ((void*)std::addressof(*out)) value_type(*iter);
        -:   58://        }
        -:   59://        guard.__complete();
        -:   60://        return out;
        -:   61://    }
        -:   62://
        -:   63:
        -:   64:template <class _Rollback>
        -:   65:struct __exception_guard_exceptions {
        -:   66:  __exception_guard_exceptions() = delete;
        -:   67:
function _ZNSt3__128__exception_guard_exceptionsINS_29_AllocatorDestroyRangeReverseINS_9allocatorINS_12basic_stringIcNS_11char_traitsIcEENS2_IcEEEEEENS_16reverse_iteratorIPS7_EEEEEC1B8ne180100ESC_ called 66 returned 100% blocks executed 100%
function _ZNSt3__128__exception_guard_exceptionsINS_29_AllocatorDestroyRangeReverseINS_9allocatorINS_12basic_stringIcNS_11char_traitsIcEENS2_IcEEEEEENS_16reverse_iteratorIPS7_EEEEEC2B8ne180100ESC_ called 66 returned 100% blocks executed 100%
function _ZNSt3__128__exception_guard_exceptionsINS_29_AllocatorDestroyRangeReverseINS_9allocatorINS_12basic_stringIcNS_11char_traitsIcEENS2_IcEEEEEEPS7_EEEC1B8ne180100ESA_ called 6 returned 100% blocks executed 100%
function _ZNSt3__128__exception_guard_exceptionsINS_29_AllocatorDestroyRangeReverseINS_9allocatorINS_12basic_stringIcNS_11char_traitsIcEENS2_IcEEEEEEPS7_EEEC2B8ne180100ESA_ called 6 returned 100% blocks executed 100%
function _ZNSt3__128__exception_guard_exceptionsINS_6vectorINS_12basic_stringIcNS_11char_traitsIcEENS_9allocatorIcEEEENS5_IS7_EEE16__destroy_vectorEEC1B8ne180100ESA_ called 12 returned 100% blocks executed 100%
function _ZNSt3__128__exception_guard_exceptionsINS_6vectorINS_12basic_stringIcNS_11char_traitsIcEENS_9allocatorIcEEEENS5_IS7_EEE16__destroy_vectorEEC2B8ne180100ESA_ called 12 returned 100% blocks executed 100%
function _ZNSt3__128__exception_guard_exceptionsINS_29_AllocatorDestroyRangeReverseINS_9allocatorIN7testing14TestPartResultEEENS_16reverse_iteratorIPS4_EEEEEC1B8ne180100ES9_ called 0 returned 0% blocks executed 0%
function _ZNSt3__128__exception_guard_exceptionsINS_29_AllocatorDestroyRangeReverseINS_9allocatorIN7testing14TestPartResultEEENS_16reverse_iteratorIPS4_EEEEEC2B8ne180100ES9_ called 0 returned 0% blocks executed 0%
function _ZNSt3__128__exception_guard_exceptionsINS_6vectorIdNS_9allocatorIdEEE16__destroy_vectorEEC1B8ne180100ES5_ called 0 returned 0% blocks executed 0%
function _ZNSt3__128__exception_guard_exceptionsINS_6vectorIdNS_9allocatorIdEEE16__destroy_vectorEEC2B8ne180100ES5_ called 0 returned 0% blocks executed 0%
function _ZNSt3__128__exception_guard_exceptionsINS_6vectorINS1_IdNS_9allocatorIdEEEENS2_IS4_EEE16__destroy_vectorEEC1B8ne180100ES7_ called 0 returned 0% blocks executed 0%
function _ZNSt3__128__exception_guard_exceptionsINS_6vectorINS1_IdNS_9allocatorIdEEEENS2_IS4_EEE16__destroy_vectorEEC2B8ne180100ES7_ called 0 returned 0% blocks executed 0%
function _ZNSt3__128__exception_guard_exceptionsINS_6vectorIN7testing8internal13edit_distance8EditTypeENS_9allocatorIS5_EEE16__destroy_vectorEEC1B8ne180100ES9_ called 0 returned 0% blocks executed 0%
function _ZNSt3__128__exception_guard_exceptionsINS_6vectorIN7testing8internal13edit_distance8EditTypeENS_9allocatorIS5_EEE16__destroy_vectorEEC2B8ne180100ES9_ called 0 returned 0% blocks executed 0%
function _ZNSt3__128__exception_guard_exceptionsINS_6vectorINS1_IN7testing8internal13edit_distance8EditTypeENS_9allocatorIS5_EEEENS6_IS8_EEE16__destroy_vectorEEC1B8ne180100ESB_ called 0 returned 0% blocks executed 0%
function _ZNSt3__128__exception_guard_exceptionsINS_6vectorINS1_IN7testing8internal13edit_distance8EditTypeENS_9allocatorIS5_EEEENS6_IS8_EEE16__destroy_vectorEEC2B8ne180100ESB_ called 0 returned 0% blocks executed 0%
function _ZNSt3__128__exception_guard_exceptionsINS_29_AllocatorDestroyRangeReverseINS_9allocatorIN7testing12TestPropertyEEENS_16reverse_iteratorIPS4_EEEEEC1B8ne180100ES9_ called 0 returned 0% blocks executed 0%
function _ZNSt3__128__exception_guard_exceptionsINS_29_AllocatorDestroyRangeReverseINS_9allocatorIN7testing12TestPropertyEEENS_16reverse_iteratorIPS4_EEEEEC2B8ne180100ES9_ called 0 returned 0% blocks executed 0%
function _ZNSt3__128__exception_guard_exceptionsINS_29_AllocatorDestroyRangeReverseINS_9allocatorIN7testing8internal9TraceInfoEEENS_16reverse_iteratorIPS5_EEEEEC1B8ne180100ESA_ called 0 returned 0% blocks executed 0%
function _ZNSt3__128__exception_guard_exceptionsINS_29_AllocatorDestroyRangeReverseINS_9allocatorIN7testing8internal9TraceInfoEEENS_16reverse_iteratorIPS5_EEEEEC2B8ne180100ESA_ called 0 returned 0% blocks executed 0%
      168:   68:  _LIBCPP_HIDE_FROM_ABI _LIBCPP_CONSTEXPR_SINCE_CXX20 explicit __exception_guard_exceptions(_Rollback __rollback)
      168:   69:      : __rollback_(std::move(__rollback)), __completed_(false) {}
       66:   69-block  0
       66:   69-block  1
        6:   69-block  2
        6:   69-block  3
       12:   69-block  4
       12:   69-block  5
    $$$$$:   69-block  6
    $$$$$:   69-block  7
    $$$$$:   69-block  8
    $$$$$:   69-block  9
    $$$$$:   69-block 10
    $$$$$:   69-block 11
    $$$$$:   69-block 12
    $$$$$:   69-block 13
    $$$$$:   69-block 14
    $$$$$:   69-block 15
    $$$$$:   69-block 16
    $$$$$:   69-block 17
    $$$$$:   69-block 18
    $$$$$:   69-block 19
        -:   70:
        -:   71:  _LIBCPP_HIDE_FROM_ABI _LIBCPP_CONSTEXPR_SINCE_CXX20
        -:   72:  __exception_guard_exceptions(__exception_guard_exceptions&& __other)
        -:   73:      _NOEXCEPT_(is_nothrow_move_constructible<_Rollback>::value)
        -:   74:      : __rollback_(std::move(__other.__rollback_)), __completed_(__other.__completed_) {
        -:   75:    __other.__completed_ = true;
        -:   76:  }
        -:   77:
        -:   78:  __exception_guard_exceptions(__exception_guard_exceptions const&)            = delete;
        -:   79:  __exception_guard_exceptions& operator=(__exception_guard_exceptions const&) = delete;
        -:   80:  __exception_guard_exceptions& operator=(__exception_guard_exceptions&&)      = delete;
        -:   81:
function _ZNSt3__128__exception_guard_exceptionsINS_29_AllocatorDestroyRangeReverseINS_9allocatorINS_12basic_stringIcNS_11char_traitsIcEENS2_IcEEEEEENS_16reverse_iteratorIPS7_EEEEE10__completeB8ne180100Ev called 66 returned 100% blocks executed 100%
function _ZNSt3__128__exception_guard_exceptionsINS_29_AllocatorDestroyRangeReverseINS_9allocatorINS_12basic_stringIcNS_11char_traitsIcEENS2_IcEEEEEEPS7_EEE10__completeB8ne180100Ev called 6 returned 100% blocks executed 100%
function _ZNSt3__128__exception_guard_exceptionsINS_6vectorINS_12basic_stringIcNS_11char_traitsIcEENS_9allocatorIcEEEENS5_IS7_EEE16__destroy_vectorEE10__completeB8ne180100Ev called 12 returned 100% blocks executed 100%
function _ZNSt3__128__exception_guard_exceptionsINS_29_AllocatorDestroyRangeReverseINS_9allocatorIN7testing14TestPartResultEEENS_16reverse_iteratorIPS4_EEEEE10__completeB8ne180100Ev called 0 returned 0% blocks executed 0%
function _ZNSt3__128__exception_guard_exceptionsINS_6vectorIdNS_9allocatorIdEEE16__destroy_vectorEE10__completeB8ne180100Ev called 0 returned 0% blocks executed 0%
function _ZNSt3__128__exception_guard_exceptionsINS_6vectorINS1_IdNS_9allocatorIdEEEENS2_IS4_EEE16__destroy_vectorEE10__completeB8ne180100Ev called 0 returned 0% blocks executed 0%
function _ZNSt3__128__exception_guard_exceptionsINS_6vectorIN7testing8internal13edit_distance8EditTypeENS_9allocatorIS5_EEE16__destroy_vectorEE10__completeB8ne180100Ev called 0 returned 0% blocks executed 0%
function _ZNSt3__128__exception_guard_exceptionsINS_6vectorINS1_IN7testing8internal13edit_distance8EditTypeENS_9allocatorIS5_EEEENS6_IS8_EEE16__destroy_vectorEE10__completeB8ne180100Ev called 0 returned 0% blocks executed 0%
function _ZNSt3__128__exception_guard_exceptionsINS_29_AllocatorDestroyRangeReverseINS_9allocatorIN7testing12TestPropertyEEENS_16reverse_iteratorIPS4_EEEEE10__completeB8ne180100Ev called 0 returned 0% blocks executed 0%
function _ZNSt3__128__exception_guard_exceptionsINS_29_AllocatorDestroyRangeReverseINS_9allocatorIN7testing8internal9TraceInfoEEENS_16reverse_iteratorIPS5_EEEEE10__completeB8ne180100Ev called 0 returned 0% blocks executed 0%
       84:   82:  _LIBCPP_HIDE_FROM_ABI _LIBCPP_CONSTEXPR_SINCE_CXX20 void __complete() _NOEXCEPT { __completed_ = true; }
       66:   82-block  0
        6:   82-block  1
       12:   82-block  2
    $$$$$:   82-block  3
    $$$$$:   82-block  4
    $$$$$:   82-block  5
    $$$$$:   82-block  6
    $$$$$:   82-block  7
    $$$$$:   82-block  8
    $$$$$:   82-block  9
        -:   83:
function _ZNSt3__128__exception_guard_exceptionsINS_29_AllocatorDestroyRangeReverseINS_9allocatorINS_12basic_stringIcNS_11char_traitsIcEENS2_IcEEEEEENS_16reverse_iteratorIPS7_EEEEED1B8ne180100Ev called 66 returned 100% blocks executed 100%
function _ZNSt3__128__exception_guard_exceptionsINS_29_AllocatorDestroyRangeReverseINS_9allocatorINS_12basic_stringIcNS_11char_traitsIcEENS2_IcEEEEEENS_16reverse_iteratorIPS7_EEEEED2B8ne180100Ev called 66 returned 100% blocks executed 33%
function _ZNSt3__128__exception_guard_exceptionsINS_29_AllocatorDestroyRangeReverseINS_9allocatorINS_12basic_stringIcNS_11char_traitsIcEENS2_IcEEEEEEPS7_EEED1B8ne180100Ev called 6 returned 100% blocks executed 100%
function _ZNSt3__128__exception_guard_exceptionsINS_29_AllocatorDestroyRangeReverseINS_9allocatorINS_12basic_stringIcNS_11char_traitsIcEENS2_IcEEEEEEPS7_EEED2B8ne180100Ev called 6 returned 100% blocks executed 33%
function _ZNSt3__128__exception_guard_exceptionsINS_6vectorINS_12basic_stringIcNS_11char_traitsIcEENS_9allocatorIcEEEENS5_IS7_EEE16__destroy_vectorEED1B8ne180100Ev called 12 returned 100% blocks executed 100%
function _ZNSt3__128__exception_guard_exceptionsINS_6vectorINS_12basic_stringIcNS_11char_traitsIcEENS_9allocatorIcEEEENS5_IS7_EEE16__destroy_vectorEED2B8ne180100Ev called 12 returned 100% blocks executed 33%
function _ZNSt3__128__exception_guard_exceptionsINS_29_AllocatorDestroyRangeReverseINS_9allocatorIN7testing14TestPartResultEEENS_16reverse_iteratorIPS4_EEEEED1B8ne180100Ev called 0 returned 0% blocks executed 0%
function _ZNSt3__128__exception_guard_exceptionsINS_29_AllocatorDestroyRangeReverseINS_9allocatorIN7testing14TestPartResultEEENS_16reverse_iteratorIPS4_EEEEED2B8ne180100Ev called 0 returned 0% blocks executed 0%
function _ZNSt3__128__exception_guard_exceptionsINS_6vectorIdNS_9allocatorIdEEE16__destroy_vectorEED1B8ne180100Ev called 0 returned 0% blocks executed 0%
function _ZNSt3__128__exception_guard_exceptionsINS_6vectorIdNS_9allocatorIdEEE16__destroy_vectorEED2B8ne180100Ev called 0 returned 0% blocks executed 0%
function _ZNSt3__128__exception_guard_exceptionsINS_6vectorINS1_IdNS_9allocatorIdEEEENS2_IS4_EEE16__destroy_vectorEED1B8ne180100Ev called 0 returned 0% blocks executed 0%
function _ZNSt3__128__exception_guard_exceptionsINS_6vectorINS1_IdNS_9allocatorIdEEEENS2_IS4_EEE16__destroy_vectorEED2B8ne180100Ev called 0 returned 0% blocks executed 0%
function _ZNSt3__128__exception_guard_exceptionsINS_6vectorIN7testing8internal13edit_distance8EditTypeENS_9allocatorIS5_EEE16__destroy_vectorEED1B8ne180100Ev called 0 returned 0% blocks executed 0%
function _ZNSt3__128__exception_guard_exceptionsINS_6vectorIN7testing8internal13edit_distance8EditTypeENS_9allocatorIS5_EEE16__destroy_vectorEED2B8ne180100Ev called 0 returned 0% blocks executed 0%
function _ZNSt3__128__exception_guard_exceptionsINS_6vectorINS1_IN7testing8internal13edit_distance8EditTypeENS_9allocatorIS5_EEEENS6_IS8_EEE16__destroy_vectorEED1B8ne180100Ev called 0 returned 0% blocks executed 0%
function _ZNSt3__128__exception_guard_exceptionsINS_6vectorINS1_IN7testing8internal13edit_distance8EditTypeENS_9allocatorIS5_EEEENS6_IS8_EEE16__destroy_vectorEED2B8ne180100Ev called 0 returned 0% blocks executed 0%
function _ZNSt3__128__exception_guard_exceptionsINS_29_AllocatorDestroyRangeReverseINS_9allocatorIN7testing12TestPropertyEEENS_16reverse_iteratorIPS4_EEEEED1B8ne180100Ev called 0 returned 0% blocks executed 0%
function _ZNSt3__128__exception_guard_exceptionsINS_29_AllocatorDestroyRangeReverseINS_9allocatorIN7testing12TestPropertyEEENS_16reverse_iteratorIPS4_EEEEED2B8ne180100Ev called 0 returned 0% blocks executed 0%
function _ZNSt3__128__exception_guard_exceptionsINS_29_AllocatorDestroyRangeReverseINS_9allocatorIN7testing8internal9TraceInfoEEENS_16reverse_iteratorIPS5_EEEEED1B8ne180100Ev called 0 returned 0% blocks executed 0%
function _ZNSt3__128__exception_guard_exceptionsINS_29_AllocatorDestroyRangeReverseINS_9allocatorIN7testing8internal9TraceInfoEEENS_16reverse_iteratorIPS5_EEEEED2B8ne180100Ev called 0 returned 0% blocks executed 0%
      168:   84:  _LIBCPP_HIDE_FROM_ABI _LIBCPP_CONSTEXPR_SINCE_CXX20 ~__exception_guard_exceptions() {
       84:   85:    if (!__completed_)
    $$$$$:   85-block  0
       66:   85-block  1
    $$$$$:   85-block  2
        6:   85-block  3
    $$$$$:   85-block  4
       12:   85-block  5
    $$$$$:   85-block  6
    $$$$$:   85-block  7
    $$$$$:   85-block  8
    $$$$$:   85-block  9
    $$$$$:   85-block 10
    $$$$$:   85-block 11
    $$$$$:   85-block 12
    $$$$$:   85-block 13
    $$$$$:   85-block 14
    $$$$$:   85-block 15
    $$$$$:   85-block 16
    $$$$$:   85-block 17
    $$$$$:   85-block 18
    $$$$$:   85-block 19
    #####:   86:      __rollback_();
    $$$$$:   86-block  0
branch  0 never executed
branch  1 never executed
    $$$$$:   86-block  1
    $$$$$:   86-block  2
    $$$$$:   86-block  3
branch  2 never executed
branch  3 never executed
    $$$$$:   86-block  4
    $$$$$:   86-block  5
    $$$$$:   86-block  6
branch  4 never executed
branch  5 never executed
    $$$$$:   86-block  7
    $$$$$:   86-block  8
    $$$$$:   86-block  9
branch  6 never executed
branch  7 never executed
    $$$$$:   86-block 10
    $$$$$:   86-block 11
    $$$$$:   86-block 12
branch  8 never executed
branch  9 never executed
    $$$$$:   86-block 13
    $$$$$:   86-block 14
    $$$$$:   86-block 15
branch 10 never executed
branch 11 never executed
    $$$$$:   86-block 16
    $$$$$:   86-block 17
    $$$$$:   86-block 18
branch 12 never executed
branch 13 never executed
    $$$$$:   86-block 19
    $$$$$:   86-block 20
    $$$$$:   86-block 21
branch 14 never executed
branch 15 never executed
    $$$$$:   86-block 22
    $$$$$:   86-block 23
    $$$$$:   86-block 24
branch 16 never executed
branch 17 never executed
    $$$$$:   86-block 25
    $$$$$:   86-block 26
    $$$$$:   86-block 27
branch 18 never executed
branch 19 never executed
    $$$$$:   86-block 28
    $$$$$:   86-block 29
      168:   87:  }
       66:   87-block  0
       66:   87-block  1
        6:   87-block  2
        6:   87-block  3
       12:   87-block  4
       12:   87-block  5
    $$$$$:   87-block  6
    $$$$$:   87-block  7
    $$$$$:   87-block  8
    $$$$$:   87-block  9
    $$$$$:   87-block 10
    $$$$$:   87-block 11
    $$$$$:   87-block 12
    $$$$$:   87-block 13
    $$$$$:   87-block 14
    $$$$$:   87-block 15
    $$$$$:   87-block 16
    $$$$$:   87-block 17
    $$$$$:   87-block 18
    $$$$$:   87-block 19
        -:   88:
        -:   89:private:
        -:   90:  _Rollback __rollback_;
        -:   91:  bool __completed_;
        -:   92:};
        -:   93:
        -:   94:_LIBCPP_CTAD_SUPPORTED_FOR_TYPE(__exception_guard_exceptions);
        -:   95:
        -:   96:template <class _Rollback>
        -:   97:struct __exception_guard_noexceptions {
        -:   98:  __exception_guard_noexceptions() = delete;
        -:   99:  _LIBCPP_HIDE_FROM_ABI _LIBCPP_CONSTEXPR_SINCE_CXX20
        -:  100:      _LIBCPP_NODEBUG explicit __exception_guard_noexceptions(_Rollback) {}
        -:  101:
        -:  102:  _LIBCPP_HIDE_FROM_ABI _LIBCPP_CONSTEXPR_SINCE_CXX20 _LIBCPP_NODEBUG
        -:  103:  __exception_guard_noexceptions(__exception_guard_noexceptions&& __other)
        -:  104:      _NOEXCEPT_(is_nothrow_move_constructible<_Rollback>::value)
        -:  105:      : __completed_(__other.__completed_) {
        -:  106:    __other.__completed_ = true;
        -:  107:  }
        -:  108:
        -:  109:  __exception_guard_noexceptions(__exception_guard_noexceptions const&)            = delete;
        -:  110:  __exception_guard_noexceptions& operator=(__exception_guard_noexceptions const&) = delete;
        -:  111:  __exception_guard_noexceptions& operator=(__exception_guard_noexceptions&&)      = delete;
        -:  112:
        -:  113:  _LIBCPP_HIDE_FROM_ABI _LIBCPP_CONSTEXPR_SINCE_CXX20 _LIBCPP_NODEBUG void __complete() _NOEXCEPT {
        -:  114:    __completed_ = true;
        -:  115:  }
        -:  116:
        -:  117:  _LIBCPP_HIDE_FROM_ABI _LIBCPP_CONSTEXPR_SINCE_CXX20 _LIBCPP_NODEBUG ~__exception_guard_noexceptions() {
        -:  118:    _LIBCPP_ASSERT_INTERNAL(__completed_, "__exception_guard not completed with exceptions disabled");
        -:  119:  }
        -:  120:
        -:  121:private:
        -:  122:  bool __completed_ = false;
        -:  123:};
        -:  124:
        -:  125:_LIBCPP_CTAD_SUPPORTED_FOR_TYPE(__exception_guard_noexceptions);
        -:  126:
        -:  127:#ifdef _LIBCPP_HAS_NO_EXCEPTIONS
        -:  128:template <class _Rollback>
        -:  129:using __exception_guard = __exception_guard_noexceptions<_Rollback>;
        -:  130:#else
        -:  131:template <class _Rollback>
        -:  132:using __exception_guard = __exception_guard_exceptions<_Rollback>;
        -:  133:#endif
        -:  134:
        -:  135:template <class _Rollback>
function _ZNSt3__122__make_exception_guardB8ne180100INS_29_AllocatorDestroyRangeReverseINS_9allocatorINS_12basic_stringIcNS_11char_traitsIcEENS2_IcEEEEEENS_16reverse_iteratorIPS7_EEEEEENS_28__exception_guard_exceptionsIT_EESE_ called 66 returned 100% blocks executed 100%
function _ZNSt3__122__make_exception_guardB8ne180100INS_29_AllocatorDestroyRangeReverseINS_9allocatorINS_12basic_stringIcNS_11char_traitsIcEENS2_IcEEEEEEPS7_EEEENS_28__exception_guard_exceptionsIT_EESC_ called 6 returned 100% blocks executed 100%
function _ZNSt3__122__make_exception_guardB8ne180100INS_6vectorINS_12basic_stringIcNS_11char_traitsIcEENS_9allocatorIcEEEENS5_IS7_EEE16__destroy_vectorEEENS_28__exception_guard_exceptionsIT_EESC_ called 12 returned 100% blocks executed 100%
function _ZNSt3__122__make_exception_guardB8ne180100INS_29_AllocatorDestroyRangeReverseINS_9allocatorIN7testing14TestPartResultEEENS_16reverse_iteratorIPS4_EEEEEENS_28__exception_guard_exceptionsIT_EESB_ called 0 returned 0% blocks executed 0%
function _ZNSt3__122__make_exception_guardB8ne180100INS_6vectorIdNS_9allocatorIdEEE16__destroy_vectorEEENS_28__exception_guard_exceptionsIT_EES7_ called 0 returned 0% blocks executed 0%
function _ZNSt3__122__make_exception_guardB8ne180100INS_6vectorINS1_IdNS_9allocatorIdEEEENS2_IS4_EEE16__destroy_vectorEEENS_28__exception_guard_exceptionsIT_EES9_ called 0 returned 0% blocks executed 0%
function _ZNSt3__122__make_exception_guardB8ne180100INS_6vectorIN7testing8internal13edit_distance8EditTypeENS_9allocatorIS5_EEE16__destroy_vectorEEENS_28__exception_guard_exceptionsIT_EESB_ called 0 returned 0% blocks executed 0%
function _ZNSt3__122__make_exception_guardB8ne180100INS_6vectorINS1_IN7testing8internal13edit_distance8EditTypeENS_9allocatorIS5_EEEENS6_IS8_EEE16__destroy_vectorEEENS_28__exception_guard_exceptionsIT_EESD_ called 0 returned 0% blocks executed 0%
function _ZNSt3__122__make_exception_guardB8ne180100INS_29_AllocatorDestroyRangeReverseINS_9allocatorIN7testing12TestPropertyEEENS_16reverse_iteratorIPS4_EEEEEENS_28__exception_guard_exceptionsIT_EESB_ called 0 returned 0% blocks executed 0%
function _ZNSt3__122__make_exception_guardB8ne180100INS_29_AllocatorDestroyRangeReverseINS_9allocatorIN7testing8internal9TraceInfoEEENS_16reverse_iteratorIPS5_EEEEEENS_28__exception_guard_exceptionsIT_EESC_ called 0 returned 0% blocks executed 0%
       84:  136:_LIBCPP_HIDE_FROM_ABI _LIBCPP_CONSTEXPR __exception_guard<_Rollback> __make_exception_guard(_Rollback __rollback) {
       84:  137:  return __exception_guard<_Rollback>(std::move(__rollback));
       66:  137-block  0
        6:  137-block  1
       12:  137-block  2
    $$$$$:  137-block  3
    $$$$$:  137-block  4
    $$$$$:  137-block  5
    $$$$$:  137-block  6
    $$$$$:  137-block  7
    $$$$$:  137-block  8
    $$$$$:  137-block  9
        -:  138:}
        -:  139:
        -:  140:_LIBCPP_END_NAMESPACE_STD
        -:  141:
        -:  142:_LIBCPP_POP_MACROS
        -:  143:
        -:  144:#endif // _LIBCPP___UTILITY_TRANSACTION_H
