        -:    0:Source:/Applications/Xcode.app/Contents/Developer/Platforms/MacOSX.platform/Developer/SDKs/MacOSX15.0.sdk/usr/include/c++/v1/__algorithm/iter_swap.h
        -:    0:Graph:/Users/artemastahov/All_files/styding/LabsBSUIR/LabsOS/FourthLab/FirstTask/cmake-build-debug-coverage-1/googletest/googletest/CMakeFiles/gtest.dir/src/gtest-all.cc.gcno
        -:    0:Data:/Users/artemastahov/All_files/styding/LabsBSUIR/LabsOS/FourthLab/FirstTask/cmake-build-debug-coverage-1/googletest/googletest/CMakeFiles/gtest.dir/src/gtest-all.cc.gcda
        -:    0:Runs:1
        -:    0:Programs:1
        -:    1://===----------------------------------------------------------------------===//
        -:    2://
        -:    3:// Part of the LLVM Project, under the Apache License v2.0 with LLVM Exceptions.
        -:    4:// See https://llvm.org/LICENSE.txt for license information.
        -:    5:// SPDX-License-Identifier: Apache-2.0 WITH LLVM-exception
        -:    6://
        -:    7://===----------------------------------------------------------------------===//
        -:    8:
        -:    9:#ifndef _LIBCPP___ALGORITHM_ITER_SWAP_H
        -:   10:#define _LIBCPP___ALGORITHM_ITER_SWAP_H
        -:   11:
        -:   12:#include <__config>
        -:   13:#include <__utility/declval.h>
        -:   14:#include <__utility/swap.h>
        -:   15:
        -:   16:#if !defined(_LIBCPP_HAS_NO_PRAGMA_SYSTEM_HEADER)
        -:   17:#  pragma GCC system_header
        -:   18:#endif
        -:   19:
        -:   20:_LIBCPP_BEGIN_NAMESPACE_STD
        -:   21:
        -:   22:template <class _ForwardIterator1, class _ForwardIterator2>
function _ZNSt3__19iter_swapB8ne180100INS_11__wrap_iterIPNS_12basic_stringIcNS_11char_traitsIcEENS_9allocatorIcEEEEEES9_EEvT_T0_ called 0 returned 0% blocks executed 0%
function _ZNSt3__19iter_swapB8ne180100INS_11__wrap_iterIPN7testing8internal13edit_distance8EditTypeEEES7_EEvT_T0_ called 0 returned 0% blocks executed 0%
function _ZNSt3__19iter_swapB8ne180100INS_11__wrap_iterIPPN7testing8TestInfoEEES6_EEvT_T0_ called 0 returned 0% blocks executed 0%
    #####:   23:inline _LIBCPP_HIDE_FROM_ABI _LIBCPP_CONSTEXPR_SINCE_CXX20 void iter_swap(_ForwardIterator1 __a, _ForwardIterator2 __b)
        -:   24:    //                                  _NOEXCEPT_(_NOEXCEPT_(swap(*__a, *__b)))
        -:   25:    _NOEXCEPT_(_NOEXCEPT_(swap(*std::declval<_ForwardIterator1>(), *std::declval<_ForwardIterator2>()))) {
    #####:   26:  swap(*__a, *__b);
    #####:   27:}
    $$$$$:   27-block  0
    $$$$$:   27-block  1
    $$$$$:   27-block  2
        -:   28:
        -:   29:_LIBCPP_END_NAMESPACE_STD
        -:   30:
        -:   31:#endif // _LIBCPP___ALGORITHM_ITER_SWAP_H
