        -:    0:Source:/Applications/Xcode.app/Contents/Developer/Platforms/MacOSX.platform/Developer/SDKs/MacOSX15.0.sdk/usr/include/c++/v1/__memory/compressed_pair.h
        -:    0:Graph:/Users/artemastahov/All_files/styding/LabsBSUIR/LabsOS/FourthLab/FirstTask/cmake-build-debug-coverage-1/googletest/googletest/CMakeFiles/gtest.dir/src/gtest-all.cc.gcno
        -:    0:Data:/Users/artemastahov/All_files/styding/LabsBSUIR/LabsOS/FourthLab/FirstTask/cmake-build-debug-coverage-1/googletest/googletest/CMakeFiles/gtest.dir/src/gtest-all.cc.gcda
        -:    0:Runs:1
        -:    0:Programs:1
        -:    1:// -*- C++ -*-
        -:    2://===----------------------------------------------------------------------===//
        -:    3://
        -:    4:// Part of the LLVM Project, under the Apache License v2.0 with LLVM Exceptions.
        -:    5:// See https://llvm.org/LICENSE.txt for license information.
        -:    6:// SPDX-License-Identifier: Apache-2.0 WITH LLVM-exception
        -:    7://
        -:    8://===----------------------------------------------------------------------===//
        -:    9:
        -:   10:#ifndef _LIBCPP___MEMORY_COMPRESSED_PAIR_H
        -:   11:#define _LIBCPP___MEMORY_COMPRESSED_PAIR_H
        -:   12:
        -:   13:#include <__config>
        -:   14:#include <__fwd/get.h>
        -:   15:#include <__fwd/tuple.h>
        -:   16:#include <__tuple/tuple_indices.h>
        -:   17:#include <__type_traits/decay.h>
        -:   18:#include <__type_traits/dependent_type.h>
        -:   19:#include <__type_traits/enable_if.h>
        -:   20:#include <__type_traits/is_default_constructible.h>
        -:   21:#include <__type_traits/is_empty.h>
        -:   22:#include <__type_traits/is_final.h>
        -:   23:#include <__type_traits/is_same.h>
        -:   24:#include <__type_traits/is_swappable.h>
        -:   25:#include <__utility/forward.h>
        -:   26:#include <__utility/move.h>
        -:   27:#include <__utility/piecewise_construct.h>
        -:   28:#include <cstddef>
        -:   29:
        -:   30:#if !defined(_LIBCPP_HAS_NO_PRAGMA_SYSTEM_HEADER)
        -:   31:#  pragma GCC system_header
        -:   32:#endif
        -:   33:
        -:   34:_LIBCPP_PUSH_MACROS
        -:   35:#include <__undef_macros>
        -:   36:
        -:   37:_LIBCPP_BEGIN_NAMESPACE_STD
        -:   38:
        -:   39:// Tag used to default initialize one or both of the pair's elements.
        -:   40:struct __default_init_tag {};
        -:   41:struct __value_init_tag {};
        -:   42:
        -:   43:template <class _Tp, int _Idx, bool _CanBeEmptyBase = is_empty<_Tp>::value && !__libcpp_is_final<_Tp>::value>
        -:   44:struct __compressed_pair_elem {
        -:   45:  using _ParamT         = _Tp;
        -:   46:  using reference       = _Tp&;
        -:   47:  using const_reference = const _Tp&;
        -:   48:
function _ZNSt3__122__compressed_pair_elemINS_12basic_stringIcNS_11char_traitsIcEENS_9allocatorIcEEE5__repELi0ELb0EEC2B8ne180100ENS_18__default_init_tagE called 0 returned 0% blocks executed 0%
function _ZNSt3__122__compressed_pair_elemINS_12basic_stringIwNS_11char_traitsIwEENS_9allocatorIwEEE5__repELi0ELb0EEC2B8ne180100ENS_18__default_init_tagE called 0 returned 0% blocks executed 0%
    #####:   49:  _LIBCPP_HIDE_FROM_ABI _LIBCPP_CONSTEXPR explicit __compressed_pair_elem(__default_init_tag) {}
    $$$$$:   49-block  0
    $$$$$:   49-block  1
function _ZNSt3__122__compressed_pair_elemIPPNS_16__hash_node_baseIPNS_11__hash_nodeINS_12basic_stringIcNS_11char_traitsIcEENS_9allocatorIcEEEEPvEEEELi0ELb0EEC2B8ne180100ENS_16__value_init_tagE called 30 returned 100% blocks executed 100%
function _ZNSt3__122__compressed_pair_elemINS_25__bucket_list_deallocatorINS_9allocatorIPNS_16__hash_node_baseIPNS_11__hash_nodeINS_12basic_stringIcNS_11char_traitsIcEENS2_IcEEEEPvEEEEEEEELi1ELb0EEC2B8ne180100ENS_16__value_init_tagE called 30 returned 100% blocks executed 100%
function _ZNSt3__122__compressed_pair_elemINS_16__hash_node_baseIPNS_11__hash_nodeINS_12basic_stringIcNS_11char_traitsIcEENS_9allocatorIcEEEEPvEEEELi0ELb0EEC2B8ne180100ENS_16__value_init_tagE called 30 returned 100% blocks executed 100%
function _ZNSt3__122__compressed_pair_elemINS_15__tree_end_nodeIPNS_16__tree_node_baseIPvEEEELi0ELb0EEC2B8ne180100ENS_16__value_init_tagE called 0 returned 0% blocks executed 0%
function _ZNSt3__122__compressed_pair_elemIPPNS_16__hash_node_baseIPNS_11__hash_nodeINS_17__hash_value_typeINS_12basic_stringIcNS_11char_traitsIcEENS_9allocatorIcEEEEmEEPvEEEELi0ELb0EEC2B8ne180100ENS_16__value_init_tagE called 6 returned 100% blocks executed 100%
function _ZNSt3__122__compressed_pair_elemINS_25__bucket_list_deallocatorINS_9allocatorIPNS_16__hash_node_baseIPNS_11__hash_nodeINS_17__hash_value_typeINS_12basic_stringIcNS_11char_traitsIcEENS2_IcEEEEmEEPvEEEEEEEELi1ELb0EEC2B8ne180100ENS_16__value_init_tagE called 6 returned 100% blocks executed 100%
function _ZNSt3__122__compressed_pair_elemINS_16__hash_node_baseIPNS_11__hash_nodeINS_17__hash_value_typeINS_12basic_stringIcNS_11char_traitsIcEENS_9allocatorIcEEEEmEEPvEEEELi0ELb0EEC2B8ne180100ENS_16__value_init_tagE called 6 returned 100% blocks executed 100%
function _ZNSt3__122__compressed_pair_elemIPN7testing8internal24InternalRunDeathTestFlagELi0ELb0EEC2B8ne180100ENS_16__value_init_tagE called 6 returned 100% blocks executed 100%
function _ZNSt3__122__compressed_pair_elemINS_12basic_stringIcNS_11char_traitsIcEENS_9allocatorIcEEE5__repELi0ELb0EEC2B8ne180100ENS_16__value_init_tagE called 0 returned 0% blocks executed 0%
function _ZNSt3__122__compressed_pair_elemIPNS_12basic_stringIcNS_11char_traitsIcEENS_9allocatorIcEEEELi0ELb0EEC2B8ne180100ENS_16__value_init_tagE called 0 returned 0% blocks executed 0%
function _ZNSt3__122__compressed_pair_elemIPPN7testing8TestInfoELi0ELb0EEC2B8ne180100ENS_16__value_init_tagE called 6 returned 100% blocks executed 100%
function _ZNSt3__122__compressed_pair_elemIPPNS_16__hash_node_baseIPNS_11__hash_nodeINS_17__hash_value_typeINS_12basic_stringIcNS_11char_traitsIcEENS_9allocatorIcEEEEPN7testing9TestSuiteEEEPvEEEELi0ELb0EEC2B8ne180100ENS_16__value_init_tagE called 6 returned 100% blocks executed 100%
function _ZNSt3__122__compressed_pair_elemINS_25__bucket_list_deallocatorINS_9allocatorIPNS_16__hash_node_baseIPNS_11__hash_nodeINS_17__hash_value_typeINS_12basic_stringIcNS_11char_traitsIcEENS2_IcEEEEPN7testing9TestSuiteEEEPvEEEEEEEELi1ELb0EEC2B8ne180100ENS_16__value_init_tagE called 6 returned 100% blocks executed 100%
function _ZNSt3__122__compressed_pair_elemINS_16__hash_node_baseIPNS_11__hash_nodeINS_17__hash_value_typeINS_12basic_stringIcNS_11char_traitsIcEENS_9allocatorIcEEEEPN7testing9TestSuiteEEEPvEEEELi0ELb0EEC2B8ne180100ENS_16__value_init_tagE called 6 returned 100% blocks executed 100%
      138:   50:  _LIBCPP_HIDE_FROM_ABI _LIBCPP_CONSTEXPR explicit __compressed_pair_elem(__value_init_tag) : __value_() {}
       30:   50-block  0
       30:   50-block  1
       30:   50-block  2
    $$$$$:   50-block  3
        6:   50-block  4
        6:   50-block  5
        6:   50-block  6
        6:   50-block  7
    $$$$$:   50-block  8
    $$$$$:   50-block  9
        6:   50-block 10
        6:   50-block 11
        6:   50-block 12
        6:   50-block 13
        -:   51:
        -:   52:  template <class _Up, class = __enable_if_t<!is_same<__compressed_pair_elem, __decay_t<_Up> >::value> >
function _ZNSt3__122__compressed_pair_elemIPPcLi0ELb0EEC2B8ne180100IDnvEEOT_ called 0 returned 0% blocks executed 0%
function _ZNSt3__122__compressed_pair_elemIRNS_9allocatorIPcEELi1ELb0EEC2B8ne180100IS4_vEEOT_ called 0 returned 0% blocks executed 0%
function _ZNSt3__122__compressed_pair_elemImLi0ELb0EEC2B8ne180100IivEEOT_ called 0 returned 0% blocks executed 0%
function _ZNSt3__122__compressed_pair_elemIfLi0ELb0EEC2B8ne180100IfvEEOT_ called 42 returned 100% blocks executed 100%
function _ZNSt3__122__compressed_pair_elemIPNS_12basic_stringIcNS_11char_traitsIcEENS_9allocatorIcEEEELi0ELb0EEC2B8ne180100IDnvEEOT_ called 162 returned 100% blocks executed 100%
function _ZNSt3__122__compressed_pair_elemIRNS_9allocatorINS_12basic_stringIcNS_11char_traitsIcEENS1_IcEEEEEELi1ELb0EEC2B8ne180100IS8_vEEOT_ called 66 returned 100% blocks executed 100%
function _ZNSt3__122__compressed_pair_elemIPNS_11__hash_nodeINS_12basic_stringIcNS_11char_traitsIcEENS_9allocatorIcEEEEPvEELi0ELb0EEC2B8ne180100IRSA_vEEOT_ called 6 returned 100% blocks executed 100%
function _ZNSt3__122__compressed_pair_elemINS_22__hash_node_destructorINS_9allocatorINS_11__hash_nodeINS_12basic_stringIcNS_11char_traitsIcEENS2_IcEEEEPvEEEEEELi1ELb0EEC2B8ne180100ISC_vEEOT_ called 6 returned 100% blocks executed 100%
function _ZNSt3__122__compressed_pair_elemIPNS_11__tree_nodeINS_12__value_typeINS_12basic_stringIcNS_11char_traitsIcEENS_9allocatorIcEEEEmEEPvEELi0ELb0EEC2B8ne180100IRSC_vEEOT_ called 0 returned 0% blocks executed 0%
function _ZNSt3__122__compressed_pair_elemINS_22__tree_node_destructorINS_9allocatorINS_11__tree_nodeINS_12__value_typeINS_12basic_stringIcNS_11char_traitsIcEENS2_IcEEEEmEEPvEEEEEELi1ELb0EEC2B8ne180100ISE_vEEOT_ called 0 returned 0% blocks executed 0%
function _ZNSt3__122__compressed_pair_elemIPPN7testing17TestEventListenerELi0ELb0EEC2B8ne180100IDnvEEOT_ called 12 returned 100% blocks executed 100%
function _ZNSt3__122__compressed_pair_elemIPPN7testing8internal30ParameterizedTestSuiteInfoBaseELi0ELb0EEC2B8ne180100IDnvEEOT_ called 6 returned 100% blocks executed 100%
function _ZNSt3__122__compressed_pair_elemIPN7testing8internal17StreamingListener20AbstractSocketWriterELi0ELb0EEC2B8ne180100IRS5_vEEOT_ called 0 returned 0% blocks executed 0%
function _ZNSt3__122__compressed_pair_elemIPNS_18basic_stringstreamIcNS_11char_traitsIcEENS_9allocatorIcEEEELi0ELb0EEC2B8ne180100IRS7_vEEOT_ called 342 returned 100% blocks executed 100%
function _ZNSt3__122__compressed_pair_elemIPNS_12basic_stringIcNS_11char_traitsIcEENS_9allocatorIcEEEELi0ELb0EEC2B8ne180100IRS7_vEEOT_ called 0 returned 0% blocks executed 0%
function _ZNSt3__122__compressed_pair_elemIPN7testing14TestPartResultELi0ELb0EEC2B8ne180100IDnvEEOT_ called 48 returned 100% blocks executed 100%
function _ZNSt3__122__compressed_pair_elemIRNS_9allocatorIN7testing14TestPartResultEEELi1ELb0EEC2B8ne180100IS5_vEEOT_ called 0 returned 0% blocks executed 0%
function _ZNSt3__122__compressed_pair_elemIPNS_11__tree_nodeINS_12basic_stringIcNS_11char_traitsIcEENS_9allocatorIcEEEEPvEELi0ELb0EEC2B8ne180100IRSA_vEEOT_ called 0 returned 0% blocks executed 0%
function _ZNSt3__122__compressed_pair_elemINS_22__tree_node_destructorINS_9allocatorINS_11__tree_nodeINS_12basic_stringIcNS_11char_traitsIcEENS2_IcEEEEPvEEEEEELi1ELb0EEC2B8ne180100ISC_vEEOT_ called 0 returned 0% blocks executed 0%
function _ZNSt3__122__compressed_pair_elemIPNS_11__tree_nodeINS_12__value_typeINS_12basic_stringIcNS_11char_traitsIcEENS_9allocatorIcEEEEN7testing8internal34TypeParameterizedTestSuiteRegistry30TypeParameterizedTestSuiteInfoEEEPvEELi0ELb0EEC2B8ne180100IRSG_vEEOT_ called 0 returned 0% blocks executed 0%
function _ZNSt3__122__compressed_pair_elemINS_22__tree_node_destructorINS_9allocatorINS_11__tree_nodeINS_12__value_typeINS_12basic_stringIcNS_11char_traitsIcEENS2_IcEEEEN7testing8internal34TypeParameterizedTestSuiteRegistry30TypeParameterizedTestSuiteInfoEEEPvEEEEEELi1ELb0EEC2B8ne180100ISI_vEEOT_ called 0 returned 0% blocks executed 0%
function _ZNSt3__122__compressed_pair_elemIPdLi0ELb0EEC2B8ne180100IDnvEEOT_ called 0 returned 0% blocks executed 0%
function _ZNSt3__122__compressed_pair_elemIPNS_6vectorIdNS_9allocatorIdEEEELi0ELb0EEC2B8ne180100IDnvEEOT_ called 0 returned 0% blocks executed 0%
function _ZNSt3__122__compressed_pair_elemIPN7testing8internal13edit_distance8EditTypeELi0ELb0EEC2B8ne180100IDnvEEOT_ called 0 returned 0% blocks executed 0%
function _ZNSt3__122__compressed_pair_elemIPNS_6vectorIN7testing8internal13edit_distance8EditTypeENS_9allocatorIS5_EEEELi0ELb0EEC2B8ne180100IDnvEEOT_ called 0 returned 0% blocks executed 0%
function _ZNSt3__122__compressed_pair_elemIRNS_9allocatorIN7testing8internal13edit_distance8EditTypeEEELi1ELb0EEC2B8ne180100IS7_vEEOT_ called 0 returned 0% blocks executed 0%
function _ZNSt3__122__compressed_pair_elemIPmLi0ELb0EEC2B8ne180100IDnvEEOT_ called 0 returned 0% blocks executed 0%
function _ZNSt3__122__compressed_pair_elemIRNS_9allocatorImEELi1ELb0EEC2B8ne180100IS3_vEEOT_ called 0 returned 0% blocks executed 0%
function _ZNSt3__122__compressed_pair_elemIPN7testing12TestPropertyELi0ELb0EEC2B8ne180100IDnvEEOT_ called 48 returned 100% blocks executed 100%
function _ZNSt3__122__compressed_pair_elemIRNS_9allocatorIN7testing12TestPropertyEEELi1ELb0EEC2B8ne180100IS5_vEEOT_ called 0 returned 0% blocks executed 0%
function _ZNSt3__122__compressed_pair_elemIPN7testing8internal14GTestFlagSaverELi0ELb0EEC2B8ne180100IRS4_vEEOT_ called 6 returned 100% blocks executed 100%
function _ZNSt3__122__compressed_pair_elemIPKNS_12basic_stringIcNS_11char_traitsIcEENS_9allocatorIcEEEELi0ELb0EEC2B8ne180100IRS8_vEEOT_ called 78 returned 100% blocks executed 100%
function _ZNSt3__122__compressed_pair_elemIPPN7testing8TestInfoELi0ELb0EEC2B8ne180100IDnvEEOT_ called 30 returned 100% blocks executed 100%
function _ZNSt3__122__compressed_pair_elemIPiLi0ELb0EEC2B8ne180100IDnvEEOT_ called 42 returned 100% blocks executed 100%
function _ZNSt3__122__compressed_pair_elemIRNS_9allocatorIPN7testing8TestInfoEEELi1ELb0EEC2B8ne180100IS6_vEEOT_ called 24 returned 100% blocks executed 100%
function _ZNSt3__122__compressed_pair_elemIRNS_9allocatorIiEELi1ELb0EEC2B8ne180100IS3_vEEOT_ called 30 returned 100% blocks executed 100%
function _ZNSt3__122__compressed_pair_elemIPPN7testing8TestInfoELi0ELb0EEC2B8ne180100IRS4_vEEOT_ called 0 returned 0% blocks executed 0%
function _ZNSt3__122__compressed_pair_elemIRNS_12__destruct_nELi1ELb0EEC2B8ne180100IS2_vEEOT_ called 0 returned 0% blocks executed 0%
function _ZNSt3__122__compressed_pair_elemIRNS_9allocatorIPN7testing17TestEventListenerEEELi1ELb0EEC2B8ne180100IS6_vEEOT_ called 6 returned 100% blocks executed 100%
function _ZNSt3__122__compressed_pair_elemIPPN7testing11EnvironmentELi0ELb0EEC2B8ne180100IDnvEEOT_ called 6 returned 100% blocks executed 100%
function _ZNSt3__122__compressed_pair_elemIRNS_9allocatorIPN7testing11EnvironmentEEELi1ELb0EEC2B8ne180100IS6_vEEOT_ called 0 returned 0% blocks executed 0%
function _ZNSt3__122__compressed_pair_elemIPN7testing8internal9TraceInfoELi0ELb0EEC2B8ne180100IDnvEEOT_ called 0 returned 0% blocks executed 0%
function _ZNSt3__122__compressed_pair_elemIRNS_9allocatorIN7testing8internal9TraceInfoEEELi1ELb0EEC2B8ne180100IS6_vEEOT_ called 0 returned 0% blocks executed 0%
function _ZNSt3__122__compressed_pair_elemIPN7testing8internal11ThreadLocalIPNS1_31TestPartResultReporterInterfaceEE18ValueHolderFactoryELi0ELb0EEC2B8ne180100IRS8_vEEOT_ called 6 returned 100% blocks executed 100%
function _ZNSt3__122__compressed_pair_elemIPN7testing8internal16DeathTestFactoryELi0ELb0EEC2B8ne180100IRS4_vEEOT_ called 6 returned 100% blocks executed 100%
function _ZNSt3__122__compressed_pair_elemIPPN7testing9TestSuiteELi0ELb0EEC2B8ne180100IDnvEEOT_ called 12 returned 100% blocks executed 100%
function _ZNSt3__122__compressed_pair_elemIPN7testing8internal11ThreadLocalINS_6vectorINS2_9TraceInfoENS_9allocatorIS5_EEEEE18ValueHolderFactoryELi0ELb0EEC2B8ne180100IRSB_vEEOT_ called 6 returned 100% blocks executed 100%
function _ZNSt3__122__compressed_pair_elemIPNS_11__hash_nodeINS_17__hash_value_typeINS_12basic_stringIcNS_11char_traitsIcEENS_9allocatorIcEEEEPN7testing9TestSuiteEEEPvEELi0ELb0EEC2B8ne180100IRSF_vEEOT_ called 6 returned 100% blocks executed 100%
function _ZNSt3__122__compressed_pair_elemINS_22__hash_node_destructorINS_9allocatorINS_11__hash_nodeINS_17__hash_value_typeINS_12basic_stringIcNS_11char_traitsIcEENS2_IcEEEEPN7testing9TestSuiteEEEPvEEEEEELi1ELb0EEC2B8ne180100ISH_vEEOT_ called 6 returned 100% blocks executed 100%
function _ZNSt3__122__compressed_pair_elemIRNS_9allocatorIPN7testing9TestSuiteEEELi1ELb0EEC2B8ne180100IS6_vEEOT_ called 6 returned 100% blocks executed 100%
     1008:   53:  _LIBCPP_HIDE_FROM_ABI _LIBCPP_CONSTEXPR explicit __compressed_pair_elem(_Up&& __u)
     1008:   54:      : __value_(std::forward<_Up>(__u)) {}
    $$$$$:   54-block  0
    $$$$$:   54-block  1
    $$$$$:   54-block  2
       42:   54-block  3
      162:   54-block  4
       66:   54-block  5
        6:   54-block  6
        6:   54-block  7
    $$$$$:   54-block  8
    $$$$$:   54-block  9
       12:   54-block 10
        6:   54-block 11
    $$$$$:   54-block 12
      342:   54-block 13
    $$$$$:   54-block 14
       48:   54-block 15
    $$$$$:   54-block 16
    $$$$$:   54-block 17
    $$$$$:   54-block 18
    $$$$$:   54-block 19
    $$$$$:   54-block 20
    $$$$$:   54-block 21
    $$$$$:   54-block 22
    $$$$$:   54-block 23
    $$$$$:   54-block 24
    $$$$$:   54-block 25
    $$$$$:   54-block 26
    $$$$$:   54-block 27
       48:   54-block 28
    $$$$$:   54-block 29
        6:   54-block 30
       78:   54-block 31
       30:   54-block 32
       42:   54-block 33
       24:   54-block 34
       30:   54-block 35
    $$$$$:   54-block 36
    $$$$$:   54-block 37
        6:   54-block 38
        6:   54-block 39
    $$$$$:   54-block 40
    $$$$$:   54-block 41
    $$$$$:   54-block 42
        6:   54-block 43
        6:   54-block 44
       12:   54-block 45
        6:   54-block 46
        6:   54-block 47
        6:   54-block 48
        6:   54-block 49
        -:   55:
        -:   56:#ifndef _LIBCPP_CXX03_LANG
        -:   57:  template <class... _Args, size_t... _Indices>
        -:   58:  _LIBCPP_HIDE_FROM_ABI _LIBCPP_CONSTEXPR_SINCE_CXX17 explicit __compressed_pair_elem(
        -:   59:      piecewise_construct_t, tuple<_Args...> __args, __tuple_indices<_Indices...>)
        -:   60:      : __value_(std::forward<_Args>(std::get<_Indices>(__args))...) {}
        -:   61:#endif
        -:   62:
function _ZNSt3__122__compressed_pair_elemIPNS_12basic_stringIcNS_11char_traitsIcEENS_9allocatorIcEEEELi0ELb0EE5__getB8ne180100Ev called 0 returned 0% blocks executed 0%
function _ZNSt3__122__compressed_pair_elemIRNS_9allocatorIPcEELi1ELb0EE5__getB8ne180100Ev called 0 returned 0% blocks executed 0%
function _ZNSt3__122__compressed_pair_elemIPPcLi0ELb0EE5__getB8ne180100Ev called 0 returned 0% blocks executed 0%
function _ZNSt3__122__compressed_pair_elemINS_12basic_stringIcNS_11char_traitsIcEENS_9allocatorIcEEE5__repELi0ELb0EE5__getB8ne180100Ev called 0 returned 0% blocks executed 0%
function _ZNSt3__122__compressed_pair_elemIRNS_9allocatorINS_12basic_stringIcNS_11char_traitsIcEENS1_IcEEEEEELi1ELb0EE5__getB8ne180100Ev called 120 returned 100% blocks executed 100%
function _ZNSt3__122__compressed_pair_elemINS_22__hash_node_destructorINS_9allocatorINS_11__hash_nodeINS_12basic_stringIcNS_11char_traitsIcEENS2_IcEEEEPvEEEEEELi1ELb0EE5__getB8ne180100Ev called 6 returned 100% blocks executed 100%
function _ZNSt3__122__compressed_pair_elemImLi0ELb0EE5__getB8ne180100Ev called 0 returned 0% blocks executed 0%
function _ZNSt3__122__compressed_pair_elemIfLi0ELb0EE5__getB8ne180100Ev called 36 returned 100% blocks executed 100%
function _ZNSt3__122__compressed_pair_elemINS_25__bucket_list_deallocatorINS_9allocatorIPNS_16__hash_node_baseIPNS_11__hash_nodeINS_12basic_stringIcNS_11char_traitsIcEENS2_IcEEEEPvEEEEEEEELi1ELb0EE5__getB8ne180100Ev called 48 returned 100% blocks executed 100%
function _ZNSt3__122__compressed_pair_elemIPPNS_16__hash_node_baseIPNS_11__hash_nodeINS_12basic_stringIcNS_11char_traitsIcEENS_9allocatorIcEEEEPvEEEELi0ELb0EE5__getB8ne180100Ev called 96 returned 100% blocks executed 100%
function _ZNSt3__122__compressed_pair_elemINS_16__hash_node_baseIPNS_11__hash_nodeINS_12basic_stringIcNS_11char_traitsIcEENS_9allocatorIcEEEEPvEEEELi0ELb0EE5__getB8ne180100Ev called 90 returned 100% blocks executed 100%
function _ZNSt3__122__compressed_pair_elemIPNS_11__hash_nodeINS_12basic_stringIcNS_11char_traitsIcEENS_9allocatorIcEEEEPvEELi0ELb0EE5__getB8ne180100Ev called 24 returned 100% blocks executed 100%
function _ZNSt3__122__compressed_pair_elemINS_15__tree_end_nodeIPNS_16__tree_node_baseIPvEEEELi0ELb0EE5__getB8ne180100Ev called 0 returned 0% blocks executed 0%
function _ZNSt3__122__compressed_pair_elemINS_22__tree_node_destructorINS_9allocatorINS_11__tree_nodeINS_12__value_typeINS_12basic_stringIcNS_11char_traitsIcEENS2_IcEEEEmEEPvEEEEEELi1ELb0EE5__getB8ne180100Ev called 0 returned 0% blocks executed 0%
function _ZNSt3__122__compressed_pair_elemIPNS_11__tree_nodeINS_12__value_typeINS_12basic_stringIcNS_11char_traitsIcEENS_9allocatorIcEEEEmEEPvEELi0ELb0EE5__getB8ne180100Ev called 0 returned 0% blocks executed 0%
function _ZNSt3__122__compressed_pair_elemINS_16__hash_node_baseIPNS_11__hash_nodeINS_17__hash_value_typeINS_12basic_stringIcNS_11char_traitsIcEENS_9allocatorIcEEEEmEEPvEEEELi0ELb0EE5__getB8ne180100Ev called 0 returned 0% blocks executed 0%
function _ZNSt3__122__compressed_pair_elemIPPNS_16__hash_node_baseIPNS_11__hash_nodeINS_17__hash_value_typeINS_12basic_stringIcNS_11char_traitsIcEENS_9allocatorIcEEEEmEEPvEEEELi0ELb0EE5__getB8ne180100Ev called 0 returned 0% blocks executed 0%
function _ZNSt3__122__compressed_pair_elemINS_25__bucket_list_deallocatorINS_9allocatorIPNS_16__hash_node_baseIPNS_11__hash_nodeINS_17__hash_value_typeINS_12basic_stringIcNS_11char_traitsIcEENS2_IcEEEEmEEPvEEEEEEEELi1ELb0EE5__getB8ne180100Ev called 0 returned 0% blocks executed 0%
function _ZNSt3__122__compressed_pair_elemIPN7testing8internal17StreamingListener20AbstractSocketWriterELi0ELb0EE5__getB8ne180100Ev called 0 returned 0% blocks executed 0%
function _ZNSt3__122__compressed_pair_elemIPN7testing8internal24InternalRunDeathTestFlagELi0ELb0EE5__getB8ne180100Ev called 12 returned 100% blocks executed 100%
function _ZNSt3__122__compressed_pair_elemIPNS_18basic_stringstreamIcNS_11char_traitsIcEENS_9allocatorIcEEEELi0ELb0EE5__getB8ne180100Ev called 0 returned 0% blocks executed 0%
function _ZNSt3__122__compressed_pair_elemIPN7testing14TestPartResultELi0ELb0EE5__getB8ne180100Ev called 0 returned 0% blocks executed 0%
function _ZNSt3__122__compressed_pair_elemIRNS_9allocatorIN7testing14TestPartResultEEELi1ELb0EE5__getB8ne180100Ev called 0 returned 0% blocks executed 0%
function _ZNSt3__122__compressed_pair_elemINS_22__tree_node_destructorINS_9allocatorINS_11__tree_nodeINS_12basic_stringIcNS_11char_traitsIcEENS2_IcEEEEPvEEEEEELi1ELb0EE5__getB8ne180100Ev called 0 returned 0% blocks executed 0%
function _ZNSt3__122__compressed_pair_elemIPNS_11__tree_nodeINS_12basic_stringIcNS_11char_traitsIcEENS_9allocatorIcEEEEPvEELi0ELb0EE5__getB8ne180100Ev called 0 returned 0% blocks executed 0%
function _ZNSt3__122__compressed_pair_elemINS_22__tree_node_destructorINS_9allocatorINS_11__tree_nodeINS_12__value_typeINS_12basic_stringIcNS_11char_traitsIcEENS2_IcEEEEN7testing8internal34TypeParameterizedTestSuiteRegistry30TypeParameterizedTestSuiteInfoEEEPvEEEEEELi1ELb0EE5__getB8ne180100Ev called 0 returned 0% blocks executed 0%
function _ZNSt3__122__compressed_pair_elemIPNS_11__tree_nodeINS_12__value_typeINS_12basic_stringIcNS_11char_traitsIcEENS_9allocatorIcEEEEN7testing8internal34TypeParameterizedTestSuiteRegistry30TypeParameterizedTestSuiteInfoEEEPvEELi0ELb0EE5__getB8ne180100Ev called 0 returned 0% blocks executed 0%
function _ZNSt3__122__compressed_pair_elemIPdLi0ELb0EE5__getB8ne180100Ev called 0 returned 0% blocks executed 0%
function _ZNSt3__122__compressed_pair_elemIPNS_6vectorIdNS_9allocatorIdEEEELi0ELb0EE5__getB8ne180100Ev called 0 returned 0% blocks executed 0%
function _ZNSt3__122__compressed_pair_elemIPN7testing8internal13edit_distance8EditTypeELi0ELb0EE5__getB8ne180100Ev called 0 returned 0% blocks executed 0%
function _ZNSt3__122__compressed_pair_elemIPNS_6vectorIN7testing8internal13edit_distance8EditTypeENS_9allocatorIS5_EEEELi0ELb0EE5__getB8ne180100Ev called 0 returned 0% blocks executed 0%
function _ZNSt3__122__compressed_pair_elemIRNS_9allocatorIN7testing8internal13edit_distance8EditTypeEEELi1ELb0EE5__getB8ne180100Ev called 0 returned 0% blocks executed 0%
function _ZNSt3__122__compressed_pair_elemIPmLi0ELb0EE5__getB8ne180100Ev called 0 returned 0% blocks executed 0%
function _ZNSt3__122__compressed_pair_elemIRNS_9allocatorImEELi1ELb0EE5__getB8ne180100Ev called 0 returned 0% blocks executed 0%
function _ZNSt3__122__compressed_pair_elemIPN7testing12TestPropertyELi0ELb0EE5__getB8ne180100Ev called 0 returned 0% blocks executed 0%
function _ZNSt3__122__compressed_pair_elemIRNS_9allocatorIN7testing12TestPropertyEEELi1ELb0EE5__getB8ne180100Ev called 0 returned 0% blocks executed 0%
function _ZNSt3__122__compressed_pair_elemIPN7testing8internal14GTestFlagSaverELi0ELb0EE5__getB8ne180100Ev called 12 returned 100% blocks executed 100%
function _ZNSt3__122__compressed_pair_elemIPKNS_12basic_stringIcNS_11char_traitsIcEENS_9allocatorIcEEEELi0ELb0EE5__getB8ne180100Ev called 0 returned 0% blocks executed 0%
function _ZNSt3__122__compressed_pair_elemIPPN7testing8TestInfoELi0ELb0EE5__getB8ne180100Ev called 120 returned 100% blocks executed 100%
function _ZNSt3__122__compressed_pair_elemIRNS_9allocatorIPN7testing8TestInfoEEELi1ELb0EE5__getB8ne180100Ev called 84 returned 100% blocks executed 100%
function _ZNSt3__122__compressed_pair_elemIPiLi0ELb0EE5__getB8ne180100Ev called 132 returned 100% blocks executed 100%
function _ZNSt3__122__compressed_pair_elemIRNS_9allocatorIiEELi1ELb0EE5__getB8ne180100Ev called 90 returned 100% blocks executed 100%
function _ZNSt3__122__compressed_pair_elemIRNS_12__destruct_nELi1ELb0EE5__getB8ne180100Ev called 0 returned 0% blocks executed 0%
function _ZNSt3__122__compressed_pair_elemIPPN7testing17TestEventListenerELi0ELb0EE5__getB8ne180100Ev called 24 returned 100% blocks executed 100%
function _ZNSt3__122__compressed_pair_elemIRNS_9allocatorIPN7testing17TestEventListenerEEELi1ELb0EE5__getB8ne180100Ev called 6 returned 100% blocks executed 100%
function _ZNSt3__122__compressed_pair_elemIPPN7testing11EnvironmentELi0ELb0EE5__getB8ne180100Ev called 0 returned 0% blocks executed 0%
function _ZNSt3__122__compressed_pair_elemIRNS_9allocatorIPN7testing11EnvironmentEEELi1ELb0EE5__getB8ne180100Ev called 0 returned 0% blocks executed 0%
function _ZNSt3__122__compressed_pair_elemIPN7testing8internal9TraceInfoELi0ELb0EE5__getB8ne180100Ev called 0 returned 0% blocks executed 0%
function _ZNSt3__122__compressed_pair_elemIRNS_9allocatorIN7testing8internal9TraceInfoEEELi1ELb0EE5__getB8ne180100Ev called 0 returned 0% blocks executed 0%
function _ZNSt3__122__compressed_pair_elemIPN7testing8internal11ThreadLocalIPNS1_31TestPartResultReporterInterfaceEE18ValueHolderFactoryELi0ELb0EE5__getB8ne180100Ev called 0 returned 0% blocks executed 0%
function _ZNSt3__122__compressed_pair_elemINS_16__hash_node_baseIPNS_11__hash_nodeINS_17__hash_value_typeINS_12basic_stringIcNS_11char_traitsIcEENS_9allocatorIcEEEEPN7testing9TestSuiteEEEPvEEEELi0ELb0EE5__getB8ne180100Ev called 12 returned 100% blocks executed 100%
function _ZNSt3__122__compressed_pair_elemIPPNS_16__hash_node_baseIPNS_11__hash_nodeINS_17__hash_value_typeINS_12basic_stringIcNS_11char_traitsIcEENS_9allocatorIcEEEEPN7testing9TestSuiteEEEPvEEEELi0ELb0EE5__getB8ne180100Ev called 12 returned 100% blocks executed 100%
function _ZNSt3__122__compressed_pair_elemINS_25__bucket_list_deallocatorINS_9allocatorIPNS_16__hash_node_baseIPNS_11__hash_nodeINS_17__hash_value_typeINS_12basic_stringIcNS_11char_traitsIcEENS2_IcEEEEPN7testing9TestSuiteEEEPvEEEEEEEELi1ELb0EE5__getB8ne180100Ev called 12 returned 100% blocks executed 100%
function _ZNSt3__122__compressed_pair_elemIPN7testing8internal16DeathTestFactoryELi0ELb0EE5__getB8ne180100Ev called 0 returned 0% blocks executed 0%
function _ZNSt3__122__compressed_pair_elemIPN7testing8internal11ThreadLocalINS_6vectorINS2_9TraceInfoENS_9allocatorIS5_EEEEE18ValueHolderFactoryELi0ELb0EE5__getB8ne180100Ev called 0 returned 0% blocks executed 0%
function _ZNSt3__122__compressed_pair_elemINS_22__hash_node_destructorINS_9allocatorINS_11__hash_nodeINS_17__hash_value_typeINS_12basic_stringIcNS_11char_traitsIcEENS2_IcEEEEPN7testing9TestSuiteEEEPvEEEEEELi1ELb0EE5__getB8ne180100Ev called 6 returned 100% blocks executed 100%
function _ZNSt3__122__compressed_pair_elemIPNS_11__hash_nodeINS_17__hash_value_typeINS_12basic_stringIcNS_11char_traitsIcEENS_9allocatorIcEEEEPN7testing9TestSuiteEEEPvEELi0ELb0EE5__getB8ne180100Ev called 24 returned 100% blocks executed 100%
function _ZNSt3__122__compressed_pair_elemIPPN7testing9TestSuiteELi0ELb0EE5__getB8ne180100Ev called 24 returned 100% blocks executed 100%
function _ZNSt3__122__compressed_pair_elemIRNS_9allocatorIPN7testing9TestSuiteEEELi1ELb0EE5__getB8ne180100Ev called 6 returned 100% blocks executed 100%
      996:   63:  _LIBCPP_HIDE_FROM_ABI _LIBCPP_CONSTEXPR_SINCE_CXX14 reference __get() _NOEXCEPT { return __value_; }
    $$$$$:   63-block  0
    $$$$$:   63-block  1
    $$$$$:   63-block  2
    $$$$$:   63-block  3
      120:   63-block  4
        6:   63-block  5
    $$$$$:   63-block  6
       36:   63-block  7
       48:   63-block  8
       96:   63-block  9
       90:   63-block 10
       24:   63-block 11
    $$$$$:   63-block 12
    $$$$$:   63-block 13
    $$$$$:   63-block 14
    $$$$$:   63-block 15
    $$$$$:   63-block 16
    $$$$$:   63-block 17
    $$$$$:   63-block 18
       12:   63-block 19
    $$$$$:   63-block 20
    $$$$$:   63-block 21
    $$$$$:   63-block 22
    $$$$$:   63-block 23
    $$$$$:   63-block 24
    $$$$$:   63-block 25
    $$$$$:   63-block 26
    $$$$$:   63-block 27
    $$$$$:   63-block 28
    $$$$$:   63-block 29
    $$$$$:   63-block 30
    $$$$$:   63-block 31
    $$$$$:   63-block 32
    $$$$$:   63-block 33
    $$$$$:   63-block 34
    $$$$$:   63-block 35
       12:   63-block 36
    $$$$$:   63-block 37
      120:   63-block 38
       84:   63-block 39
      132:   63-block 40
       90:   63-block 41
    $$$$$:   63-block 42
       24:   63-block 43
        6:   63-block 44
    $$$$$:   63-block 45
    $$$$$:   63-block 46
    $$$$$:   63-block 47
    $$$$$:   63-block 48
    $$$$$:   63-block 49
       12:   63-block 50
       12:   63-block 51
       12:   63-block 52
    $$$$$:   63-block 53
    $$$$$:   63-block 54
        6:   63-block 55
       24:   63-block 56
       24:   63-block 57
        6:   63-block 58
function _ZNKSt3__122__compressed_pair_elemIPN7testing8internal16DeathTestFactoryELi0ELb0EE5__getB8ne180100Ev called 0 returned 0% blocks executed 0%
function _ZNKSt3__122__compressed_pair_elemIPN7testing8internal24InternalRunDeathTestFlagELi0ELb0EE5__getB8ne180100Ev called 12 returned 100% blocks executed 100%
function _ZNKSt3__122__compressed_pair_elemIPPcLi0ELb0EE5__getB8ne180100Ev called 0 returned 0% blocks executed 0%
function _ZNKSt3__122__compressed_pair_elemINS_12basic_stringIcNS_11char_traitsIcEENS_9allocatorIcEEE5__repELi0ELb0EE5__getB8ne180100Ev called 0 returned 0% blocks executed 0%
function _ZNKSt3__122__compressed_pair_elemIPNS_12basic_stringIcNS_11char_traitsIcEENS_9allocatorIcEEEELi0ELb0EE5__getB8ne180100Ev called 0 returned 0% blocks executed 0%
function _ZNKSt3__122__compressed_pair_elemINS_25__bucket_list_deallocatorINS_9allocatorIPNS_16__hash_node_baseIPNS_11__hash_nodeINS_12basic_stringIcNS_11char_traitsIcEENS2_IcEEEEPvEEEEEEEELi1ELb0EE5__getB8ne180100Ev called 144 returned 100% blocks executed 100%
function _ZNKSt3__122__compressed_pair_elemImLi0ELb0EE5__getB8ne180100Ev called 0 returned 0% blocks executed 0%
function _ZNKSt3__122__compressed_pair_elemIPPNS_16__hash_node_baseIPNS_11__hash_nodeINS_12basic_stringIcNS_11char_traitsIcEENS_9allocatorIcEEEEPvEEEELi0ELb0EE5__getB8ne180100Ev called 66 returned 100% blocks executed 100%
function _ZNKSt3__122__compressed_pair_elemIPNS_11__hash_nodeINS_12basic_stringIcNS_11char_traitsIcEENS_9allocatorIcEEEEPvEELi0ELb0EE5__getB8ne180100Ev called 30 returned 100% blocks executed 100%
function _ZNKSt3__122__compressed_pair_elemINS_15__tree_end_nodeIPNS_16__tree_node_baseIPvEEEELi0ELb0EE5__getB8ne180100Ev called 0 returned 0% blocks executed 0%
function _ZNKSt3__122__compressed_pair_elemIPNS_11__tree_nodeINS_12__value_typeINS_12basic_stringIcNS_11char_traitsIcEENS_9allocatorIcEEEEmEEPvEELi0ELb0EE5__getB8ne180100Ev called 0 returned 0% blocks executed 0%
function _ZNKSt3__122__compressed_pair_elemIPKNS_12basic_stringIcNS_11char_traitsIcEENS_9allocatorIcEEEELi0ELb0EE5__getB8ne180100Ev called 42 returned 100% blocks executed 100%
function _ZNKSt3__122__compressed_pair_elemIPN7testing8internal11ThreadLocalINS_6vectorINS2_9TraceInfoENS_9allocatorIS5_EEEEE18ValueHolderFactoryELi0ELb0EE5__getB8ne180100Ev called 0 returned 0% blocks executed 0%
function _ZNKSt3__122__compressed_pair_elemIPPN7testing8internal30ParameterizedTestSuiteInfoBaseELi0ELb0EE5__getB8ne180100Ev called 0 returned 0% blocks executed 0%
function _ZNKSt3__122__compressed_pair_elemIPN7testing8internal17StreamingListener20AbstractSocketWriterELi0ELb0EE5__getB8ne180100Ev called 0 returned 0% blocks executed 0%
function _ZNKSt3__122__compressed_pair_elemIPNS_18basic_stringstreamIcNS_11char_traitsIcEENS_9allocatorIcEEEELi0ELb0EE5__getB8ne180100Ev called 0 returned 0% blocks executed 0%
function _ZNKSt3__122__compressed_pair_elemINS_12basic_stringIDsNS_11char_traitsIDsEENS_9allocatorIDsEEE5__repELi0ELb0EE5__getB8ne180100Ev called 0 returned 0% blocks executed 0%
function _ZNKSt3__122__compressed_pair_elemINS_12basic_stringIDiNS_11char_traitsIDiEENS_9allocatorIDiEEE5__repELi0ELb0EE5__getB8ne180100Ev called 0 returned 0% blocks executed 0%
function _ZNKSt3__122__compressed_pair_elemINS_12basic_stringIwNS_11char_traitsIwEENS_9allocatorIwEEE5__repELi0ELb0EE5__getB8ne180100Ev called 0 returned 0% blocks executed 0%
function _ZNKSt3__122__compressed_pair_elemIPN7testing14TestPartResultELi0ELb0EE5__getB8ne180100Ev called 0 returned 0% blocks executed 0%
function _ZNKSt3__122__compressed_pair_elemIPNS_11__tree_nodeINS_12basic_stringIcNS_11char_traitsIcEENS_9allocatorIcEEEEPvEELi0ELb0EE5__getB8ne180100Ev called 0 returned 0% blocks executed 0%
function _ZNKSt3__122__compressed_pair_elemIPNS_11__tree_nodeINS_12__value_typeINS_12basic_stringIcNS_11char_traitsIcEENS_9allocatorIcEEEEN7testing8internal34TypeParameterizedTestSuiteRegistry30TypeParameterizedTestSuiteInfoEEEPvEELi0ELb0EE5__getB8ne180100Ev called 0 returned 0% blocks executed 0%
function _ZNKSt3__122__compressed_pair_elemIPN7testing8internal11ThreadLocalIPNS1_31TestPartResultReporterInterfaceEE18ValueHolderFactoryELi0ELb0EE5__getB8ne180100Ev called 0 returned 0% blocks executed 0%
function _ZNKSt3__122__compressed_pair_elemIPdLi0ELb0EE5__getB8ne180100Ev called 0 returned 0% blocks executed 0%
function _ZNKSt3__122__compressed_pair_elemIPNS_6vectorIdNS_9allocatorIdEEEELi0ELb0EE5__getB8ne180100Ev called 0 returned 0% blocks executed 0%
function _ZNKSt3__122__compressed_pair_elemIPN7testing8internal13edit_distance8EditTypeELi0ELb0EE5__getB8ne180100Ev called 0 returned 0% blocks executed 0%
function _ZNKSt3__122__compressed_pair_elemIPNS_6vectorIN7testing8internal13edit_distance8EditTypeENS_9allocatorIS5_EEEELi0ELb0EE5__getB8ne180100Ev called 0 returned 0% blocks executed 0%
function _ZNKSt3__122__compressed_pair_elemIPmLi0ELb0EE5__getB8ne180100Ev called 0 returned 0% blocks executed 0%
function _ZNKSt3__122__compressed_pair_elemIPN7testing12TestPropertyELi0ELb0EE5__getB8ne180100Ev called 0 returned 0% blocks executed 0%
function _ZNKSt3__122__compressed_pair_elemIPPN7testing8TestInfoELi0ELb0EE5__getB8ne180100Ev called 42 returned 100% blocks executed 100%
function _ZNKSt3__122__compressed_pair_elemIPiLi0ELb0EE5__getB8ne180100Ev called 48 returned 100% blocks executed 100%
function _ZNKSt3__122__compressed_pair_elemIPPN7testing17TestEventListenerELi0ELb0EE5__getB8ne180100Ev called 6 returned 100% blocks executed 100%
function _ZNKSt3__122__compressed_pair_elemIPPN7testing11EnvironmentELi0ELb0EE5__getB8ne180100Ev called 0 returned 0% blocks executed 0%
function _ZNKSt3__122__compressed_pair_elemIPN7testing8internal9TraceInfoELi0ELb0EE5__getB8ne180100Ev called 0 returned 0% blocks executed 0%
function _ZNKSt3__122__compressed_pair_elemIPPN7testing9TestSuiteELi0ELb0EE5__getB8ne180100Ev called 6 returned 100% blocks executed 100%
function _ZNKSt3__122__compressed_pair_elemINS_25__bucket_list_deallocatorINS_9allocatorIPNS_16__hash_node_baseIPNS_11__hash_nodeINS_17__hash_value_typeINS_12basic_stringIcNS_11char_traitsIcEENS2_IcEEEEPN7testing9TestSuiteEEEPvEEEEEEEELi1ELb0EE5__getB8ne180100Ev called 24 returned 100% blocks executed 100%
function _ZNKSt3__122__compressed_pair_elemIPPNS_16__hash_node_baseIPNS_11__hash_nodeINS_17__hash_value_typeINS_12basic_stringIcNS_11char_traitsIcEENS_9allocatorIcEEEEPN7testing9TestSuiteEEEPvEEEELi0ELb0EE5__getB8ne180100Ev called 24 returned 100% blocks executed 100%
function _ZNKSt3__122__compressed_pair_elemIPNS_11__hash_nodeINS_17__hash_value_typeINS_12basic_stringIcNS_11char_traitsIcEENS_9allocatorIcEEEEPN7testing9TestSuiteEEEPvEELi0ELb0EE5__getB8ne180100Ev called 30 returned 100% blocks executed 100%
      474:   64:  _LIBCPP_HIDE_FROM_ABI _LIBCPP_CONSTEXPR const_reference __get() const _NOEXCEPT { return __value_; }
    $$$$$:   64-block  0
       12:   64-block  1
    $$$$$:   64-block  2
    $$$$$:   64-block  3
    $$$$$:   64-block  4
      144:   64-block  5
    $$$$$:   64-block  6
       66:   64-block  7
       30:   64-block  8
    $$$$$:   64-block  9
    $$$$$:   64-block 10
       42:   64-block 11
    $$$$$:   64-block 12
    $$$$$:   64-block 13
    $$$$$:   64-block 14
    $$$$$:   64-block 15
    $$$$$:   64-block 16
    $$$$$:   64-block 17
    $$$$$:   64-block 18
    $$$$$:   64-block 19
    $$$$$:   64-block 20
    $$$$$:   64-block 21
    $$$$$:   64-block 22
    $$$$$:   64-block 23
    $$$$$:   64-block 24
    $$$$$:   64-block 25
    $$$$$:   64-block 26
    $$$$$:   64-block 27
    $$$$$:   64-block 28
       42:   64-block 29
       48:   64-block 30
        6:   64-block 31
    $$$$$:   64-block 32
    $$$$$:   64-block 33
        6:   64-block 34
       24:   64-block 35
       24:   64-block 36
       30:   64-block 37
        -:   65:
        -:   66:private:
        -:   67:  _Tp __value_;
        -:   68:};
        -:   69:
        -:   70:template <class _Tp, int _Idx>
        -:   71:struct __compressed_pair_elem<_Tp, _Idx, true> : private _Tp {
        -:   72:  using _ParamT         = _Tp;
        -:   73:  using reference       = _Tp&;
        -:   74:  using const_reference = const _Tp&;
        -:   75:  using __value_type    = _Tp;
        -:   76:
        -:   77:  _LIBCPP_HIDE_FROM_ABI _LIBCPP_CONSTEXPR explicit __compressed_pair_elem() = default;
function _ZNSt3__122__compressed_pair_elemINS_9allocatorIPcEELi1ELb1EEC2B8ne180100ENS_18__default_init_tagE called 0 returned 0% blocks executed 0%
function _ZNSt3__122__compressed_pair_elemINS_9allocatorIcEELi1ELb1EEC2B8ne180100ENS_18__default_init_tagE called 0 returned 0% blocks executed 0%
function _ZNSt3__122__compressed_pair_elemINS_9allocatorIPNS_16__hash_node_baseIPNS_11__hash_nodeINS_12basic_stringIcNS_11char_traitsIcEENS1_IcEEEEPvEEEEEELi1ELb1EEC2B8ne180100ENS_18__default_init_tagE called 30 returned 100% blocks executed 100%
function _ZNSt3__122__compressed_pair_elemINS_4hashINS_12basic_stringIcNS_11char_traitsIcEENS_9allocatorIcEEEEEELi1ELb1EEC2B8ne180100ENS_18__default_init_tagE called 30 returned 100% blocks executed 100%
function _ZNSt3__122__compressed_pair_elemINS_8equal_toINS_12basic_stringIcNS_11char_traitsIcEENS_9allocatorIcEEEEEELi1ELb1EEC2B8ne180100ENS_18__default_init_tagE called 30 returned 100% blocks executed 100%
function _ZNSt3__122__compressed_pair_elemINS_9allocatorINS_11__list_nodeINS_4pairIcPKcEEPvEEEELi1ELb1EEC2B8ne180100ENS_18__default_init_tagE called 0 returned 0% blocks executed 0%
function _ZNSt3__122__compressed_pair_elemINS_9allocatorINS_12basic_stringIcNS_11char_traitsIcEENS1_IcEEEEEELi1ELb1EEC2B8ne180100ENS_18__default_init_tagE called 84 returned 100% blocks executed 100%
function _ZNSt3__122__compressed_pair_elemINS_9allocatorIPN7testing17TestEventListenerEEELi1ELb1EEC2B8ne180100ENS_18__default_init_tagE called 6 returned 100% blocks executed 100%
function _ZNSt3__122__compressed_pair_elemINS_9allocatorIPN7testing8internal30ParameterizedTestSuiteInfoBaseEEELi1ELb1EEC2B8ne180100ENS_18__default_init_tagE called 6 returned 100% blocks executed 100%
function _ZNSt3__122__compressed_pair_elemINS_9allocatorIPNS_16__hash_node_baseIPNS_11__hash_nodeINS_17__hash_value_typeINS_12basic_stringIcNS_11char_traitsIcEENS1_IcEEEEmEEPvEEEEEELi1ELb1EEC2B8ne180100ENS_18__default_init_tagE called 6 returned 100% blocks executed 100%
function _ZNSt3__122__compressed_pair_elemINS_22__unordered_map_hasherINS_12basic_stringIcNS_11char_traitsIcEENS_9allocatorIcEEEENS_17__hash_value_typeIS7_mEENS_4hashIS7_EENS_8equal_toIS7_EELb1EEELi1ELb1EEC2B8ne180100ENS_18__default_init_tagE called 6 returned 100% blocks executed 100%
function _ZNSt3__122__compressed_pair_elemINS_21__unordered_map_equalINS_12basic_stringIcNS_11char_traitsIcEENS_9allocatorIcEEEENS_17__hash_value_typeIS7_mEENS_8equal_toIS7_EENS_4hashIS7_EELb1EEELi1ELb1EEC2B8ne180100ENS_18__default_init_tagE called 6 returned 100% blocks executed 100%
function _ZNSt3__122__compressed_pair_elemINS_9allocatorIwEELi1ELb1EEC2B8ne180100ENS_18__default_init_tagE called 0 returned 0% blocks executed 0%
function _ZNSt3__122__compressed_pair_elemINS_9allocatorIdEELi1ELb1EEC2B8ne180100ENS_18__default_init_tagE called 0 returned 0% blocks executed 0%
function _ZNSt3__122__compressed_pair_elemINS_9allocatorINS_6vectorIdNS1_IdEEEEEELi1ELb1EEC2B8ne180100ENS_18__default_init_tagE called 0 returned 0% blocks executed 0%
function _ZNSt3__122__compressed_pair_elemINS_9allocatorIN7testing8internal13edit_distance8EditTypeEEELi1ELb1EEC2B8ne180100ENS_18__default_init_tagE called 0 returned 0% blocks executed 0%
function _ZNSt3__122__compressed_pair_elemINS_9allocatorINS_6vectorIN7testing8internal13edit_distance8EditTypeENS1_IS6_EEEEEELi1ELb1EEC2B8ne180100ENS_18__default_init_tagE called 0 returned 0% blocks executed 0%
function _ZNSt3__122__compressed_pair_elemINS_9allocatorImEELi1ELb1EEC2B8ne180100ENS_18__default_init_tagE called 0 returned 0% blocks executed 0%
function _ZNSt3__122__compressed_pair_elemINS_9allocatorIN7testing14TestPartResultEEELi1ELb1EEC2B8ne180100ENS_18__default_init_tagE called 48 returned 100% blocks executed 100%
function _ZNSt3__122__compressed_pair_elemINS_9allocatorIN7testing12TestPropertyEEELi1ELb1EEC2B8ne180100ENS_18__default_init_tagE called 48 returned 100% blocks executed 100%
function _ZNSt3__122__compressed_pair_elemINS_9allocatorIPN7testing8TestInfoEEELi1ELb1EEC2B8ne180100ENS_18__default_init_tagE called 6 returned 100% blocks executed 100%
function _ZNSt3__122__compressed_pair_elemINS_9allocatorIiEELi1ELb1EEC2B8ne180100ENS_18__default_init_tagE called 12 returned 100% blocks executed 100%
function _ZNSt3__122__compressed_pair_elemINS_9allocatorIPN7testing11EnvironmentEEELi1ELb1EEC2B8ne180100ENS_18__default_init_tagE called 6 returned 100% blocks executed 100%
function _ZNSt3__122__compressed_pair_elemINS_9allocatorIPN7testing9TestSuiteEEELi1ELb1EEC2B8ne180100ENS_18__default_init_tagE called 6 returned 100% blocks executed 100%
function _ZNSt3__122__compressed_pair_elemINS_9allocatorIPNS_16__hash_node_baseIPNS_11__hash_nodeINS_17__hash_value_typeINS_12basic_stringIcNS_11char_traitsIcEENS1_IcEEEEPN7testing9TestSuiteEEEPvEEEEEELi1ELb1EEC2B8ne180100ENS_18__default_init_tagE called 6 returned 100% blocks executed 100%
function _ZNSt3__122__compressed_pair_elemINS_22__unordered_map_hasherINS_12basic_stringIcNS_11char_traitsIcEENS_9allocatorIcEEEENS_17__hash_value_typeIS7_PN7testing9TestSuiteEEENS_4hashIS7_EENS_8equal_toIS7_EELb1EEELi1ELb1EEC2B8ne180100ENS_18__default_init_tagE called 6 returned 100% blocks executed 100%
function _ZNSt3__122__compressed_pair_elemINS_21__unordered_map_equalINS_12basic_stringIcNS_11char_traitsIcEENS_9allocatorIcEEEENS_17__hash_value_typeIS7_PN7testing9TestSuiteEEENS_8equal_toIS7_EENS_4hashIS7_EELb1EEELi1ELb1EEC2B8ne180100ENS_18__default_init_tagE called 6 returned 100% blocks executed 100%
function _ZNSt3__122__compressed_pair_elemINS_9allocatorIN7testing8internal9TraceInfoEEELi1ELb1EEC2B8ne180100ENS_18__default_init_tagE called 0 returned 0% blocks executed 0%
      348:   78:  _LIBCPP_HIDE_FROM_ABI _LIBCPP_CONSTEXPR explicit __compressed_pair_elem(__default_init_tag) {}
    $$$$$:   78-block  0
    $$$$$:   78-block  1
       30:   78-block  2
       30:   78-block  3
       30:   78-block  4
    $$$$$:   78-block  5
       84:   78-block  6
        6:   78-block  7
        6:   78-block  8
        6:   78-block  9
        6:   78-block 10
        6:   78-block 11
    $$$$$:   78-block 12
    $$$$$:   78-block 13
    $$$$$:   78-block 14
    $$$$$:   78-block 15
    $$$$$:   78-block 16
    $$$$$:   78-block 17
       48:   78-block 18
       48:   78-block 19
        6:   78-block 20
       12:   78-block 21
        6:   78-block 22
        6:   78-block 23
        6:   78-block 24
        6:   78-block 25
        6:   78-block 26
    $$$$$:   78-block 27
function _ZNSt3__122__compressed_pair_elemINS_9allocatorINS_11__hash_nodeINS_12basic_stringIcNS_11char_traitsIcEENS1_IcEEEEPvEEEELi1ELb1EEC2B8ne180100ENS_16__value_init_tagE called 30 returned 100% blocks executed 100%
function _ZNSt3__122__compressed_pair_elemINS_9allocatorINS_11__tree_nodeINS_12__value_typeINS_12basic_stringIcNS_11char_traitsIcEENS1_IcEEEEmEEPvEEEELi1ELb1EEC2B8ne180100ENS_16__value_init_tagE called 0 returned 0% blocks executed 0%
function _ZNSt3__122__compressed_pair_elemINS_9allocatorINS_11__hash_nodeINS_17__hash_value_typeINS_12basic_stringIcNS_11char_traitsIcEENS1_IcEEEEmEEPvEEEELi1ELb1EEC2B8ne180100ENS_16__value_init_tagE called 6 returned 100% blocks executed 100%
function _ZNSt3__122__compressed_pair_elemINS_9allocatorINS_11__tree_nodeINS_12__value_typeINS_12basic_stringIcNS_11char_traitsIcEENS1_IcEEEEN7testing8internal34TypeParameterizedTestSuiteRegistry30TypeParameterizedTestSuiteInfoEEEPvEEEELi1ELb1EEC2B8ne180100ENS_16__value_init_tagE called 6 returned 100% blocks executed 100%
function _ZNSt3__122__compressed_pair_elemINS_14default_deleteIN7testing8internal24InternalRunDeathTestFlagEEELi1ELb1EEC2B8ne180100ENS_16__value_init_tagE called 6 returned 100% blocks executed 100%
function _ZNSt3__122__compressed_pair_elemINS_14default_deleteIN7testing8internal17StreamingListener20AbstractSocketWriterEEELi1ELb1EEC2B8ne180100ENS_16__value_init_tagE called 0 returned 0% blocks executed 0%
function _ZNSt3__122__compressed_pair_elemINS_14default_deleteINS_18basic_stringstreamIcNS_11char_traitsIcEENS_9allocatorIcEEEEEELi1ELb1EEC2B8ne180100ENS_16__value_init_tagE called 342 returned 100% blocks executed 100%
function _ZNSt3__122__compressed_pair_elemINS_14default_deleteINS_12basic_stringIcNS_11char_traitsIcEENS_9allocatorIcEEEEEELi1ELb1EEC2B8ne180100ENS_16__value_init_tagE called 0 returned 0% blocks executed 0%
function _ZNSt3__122__compressed_pair_elemINS_9allocatorINS_11__tree_nodeINS_12basic_stringIcNS_11char_traitsIcEENS1_IcEEEEPvEEEELi1ELb1EEC2B8ne180100ENS_16__value_init_tagE called 6 returned 100% blocks executed 100%
function _ZNSt3__122__compressed_pair_elemINS_14default_deleteIN7testing8internal14GTestFlagSaverEEELi1ELb1EEC2B8ne180100ENS_16__value_init_tagE called 6 returned 100% blocks executed 100%
function _ZNSt3__122__compressed_pair_elemINS_14default_deleteIKNS_12basic_stringIcNS_11char_traitsIcEENS_9allocatorIcEEEEEELi1ELb1EEC2B8ne180100ENS_16__value_init_tagE called 78 returned 100% blocks executed 100%
function _ZNSt3__122__compressed_pair_elemINS_25__return_temporary_bufferELi1ELb1EEC2B8ne180100ENS_16__value_init_tagE called 6 returned 100% blocks executed 100%
function _ZNSt3__122__compressed_pair_elemINS_14default_deleteIN7testing8internal11ThreadLocalIPNS2_31TestPartResultReporterInterfaceEE18ValueHolderFactoryEEELi1ELb1EEC2B8ne180100ENS_16__value_init_tagE called 6 returned 100% blocks executed 100%
function _ZNSt3__122__compressed_pair_elemINS_14default_deleteIN7testing8internal16DeathTestFactoryEEELi1ELb1EEC2B8ne180100ENS_16__value_init_tagE called 6 returned 100% blocks executed 100%
function _ZNSt3__122__compressed_pair_elemINS_9allocatorINS_11__hash_nodeINS_17__hash_value_typeINS_12basic_stringIcNS_11char_traitsIcEENS1_IcEEEEPN7testing9TestSuiteEEEPvEEEELi1ELb1EEC2B8ne180100ENS_16__value_init_tagE called 6 returned 100% blocks executed 100%
function _ZNSt3__122__compressed_pair_elemINS_14default_deleteIN7testing8internal11ThreadLocalINS_6vectorINS3_9TraceInfoENS_9allocatorIS6_EEEEE18ValueHolderFactoryEEELi1ELb1EEC2B8ne180100ENS_16__value_init_tagE called 6 returned 100% blocks executed 100%
      510:   79:  _LIBCPP_HIDE_FROM_ABI _LIBCPP_CONSTEXPR explicit __compressed_pair_elem(__value_init_tag) : __value_type() {}
       30:   79-block  0
    $$$$$:   79-block  1
        6:   79-block  2
        6:   79-block  3
        6:   79-block  4
    $$$$$:   79-block  5
      342:   79-block  6
    $$$$$:   79-block  7
        6:   79-block  8
        6:   79-block  9
       78:   79-block 10
        6:   79-block 11
        6:   79-block 12
        6:   79-block 13
        6:   79-block 14
        6:   79-block 15
        -:   80:
        -:   81:  template <class _Up, class = __enable_if_t<!is_same<__compressed_pair_elem, __decay_t<_Up> >::value> >
function _ZNSt3__122__compressed_pair_elemINS_19__map_value_compareINS_12basic_stringIcNS_11char_traitsIcEENS_9allocatorIcEEEENS_12__value_typeIS7_mEENS_4lessIS7_EELb1EEELi1ELb1EEC2B8ne180100IRKSC_vEEOT_ called 0 returned 0% blocks executed 0%
function _ZNSt3__122__compressed_pair_elemINS_19__map_value_compareINS_12basic_stringIcNS_11char_traitsIcEENS_9allocatorIcEEEENS_12__value_typeIS7_N7testing8internal34TypeParameterizedTestSuiteRegistry30TypeParameterizedTestSuiteInfoEEENS_4lessIS7_EELb1EEELi1ELb1EEC2B8ne180100IRKSG_vEEOT_ called 6 returned 100% blocks executed 100%
function _ZNSt3__122__compressed_pair_elemINS_9allocatorIcEELi1ELb1EEC2B8ne180100IRKS2_vEEOT_ called 36 returned 100% blocks executed 100%
function _ZNSt3__122__compressed_pair_elemINS_9allocatorINS_12basic_stringIcNS_11char_traitsIcEENS1_IcEEEEEELi1ELb1EEC2B8ne180100IS7_vEEOT_ called 12 returned 100% blocks executed 100%
function _ZNSt3__122__compressed_pair_elemINS_4lessINS_12basic_stringIcNS_11char_traitsIcEENS_9allocatorIcEEEEEELi1ELb1EEC2B8ne180100IRKS8_vEEOT_ called 6 returned 100% blocks executed 100%
function _ZNSt3__122__compressed_pair_elemINS_9allocatorIdEELi1ELb1EEC2B8ne180100IS2_vEEOT_ called 0 returned 0% blocks executed 0%
function _ZNSt3__122__compressed_pair_elemINS_9allocatorIN7testing8internal13edit_distance8EditTypeEEELi1ELb1EEC2B8ne180100IS6_vEEOT_ called 0 returned 0% blocks executed 0%
       60:   82:  _LIBCPP_HIDE_FROM_ABI _LIBCPP_CONSTEXPR explicit __compressed_pair_elem(_Up&& __u)
       60:   83:      : __value_type(std::forward<_Up>(__u)) {}
    $$$$$:   83-block  0
        6:   83-block  1
       36:   83-block  2
       12:   83-block  3
        6:   83-block  4
    $$$$$:   83-block  5
    $$$$$:   83-block  6
        -:   84:
        -:   85:#ifndef _LIBCPP_CXX03_LANG
        -:   86:  template <class... _Args, size_t... _Indices>
        -:   87:  _LIBCPP_HIDE_FROM_ABI _LIBCPP_CONSTEXPR_SINCE_CXX17
        -:   88:  __compressed_pair_elem(piecewise_construct_t, tuple<_Args...> __args, __tuple_indices<_Indices...>)
        -:   89:      : __value_type(std::forward<_Args>(std::get<_Indices>(__args))...) {}
        -:   90:#endif
        -:   91:
function _ZNSt3__122__compressed_pair_elemINS_14default_deleteINS_12basic_stringIcNS_11char_traitsIcEENS_9allocatorIcEEEEEELi1ELb1EE5__getB8ne180100Ev called 0 returned 0% blocks executed 0%
function _ZNSt3__122__compressed_pair_elemINS_9allocatorIPcEELi1ELb1EE5__getB8ne180100Ev called 0 returned 0% blocks executed 0%
function _ZNSt3__122__compressed_pair_elemINS_9allocatorINS_12basic_stringIcNS_11char_traitsIcEENS1_IcEEEEEELi1ELb1EE5__getB8ne180100Ev called 348 returned 100% blocks executed 100%
function _ZNSt3__122__compressed_pair_elemINS_4hashINS_12basic_stringIcNS_11char_traitsIcEENS_9allocatorIcEEEEEELi1ELb1EE5__getB8ne180100Ev called 18 returned 100% blocks executed 100%
function _ZNSt3__122__compressed_pair_elemINS_8equal_toINS_12basic_stringIcNS_11char_traitsIcEENS_9allocatorIcEEEEEELi1ELb1EE5__getB8ne180100Ev called 12 returned 100% blocks executed 100%
function _ZNSt3__122__compressed_pair_elemINS_9allocatorINS_11__hash_nodeINS_12basic_stringIcNS_11char_traitsIcEENS1_IcEEEEPvEEEELi1ELb1EE5__getB8ne180100Ev called 48 returned 100% blocks executed 100%
function _ZNSt3__122__compressed_pair_elemINS_9allocatorIPNS_16__hash_node_baseIPNS_11__hash_nodeINS_12basic_stringIcNS_11char_traitsIcEENS1_IcEEEEPvEEEEEELi1ELb1EE5__getB8ne180100Ev called 24 returned 100% blocks executed 100%
function _ZNSt3__122__compressed_pair_elemINS_19__map_value_compareINS_12basic_stringIcNS_11char_traitsIcEENS_9allocatorIcEEEENS_12__value_typeIS7_mEENS_4lessIS7_EELb1EEELi1ELb1EE5__getB8ne180100Ev called 0 returned 0% blocks executed 0%
function _ZNSt3__122__compressed_pair_elemINS_9allocatorINS_11__tree_nodeINS_12__value_typeINS_12basic_stringIcNS_11char_traitsIcEENS1_IcEEEEmEEPvEEEELi1ELb1EE5__getB8ne180100Ev called 0 returned 0% blocks executed 0%
function _ZNSt3__122__compressed_pair_elemINS_9allocatorINS_11__list_nodeINS_4pairIcPKcEEPvEEEELi1ELb1EE5__getB8ne180100Ev called 0 returned 0% blocks executed 0%
function _ZNSt3__122__compressed_pair_elemINS_9allocatorINS_11__tree_nodeINS_12__value_typeINS_12basic_stringIcNS_11char_traitsIcEENS1_IcEEEEN7testing8internal34TypeParameterizedTestSuiteRegistry30TypeParameterizedTestSuiteInfoEEEPvEEEELi1ELb1EE5__getB8ne180100Ev called 0 returned 0% blocks executed 0%
function _ZNSt3__122__compressed_pair_elemINS_9allocatorINS_11__hash_nodeINS_17__hash_value_typeINS_12basic_stringIcNS_11char_traitsIcEENS1_IcEEEEmEEPvEEEELi1ELb1EE5__getB8ne180100Ev called 0 returned 0% blocks executed 0%
function _ZNSt3__122__compressed_pair_elemINS_9allocatorIPNS_16__hash_node_baseIPNS_11__hash_nodeINS_17__hash_value_typeINS_12basic_stringIcNS_11char_traitsIcEENS1_IcEEEEmEEPvEEEEEELi1ELb1EE5__getB8ne180100Ev called 0 returned 0% blocks executed 0%
function _ZNSt3__122__compressed_pair_elemINS_9allocatorIPN7testing8internal30ParameterizedTestSuiteInfoBaseEEELi1ELb1EE5__getB8ne180100Ev called 0 returned 0% blocks executed 0%
function _ZNSt3__122__compressed_pair_elemINS_14default_deleteIN7testing8internal17StreamingListener20AbstractSocketWriterEEELi1ELb1EE5__getB8ne180100Ev called 0 returned 0% blocks executed 0%
function _ZNSt3__122__compressed_pair_elemINS_14default_deleteIN7testing8internal24InternalRunDeathTestFlagEEELi1ELb1EE5__getB8ne180100Ev called 0 returned 0% blocks executed 0%
function _ZNSt3__122__compressed_pair_elemINS_14default_deleteINS_18basic_stringstreamIcNS_11char_traitsIcEENS_9allocatorIcEEEEEELi1ELb1EE5__getB8ne180100Ev called 0 returned 0% blocks executed 0%
function _ZNSt3__122__compressed_pair_elemINS_9allocatorIcEELi1ELb1EE5__getB8ne180100Ev called 14 returned 100% blocks executed 100%
function _ZNSt3__122__compressed_pair_elemINS_9allocatorIN7testing14TestPartResultEEELi1ELb1EE5__getB8ne180100Ev called 0 returned 0% blocks executed 0%
function _ZNSt3__122__compressed_pair_elemINS_9allocatorINS_11__tree_nodeINS_12basic_stringIcNS_11char_traitsIcEENS1_IcEEEEPvEEEELi1ELb1EE5__getB8ne180100Ev called 0 returned 0% blocks executed 0%
function _ZNSt3__122__compressed_pair_elemINS_4lessINS_12basic_stringIcNS_11char_traitsIcEENS_9allocatorIcEEEEEELi1ELb1EE5__getB8ne180100Ev called 0 returned 0% blocks executed 0%
function _ZNSt3__122__compressed_pair_elemINS_19__map_value_compareINS_12basic_stringIcNS_11char_traitsIcEENS_9allocatorIcEEEENS_12__value_typeIS7_N7testing8internal34TypeParameterizedTestSuiteRegistry30TypeParameterizedTestSuiteInfoEEENS_4lessIS7_EELb1EEELi1ELb1EE5__getB8ne180100Ev called 0 returned 0% blocks executed 0%
function _ZNSt3__122__compressed_pair_elemINS_9allocatorIdEELi1ELb1EE5__getB8ne180100Ev called 0 returned 0% blocks executed 0%
function _ZNSt3__122__compressed_pair_elemINS_9allocatorINS_6vectorIdNS1_IdEEEEEELi1ELb1EE5__getB8ne180100Ev called 0 returned 0% blocks executed 0%
function _ZNSt3__122__compressed_pair_elemINS_9allocatorIN7testing8internal13edit_distance8EditTypeEEELi1ELb1EE5__getB8ne180100Ev called 0 returned 0% blocks executed 0%
function _ZNSt3__122__compressed_pair_elemINS_9allocatorINS_6vectorIN7testing8internal13edit_distance8EditTypeENS1_IS6_EEEEEELi1ELb1EE5__getB8ne180100Ev called 0 returned 0% blocks executed 0%
function _ZNSt3__122__compressed_pair_elemINS_9allocatorImEELi1ELb1EE5__getB8ne180100Ev called 0 returned 0% blocks executed 0%
function _ZNSt3__122__compressed_pair_elemINS_9allocatorIN7testing12TestPropertyEEELi1ELb1EE5__getB8ne180100Ev called 0 returned 0% blocks executed 0%
function _ZNSt3__122__compressed_pair_elemINS_14default_deleteIN7testing8internal14GTestFlagSaverEEELi1ELb1EE5__getB8ne180100Ev called 6 returned 100% blocks executed 100%
function _ZNSt3__122__compressed_pair_elemINS_14default_deleteIKNS_12basic_stringIcNS_11char_traitsIcEENS_9allocatorIcEEEEEELi1ELb1EE5__getB8ne180100Ev called 0 returned 0% blocks executed 0%
function _ZNSt3__122__compressed_pair_elemINS_9allocatorIPN7testing8TestInfoEEELi1ELb1EE5__getB8ne180100Ev called 60 returned 100% blocks executed 100%
function _ZNSt3__122__compressed_pair_elemINS_9allocatorIiEELi1ELb1EE5__getB8ne180100Ev called 72 returned 100% blocks executed 100%
function _ZNSt3__122__compressed_pair_elemINS_25__return_temporary_bufferELi1ELb1EE5__getB8ne180100Ev called 0 returned 0% blocks executed 0%
function _ZNSt3__122__compressed_pair_elemINS_9allocatorIPN7testing17TestEventListenerEEELi1ELb1EE5__getB8ne180100Ev called 12 returned 100% blocks executed 100%
function _ZNSt3__122__compressed_pair_elemINS_9allocatorIPN7testing11EnvironmentEEELi1ELb1EE5__getB8ne180100Ev called 0 returned 0% blocks executed 0%
function _ZNSt3__122__compressed_pair_elemINS_9allocatorIN7testing8internal9TraceInfoEEELi1ELb1EE5__getB8ne180100Ev called 0 returned 0% blocks executed 0%
function _ZNSt3__122__compressed_pair_elemINS_14default_deleteIN7testing8internal11ThreadLocalIPNS2_31TestPartResultReporterInterfaceEE18ValueHolderFactoryEEELi1ELb1EE5__getB8ne180100Ev called 0 returned 0% blocks executed 0%
function _ZNSt3__122__compressed_pair_elemINS_9allocatorIPN7testing9TestSuiteEEELi1ELb1EE5__getB8ne180100Ev called 12 returned 100% blocks executed 100%
function _ZNSt3__122__compressed_pair_elemINS_9allocatorINS_11__hash_nodeINS_17__hash_value_typeINS_12basic_stringIcNS_11char_traitsIcEENS1_IcEEEEPN7testing9TestSuiteEEEPvEEEELi1ELb1EE5__getB8ne180100Ev called 6 returned 100% blocks executed 100%
function _ZNSt3__122__compressed_pair_elemINS_9allocatorIPNS_16__hash_node_baseIPNS_11__hash_nodeINS_17__hash_value_typeINS_12basic_stringIcNS_11char_traitsIcEENS1_IcEEEEPN7testing9TestSuiteEEEPvEEEEEELi1ELb1EE5__getB8ne180100Ev called 6 returned 100% blocks executed 100%
function _ZNSt3__122__compressed_pair_elemINS_14default_deleteIN7testing8internal16DeathTestFactoryEEELi1ELb1EE5__getB8ne180100Ev called 0 returned 0% blocks executed 0%
function _ZNSt3__122__compressed_pair_elemINS_14default_deleteIN7testing8internal11ThreadLocalINS_6vectorINS3_9TraceInfoENS_9allocatorIS6_EEEEE18ValueHolderFactoryEEELi1ELb1EE5__getB8ne180100Ev called 0 returned 0% blocks executed 0%
function _ZNSt3__122__compressed_pair_elemINS_22__unordered_map_hasherINS_12basic_stringIcNS_11char_traitsIcEENS_9allocatorIcEEEENS_17__hash_value_typeIS7_PN7testing9TestSuiteEEENS_4hashIS7_EENS_8equal_toIS7_EELb1EEELi1ELb1EE5__getB8ne180100Ev called 12 returned 100% blocks executed 100%
function _ZNSt3__122__compressed_pair_elemINS_21__unordered_map_equalINS_12basic_stringIcNS_11char_traitsIcEENS_9allocatorIcEEEENS_17__hash_value_typeIS7_PN7testing9TestSuiteEEENS_8equal_toIS7_EENS_4hashIS7_EELb1EEELi1ELb1EE5__getB8ne180100Ev called 0 returned 0% blocks executed 0%
      650:   92:  _LIBCPP_HIDE_FROM_ABI _LIBCPP_CONSTEXPR_SINCE_CXX14 reference __get() _NOEXCEPT { return *this; }
    $$$$$:   92-block  0
    $$$$$:   92-block  1
      348:   92-block  2
       18:   92-block  3
       12:   92-block  4
       48:   92-block  5
       24:   92-block  6
    $$$$$:   92-block  7
    $$$$$:   92-block  8
    $$$$$:   92-block  9
    $$$$$:   92-block 10
    $$$$$:   92-block 11
    $$$$$:   92-block 12
    $$$$$:   92-block 13
    $$$$$:   92-block 14
    $$$$$:   92-block 15
    $$$$$:   92-block 16
       14:   92-block 17
    $$$$$:   92-block 18
    $$$$$:   92-block 19
    $$$$$:   92-block 20
    $$$$$:   92-block 21
    $$$$$:   92-block 22
    $$$$$:   92-block 23
    $$$$$:   92-block 24
    $$$$$:   92-block 25
    $$$$$:   92-block 26
    $$$$$:   92-block 27
        6:   92-block 28
    $$$$$:   92-block 29
       60:   92-block 30
       72:   92-block 31
    $$$$$:   92-block 32
       12:   92-block 33
    $$$$$:   92-block 34
    $$$$$:   92-block 35
    $$$$$:   92-block 36
       12:   92-block 37
        6:   92-block 38
        6:   92-block 39
    $$$$$:   92-block 40
    $$$$$:   92-block 41
       12:   92-block 42
    $$$$$:   92-block 43
function _ZNKSt3__122__compressed_pair_elemINS_9allocatorIPcEELi1ELb1EE5__getB8ne180100Ev called 0 returned 0% blocks executed 0%
function _ZNKSt3__122__compressed_pair_elemINS_9allocatorINS_12basic_stringIcNS_11char_traitsIcEENS1_IcEEEEEELi1ELb1EE5__getB8ne180100Ev called 84 returned 100% blocks executed 100%
function _ZNKSt3__122__compressed_pair_elemINS_4hashINS_12basic_stringIcNS_11char_traitsIcEENS_9allocatorIcEEEEEELi1ELb1EE5__getB8ne180100Ev called 120 returned 100% blocks executed 100%
function _ZNKSt3__122__compressed_pair_elemINS_8equal_toINS_12basic_stringIcNS_11char_traitsIcEENS_9allocatorIcEEEEEELi1ELb1EE5__getB8ne180100Ev called 6 returned 100% blocks executed 100%
function _ZNKSt3__122__compressed_pair_elemINS_19__map_value_compareINS_12basic_stringIcNS_11char_traitsIcEENS_9allocatorIcEEEENS_12__value_typeIS7_N7testing8internal12CodeLocationEEENS_4lessIvEELb1EEELi1ELb1EE5__getB8ne180100Ev called 0 returned 0% blocks executed 0%
function _ZNKSt3__122__compressed_pair_elemINS_9allocatorIcEELi1ELb1EE5__getB8ne180100Ev called 72 returned 100% blocks executed 100%
function _ZNKSt3__122__compressed_pair_elemINS_9allocatorIN7testing14TestPartResultEEELi1ELb1EE5__getB8ne180100Ev called 0 returned 0% blocks executed 0%
function _ZNKSt3__122__compressed_pair_elemINS_4lessINS_12basic_stringIcNS_11char_traitsIcEENS_9allocatorIcEEEEEELi1ELb1EE5__getB8ne180100Ev called 0 returned 0% blocks executed 0%
function _ZNKSt3__122__compressed_pair_elemINS_9allocatorIdEELi1ELb1EE5__getB8ne180100Ev called 0 returned 0% blocks executed 0%
function _ZNKSt3__122__compressed_pair_elemINS_9allocatorINS_6vectorIdNS1_IdEEEEEELi1ELb1EE5__getB8ne180100Ev called 0 returned 0% blocks executed 0%
function _ZNKSt3__122__compressed_pair_elemINS_9allocatorIN7testing8internal13edit_distance8EditTypeEEELi1ELb1EE5__getB8ne180100Ev called 0 returned 0% blocks executed 0%
function _ZNKSt3__122__compressed_pair_elemINS_9allocatorINS_6vectorIN7testing8internal13edit_distance8EditTypeENS1_IS6_EEEEEELi1ELb1EE5__getB8ne180100Ev called 0 returned 0% blocks executed 0%
function _ZNKSt3__122__compressed_pair_elemINS_9allocatorImEELi1ELb1EE5__getB8ne180100Ev called 0 returned 0% blocks executed 0%
function _ZNKSt3__122__compressed_pair_elemINS_9allocatorIN7testing12TestPropertyEEELi1ELb1EE5__getB8ne180100Ev called 0 returned 0% blocks executed 0%
function _ZNKSt3__122__compressed_pair_elemINS_9allocatorIPN7testing8TestInfoEEELi1ELb1EE5__getB8ne180100Ev called 24 returned 100% blocks executed 100%
function _ZNKSt3__122__compressed_pair_elemINS_9allocatorIiEELi1ELb1EE5__getB8ne180100Ev called 30 returned 100% blocks executed 100%
function _ZNKSt3__122__compressed_pair_elemINS_9allocatorIPN7testing17TestEventListenerEEELi1ELb1EE5__getB8ne180100Ev called 6 returned 100% blocks executed 100%
function _ZNKSt3__122__compressed_pair_elemINS_9allocatorIPN7testing11EnvironmentEEELi1ELb1EE5__getB8ne180100Ev called 0 returned 0% blocks executed 0%
function _ZNKSt3__122__compressed_pair_elemINS_9allocatorIN7testing8internal9TraceInfoEEELi1ELb1EE5__getB8ne180100Ev called 0 returned 0% blocks executed 0%
function _ZNKSt3__122__compressed_pair_elemINS_9allocatorIPN7testing9TestSuiteEEELi1ELb1EE5__getB8ne180100Ev called 6 returned 100% blocks executed 100%
      348:   93:  _LIBCPP_HIDE_FROM_ABI _LIBCPP_CONSTEXPR const_reference __get() const _NOEXCEPT { return *this; }
    $$$$$:   93-block  0
       84:   93-block  1
      120:   93-block  2
        6:   93-block  3
    $$$$$:   93-block  4
       72:   93-block  5
    $$$$$:   93-block  6
    $$$$$:   93-block  7
    $$$$$:   93-block  8
    $$$$$:   93-block  9
    $$$$$:   93-block 10
    $$$$$:   93-block 11
    $$$$$:   93-block 12
    $$$$$:   93-block 13
       24:   93-block 14
       30:   93-block 15
        6:   93-block 16
    $$$$$:   93-block 17
    $$$$$:   93-block 18
        6:   93-block 19
        -:   94:};
        -:   95:
        -:   96:template <class _T1, class _T2>
        -:   97:class __compressed_pair : private __compressed_pair_elem<_T1, 0>, private __compressed_pair_elem<_T2, 1> {
        -:   98:public:
        -:   99:  // NOTE: This static assert should never fire because __compressed_pair
        -:  100:  // is *almost never* used in a scenario where it's possible for T1 == T2.
        -:  101:  // (The exception is std::function where it is possible that the function
        -:  102:  //  object and the allocator have the same type).
        -:  103:  static_assert(
        -:  104:      (!is_same<_T1, _T2>::value),
        -:  105:      "__compressed_pair cannot be instantiated when T1 and T2 are the same type; "
        -:  106:      "The current implementation is NOT ABI-compatible with the previous implementation for this configuration");
        -:  107:
        -:  108:  using _Base1 _LIBCPP_NODEBUG = __compressed_pair_elem<_T1, 0>;
        -:  109:  using _Base2 _LIBCPP_NODEBUG = __compressed_pair_elem<_T2, 1>;
        -:  110:
        -:  111:  template <bool _Dummy = true,
        -:  112:            class       = __enable_if_t< __dependent_type<is_default_constructible<_T1>, _Dummy>::value &&
        -:  113:                                   __dependent_type<is_default_constructible<_T2>, _Dummy>::value > >
function _ZNSt3__117__compressed_pairINS_16__hash_node_baseIPNS_11__hash_nodeINS_12basic_stringIcNS_11char_traitsIcEENS_9allocatorIcEEEEPvEEEENS6_ISA_EEEC1B8ne180100ILb1EvEEv called 30 returned 100% blocks executed 100%
function _ZNSt3__117__compressed_pairINS_16__hash_node_baseIPNS_11__hash_nodeINS_12basic_stringIcNS_11char_traitsIcEENS_9allocatorIcEEEEPvEEEENS6_ISA_EEEC2B8ne180100ILb1EvEEv called 30 returned 100% blocks executed 100%
function _ZNSt3__117__compressed_pairINS_15__tree_end_nodeIPNS_16__tree_node_baseIPvEEEENS_9allocatorINS_11__tree_nodeINS_12__value_typeINS_12basic_stringIcNS_11char_traitsIcEENS7_IcEEEEmEES3_EEEEEC1B8ne180100ILb1EvEEv called 0 returned 0% blocks executed 0%
function _ZNSt3__117__compressed_pairINS_15__tree_end_nodeIPNS_16__tree_node_baseIPvEEEENS_9allocatorINS_11__tree_nodeINS_12__value_typeINS_12basic_stringIcNS_11char_traitsIcEENS7_IcEEEEmEES3_EEEEEC2B8ne180100ILb1EvEEv called 0 returned 0% blocks executed 0%
function _ZNSt3__117__compressed_pairINS_16__hash_node_baseIPNS_11__hash_nodeINS_17__hash_value_typeINS_12basic_stringIcNS_11char_traitsIcEENS_9allocatorIcEEEEmEEPvEEEENS7_ISC_EEEC1B8ne180100ILb1EvEEv called 6 returned 100% blocks executed 100%
function _ZNSt3__117__compressed_pairINS_16__hash_node_baseIPNS_11__hash_nodeINS_17__hash_value_typeINS_12basic_stringIcNS_11char_traitsIcEENS_9allocatorIcEEEEmEEPvEEEENS7_ISC_EEEC2B8ne180100ILb1EvEEv called 6 returned 100% blocks executed 100%
function _ZNSt3__117__compressed_pairINS_15__tree_end_nodeIPNS_16__tree_node_baseIPvEEEENS_9allocatorINS_11__tree_nodeINS_12__value_typeINS_12basic_stringIcNS_11char_traitsIcEENS7_IcEEEEN7testing8internal34TypeParameterizedTestSuiteRegistry30TypeParameterizedTestSuiteInfoEEES3_EEEEEC1B8ne180100ILb1EvEEv called 6 returned 100% blocks executed 100%
function _ZNSt3__117__compressed_pairINS_15__tree_end_nodeIPNS_16__tree_node_baseIPvEEEENS_9allocatorINS_11__tree_nodeINS_12__value_typeINS_12basic_stringIcNS_11char_traitsIcEENS7_IcEEEEN7testing8internal34TypeParameterizedTestSuiteRegistry30TypeParameterizedTestSuiteInfoEEES3_EEEEEC2B8ne180100ILb1EvEEv called 6 returned 100% blocks executed 100%
function _ZNSt3__117__compressed_pairINS_15__tree_end_nodeIPNS_16__tree_node_baseIPvEEEENS_9allocatorINS_11__tree_nodeINS_12basic_stringIcNS_11char_traitsIcEENS7_IcEEEES3_EEEEEC1B8ne180100ILb1EvEEv called 6 returned 100% blocks executed 100%
function _ZNSt3__117__compressed_pairINS_15__tree_end_nodeIPNS_16__tree_node_baseIPvEEEENS_9allocatorINS_11__tree_nodeINS_12basic_stringIcNS_11char_traitsIcEENS7_IcEEEES3_EEEEEC2B8ne180100ILb1EvEEv called 6 returned 100% blocks executed 100%
function _ZNSt3__117__compressed_pairINS_16__hash_node_baseIPNS_11__hash_nodeINS_17__hash_value_typeINS_12basic_stringIcNS_11char_traitsIcEENS_9allocatorIcEEEEPN7testing9TestSuiteEEEPvEEEENS7_ISF_EEEC1B8ne180100ILb1EvEEv called 6 returned 100% blocks executed 100%
function _ZNSt3__117__compressed_pairINS_16__hash_node_baseIPNS_11__hash_nodeINS_17__hash_value_typeINS_12basic_stringIcNS_11char_traitsIcEENS_9allocatorIcEEEEPN7testing9TestSuiteEEEPvEEEENS7_ISF_EEEC2B8ne180100ILb1EvEEv called 6 returned 100% blocks executed 100%
      108:  114:  _LIBCPP_HIDE_FROM_ABI _LIBCPP_CONSTEXPR explicit __compressed_pair()
      108:  115:      : _Base1(__value_init_tag()), _Base2(__value_init_tag()) {}
       30:  115-block  0
       30:  115-block  1
    $$$$$:  115-block  2
    $$$$$:  115-block  3
        6:  115-block  4
        6:  115-block  5
        6:  115-block  6
        6:  115-block  7
        6:  115-block  8
        6:  115-block  9
        6:  115-block 10
        6:  115-block 11
        -:  116:
        -:  117:  template <class _U1, class _U2>
function _ZNSt3__117__compressed_pairIPPcNS_9allocatorIS1_EEEC1B8ne180100IDnNS_18__default_init_tagEEEOT_OT0_ called 0 returned 0% blocks executed 0%
function _ZNSt3__117__compressed_pairIPPcNS_9allocatorIS1_EEEC2B8ne180100IDnNS_18__default_init_tagEEEOT_OT0_ called 0 returned 0% blocks executed 0%
function _ZNSt3__117__compressed_pairIPPcRNS_9allocatorIS1_EEEC1B8ne180100IDnS5_EEOT_OT0_ called 0 returned 0% blocks executed 0%
function _ZNSt3__117__compressed_pairIPPcRNS_9allocatorIS1_EEEC2B8ne180100IDnS5_EEOT_OT0_ called 0 returned 0% blocks executed 0%
function _ZNSt3__117__compressed_pairINS_12basic_stringIcNS_11char_traitsIcEENS_9allocatorIcEEE5__repES5_EC1B8ne180100INS_18__default_init_tagESA_EEOT_OT0_ called 0 returned 0% blocks executed 0%
function _ZNSt3__117__compressed_pairINS_12basic_stringIcNS_11char_traitsIcEENS_9allocatorIcEEE5__repES5_EC2B8ne180100INS_18__default_init_tagESA_EEOT_OT0_ called 0 returned 0% blocks executed 0%
function _ZNSt3__117__compressed_pairImNS_4hashINS_12basic_stringIcNS_11char_traitsIcEENS_9allocatorIcEEEEEEEC1B8ne180100IiNS_18__default_init_tagEEEOT_OT0_ called 30 returned 100% blocks executed 100%
function _ZNSt3__117__compressed_pairIfNS_8equal_toINS_12basic_stringIcNS_11char_traitsIcEENS_9allocatorIcEEEEEEEC1B8ne180100IfNS_18__default_init_tagEEEOT_OT0_ called 30 returned 100% blocks executed 100%
function _ZNSt3__117__compressed_pairIPPNS_16__hash_node_baseIPNS_11__hash_nodeINS_12basic_stringIcNS_11char_traitsIcEENS_9allocatorIcEEEEPvEEEENS_25__bucket_list_deallocatorINS6_ISD_EEEEEC1B8ne180100INS_16__value_init_tagESK_EEOT_OT0_ called 30 returned 100% blocks executed 100%
function _ZNSt3__117__compressed_pairIPPNS_16__hash_node_baseIPNS_11__hash_nodeINS_12basic_stringIcNS_11char_traitsIcEENS_9allocatorIcEEEEPvEEEENS_25__bucket_list_deallocatorINS6_ISD_EEEEEC2B8ne180100INS_16__value_init_tagESK_EEOT_OT0_ called 30 returned 100% blocks executed 100%
function _ZNSt3__117__compressed_pairImNS_9allocatorIPNS_16__hash_node_baseIPNS_11__hash_nodeINS_12basic_stringIcNS_11char_traitsIcEENS1_IcEEEEPvEEEEEEEC1B8ne180100IiNS_18__default_init_tagEEEOT_OT0_ called 30 returned 100% blocks executed 100%
function _ZNSt3__117__compressed_pairImNS_9allocatorIPNS_16__hash_node_baseIPNS_11__hash_nodeINS_12basic_stringIcNS_11char_traitsIcEENS1_IcEEEEPvEEEEEEEC2B8ne180100IiNS_18__default_init_tagEEEOT_OT0_ called 30 returned 100% blocks executed 100%
function _ZNSt3__117__compressed_pairImNS_4hashINS_12basic_stringIcNS_11char_traitsIcEENS_9allocatorIcEEEEEEEC2B8ne180100IiNS_18__default_init_tagEEEOT_OT0_ called 30 returned 100% blocks executed 100%
function _ZNSt3__117__compressed_pairIfNS_8equal_toINS_12basic_stringIcNS_11char_traitsIcEENS_9allocatorIcEEEEEEEC2B8ne180100IfNS_18__default_init_tagEEEOT_OT0_ called 30 returned 100% blocks executed 100%
function _ZNSt3__117__compressed_pairIPNS_12basic_stringIcNS_11char_traitsIcEENS_9allocatorIcEEEERNS4_IS6_EEEC1B8ne180100IDnS9_EEOT_OT0_ called 66 returned 100% blocks executed 100%
function _ZNSt3__117__compressed_pairIPNS_12basic_stringIcNS_11char_traitsIcEENS_9allocatorIcEEEERNS4_IS6_EEEC2B8ne180100IDnS9_EEOT_OT0_ called 66 returned 100% blocks executed 100%
function _ZNSt3__117__compressed_pairIPNS_11__hash_nodeINS_12basic_stringIcNS_11char_traitsIcEENS_9allocatorIcEEEEPvEENS_22__hash_node_destructorINS5_IS9_EEEEEC1B8ne180100IRSA_SD_EEOT_OT0_ called 6 returned 100% blocks executed 100%
function _ZNSt3__117__compressed_pairIPNS_11__hash_nodeINS_12basic_stringIcNS_11char_traitsIcEENS_9allocatorIcEEEEPvEENS_22__hash_node_destructorINS5_IS9_EEEEEC2B8ne180100IRSA_SD_EEOT_OT0_ called 6 returned 100% blocks executed 100%
function _ZNSt3__117__compressed_pairImNS_19__map_value_compareINS_12basic_stringIcNS_11char_traitsIcEENS_9allocatorIcEEEENS_12__value_typeIS7_mEENS_4lessIS7_EELb1EEEEC1B8ne180100IiRKSC_EEOT_OT0_ called 0 returned 0% blocks executed 0%
function _ZNSt3__117__compressed_pairImNS_19__map_value_compareINS_12basic_stringIcNS_11char_traitsIcEENS_9allocatorIcEEEENS_12__value_typeIS7_mEENS_4lessIS7_EELb1EEEEC2B8ne180100IiRKSC_EEOT_OT0_ called 0 returned 0% blocks executed 0%
function _ZNSt3__117__compressed_pairIPNS_11__tree_nodeINS_12__value_typeINS_12basic_stringIcNS_11char_traitsIcEENS_9allocatorIcEEEEmEEPvEENS_22__tree_node_destructorINS6_ISB_EEEEEC1B8ne180100IRSC_SF_EEOT_OT0_ called 0 returned 0% blocks executed 0%
function _ZNSt3__117__compressed_pairIPNS_11__tree_nodeINS_12__value_typeINS_12basic_stringIcNS_11char_traitsIcEENS_9allocatorIcEEEEmEEPvEENS_22__tree_node_destructorINS6_ISB_EEEEEC2B8ne180100IRSC_SF_EEOT_OT0_ called 0 returned 0% blocks executed 0%
function _ZNSt3__117__compressed_pairImNS_9allocatorINS_11__list_nodeINS_4pairIcPKcEEPvEEEEEC1B8ne180100IiNS_18__default_init_tagEEEOT_OT0_ called 0 returned 0% blocks executed 0%
function _ZNSt3__117__compressed_pairImNS_9allocatorINS_11__list_nodeINS_4pairIcPKcEEPvEEEEEC2B8ne180100IiNS_18__default_init_tagEEEOT_OT0_ called 0 returned 0% blocks executed 0%
function _ZNSt3__117__compressed_pairIPNS_12basic_stringIcNS_11char_traitsIcEENS_9allocatorIcEEEENS4_IS6_EEEC1B8ne180100IDnNS_18__default_init_tagEEEOT_OT0_ called 84 returned 100% blocks executed 100%
function _ZNSt3__117__compressed_pairIPNS_12basic_stringIcNS_11char_traitsIcEENS_9allocatorIcEEEENS4_IS6_EEEC2B8ne180100IDnNS_18__default_init_tagEEEOT_OT0_ called 84 returned 100% blocks executed 100%
function _ZNSt3__117__compressed_pairIPPN7testing17TestEventListenerENS_9allocatorIS3_EEEC1B8ne180100IDnNS_18__default_init_tagEEEOT_OT0_ called 6 returned 100% blocks executed 100%
function _ZNSt3__117__compressed_pairIPPN7testing17TestEventListenerENS_9allocatorIS3_EEEC2B8ne180100IDnNS_18__default_init_tagEEEOT_OT0_ called 6 returned 100% blocks executed 100%
function _ZNSt3__117__compressed_pairIPPN7testing8internal30ParameterizedTestSuiteInfoBaseENS_9allocatorIS4_EEEC1B8ne180100IDnNS_18__default_init_tagEEEOT_OT0_ called 6 returned 100% blocks executed 100%
function _ZNSt3__117__compressed_pairIPPN7testing8internal30ParameterizedTestSuiteInfoBaseENS_9allocatorIS4_EEEC2B8ne180100IDnNS_18__default_init_tagEEEOT_OT0_ called 6 returned 100% blocks executed 100%
function _ZNSt3__117__compressed_pairImNS_22__unordered_map_hasherINS_12basic_stringIcNS_11char_traitsIcEENS_9allocatorIcEEEENS_17__hash_value_typeIS7_mEENS_4hashIS7_EENS_8equal_toIS7_EELb1EEEEC1B8ne180100IiNS_18__default_init_tagEEEOT_OT0_ called 6 returned 100% blocks executed 100%
function _ZNSt3__117__compressed_pairIfNS_21__unordered_map_equalINS_12basic_stringIcNS_11char_traitsIcEENS_9allocatorIcEEEENS_17__hash_value_typeIS7_mEENS_8equal_toIS7_EENS_4hashIS7_EELb1EEEEC1B8ne180100IfNS_18__default_init_tagEEEOT_OT0_ called 6 returned 100% blocks executed 100%
function _ZNSt3__117__compressed_pairIPPNS_16__hash_node_baseIPNS_11__hash_nodeINS_17__hash_value_typeINS_12basic_stringIcNS_11char_traitsIcEENS_9allocatorIcEEEEmEEPvEEEENS_25__bucket_list_deallocatorINS7_ISF_EEEEEC1B8ne180100INS_16__value_init_tagESM_EEOT_OT0_ called 6 returned 100% blocks executed 100%
function _ZNSt3__117__compressed_pairIPPNS_16__hash_node_baseIPNS_11__hash_nodeINS_17__hash_value_typeINS_12basic_stringIcNS_11char_traitsIcEENS_9allocatorIcEEEEmEEPvEEEENS_25__bucket_list_deallocatorINS7_ISF_EEEEEC2B8ne180100INS_16__value_init_tagESM_EEOT_OT0_ called 6 returned 100% blocks executed 100%
function _ZNSt3__117__compressed_pairImNS_9allocatorIPNS_16__hash_node_baseIPNS_11__hash_nodeINS_17__hash_value_typeINS_12basic_stringIcNS_11char_traitsIcEENS1_IcEEEEmEEPvEEEEEEEC1B8ne180100IiNS_18__default_init_tagEEEOT_OT0_ called 6 returned 100% blocks executed 100%
function _ZNSt3__117__compressed_pairImNS_9allocatorIPNS_16__hash_node_baseIPNS_11__hash_nodeINS_17__hash_value_typeINS_12basic_stringIcNS_11char_traitsIcEENS1_IcEEEEmEEPvEEEEEEEC2B8ne180100IiNS_18__default_init_tagEEEOT_OT0_ called 6 returned 100% blocks executed 100%
function _ZNSt3__117__compressed_pairImNS_22__unordered_map_hasherINS_12basic_stringIcNS_11char_traitsIcEENS_9allocatorIcEEEENS_17__hash_value_typeIS7_mEENS_4hashIS7_EENS_8equal_toIS7_EELb1EEEEC2B8ne180100IiNS_18__default_init_tagEEEOT_OT0_ called 6 returned 100% blocks executed 100%
function _ZNSt3__117__compressed_pairIfNS_21__unordered_map_equalINS_12basic_stringIcNS_11char_traitsIcEENS_9allocatorIcEEEENS_17__hash_value_typeIS7_mEENS_8equal_toIS7_EENS_4hashIS7_EELb1EEEEC2B8ne180100IfNS_18__default_init_tagEEEOT_OT0_ called 6 returned 100% blocks executed 100%
function _ZNSt3__117__compressed_pairImNS_19__map_value_compareINS_12basic_stringIcNS_11char_traitsIcEENS_9allocatorIcEEEENS_12__value_typeIS7_N7testing8internal34TypeParameterizedTestSuiteRegistry30TypeParameterizedTestSuiteInfoEEENS_4lessIS7_EELb1EEEEC1B8ne180100IiRKSG_EEOT_OT0_ called 6 returned 100% blocks executed 100%
function _ZNSt3__117__compressed_pairImNS_19__map_value_compareINS_12basic_stringIcNS_11char_traitsIcEENS_9allocatorIcEEEENS_12__value_typeIS7_N7testing8internal34TypeParameterizedTestSuiteRegistry30TypeParameterizedTestSuiteInfoEEENS_4lessIS7_EELb1EEEEC2B8ne180100IiRKSG_EEOT_OT0_ called 6 returned 100% blocks executed 100%
function _ZNSt3__117__compressed_pairIPN7testing8internal24InternalRunDeathTestFlagENS_14default_deleteIS3_EEEC1B8ne180100INS_16__value_init_tagES9_EEOT_OT0_ called 6 returned 100% blocks executed 100%
function _ZNSt3__117__compressed_pairIPN7testing8internal24InternalRunDeathTestFlagENS_14default_deleteIS3_EEEC2B8ne180100INS_16__value_init_tagES9_EEOT_OT0_ called 6 returned 100% blocks executed 100%
function _ZNSt3__117__compressed_pairIPN7testing8internal17StreamingListener20AbstractSocketWriterENS_14default_deleteIS4_EEEC1B8ne180100IRS5_NS_16__value_init_tagEEEOT_OT0_ called 0 returned 0% blocks executed 0%
[...]
function _ZNSt3__117__compressed_pairIPPcRNS_9allocatorIS1_EEE6secondB8ne180100Ev called 0 returned 0% blocks executed 0%
function _ZNSt3__117__compressed_pairIPNS_12basic_stringIcNS_11char_traitsIcEENS_9allocatorIcEEEENS4_IS6_EEE6secondB8ne180100Ev called 348 returned 100% blocks executed 100%
function _ZNSt3__117__compressed_pairIPNS_12basic_stringIcNS_11char_traitsIcEENS_9allocatorIcEEEERNS4_IS6_EEE6secondB8ne180100Ev called 120 returned 100% blocks executed 100%
function _ZNSt3__117__compressed_pairImNS_4hashINS_12basic_stringIcNS_11char_traitsIcEENS_9allocatorIcEEEEEEE6secondB8ne180100Ev called 18 returned 100% blocks executed 100%
function _ZNSt3__117__compressed_pairIfNS_8equal_toINS_12basic_stringIcNS_11char_traitsIcEENS_9allocatorIcEEEEEEE6secondB8ne180100Ev called 12 returned 100% blocks executed 100%
function _ZNSt3__117__compressed_pairINS_16__hash_node_baseIPNS_11__hash_nodeINS_12basic_stringIcNS_11char_traitsIcEENS_9allocatorIcEEEEPvEEEENS6_ISA_EEE6secondB8ne180100Ev called 48 returned 100% blocks executed 100%
function _ZNSt3__117__compressed_pairIPNS_11__hash_nodeINS_12basic_stringIcNS_11char_traitsIcEENS_9allocatorIcEEEEPvEENS_22__hash_node_destructorINS5_IS9_EEEEE6secondB8ne180100Ev called 6 returned 100% blocks executed 100%
function _ZNSt3__117__compressed_pairIPPNS_16__hash_node_baseIPNS_11__hash_nodeINS_12basic_stringIcNS_11char_traitsIcEENS_9allocatorIcEEEEPvEEEENS_25__bucket_list_deallocatorINS6_ISD_EEEEE6secondB8ne180100Ev called 48 returned 100% blocks executed 100%
function _ZNSt3__117__compressed_pairImNS_9allocatorIPNS_16__hash_node_baseIPNS_11__hash_nodeINS_12basic_stringIcNS_11char_traitsIcEENS1_IcEEEEPvEEEEEEE6secondB8ne180100Ev called 24 returned 100% blocks executed 100%
function _ZNSt3__117__compressed_pairImNS_19__map_value_compareINS_12basic_stringIcNS_11char_traitsIcEENS_9allocatorIcEEEENS_12__value_typeIS7_mEENS_4lessIS7_EELb1EEEE6secondB8ne180100Ev called 0 returned 0% blocks executed 0%
function _ZNSt3__117__compressed_pairINS_15__tree_end_nodeIPNS_16__tree_node_baseIPvEEEENS_9allocatorINS_11__tree_nodeINS_12__value_typeINS_12basic_stringIcNS_11char_traitsIcEENS7_IcEEEEmEES3_EEEEE6secondB8ne180100Ev called 0 returned 0% blocks executed 0%
function _ZNSt3__117__compressed_pairIPNS_11__tree_nodeINS_12__value_typeINS_12basic_stringIcNS_11char_traitsIcEENS_9allocatorIcEEEEmEEPvEENS_22__tree_node_destructorINS6_ISB_EEEEE6secondB8ne180100Ev called 0 returned 0% blocks executed 0%
function _ZNSt3__117__compressed_pairImNS_9allocatorINS_11__list_nodeINS_4pairIcPKcEEPvEEEEE6secondB8ne180100Ev called 0 returned 0% blocks executed 0%
function _ZNSt3__117__compressed_pairINS_15__tree_end_nodeIPNS_16__tree_node_baseIPvEEEENS_9allocatorINS_11__tree_nodeINS_12__value_typeINS_12basic_stringIcNS_11char_traitsIcEENS7_IcEEEEN7testing8internal34TypeParameterizedTestSuiteRegistry30TypeParameterizedTestSuiteInfoEEES3_EEEEE6secondB8ne180100Ev called 0 returned 0% blocks executed 0%
function _ZNSt3__117__compressed_pairINS_16__hash_node_baseIPNS_11__hash_nodeINS_17__hash_value_typeINS_12basic_stringIcNS_11char_traitsIcEENS_9allocatorIcEEEEmEEPvEEEENS7_ISC_EEE6secondB8ne180100Ev called 0 returned 0% blocks executed 0%
function _ZNSt3__117__compressed_pairIPPNS_16__hash_node_baseIPNS_11__hash_nodeINS_17__hash_value_typeINS_12basic_stringIcNS_11char_traitsIcEENS_9allocatorIcEEEEmEEPvEEEENS_25__bucket_list_deallocatorINS7_ISF_EEEEE6secondB8ne180100Ev called 0 returned 0% blocks executed 0%
function _ZNSt3__117__compressed_pairImNS_9allocatorIPNS_16__hash_node_baseIPNS_11__hash_nodeINS_17__hash_value_typeINS_12basic_stringIcNS_11char_traitsIcEENS1_IcEEEEmEEPvEEEEEEE6secondB8ne180100Ev called 0 returned 0% blocks executed 0%
function _ZNSt3__117__compressed_pairIPPN7testing8internal30ParameterizedTestSuiteInfoBaseENS_9allocatorIS4_EEE6secondB8ne180100Ev called 0 returned 0% blocks executed 0%
function _ZNSt3__117__compressed_pairIPN7testing8internal17StreamingListener20AbstractSocketWriterENS_14default_deleteIS4_EEE6secondB8ne180100Ev called 0 returned 0% blocks executed 0%
function _ZNSt3__117__compressed_pairIPN7testing8internal24InternalRunDeathTestFlagENS_14default_deleteIS3_EEE6secondB8ne180100Ev called 0 returned 0% blocks executed 0%
function _ZNSt3__117__compressed_pairIPNS_18basic_stringstreamIcNS_11char_traitsIcEENS_9allocatorIcEEEENS_14default_deleteIS6_EEE6secondB8ne180100Ev called 0 returned 0% blocks executed 0%
function _ZNSt3__117__compressed_pairINS_12basic_stringIcNS_11char_traitsIcEENS_9allocatorIcEEE5__repES5_E6secondB8ne180100Ev called 14 returned 100% blocks executed 100%
function _ZNSt3__117__compressed_pairIPN7testing14TestPartResultENS_9allocatorIS2_EEE6secondB8ne180100Ev called 0 returned 0% blocks executed 0%
function _ZNSt3__117__compressed_pairIPN7testing14TestPartResultERNS_9allocatorIS2_EEE6secondB8ne180100Ev called 0 returned 0% blocks executed 0%
function _ZNSt3__117__compressed_pairINS_15__tree_end_nodeIPNS_16__tree_node_baseIPvEEEENS_9allocatorINS_11__tree_nodeINS_12basic_stringIcNS_11char_traitsIcEENS7_IcEEEES3_EEEEE6secondB8ne180100Ev called 0 returned 0% blocks executed 0%
function _ZNSt3__117__compressed_pairImNS_4lessINS_12basic_stringIcNS_11char_traitsIcEENS_9allocatorIcEEEEEEE6secondB8ne180100Ev called 0 returned 0% blocks executed 0%
function _ZNSt3__117__compressed_pairIPNS_11__tree_nodeINS_12basic_stringIcNS_11char_traitsIcEENS_9allocatorIcEEEEPvEENS_22__tree_node_destructorINS5_IS9_EEEEE6secondB8ne180100Ev called 0 returned 0% blocks executed 0%
function _ZNSt3__117__compressed_pairImNS_19__map_value_compareINS_12basic_stringIcNS_11char_traitsIcEENS_9allocatorIcEEEENS_12__value_typeIS7_N7testing8internal34TypeParameterizedTestSuiteRegistry30TypeParameterizedTestSuiteInfoEEENS_4lessIS7_EELb1EEEE6secondB8ne180100Ev called 0 returned 0% blocks executed 0%
function _ZNSt3__117__compressed_pairIPNS_11__tree_nodeINS_12__value_typeINS_12basic_stringIcNS_11char_traitsIcEENS_9allocatorIcEEEEN7testing8internal34TypeParameterizedTestSuiteRegistry30TypeParameterizedTestSuiteInfoEEEPvEENS_22__tree_node_destructorINS6_ISF_EEEEE6secondB8ne180100Ev called 0 returned 0% blocks executed 0%
function _ZNSt3__117__compressed_pairIPdNS_9allocatorIdEEE6secondB8ne180100Ev called 0 returned 0% blocks executed 0%
function _ZNSt3__117__compressed_pairIPNS_6vectorIdNS_9allocatorIdEEEENS2_IS4_EEE6secondB8ne180100Ev called 0 returned 0% blocks executed 0%
function _ZNSt3__117__compressed_pairIPN7testing8internal13edit_distance8EditTypeENS_9allocatorIS4_EEE6secondB8ne180100Ev called 0 returned 0% blocks executed 0%
function _ZNSt3__117__compressed_pairIPNS_6vectorIN7testing8internal13edit_distance8EditTypeENS_9allocatorIS5_EEEENS6_IS8_EEE6secondB8ne180100Ev called 0 returned 0% blocks executed 0%
function _ZNSt3__117__compressed_pairIPN7testing8internal13edit_distance8EditTypeERNS_9allocatorIS4_EEE6secondB8ne180100Ev called 0 returned 0% blocks executed 0%
function _ZNSt3__117__compressed_pairIPmNS_9allocatorImEEE6secondB8ne180100Ev called 0 returned 0% blocks executed 0%
function _ZNSt3__117__compressed_pairIPmRNS_9allocatorImEEE6secondB8ne180100Ev called 0 returned 0% blocks executed 0%
function _ZNSt3__117__compressed_pairIPN7testing12TestPropertyENS_9allocatorIS2_EEE6secondB8ne180100Ev called 0 returned 0% blocks executed 0%
function _ZNSt3__117__compressed_pairIPN7testing12TestPropertyERNS_9allocatorIS2_EEE6secondB8ne180100Ev called 0 returned 0% blocks executed 0%
function _ZNSt3__117__compressed_pairIPN7testing8internal14GTestFlagSaverENS_14default_deleteIS3_EEE6secondB8ne180100Ev called 6 returned 100% blocks executed 100%
function _ZNSt3__117__compressed_pairIPKNS_12basic_stringIcNS_11char_traitsIcEENS_9allocatorIcEEEENS_14default_deleteIS7_EEE6secondB8ne180100Ev called 0 returned 0% blocks executed 0%
function _ZNSt3__117__compressed_pairIPPN7testing8TestInfoENS_9allocatorIS3_EEE6secondB8ne180100Ev called 60 returned 100% blocks executed 100%
function _ZNSt3__117__compressed_pairIPiNS_9allocatorIiEEE6secondB8ne180100Ev called 72 returned 100% blocks executed 100%
function _ZNSt3__117__compressed_pairIPPN7testing8TestInfoERNS_9allocatorIS3_EEE6secondB8ne180100Ev called 84 returned 100% blocks executed 100%
function _ZNSt3__117__compressed_pairIPiRNS_9allocatorIiEEE6secondB8ne180100Ev called 90 returned 100% blocks executed 100%
function _ZNSt3__117__compressed_pairIPPN7testing8TestInfoENS_25__return_temporary_bufferEE6secondB8ne180100Ev called 0 returned 0% blocks executed 0%
function _ZNSt3__117__compressed_pairIPPN7testing8TestInfoERNS_12__destruct_nEE6secondB8ne180100Ev called 0 returned 0% blocks executed 0%
function _ZNSt3__117__compressed_pairIPPN7testing17TestEventListenerENS_9allocatorIS3_EEE6secondB8ne180100Ev called 12 returned 100% blocks executed 100%
function _ZNSt3__117__compressed_pairIPPN7testing17TestEventListenerERNS_9allocatorIS3_EEE6secondB8ne180100Ev called 6 returned 100% blocks executed 100%
function _ZNSt3__117__compressed_pairIPPN7testing11EnvironmentENS_9allocatorIS3_EEE6secondB8ne180100Ev called 0 returned 0% blocks executed 0%
function _ZNSt3__117__compressed_pairIPPN7testing11EnvironmentERNS_9allocatorIS3_EEE6secondB8ne180100Ev called 0 returned 0% blocks executed 0%
function _ZNSt3__117__compressed_pairIPN7testing8internal9TraceInfoENS_9allocatorIS3_EEE6secondB8ne180100Ev called 0 returned 0% blocks executed 0%
function _ZNSt3__117__compressed_pairIPN7testing8internal9TraceInfoERNS_9allocatorIS3_EEE6secondB8ne180100Ev called 0 returned 0% blocks executed 0%
function _ZNSt3__117__compressed_pairIPN7testing8internal11ThreadLocalIPNS1_31TestPartResultReporterInterfaceEE18ValueHolderFactoryENS_14default_deleteIS7_EEE6secondB8ne180100Ev called 0 returned 0% blocks executed 0%
function _ZNSt3__117__compressed_pairIPPN7testing9TestSuiteENS_9allocatorIS3_EEE6secondB8ne180100Ev called 12 returned 100% blocks executed 100%
function _ZNSt3__117__compressed_pairINS_16__hash_node_baseIPNS_11__hash_nodeINS_17__hash_value_typeINS_12basic_stringIcNS_11char_traitsIcEENS_9allocatorIcEEEEPN7testing9TestSuiteEEEPvEEEENS7_ISF_EEE6secondB8ne180100Ev called 6 returned 100% blocks executed 100%
function _ZNSt3__117__compressed_pairIPPNS_16__hash_node_baseIPNS_11__hash_nodeINS_17__hash_value_typeINS_12basic_stringIcNS_11char_traitsIcEENS_9allocatorIcEEEEPN7testing9TestSuiteEEEPvEEEENS_25__bucket_list_deallocatorINS7_ISI_EEEEE6secondB8ne180100Ev called 12 returned 100% blocks executed 100%
function _ZNSt3__117__compressed_pairImNS_9allocatorIPNS_16__hash_node_baseIPNS_11__hash_nodeINS_17__hash_value_typeINS_12basic_stringIcNS_11char_traitsIcEENS1_IcEEEEPN7testing9TestSuiteEEEPvEEEEEEE6secondB8ne180100Ev called 6 returned 100% blocks executed 100%
function _ZNSt3__117__compressed_pairIPN7testing8internal16DeathTestFactoryENS_14default_deleteIS3_EEE6secondB8ne180100Ev called 0 returned 0% blocks executed 0%
function _ZNSt3__117__compressed_pairIPN7testing8internal11ThreadLocalINS_6vectorINS2_9TraceInfoENS_9allocatorIS5_EEEEE18ValueHolderFactoryENS_14default_deleteISA_EEE6secondB8ne180100Ev called 0 returned 0% blocks executed 0%
function _ZNSt3__117__compressed_pairImNS_22__unordered_map_hasherINS_12basic_stringIcNS_11char_traitsIcEENS_9allocatorIcEEEENS_17__hash_value_typeIS7_PN7testing9TestSuiteEEENS_4hashIS7_EENS_8equal_toIS7_EELb1EEEE6secondB8ne180100Ev called 12 returned 100% blocks executed 100%
function _ZNSt3__117__compressed_pairIfNS_21__unordered_map_equalINS_12basic_stringIcNS_11char_traitsIcEENS_9allocatorIcEEEENS_17__hash_value_typeIS7_PN7testing9TestSuiteEEENS_8equal_toIS7_EENS_4hashIS7_EELb1EEEE6secondB8ne180100Ev called 0 returned 0% blocks executed 0%
function _ZNSt3__117__compressed_pairIPNS_11__hash_nodeINS_17__hash_value_typeINS_12basic_stringIcNS_11char_traitsIcEENS_9allocatorIcEEEEPN7testing9TestSuiteEEEPvEENS_22__hash_node_destructorINS6_ISE_EEEEE6secondB8ne180100Ev called 6 returned 100% blocks executed 100%
function _ZNSt3__117__compressed_pairIPPN7testing9TestSuiteERNS_9allocatorIS3_EEE6secondB8ne180100Ev called 6 returned 100% blocks executed 100%
     1028:  137:  _LIBCPP_HIDE_FROM_ABI _LIBCPP_CONSTEXPR_SINCE_CXX14 typename _Base2::reference second() _NOEXCEPT {
     1028:  138:    return static_cast<_Base2&>(*this).__get();
    $$$$$:  138-block  0
    $$$$$:  138-block  1
    $$$$$:  138-block  2
      348:  138-block  3
      120:  138-block  4
       18:  138-block  5
       12:  138-block  6
       48:  138-block  7
        6:  138-block  8
       48:  138-block  9
       24:  138-block 10
    $$$$$:  138-block 11
    $$$$$:  138-block 12
    $$$$$:  138-block 13
    $$$$$:  138-block 14
    $$$$$:  138-block 15
    $$$$$:  138-block 16
    $$$$$:  138-block 17
    $$$$$:  138-block 18
    $$$$$:  138-block 19
    $$$$$:  138-block 20
    $$$$$:  138-block 21
    $$$$$:  138-block 22
       14:  138-block 23
    $$$$$:  138-block 24
    $$$$$:  138-block 25
    $$$$$:  138-block 26
    $$$$$:  138-block 27
    $$$$$:  138-block 28
    $$$$$:  138-block 29
    $$$$$:  138-block 30
    $$$$$:  138-block 31
    $$$$$:  138-block 32
    $$$$$:  138-block 33
    $$$$$:  138-block 34
    $$$$$:  138-block 35
    $$$$$:  138-block 36
    $$$$$:  138-block 37
    $$$$$:  138-block 38
    $$$$$:  138-block 39
        6:  138-block 40
    $$$$$:  138-block 41
       60:  138-block 42
       72:  138-block 43
       84:  138-block 44
       90:  138-block 45
    $$$$$:  138-block 46
    $$$$$:  138-block 47
       12:  138-block 48
        6:  138-block 49
    $$$$$:  138-block 50
    $$$$$:  138-block 51
    $$$$$:  138-block 52
    $$$$$:  138-block 53
    $$$$$:  138-block 54
       12:  138-block 55
        6:  138-block 56
       12:  138-block 57
        6:  138-block 58
    $$$$$:  138-block 59
    $$$$$:  138-block 60
       12:  138-block 61
    $$$$$:  138-block 62
        6:  138-block 63
        6:  138-block 64
        -:  139:  }
        -:  140:
function _ZNKSt3__117__compressed_pairIPPcNS_9allocatorIS1_EEE6secondB8ne180100Ev called 0 returned 0% blocks executed 0%
function _ZNKSt3__117__compressed_pairIPNS_12basic_stringIcNS_11char_traitsIcEENS_9allocatorIcEEEENS4_IS6_EEE6secondB8ne180100Ev called 84 returned 100% blocks executed 100%
function _ZNKSt3__117__compressed_pairIPPNS_16__hash_node_baseIPNS_11__hash_nodeINS_12basic_stringIcNS_11char_traitsIcEENS_9allocatorIcEEEEPvEEEENS_25__bucket_list_deallocatorINS6_ISD_EEEEE6secondB8ne180100Ev called 144 returned 100% blocks executed 100%
function _ZNKSt3__117__compressed_pairImNS_4hashINS_12basic_stringIcNS_11char_traitsIcEENS_9allocatorIcEEEEEEE6secondB8ne180100Ev called 120 returned 100% blocks executed 100%
function _ZNKSt3__117__compressed_pairIfNS_8equal_toINS_12basic_stringIcNS_11char_traitsIcEENS_9allocatorIcEEEEEEE6secondB8ne180100Ev called 6 returned 100% blocks executed 100%
function _ZNKSt3__117__compressed_pairImNS_19__map_value_compareINS_12basic_stringIcNS_11char_traitsIcEENS_9allocatorIcEEEENS_12__value_typeIS7_N7testing8internal12CodeLocationEEENS_4lessIvEELb1EEEE6secondB8ne180100Ev called 0 returned 0% blocks executed 0%
function _ZNKSt3__117__compressed_pairINS_12basic_stringIcNS_11char_traitsIcEENS_9allocatorIcEEE5__repES5_E6secondB8ne180100Ev called 72 returned 100% blocks executed 100%
function _ZNKSt3__117__compressed_pairIPN7testing14TestPartResultENS_9allocatorIS2_EEE6secondB8ne180100Ev called 0 returned 0% blocks executed 0%
function _ZNKSt3__117__compressed_pairImNS_4lessINS_12basic_stringIcNS_11char_traitsIcEENS_9allocatorIcEEEEEEE6secondB8ne180100Ev called 0 returned 0% blocks executed 0%
function _ZNKSt3__117__compressed_pairIPdNS_9allocatorIdEEE6secondB8ne180100Ev called 0 returned 0% blocks executed 0%
function _ZNKSt3__117__compressed_pairIPNS_6vectorIdNS_9allocatorIdEEEENS2_IS4_EEE6secondB8ne180100Ev called 0 returned 0% blocks executed 0%
function _ZNKSt3__117__compressed_pairIPN7testing8internal13edit_distance8EditTypeENS_9allocatorIS4_EEE6secondB8ne180100Ev called 0 returned 0% blocks executed 0%
function _ZNKSt3__117__compressed_pairIPNS_6vectorIN7testing8internal13edit_distance8EditTypeENS_9allocatorIS5_EEEENS6_IS8_EEE6secondB8ne180100Ev called 0 returned 0% blocks executed 0%
function _ZNKSt3__117__compressed_pairIPmNS_9allocatorImEEE6secondB8ne180100Ev called 0 returned 0% blocks executed 0%
function _ZNKSt3__117__compressed_pairIPN7testing12TestPropertyENS_9allocatorIS2_EEE6secondB8ne180100Ev called 0 returned 0% blocks executed 0%
function _ZNKSt3__117__compressed_pairIPPN7testing8TestInfoENS_9allocatorIS3_EEE6secondB8ne180100Ev called 24 returned 100% blocks executed 100%
function _ZNKSt3__117__compressed_pairIPiNS_9allocatorIiEEE6secondB8ne180100Ev called 30 returned 100% blocks executed 100%
function _ZNKSt3__117__compressed_pairIPPN7testing17TestEventListenerENS_9allocatorIS3_EEE6secondB8ne180100Ev called 6 returned 100% blocks executed 100%
function _ZNKSt3__117__compressed_pairIPPN7testing11EnvironmentENS_9allocatorIS3_EEE6secondB8ne180100Ev called 0 returned 0% blocks executed 0%
function _ZNKSt3__117__compressed_pairIPN7testing8internal9TraceInfoENS_9allocatorIS3_EEE6secondB8ne180100Ev called 0 returned 0% blocks executed 0%
function _ZNKSt3__117__compressed_pairIPPNS_16__hash_node_baseIPNS_11__hash_nodeINS_17__hash_value_typeINS_12basic_stringIcNS_11char_traitsIcEENS_9allocatorIcEEEEPN7testing9TestSuiteEEEPvEEEENS_25__bucket_list_deallocatorINS7_ISI_EEEEE6secondB8ne180100Ev called 24 returned 100% blocks executed 100%
function _ZNKSt3__117__compressed_pairIPPN7testing9TestSuiteENS_9allocatorIS3_EEE6secondB8ne180100Ev called 6 returned 100% blocks executed 100%
      516:  141:  _LIBCPP_HIDE_FROM_ABI _LIBCPP_CONSTEXPR typename _Base2::const_reference second() const _NOEXCEPT {
      516:  142:    return static_cast<_Base2 const&>(*this).__get();
    $$$$$:  142-block  0
       84:  142-block  1
      144:  142-block  2
      120:  142-block  3
        6:  142-block  4
    $$$$$:  142-block  5
       72:  142-block  6
    $$$$$:  142-block  7
    $$$$$:  142-block  8
    $$$$$:  142-block  9
    $$$$$:  142-block 10
    $$$$$:  142-block 11
    $$$$$:  142-block 12
    $$$$$:  142-block 13
    $$$$$:  142-block 14
       24:  142-block 15
       30:  142-block 16
        6:  142-block 17
    $$$$$:  142-block 18
    $$$$$:  142-block 19
       24:  142-block 20
        6:  142-block 21
        -:  143:  }
        -:  144:
        -:  145:  _LIBCPP_HIDE_FROM_ABI _LIBCPP_CONSTEXPR static _Base1* __get_first_base(__compressed_pair* __pair) _NOEXCEPT {
        -:  146:    return static_cast<_Base1*>(__pair);
        -:  147:  }
        -:  148:  _LIBCPP_HIDE_FROM_ABI _LIBCPP_CONSTEXPR static _Base2* __get_second_base(__compressed_pair* __pair) _NOEXCEPT {
        -:  149:    return static_cast<_Base2*>(__pair);
        -:  150:  }
        -:  151:
function _ZNSt3__117__compressed_pairIPNS_12basic_stringIcNS_11char_traitsIcEENS_9allocatorIcEEEENS_14default_deleteIS6_EEE4swapB8ne180100ERSA_ called 0 returned 0% blocks executed 0%
    #####:  152:  _LIBCPP_HIDE_FROM_ABI _LIBCPP_CONSTEXPR_SINCE_CXX14 void swap(__compressed_pair& __x)
        -:  153:      _NOEXCEPT_(__is_nothrow_swappable<_T1>::value&& __is_nothrow_swappable<_T2>::value) {
        -:  154:    using std::swap;
    #####:  155:    swap(first(), __x.first());
    #####:  156:    swap(second(), __x.second());
    #####:  157:  }
    $$$$$:  157-block  0
        -:  158:};
        -:  159:
        -:  160:template <class _T1, class _T2>
        -:  161:inline _LIBCPP_HIDE_FROM_ABI _LIBCPP_CONSTEXPR_SINCE_CXX14 void
        -:  162:swap(__compressed_pair<_T1, _T2>& __x, __compressed_pair<_T1, _T2>& __y)
        -:  163:    _NOEXCEPT_(__is_nothrow_swappable<_T1>::value&& __is_nothrow_swappable<_T2>::value) {
        -:  164:  __x.swap(__y);
        -:  165:}
        -:  166:
        -:  167:_LIBCPP_END_NAMESPACE_STD
        -:  168:
        -:  169:_LIBCPP_POP_MACROS
        -:  170:
        -:  171:#endif // _LIBCPP___MEMORY_COMPRESSED_PAIR_H
