        -:    0:Source:/Applications/Xcode.app/Contents/Developer/Platforms/MacOSX.platform/Developer/SDKs/MacOSX15.0.sdk/usr/include/c++/v1/string
        -:    0:Graph:/Users/artemastahov/All_files/styding/LabsBSUIR/LabsOS/FourthLab/FirstTask/cmake-build-debug-coverage-1/googletest/googletest/CMakeFiles/gtest.dir/src/gtest-all.cc.gcno
        -:    0:Data:/Users/artemastahov/All_files/styding/LabsBSUIR/LabsOS/FourthLab/FirstTask/cmake-build-debug-coverage-1/googletest/googletest/CMakeFiles/gtest.dir/src/gtest-all.cc.gcda
        -:    0:Runs:1
        -:    0:Programs:1
        -:    1:// -*- C++ -*-
        -:    2://===----------------------------------------------------------------------===//
        -:    3://
        -:    4:// Part of the LLVM Project, under the Apache License v2.0 with LLVM Exceptions.
        -:    5:// See https://llvm.org/LICENSE.txt for license information.
        -:    6:// SPDX-License-Identifier: Apache-2.0 WITH LLVM-exception
        -:    7://
        -:    8://===----------------------------------------------------------------------===//
        -:    9:
        -:   10:#ifndef _LIBCPP_STRING
        -:   11:#define _LIBCPP_STRING
        -:   12:
        -:   13:// clang-format off
        -:   14:
        -:   15:/*
        -:   16:    string synopsis
        -:   17:
        -:   18:#include <compare>
        -:   19:#include <initializer_list>
        -:   20:
        -:   21:namespace std
        -:   22:{
        -:   23:
        -:   24:template <class stateT>
        -:   25:class fpos
        -:   26:{
        -:   27:private:
        -:   28:    stateT st;
        -:   29:public:
        -:   30:    fpos(streamoff = streamoff());
        -:   31:
        -:   32:    operator streamoff() const;
        -:   33:
        -:   34:    stateT state() const;
        -:   35:    void state(stateT);
        -:   36:
        -:   37:    fpos& operator+=(streamoff);
        -:   38:    fpos  operator+ (streamoff) const;
        -:   39:    fpos& operator-=(streamoff);
        -:   40:    fpos  operator- (streamoff) const;
        -:   41:};
        -:   42:
        -:   43:template <class stateT> streamoff operator-(const fpos<stateT>& x, const fpos<stateT>& y);
        -:   44:
        -:   45:template <class stateT> bool operator==(const fpos<stateT>& x, const fpos<stateT>& y);
        -:   46:template <class stateT> bool operator!=(const fpos<stateT>& x, const fpos<stateT>& y);
        -:   47:
        -:   48:template <class charT>
        -:   49:struct char_traits
        -:   50:{
        -:   51:    using char_type           = charT;
        -:   52:    using int_type            = ...;
        -:   53:    using off_type            = streamoff;
        -:   54:    using pos_type            = streampos;
        -:   55:    using state_type          = mbstate_t;
        -:   56:    using comparison_category = strong_ordering; // Since C++20 only for the specializations
        -:   57:                                                 // char, wchar_t, char8_t, char16_t, and char32_t.
        -:   58:
        -:   59:    static void assign(char_type& c1, const char_type& c2) noexcept;
        -:   60:    static constexpr bool eq(char_type c1, char_type c2) noexcept;
        -:   61:    static constexpr bool lt(char_type c1, char_type c2) noexcept;
        -:   62:
        -:   63:    static int              compare(const char_type* s1, const char_type* s2, size_t n);
        -:   64:    static size_t           length(const char_type* s);
        -:   65:    static const char_type* find(const char_type* s, size_t n, const char_type& a);
        -:   66:    static char_type*       move(char_type* s1, const char_type* s2, size_t n);
        -:   67:    static char_type*       copy(char_type* s1, const char_type* s2, size_t n);
        -:   68:    static char_type*       assign(char_type* s, size_t n, char_type a);
        -:   69:
        -:   70:    static constexpr int_type  not_eof(int_type c) noexcept;
        -:   71:    static constexpr char_type to_char_type(int_type c) noexcept;
        -:   72:    static constexpr int_type  to_int_type(char_type c) noexcept;
        -:   73:    static constexpr bool      eq_int_type(int_type c1, int_type c2) noexcept;
        -:   74:    static constexpr int_type  eof() noexcept;
        -:   75:};
        -:   76:
        -:   77:template <> struct char_traits<char>;
        -:   78:template <> struct char_traits<wchar_t>;
        -:   79:template <> struct char_traits<char8_t>;  // C++20
        -:   80:template <> struct char_traits<char16_t>;
        -:   81:template <> struct char_traits<char32_t>;
        -:   82:
        -:   83:template<class charT, class traits = char_traits<charT>, class Allocator = allocator<charT> >
        -:   84:class basic_string
        -:   85:{
        -:   86:public:
        -:   87:// types:
        -:   88:    typedef traits traits_type;
        -:   89:    typedef typename traits_type::char_type value_type;
        -:   90:    typedef Allocator allocator_type;
        -:   91:    typedef typename allocator_type::size_type size_type;
        -:   92:    typedef typename allocator_type::difference_type difference_type;
        -:   93:    typedef typename allocator_type::reference reference;
        -:   94:    typedef typename allocator_type::const_reference const_reference;
        -:   95:    typedef typename allocator_type::pointer pointer;
        -:   96:    typedef typename allocator_type::const_pointer const_pointer;
        -:   97:    typedef implementation-defined iterator;
        -:   98:    typedef implementation-defined const_iterator;
        -:   99:    typedef std::reverse_iterator<iterator> reverse_iterator;
        -:  100:    typedef std::reverse_iterator<const_iterator> const_reverse_iterator;
        -:  101:
        -:  102:    static const size_type npos = -1;
        -:  103:
        -:  104:    basic_string()
        -:  105:        noexcept(is_nothrow_default_constructible<allocator_type>::value);                      // constexpr since C++20
        -:  106:    explicit basic_string(const allocator_type& a);                                             // constexpr since C++20
        -:  107:    basic_string(const basic_string& str);                                                      // constexpr since C++20
        -:  108:    basic_string(basic_string&& str)
        -:  109:        noexcept(is_nothrow_move_constructible<allocator_type>::value);                         // constexpr since C++20
        -:  110:    basic_string(const basic_string& str, size_type pos,
        -:  111:                 const allocator_type& a = allocator_type());                                   // constexpr since C++20
        -:  112:    basic_string(const basic_string& str, size_type pos, size_type n,
        -:  113:                 const Allocator& a = Allocator());                                             // constexpr since C++20
        -:  114:    constexpr basic_string(
        -:  115:        basic_string&& str, size_type pos, const Allocator& a = Allocator());                   // since C++23
        -:  116:    constexpr basic_string(
        -:  117:        basic_string&& str, size_type pos, size_type n, const Allocator& a = Allocator());      // since C++23
        -:  118:    template<class T>
        -:  119:        basic_string(const T& t, size_type pos, size_type n, const Allocator& a = Allocator()); // C++17, constexpr since C++20
        -:  120:    template <class T>
        -:  121:        explicit basic_string(const T& t, const Allocator& a = Allocator());                    // C++17, constexpr since C++20
        -:  122:    basic_string(const value_type* s, const allocator_type& a = allocator_type());              // constexpr since C++20
        -:  123:    basic_string(const value_type* s, size_type n, const allocator_type& a = allocator_type()); // constexpr since C++20
        -:  124:    basic_string(nullptr_t) = delete; // C++23
        -:  125:    basic_string(size_type n, value_type c, const allocator_type& a = allocator_type());        // constexpr since C++20
        -:  126:    template<class InputIterator>
        -:  127:        basic_string(InputIterator begin, InputIterator end,
        -:  128:                     const allocator_type& a = allocator_type());                               // constexpr since C++20
        -:  129:    template<container-compatible-range<charT> R>
        -:  130:      constexpr basic_string(from_range_t, R&& rg, const Allocator& a = Allocator());           // since C++23
        -:  131:    basic_string(initializer_list<value_type>, const Allocator& = Allocator());                 // constexpr since C++20
        -:  132:    basic_string(const basic_string&, const Allocator&);                                        // constexpr since C++20
        -:  133:    basic_string(basic_string&&, const Allocator&);                                             // constexpr since C++20
        -:  134:
        -:  135:    ~basic_string();                                                                            // constexpr since C++20
        -:  136:
        -:  137:    operator basic_string_view<charT, traits>() const noexcept;                                 // constexpr since C++20
        -:  138:
        -:  139:    basic_string& operator=(const basic_string& str);                                           // constexpr since C++20
        -:  140:    template <class T>
        -:  141:        basic_string& operator=(const T& t);                                                    // C++17, constexpr since C++20
        -:  142:    basic_string& operator=(basic_string&& str)
        -:  143:        noexcept(
        -:  144:             allocator_type::propagate_on_container_move_assignment::value ||
        -:  145:             allocator_type::is_always_equal::value );                                          // C++17, constexpr since C++20
        -:  146:    basic_string& operator=(const value_type* s);                                               // constexpr since C++20
        -:  147:    basic_string& operator=(nullptr_t) = delete; // C++23
        -:  148:    basic_string& operator=(value_type c);                                                      // constexpr since C++20
        -:  149:    basic_string& operator=(initializer_list<value_type>);                                      // constexpr since C++20
        -:  150:
        -:  151:    iterator       begin() noexcept;                                                            // constexpr since C++20
        -:  152:    const_iterator begin() const noexcept;                                                      // constexpr since C++20
        -:  153:    iterator       end() noexcept;                                                              // constexpr since C++20
        -:  154:    const_iterator end() const noexcept;                                                        // constexpr since C++20
        -:  155:
        -:  156:    reverse_iterator       rbegin() noexcept;                                                   // constexpr since C++20
        -:  157:    const_reverse_iterator rbegin() const noexcept;                                             // constexpr since C++20
        -:  158:    reverse_iterator       rend() noexcept;                                                     // constexpr since C++20
        -:  159:    const_reverse_iterator rend() const noexcept;                                               // constexpr since C++20
        -:  160:
        -:  161:    const_iterator         cbegin() const noexcept;                                             // constexpr since C++20
        -:  162:    const_iterator         cend() const noexcept;                                               // constexpr since C++20
        -:  163:    const_reverse_iterator crbegin() const noexcept;                                            // constexpr since C++20
        -:  164:    const_reverse_iterator crend() const noexcept;                                              // constexpr since C++20
        -:  165:
        -:  166:    size_type size() const noexcept;                                                            // constexpr since C++20
        -:  167:    size_type length() const noexcept;                                                          // constexpr since C++20
        -:  168:    size_type max_size() const noexcept;                                                        // constexpr since C++20
        -:  169:    size_type capacity() const noexcept;                                                        // constexpr since C++20
        -:  170:
        -:  171:    void resize(size_type n, value_type c);                                                     // constexpr since C++20
        -:  172:    void resize(size_type n);                                                                   // constexpr since C++20
        -:  173:
        -:  174:    template<class Operation>
        -:  175:    constexpr void resize_and_overwrite(size_type n, Operation op); // since C++23
        -:  176:
        -:  177:    void reserve(size_type res_arg);                                                            // constexpr since C++20
        -:  178:    void reserve();                                                                             // deprecated in C++20, removed in C++26
        -:  179:    void shrink_to_fit();                                                                       // constexpr since C++20
        -:  180:    void clear() noexcept;                                                                      // constexpr since C++20
        -:  181:    bool empty() const noexcept;                                                                // constexpr since C++20
        -:  182:
        -:  183:    const_reference operator[](size_type pos) const;                                            // constexpr since C++20
        -:  184:    reference       operator[](size_type pos);                                                  // constexpr since C++20
        -:  185:
        -:  186:    const_reference at(size_type n) const;                                                      // constexpr since C++20
        -:  187:    reference       at(size_type n);                                                            // constexpr since C++20
        -:  188:
        -:  189:    basic_string& operator+=(const basic_string& str);                                          // constexpr since C++20
        -:  190:    template <class T>
        -:  191:        basic_string& operator+=(const T& t);                                                   // C++17, constexpr since C++20
        -:  192:    basic_string& operator+=(const value_type* s);                                              // constexpr since C++20
        -:  193:    basic_string& operator+=(value_type c);                                                     // constexpr since C++20
        -:  194:    basic_string& operator+=(initializer_list<value_type>);                                     // constexpr since C++20
        -:  195:
        -:  196:    basic_string& append(const basic_string& str);                                              // constexpr since C++20
        -:  197:    template <class T>
        -:  198:        basic_string& append(const T& t);                                                       // C++17, constexpr since C++20
        -:  199:    basic_string& append(const basic_string& str, size_type pos, size_type n=npos);             // C++14, constexpr since C++20
        -:  200:    template <class T>
        -:  201:        basic_string& append(const T& t, size_type pos, size_type n=npos);                      // C++17, constexpr since C++20
        -:  202:    basic_string& append(const value_type* s, size_type n);                                     // constexpr since C++20
        -:  203:    basic_string& append(const value_type* s);                                                  // constexpr since C++20
        -:  204:    basic_string& append(size_type n, value_type c);                                            // constexpr since C++20
        -:  205:    template<class InputIterator>
        -:  206:        basic_string& append(InputIterator first, InputIterator last);                          // constexpr since C++20
        -:  207:    template<container-compatible-range<charT> R>
        -:  208:      constexpr basic_string& append_range(R&& rg);                                             // C++23
        -:  209:    basic_string& append(initializer_list<value_type>);                                         // constexpr since C++20
        -:  210:
        -:  211:    void push_back(value_type c);                                                               // constexpr since C++20
        -:  212:    void pop_back();                                                                            // constexpr since C++20
        -:  213:    reference       front();                                                                    // constexpr since C++20
        -:  214:    const_reference front() const;                                                              // constexpr since C++20
        -:  215:    reference       back();                                                                     // constexpr since C++20
        -:  216:    const_reference back() const;                                                               // constexpr since C++20
        -:  217:
        -:  218:    basic_string& assign(const basic_string& str);                                              // constexpr since C++20
        -:  219:    template <class T>
        -:  220:        basic_string& assign(const T& t);                                                       // C++17, constexpr since C++20
        -:  221:    basic_string& assign(basic_string&& str);                                                   // constexpr since C++20
        -:  222:    basic_string& assign(const basic_string& str, size_type pos, size_type n=npos);             // C++14, constexpr since C++20
        -:  223:    template <class T>
        -:  224:        basic_string& assign(const T& t, size_type pos, size_type n=npos);                      // C++17, constexpr since C++20
        -:  225:    basic_string& assign(const value_type* s, size_type n);                                     // constexpr since C++20
        -:  226:    basic_string& assign(const value_type* s);                                                  // constexpr since C++20
        -:  227:    basic_string& assign(size_type n, value_type c);                                            // constexpr since C++20
        -:  228:    template<class InputIterator>
        -:  229:        basic_string& assign(InputIterator first, InputIterator last);                          // constexpr since C++20
        -:  230:    template<container-compatible-range<charT> R>
        -:  231:      constexpr basic_string& assign_range(R&& rg);                                             // C++23
        -:  232:    basic_string& assign(initializer_list<value_type>);                                         // constexpr since C++20
        -:  233:
        -:  234:    basic_string& insert(size_type pos1, const basic_string& str);                              // constexpr since C++20
        -:  235:    template <class T>
        -:  236:        basic_string& insert(size_type pos1, const T& t);                                       // constexpr since C++20
        -:  237:    basic_string& insert(size_type pos1, const basic_string& str,
        -:  238:                         size_type pos2, size_type n);                                          // constexpr since C++20
        -:  239:    template <class T>
        -:  240:        basic_string& insert(size_type pos1, const T& t, size_type pos2, size_type n);          // C++17, constexpr since C++20
        -:  241:    basic_string& insert(size_type pos, const value_type* s, size_type n=npos);                 // C++14, constexpr since C++20
        -:  242:    basic_string& insert(size_type pos, const value_type* s);                                   // constexpr since C++20
        -:  243:    basic_string& insert(size_type pos, size_type n, value_type c);                             // constexpr since C++20
        -:  244:    iterator      insert(const_iterator p, value_type c);                                       // constexpr since C++20
        -:  245:    iterator      insert(const_iterator p, size_type n, value_type c);                          // constexpr since C++20
        -:  246:    template<class InputIterator>
        -:  247:        iterator insert(const_iterator p, InputIterator first, InputIterator last);             // constexpr since C++20
        -:  248:    template<container-compatible-range<charT> R>
        -:  249:      constexpr iterator insert_range(const_iterator p, R&& rg);                                // C++23
        -:  250:    iterator      insert(const_iterator p, initializer_list<value_type>);                       // constexpr since C++20
        -:  251:
        -:  252:    basic_string& erase(size_type pos = 0, size_type n = npos);                                 // constexpr since C++20
        -:  253:    iterator      erase(const_iterator position);                                               // constexpr since C++20
        -:  254:    iterator      erase(const_iterator first, const_iterator last);                             // constexpr since C++20
        -:  255:
        -:  256:    basic_string& replace(size_type pos1, size_type n1, const basic_string& str);               // constexpr since C++20
        -:  257:    template <class T>
        -:  258:    basic_string& replace(size_type pos1, size_type n1, const T& t);                            // C++17, constexpr since C++20
        -:  259:    basic_string& replace(size_type pos1, size_type n1, const basic_string& str,
        -:  260:                          size_type pos2, size_type n2=npos);                                   // C++14, constexpr since C++20
        -:  261:    template <class T>
        -:  262:        basic_string& replace(size_type pos1, size_type n1, const T& t,
        -:  263:                              size_type pos2, size_type n);                                     // C++17, constexpr since C++20
        -:  264:    basic_string& replace(size_type pos, size_type n1, const value_type* s, size_type n2);      // constexpr since C++20
        -:  265:    basic_string& replace(size_type pos, size_type n1, const value_type* s);                    // constexpr since C++20
        -:  266:    basic_string& replace(size_type pos, size_type n1, size_type n2, value_type c);             // constexpr since C++20
        -:  267:    basic_string& replace(const_iterator i1, const_iterator i2, const basic_string& str);       // constexpr since C++20
        -:  268:    template <class T>
        -:  269:        basic_string& replace(const_iterator i1, const_iterator i2, const T& t);                // C++17, constexpr since C++20
        -:  270:    basic_string& replace(const_iterator i1, const_iterator i2, const value_type* s, size_type n); // constexpr since C++20
        -:  271:    basic_string& replace(const_iterator i1, const_iterator i2, const value_type* s);           // constexpr since C++20
        -:  272:    basic_string& replace(const_iterator i1, const_iterator i2, size_type n, value_type c);     // constexpr since C++20
        -:  273:    template<class InputIterator>
        -:  274:        basic_string& replace(const_iterator i1, const_iterator i2, InputIterator j1, InputIterator j2); // constexpr since C++20
        -:  275:    template<container-compatible-range<charT> R>
        -:  276:      constexpr basic_string& replace_with_range(const_iterator i1, const_iterator i2, R&& rg); // C++23
        -:  277:    basic_string& replace(const_iterator i1, const_iterator i2, initializer_list<value_type>);  // constexpr since C++20
        -:  278:
        -:  279:    size_type copy(value_type* s, size_type n, size_type pos = 0) const;                        // constexpr since C++20
        -:  280:    basic_string substr(size_type pos = 0, size_type n = npos) const;                           // constexpr in C++20, removed in C++23
        -:  281:    basic_string substr(size_type pos = 0, size_type n = npos) const&;                          // since C++23
        -:  282:    constexpr basic_string substr(size_type pos = 0, size_type n = npos) &&;                    // since C++23
        -:  283:    void swap(basic_string& str)
        -:  284:        noexcept(allocator_traits<allocator_type>::propagate_on_container_swap::value ||
        -:  285:                 allocator_traits<allocator_type>::is_always_equal::value);                     // C++17, constexpr since C++20
        -:  286:
        -:  287:    const value_type* c_str() const noexcept;                                                   // constexpr since C++20
        -:  288:    const value_type* data() const noexcept;                                                    // constexpr since C++20
        -:  289:          value_type* data()       noexcept;                                                    // C++17, constexpr since C++20
        -:  290:
        -:  291:    allocator_type get_allocator() const noexcept;                                              // constexpr since C++20
        -:  292:
        -:  293:    size_type find(const basic_string& str, size_type pos = 0) const noexcept;                  // constexpr since C++20
        -:  294:    template <class T>
        -:  295:        size_type find(const T& t, size_type pos = 0) const noexcept;                           // C++17, noexcept as an extension, constexpr since C++20
        -:  296:    size_type find(const value_type* s, size_type pos, size_type n) const noexcept;             // constexpr since C++20
        -:  297:    size_type find(const value_type* s, size_type pos = 0) const noexcept;                      // constexpr since C++20
        -:  298:    size_type find(value_type c, size_type pos = 0) const noexcept;                             // constexpr since C++20
        -:  299:
        -:  300:    size_type rfind(const basic_string& str, size_type pos = npos) const noexcept;              // constexpr since C++20
        -:  301:    template <class T>
        -:  302:        size_type rfind(const T& t, size_type pos = npos) const noexcept;                       // C++17, noexcept as an extension, constexpr since C++20
        -:  303:    size_type rfind(const value_type* s, size_type pos, size_type n) const noexcept;            // constexpr since C++20
        -:  304:    size_type rfind(const value_type* s, size_type pos = npos) const noexcept;                  // constexpr since C++20
        -:  305:    size_type rfind(value_type c, size_type pos = npos) const noexcept;                         // constexpr since C++20
        -:  306:
        -:  307:    size_type find_first_of(const basic_string& str, size_type pos = 0) const noexcept;         // constexpr since C++20
        -:  308:    template <class T>
        -:  309:        size_type find_first_of(const T& t, size_type pos = 0) const noexcept;                  // C++17, noexcept as an extension, constexpr since C++20
        -:  310:    size_type find_first_of(const value_type* s, size_type pos, size_type n) const noexcept;    // constexpr since C++20
        -:  311:    size_type find_first_of(const value_type* s, size_type pos = 0) const noexcept;             // constexpr since C++20
        -:  312:    size_type find_first_of(value_type c, size_type pos = 0) const noexcept;                    // constexpr since C++20
        -:  313:
        -:  314:    size_type find_last_of(const basic_string& str, size_type pos = npos) const noexcept;       // constexpr since C++20
        -:  315:    template <class T>
        -:  316:        size_type find_last_of(const T& t, size_type pos = npos) const noexcept noexcept;       // C++17, noexcept as an extension, constexpr since C++20
        -:  317:    size_type find_last_of(const value_type* s, size_type pos, size_type n) const noexcept;     // constexpr since C++20
        -:  318:    size_type find_last_of(const value_type* s, size_type pos = npos) const noexcept;           // constexpr since C++20
        -:  319:    size_type find_last_of(value_type c, size_type pos = npos) const noexcept;                  // constexpr since C++20
        -:  320:
        -:  321:    size_type find_first_not_of(const basic_string& str, size_type pos = 0) const noexcept;     // constexpr since C++20
        -:  322:    template <class T>
        -:  323:        size_type find_first_not_of(const T& t, size_type pos = 0) const noexcept;              // C++17, noexcept as an extension, constexpr since C++20
        -:  324:    size_type find_first_not_of(const value_type* s, size_type pos, size_type n) const noexcept; // constexpr since C++20
        -:  325:    size_type find_first_not_of(const value_type* s, size_type pos = 0) const noexcept;         // constexpr since C++20
        -:  326:    size_type find_first_not_of(value_type c, size_type pos = 0) const noexcept;                // constexpr since C++20
        -:  327:
        -:  328:    size_type find_last_not_of(const basic_string& str, size_type pos = npos) const noexcept;   // constexpr since C++20
        -:  329:    template <class T>
        -:  330:        size_type find_last_not_of(const T& t, size_type pos = npos) const noexcept;            // C++17, noexcept as an extension, constexpr since C++20
        -:  331:    size_type find_last_not_of(const value_type* s, size_type pos, size_type n) const noexcept; // constexpr since C++20
        -:  332:    size_type find_last_not_of(const value_type* s, size_type pos = npos) const noexcept;       // constexpr since C++20
        -:  333:    size_type find_last_not_of(value_type c, size_type pos = npos) const noexcept;              // constexpr since C++20
        -:  334:
        -:  335:    int compare(const basic_string& str) const noexcept;                                        // constexpr since C++20
        -:  336:    template <class T>
        -:  337:        int compare(const T& t) const noexcept;                                                 // C++17, noexcept as an extension, constexpr since C++20
        -:  338:    int compare(size_type pos1, size_type n1, const basic_string& str) const;                   // constexpr since C++20
        -:  339:    template <class T>
        -:  340:        int compare(size_type pos1, size_type n1, const T& t) const;                            // C++17, constexpr since C++20
        -:  341:    int compare(size_type pos1, size_type n1, const basic_string& str,
        -:  342:                size_type pos2, size_type n2=npos) const;                                       // C++14, constexpr since C++20
        -:  343:    template <class T>
        -:  344:        int compare(size_type pos1, size_type n1, const T& t,
        -:  345:                    size_type pos2, size_type n2=npos) const;                                   // C++17, constexpr since C++20
        -:  346:    int compare(const value_type* s) const noexcept;                                            // constexpr since C++20
        -:  347:    int compare(size_type pos1, size_type n1, const value_type* s) const;                       // constexpr since C++20
        -:  348:    int compare(size_type pos1, size_type n1, const value_type* s, size_type n2) const;         // constexpr since C++20
        -:  349:
        -:  350:    constexpr bool starts_with(basic_string_view<charT, traits> sv) const noexcept;             // C++20
        -:  351:    constexpr bool starts_with(charT c) const noexcept;                                         // C++20
        -:  352:    constexpr bool starts_with(const charT* s) const;                                           // C++20
        -:  353:    constexpr bool ends_with(basic_string_view<charT, traits> sv) const noexcept;               // C++20
        -:  354:    constexpr bool ends_with(charT c) const noexcept;                                           // C++20
        -:  355:    constexpr bool ends_with(const charT* s) const;                                             // C++20
        -:  356:
        -:  357:    constexpr bool contains(basic_string_view<charT, traits> sv) const noexcept;                // C++23
        -:  358:    constexpr bool contains(charT c) const noexcept;                                            // C++23
        -:  359:    constexpr bool contains(const charT* s) const;                                              // C++23
        -:  360:};
        -:  361:
        -:  362:template<class InputIterator,
        -:  363:         class Allocator = allocator<typename iterator_traits<InputIterator>::value_type>>
        -:  364:basic_string(InputIterator, InputIterator, Allocator = Allocator())
        -:  365:   -> basic_string<typename iterator_traits<InputIterator>::value_type,
        -:  366:                  char_traits<typename iterator_traits<InputIterator>::value_type>,
        -:  367:                  Allocator>;   // C++17
        -:  368:
        -:  369:template<ranges::input_range R,
        -:  370:         class Allocator = allocator<ranges::range_value_t<R>>>
        -:  371:  basic_string(from_range_t, R&&, Allocator = Allocator())
        -:  372:    -> basic_string<ranges::range_value_t<R>, char_traits<ranges::range_value_t<R>>,
        -:  373:                    Allocator>; // C++23
        -:  374:
        -:  375:template<class charT,
        -:  376:         class traits,
        -:  377:         class Allocator = allocator<charT>>
        -:  378:  explicit basic_string(basic_string_view<charT, traits>, const Allocator& = Allocator())
        -:  379:    -> basic_string<charT, traits, Allocator>; // C++17
        -:  380:
        -:  381:template<class charT,
        -:  382:         class traits,
        -:  383:         class Allocator = allocator<charT>>
        -:  384:  basic_string(basic_string_view<charT, traits>,
        -:  385:                typename see below::size_type, typename see below::size_type,
        -:  386:                const Allocator& = Allocator())
        -:  387:    -> basic_string<charT, traits, Allocator>; // C++17
        -:  388:
        -:  389:template<class charT, class traits, class Allocator>
        -:  390:basic_string<charT, traits, Allocator>
        -:  391:operator+(const basic_string<charT, traits, Allocator>& lhs,
        -:  392:          const basic_string<charT, traits, Allocator>& rhs);                                   // constexpr since C++20
        -:  393:
        -:  394:template<class charT, class traits, class Allocator>
        -:  395:basic_string<charT, traits, Allocator>
        -:  396:operator+(const charT* lhs , const basic_string<charT,traits,Allocator>&rhs);                   // constexpr since C++20
        -:  397:
        -:  398:template<class charT, class traits, class Allocator>
        -:  399:basic_string<charT, traits, Allocator>
        -:  400:operator+(charT lhs, const basic_string<charT,traits,Allocator>& rhs);                          // constexpr since C++20
        -:  401:
        -:  402:template<class charT, class traits, class Allocator>
        -:  403:basic_string<charT, traits, Allocator>
        -:  404:operator+(const basic_string<charT, traits, Allocator>& lhs, const charT* rhs);                 // constexpr since C++20
        -:  405:
        -:  406:template<class charT, class traits, class Allocator>
        -:  407:basic_string<charT, traits, Allocator>
        -:  408:operator+(const basic_string<charT, traits, Allocator>& lhs, charT rhs);                        // constexpr since C++20
        -:  409:
        -:  410:template<class charT, class traits, class Allocator>
        -:  411:bool operator==(const basic_string<charT, traits, Allocator>& lhs,
        -:  412:                const basic_string<charT, traits, Allocator>& rhs) noexcept;                    // constexpr since C++20
        -:  413:
        -:  414:template<class charT, class traits, class Allocator>
        -:  415:bool operator==(const charT* lhs, const basic_string<charT, traits, Allocator>& rhs) noexcept;  // removed in C++20
        -:  416:
        -:  417:template<class charT, class traits, class Allocator>
        -:  418:bool operator==(const basic_string<charT,traits,Allocator>& lhs, const charT* rhs) noexcept;    // constexpr since C++20
        -:  419:
        -:  420:template<class charT, class traits, class Allocator>
        -:  421:bool operator!=(const basic_string<charT,traits,Allocator>& lhs,
        -:  422:                const basic_string<charT, traits, Allocator>& rhs) noexcept;                    // removed in C++20
        -:  423:
        -:  424:template<class charT, class traits, class Allocator>
        -:  425:bool operator!=(const charT* lhs, const basic_string<charT, traits, Allocator>& rhs) noexcept;  // removed in C++20
        -:  426:
        -:  427:template<class charT, class traits, class Allocator>
        -:  428:bool operator!=(const basic_string<charT, traits, Allocator>& lhs, const charT* rhs) noexcept;  // removed in C++20
        -:  429:
        -:  430:template<class charT, class traits, class Allocator>
        -:  431:bool operator< (const basic_string<charT, traits, Allocator>& lhs,
        -:  432:                const basic_string<charT, traits, Allocator>& rhs) noexcept;                    // removed in C++20
        -:  433:
        -:  434:template<class charT, class traits, class Allocator>
        -:  435:bool operator< (const basic_string<charT, traits, Allocator>& lhs, const charT* rhs) noexcept;  // removed in C++20
        -:  436:
        -:  437:template<class charT, class traits, class Allocator>
        -:  438:bool operator< (const charT* lhs, const basic_string<charT, traits, Allocator>& rhs) noexcept;  // removed in C++20
        -:  439:
        -:  440:template<class charT, class traits, class Allocator>
        -:  441:bool operator> (const basic_string<charT, traits, Allocator>& lhs,
        -:  442:                const basic_string<charT, traits, Allocator>& rhs) noexcept;                    // removed in C++20
        -:  443:
        -:  444:template<class charT, class traits, class Allocator>
        -:  445:bool operator> (const basic_string<charT, traits, Allocator>& lhs, const charT* rhs) noexcept;  // removed in C++20
        -:  446:
        -:  447:template<class charT, class traits, class Allocator>
        -:  448:bool operator> (const charT* lhs, const basic_string<charT, traits, Allocator>& rhs) noexcept;  // removed in C++20
        -:  449:
        -:  450:template<class charT, class traits, class Allocator>
        -:  451:bool operator<=(const basic_string<charT, traits, Allocator>& lhs,
        -:  452:                const basic_string<charT, traits, Allocator>& rhs) noexcept;                    // removed in C++20
        -:  453:
        -:  454:template<class charT, class traits, class Allocator>
        -:  455:bool operator<=(const basic_string<charT, traits, Allocator>& lhs, const charT* rhs) noexcept;  // removed in C++20
        -:  456:
        -:  457:template<class charT, class traits, class Allocator>
        -:  458:bool operator<=(const charT* lhs, const basic_string<charT, traits, Allocator>& rhs) noexcept;  // removed in C++20
        -:  459:
        -:  460:template<class charT, class traits, class Allocator>
        -:  461:bool operator>=(const basic_string<charT, traits, Allocator>& lhs,
        -:  462:                const basic_string<charT, traits, Allocator>& rhs) noexcept;                    // removed in C++20
        -:  463:
        -:  464:template<class charT, class traits, class Allocator>
        -:  465:bool operator>=(const basic_string<charT, traits, Allocator>& lhs, const charT* rhs) noexcept;  // removed in C++20
        -:  466:
        -:  467:template<class charT, class traits, class Allocator>
        -:  468:bool operator>=(const charT* lhs, const basic_string<charT, traits, Allocator>& rhs) noexcept;  // removed in C++20
        -:  469:
        -:  470:template<class charT, class traits, class Allocator>                                            // since C++20
        -:  471:constexpr see below operator<=>(const basic_string<charT, traits, Allocator>& lhs,
        -:  472:                                const basic_string<charT, traits, Allocator>& rhs) noexcept;
        -:  473:
        -:  474:template<class charT, class traits, class Allocator>                                            // since C++20
        -:  475:constexpr see below operator<=>(const basic_string<charT, traits, Allocator>& lhs,
        -:  476:                                const charT* rhs) noexcept;
        -:  477:
        -:  478:template<class charT, class traits, class Allocator>
        -:  479:void swap(basic_string<charT, traits, Allocator>& lhs,
        -:  480:          basic_string<charT, traits, Allocator>& rhs)
        -:  481:            noexcept(noexcept(lhs.swap(rhs)));                                                  // constexpr since C++20
        -:  482:
        -:  483:template<class charT, class traits, class Allocator>
        -:  484:basic_istream<charT, traits>&
        -:  485:operator>>(basic_istream<charT, traits>& is, basic_string<charT, traits, Allocator>& str);
        -:  486:
        -:  487:template<class charT, class traits, class Allocator>
        -:  488:basic_ostream<charT, traits>&
        -:  489:operator<<(basic_ostream<charT, traits>& os, const basic_string<charT, traits, Allocator>& str);
        -:  490:
        -:  491:template<class charT, class traits, class Allocator>
        -:  492:basic_istream<charT, traits>&
        -:  493:getline(basic_istream<charT, traits>& is, basic_string<charT, traits, Allocator>& str,
        -:  494:        charT delim);
        -:  495:
        -:  496:template<class charT, class traits, class Allocator>
        -:  497:basic_istream<charT, traits>&
        -:  498:getline(basic_istream<charT, traits>& is, basic_string<charT, traits, Allocator>& str);
        -:  499:
        -:  500:template<class charT, class traits, class Allocator, class U>
        -:  501:typename basic_string<charT, traits, Allocator>::size_type
        -:  502:erase(basic_string<charT, traits, Allocator>& c, const U& value);    // C++20
        -:  503:template<class charT, class traits, class Allocator, class Predicate>
        -:  504:typename basic_string<charT, traits, Allocator>::size_type
        -:  505:erase_if(basic_string<charT, traits, Allocator>& c, Predicate pred); // C++20
        -:  506:
        -:  507:typedef basic_string<char>    string;
        -:  508:typedef basic_string<wchar_t> wstring;
        -:  509:typedef basic_string<char8_t> u8string; // C++20
        -:  510:typedef basic_string<char16_t> u16string;
        -:  511:typedef basic_string<char32_t> u32string;
        -:  512:
        -:  513:int                stoi  (const string& str, size_t* idx = nullptr, int base = 10);
        -:  514:long               stol  (const string& str, size_t* idx = nullptr, int base = 10);
        -:  515:unsigned long      stoul (const string& str, size_t* idx = nullptr, int base = 10);
        -:  516:long long          stoll (const string& str, size_t* idx = nullptr, int base = 10);
        -:  517:unsigned long long stoull(const string& str, size_t* idx = nullptr, int base = 10);
        -:  518:
        -:  519:float       stof (const string& str, size_t* idx = nullptr);
        -:  520:double      stod (const string& str, size_t* idx = nullptr);
        -:  521:long double stold(const string& str, size_t* idx = nullptr);
        -:  522:
        -:  523:string to_string(int val);
        -:  524:string to_string(unsigned val);
        -:  525:string to_string(long val);
        -:  526:string to_string(unsigned long val);
        -:  527:string to_string(long long val);
        -:  528:string to_string(unsigned long long val);
        -:  529:string to_string(float val);
        -:  530:string to_string(double val);
        -:  531:string to_string(long double val);
        -:  532:
        -:  533:int                stoi  (const wstring& str, size_t* idx = nullptr, int base = 10);
        -:  534:long               stol  (const wstring& str, size_t* idx = nullptr, int base = 10);
        -:  535:unsigned long      stoul (const wstring& str, size_t* idx = nullptr, int base = 10);
        -:  536:long long          stoll (const wstring& str, size_t* idx = nullptr, int base = 10);
        -:  537:unsigned long long stoull(const wstring& str, size_t* idx = nullptr, int base = 10);
        -:  538:
        -:  539:float       stof (const wstring& str, size_t* idx = nullptr);
        -:  540:double      stod (const wstring& str, size_t* idx = nullptr);
        -:  541:long double stold(const wstring& str, size_t* idx = nullptr);
        -:  542:
        -:  543:wstring to_wstring(int val);
        -:  544:wstring to_wstring(unsigned val);
        -:  545:wstring to_wstring(long val);
        -:  546:wstring to_wstring(unsigned long val);
        -:  547:wstring to_wstring(long long val);
        -:  548:wstring to_wstring(unsigned long long val);
        -:  549:wstring to_wstring(float val);
        -:  550:wstring to_wstring(double val);
        -:  551:wstring to_wstring(long double val);
        -:  552:
        -:  553:template <> struct hash<string>;
        -:  554:template <> struct hash<u8string>; // C++20
        -:  555:template <> struct hash<u16string>;
        -:  556:template <> struct hash<u32string>;
        -:  557:template <> struct hash<wstring>;
        -:  558:
        -:  559:basic_string<char>     operator""s( const char *str,     size_t len );           // C++14, constexpr since C++20
        -:  560:basic_string<wchar_t>  operator""s( const wchar_t *str,  size_t len );           // C++14, constexpr since C++20
        -:  561:constexpr basic_string<char8_t>  operator""s( const char8_t *str,  size_t len ); // C++20
        -:  562:basic_string<char16_t> operator""s( const char16_t *str, size_t len );           // C++14, constexpr since C++20
        -:  563:basic_string<char32_t> operator""s( const char32_t *str, size_t len );           // C++14, constexpr since C++20
        -:  564:
        -:  565:}  // std
        -:  566:
        -:  567:*/
        -:  568:
        -:  569:// clang-format on
        -:  570:
        -:  571:#include <__algorithm/max.h>
        -:  572:#include <__algorithm/min.h>
        -:  573:#include <__algorithm/remove.h>
        -:  574:#include <__algorithm/remove_if.h>
        -:  575:#include <__assert> // all public C++ headers provide the assertion handler
        -:  576:#include <__config>
        -:  577:#include <__format/enable_insertable.h>
        -:  578:#include <__functional/hash.h>
        -:  579:#include <__functional/unary_function.h>
        -:  580:#include <__fwd/string.h>
        -:  581:#include <__ios/fpos.h>
        -:  582:#include <__iterator/distance.h>
        -:  583:#include <__iterator/iterator_traits.h>
        -:  584:#include <__iterator/reverse_iterator.h>
        -:  585:#include <__iterator/wrap_iter.h>
        -:  586:#include <__memory/addressof.h>
        -:  587:#include <__memory/allocate_at_least.h>
        -:  588:#include <__memory/allocator.h>
        -:  589:#include <__memory/allocator_traits.h>
        -:  590:#include <__memory/compressed_pair.h>
        -:  591:#include <__memory/construct_at.h>
        -:  592:#include <__memory/pointer_traits.h>
        -:  593:#include <__memory/swap_allocator.h>
        -:  594:#include <__memory_resource/polymorphic_allocator.h>
        -:  595:#include <__ranges/access.h>
        -:  596:#include <__ranges/concepts.h>
        -:  597:#include <__ranges/container_compatible_range.h>
        -:  598:#include <__ranges/from_range.h>
        -:  599:#include <__ranges/size.h>
        -:  600:#include <__string/char_traits.h>
        -:  601:#include <__string/extern_template_lists.h>
        -:  602:#include <__type_traits/is_allocator.h>
        -:  603:#include <__type_traits/is_array.h>
        -:  604:#include <__type_traits/is_convertible.h>
        -:  605:#include <__type_traits/is_nothrow_default_constructible.h>
        -:  606:#include <__type_traits/is_nothrow_move_assignable.h>
        -:  607:#include <__type_traits/is_same.h>
        -:  608:#include <__type_traits/is_standard_layout.h>
        -:  609:#include <__type_traits/is_trivial.h>
        -:  610:#include <__type_traits/noexcept_move_assign_container.h>
        -:  611:#include <__type_traits/remove_cvref.h>
        -:  612:#include <__type_traits/void_t.h>
        -:  613:#include <__utility/auto_cast.h>
        -:  614:#include <__utility/declval.h>
        -:  615:#include <__utility/forward.h>
        -:  616:#include <__utility/is_pointer_in_range.h>
        -:  617:#include <__utility/move.h>
        -:  618:#include <__utility/swap.h>
        -:  619:#include <__utility/unreachable.h>
        -:  620:#include <climits>
        -:  621:#include <cstdio> // EOF
        -:  622:#include <cstring>
        -:  623:#include <limits>
        -:  624:#include <stdexcept>
        -:  625:#include <string_view>
        -:  626:#include <version>
        -:  627:
        -:  628:#ifndef _LIBCPP_HAS_NO_WIDE_CHARACTERS
        -:  629:#  include <cwchar>
        -:  630:#endif
        -:  631:
        -:  632:// standard-mandated includes
        -:  633:
        -:  634:// [iterator.range]
        -:  635:#include <__iterator/access.h>
        -:  636:#include <__iterator/data.h>
        -:  637:#include <__iterator/empty.h>
        -:  638:#include <__iterator/reverse_access.h>
        -:  639:#include <__iterator/size.h>
        -:  640:
        -:  641:// [string.syn]
        -:  642:#include <compare>
        -:  643:#include <initializer_list>
        -:  644:
        -:  645:#if !defined(_LIBCPP_HAS_NO_PRAGMA_SYSTEM_HEADER)
        -:  646:#  pragma GCC system_header
        -:  647:#endif
        -:  648:
        -:  649:_LIBCPP_PUSH_MACROS
        -:  650:#include <__undef_macros>
        -:  651:
        -:  652:#if !defined(_LIBCPP_HAS_NO_ASAN) && defined(_LIBCPP_INSTRUMENTED_WITH_ASAN)
        -:  653:#  define _LIBCPP_STRING_INTERNAL_MEMORY_ACCESS __attribute__((__no_sanitize__("address")))
        -:  654:// This macro disables AddressSanitizer (ASan) instrumentation for a specific function,
        -:  655:// allowing memory accesses that would normally trigger ASan errors to proceed without crashing.
        -:  656:// This is useful for accessing parts of objects memory, which should not be accessed,
        -:  657:// such as unused bytes in short strings, that should never be accessed
        -:  658:// by other parts of the program.
        -:  659:#else
        -:  660:#  define _LIBCPP_STRING_INTERNAL_MEMORY_ACCESS
        -:  661:#endif
        -:  662:#define _LIBCPP_SHORT_STRING_ANNOTATIONS_ALLOWED false
        -:  663:
        -:  664:_LIBCPP_BEGIN_NAMESPACE_STD
        -:  665:
        -:  666:// basic_string
        -:  667:
        -:  668:template <class _CharT, class _Traits, class _Allocator>
        -:  669:basic_string<_CharT, _Traits, _Allocator> _LIBCPP_HIDE_FROM_ABI _LIBCPP_CONSTEXPR_SINCE_CXX20
        -:  670:operator+(const basic_string<_CharT, _Traits, _Allocator>& __x, const basic_string<_CharT, _Traits, _Allocator>& __y);
        -:  671:
        -:  672:template <class _CharT, class _Traits, class _Allocator>
        -:  673:_LIBCPP_HIDDEN _LIBCPP_CONSTEXPR_SINCE_CXX20 basic_string<_CharT, _Traits, _Allocator>
        -:  674:operator+(const _CharT* __x, const basic_string<_CharT, _Traits, _Allocator>& __y);
        -:  675:
        -:  676:template <class _CharT, class _Traits, class _Allocator>
        -:  677:_LIBCPP_HIDE_FROM_ABI _LIBCPP_CONSTEXPR_SINCE_CXX20 basic_string<_CharT, _Traits, _Allocator>
        -:  678:operator+(_CharT __x, const basic_string<_CharT, _Traits, _Allocator>& __y);
        -:  679:
        -:  680:template <class _CharT, class _Traits, class _Allocator>
        -:  681:inline _LIBCPP_HIDE_FROM_ABI _LIBCPP_CONSTEXPR_SINCE_CXX20 basic_string<_CharT, _Traits, _Allocator>
        -:  682:operator+(const basic_string<_CharT, _Traits, _Allocator>& __x, const _CharT* __y);
        -:  683:
        -:  684:template <class _CharT, class _Traits, class _Allocator>
        -:  685:_LIBCPP_HIDE_FROM_ABI _LIBCPP_CONSTEXPR_SINCE_CXX20 basic_string<_CharT, _Traits, _Allocator>
        -:  686:operator+(const basic_string<_CharT, _Traits, _Allocator>& __x, _CharT __y);
        -:  687:
        -:  688:extern template _LIBCPP_EXPORTED_FROM_ABI string operator+
        -:  689:    <char, char_traits<char>, allocator<char> >(char const*, string const&);
        -:  690:
        -:  691:template <class _Iter>
        -:  692:struct __string_is_trivial_iterator : public false_type {};
        -:  693:
        -:  694:template <class _Tp>
        -:  695:struct __string_is_trivial_iterator<_Tp*> : public is_arithmetic<_Tp> {};
        -:  696:
        -:  697:template <class _Iter>
        -:  698:struct __string_is_trivial_iterator<__wrap_iter<_Iter> > : public __string_is_trivial_iterator<_Iter> {};
        -:  699:
        -:  700:template <class _CharT, class _Traits, class _Tp>
        -:  701:struct __can_be_converted_to_string_view
        -:  702:    : public _BoolConstant< is_convertible<const _Tp&, basic_string_view<_CharT, _Traits> >::value &&
        -:  703:                            !is_convertible<const _Tp&, const _CharT*>::value > {};
        -:  704:
        -:  705:struct __uninitialized_size_tag {};
        -:  706:struct __init_with_sentinel_tag {};
        -:  707:
        -:  708:template <class _CharT, class _Traits, class _Allocator>
        -:  709:class basic_string {
        -:  710:private:
        -:  711:  using __default_allocator_type = allocator<_CharT>;
        -:  712:
        -:  713:public:
        -:  714:  typedef basic_string __self;
        -:  715:  typedef basic_string_view<_CharT, _Traits> __self_view;
        -:  716:  typedef _Traits traits_type;
        -:  717:  typedef _CharT value_type;
        -:  718:  typedef _Allocator allocator_type;
        -:  719:  typedef allocator_traits<allocator_type> __alloc_traits;
        -:  720:  typedef typename __alloc_traits::size_type size_type;
        -:  721:  typedef typename __alloc_traits::difference_type difference_type;
        -:  722:  typedef value_type& reference;
        -:  723:  typedef const value_type& const_reference;
        -:  724:  typedef typename __alloc_traits::pointer pointer;
        -:  725:  typedef typename __alloc_traits::const_pointer const_pointer;
        -:  726:
        -:  727:  static_assert((!is_array<value_type>::value), "Character type of basic_string must not be an array");
        -:  728:  static_assert((is_standard_layout<value_type>::value), "Character type of basic_string must be standard-layout");
        -:  729:  static_assert((is_trivial<value_type>::value), "Character type of basic_string must be trivial");
        -:  730:  static_assert((is_same<_CharT, typename traits_type::char_type>::value),
        -:  731:                "traits_type::char_type must be the same type as CharT");
        -:  732:  static_assert((is_same<typename allocator_type::value_type, value_type>::value),
        -:  733:                "Allocator::value_type must be same type as value_type");
        -:  734:
        -:  735:  static_assert(is_same<allocator_type, __rebind_alloc<__alloc_traits, value_type> >::value,
        -:  736:                "[allocator.requirements] states that rebinding an allocator to the same type should result in the "
        -:  737:                "original allocator");
        -:  738:
        -:  739:  // TODO: Implement iterator bounds checking without requiring the global database.
        -:  740:  typedef __wrap_iter<pointer> iterator;
        -:  741:  typedef __wrap_iter<const_pointer> const_iterator;
        -:  742:  typedef std::reverse_iterator<iterator> reverse_iterator;
        -:  743:  typedef std::reverse_iterator<const_iterator> const_reverse_iterator;
        -:  744:
        -:  745:private:
        -:  746:  static_assert(CHAR_BIT == 8, "This implementation assumes that one byte contains 8 bits");
        -:  747:
        -:  748:#ifdef _LIBCPP_ABI_ALTERNATE_STRING_LAYOUT
        -:  749:
        -:  750:  struct __long {
        -:  751:    pointer __data_;
        -:  752:    size_type __size_;
        -:  753:    size_type __cap_ : sizeof(size_type) * CHAR_BIT - 1;
        -:  754:    size_type __is_long_ : 1;
        -:  755:  };
        -:  756:
        -:  757:  enum { __min_cap = (sizeof(__long) - 1) / sizeof(value_type) > 2 ? (sizeof(__long) - 1) / sizeof(value_type) : 2 };
        -:  758:
        -:  759:  struct __short {
        -:  760:    value_type __data_[__min_cap];
        -:  761:    unsigned char __padding_[sizeof(value_type) - 1];
        -:  762:    unsigned char __size_    : 7;
        -:  763:    unsigned char __is_long_ : 1;
        -:  764:  };
        -:  765:
        -:  766:  // The __endian_factor is required because the field we use to store the size
        -:  767:  // has one fewer bit than it would if it were not a bitfield.
        -:  768:  //
        -:  769:  // If the LSB is used to store the short-flag in the short string representation,
        -:  770:  // we have to multiply the size by two when it is stored and divide it by two when
        -:  771:  // it is loaded to make sure that we always store an even number. In the long string
        -:  772:  // representation, we can ignore this because we can assume that we always allocate
        -:  773:  // an even amount of value_types.
        -:  774:  //
        -:  775:  // If the MSB is used for the short-flag, the max_size() is numeric_limits<size_type>::max() / 2.
        -:  776:  // This does not impact the short string representation, since we never need the MSB
        -:  777:  // for representing the size of a short string anyway.
        -:  778:
        -:  779:#  ifdef _LIBCPP_BIG_ENDIAN
        -:  780:  static const size_type __endian_factor = 2;
        -:  781:#  else
        -:  782:  static const size_type __endian_factor = 1;
        -:  783:#  endif
        -:  784:
        -:  785:#else // _LIBCPP_ABI_ALTERNATE_STRING_LAYOUT
        -:  786:
        -:  787:#  ifdef _LIBCPP_BIG_ENDIAN
        -:  788:  static const size_type __endian_factor = 1;
        -:  789:#  else
        -:  790:  static const size_type __endian_factor = 2;
        -:  791:#  endif
        -:  792:
        -:  793:  // Attribute 'packed' is used to keep the layout compatible with the
        -:  794:  // previous definition that did not use bit fields. This is because on
        -:  795:  // some platforms bit fields have a default size rather than the actual
        -:  796:  // size used, e.g., it is 4 bytes on AIX. See D128285 for details.
        -:  797:  struct __long {
        -:  798:    struct _LIBCPP_PACKED {
        -:  799:      size_type __is_long_ : 1;
        -:  800:      size_type __cap_ : sizeof(size_type) * CHAR_BIT - 1;
        -:  801:    };
        -:  802:    size_type __size_;
        -:  803:    pointer __data_;
        -:  804:  };
        -:  805:
        -:  806:  enum { __min_cap = (sizeof(__long) - 1) / sizeof(value_type) > 2 ? (sizeof(__long) - 1) / sizeof(value_type) : 2 };
        -:  807:
        -:  808:  struct __short {
        -:  809:    struct _LIBCPP_PACKED {
        -:  810:      unsigned char __is_long_ : 1;
        -:  811:      unsigned char __size_    : 7;
        -:  812:    };
        -:  813:    char __padding_[sizeof(value_type) - 1];
        -:  814:    value_type __data_[__min_cap];
        -:  815:  };
        -:  816:
        -:  817:#endif // _LIBCPP_ABI_ALTERNATE_STRING_LAYOUT
        -:  818:
        -:  819:  static_assert(sizeof(__short) == (sizeof(value_type) * (__min_cap + 1)), "__short has an unexpected size.");
        -:  820:
        -:  821:  union __ulx {
        -:  822:    __long __lx;
        -:  823:    __short __lxx;
        -:  824:  };
        -:  825:
        -:  826:  enum { __n_words = sizeof(__ulx) / sizeof(size_type) };
        -:  827:
        -:  828:  struct __raw {
        -:  829:    size_type __words[__n_words];
        -:  830:  };
        -:  831:
        -:  832:  struct __rep {
        -:  833:    union {
        -:  834:      __short __s;
        -:  835:      __long __l;
        -:  836:      __raw __r;
        -:  837:    };
        -:  838:  };
        -:  839:
        -:  840:  __compressed_pair<__rep, allocator_type> __r_;
        -:  841:
        -:  842:  // Construct a string with the given allocator and enough storage to hold `__size` characters, but
        -:  843:  // don't initialize the characters. The contents of the string, including the null terminator, must be
        -:  844:  // initialized separately.
function _ZNSt3__112basic_stringIcNS_11char_traitsIcEENS_9allocatorIcEEEC1B8ne180100ENS_24__uninitialized_size_tagEmRKS4_ called 36 returned 100% blocks executed 100%
function _ZNSt3__112basic_stringIcNS_11char_traitsIcEENS_9allocatorIcEEEC2B8ne180100ENS_24__uninitialized_size_tagEmRKS4_ called 36 returned 100% blocks executed 66%
       72:  845:  _LIBCPP_HIDE_FROM_ABI _LIBCPP_CONSTEXPR_SINCE_CXX20 explicit basic_string(
        -:  846:      __uninitialized_size_tag, size_type __size, const allocator_type& __a)
       72:  847:      : __r_(__default_init_tag(), __a) {
       36:  848:    if (__size > max_size())
       36:  848-block  0
branch  0 taken 0
branch  1 taken 36
    #####:  849:      __throw_length_error();
    $$$$$:  849-block  0
       36:  850:    if (__fits_in_sso(__size)) {
       36:  850-block  0
branch  0 taken 36
branch  1 taken 0
       36:  851:      __r_.first() = __rep();
       36:  852:      __set_short_size(__size);
       36:  853:    } else {
       36:  853-block  0
    #####:  854:      auto __capacity   = __recommend(__size) + 1;
    #####:  855:      auto __allocation = __alloc_traits::allocate(__alloc(), __capacity);
    #####:  856:      __begin_lifetime(__allocation, __capacity);
    #####:  857:      __set_long_cap(__capacity);
    #####:  858:      __set_long_pointer(__allocation);
    #####:  859:      __set_long_size(__size);
    $$$$$:  859-block  0
        -:  860:    }
       36:  861:    __annotate_new(__size);
       72:  862:  }
       36:  862-block  0
       36:  862-block  1
        -:  863:
        -:  864:  template <class _Iter, class _Sent>
        -:  865:  _LIBCPP_HIDE_FROM_ABI _LIBCPP_CONSTEXPR_SINCE_CXX20
        -:  866:  basic_string(__init_with_sentinel_tag, _Iter __first, _Sent __last, const allocator_type& __a)
        -:  867:      : __r_(__default_init_tag(), __a) {
        -:  868:    __init_with_sentinel(std::move(__first), std::move(__last));
        -:  869:  }
        -:  870:
function _ZNSt3__112basic_stringIcNS_11char_traitsIcEENS_9allocatorIcEEE15__make_iteratorB8ne180100EPc called 696 returned 100% blocks executed 100%
      696:  871:  _LIBCPP_HIDE_FROM_ABI _LIBCPP_CONSTEXPR_SINCE_CXX20 iterator __make_iterator(pointer __p) { return iterator(__p); }
      696:  871-block  0
        -:  872:
function _ZNKSt3__112basic_stringIcNS_11char_traitsIcEENS_9allocatorIcEEE21__make_const_iteratorB8ne180100EPKc called 66 returned 100% blocks executed 100%
       66:  873:  _LIBCPP_HIDE_FROM_ABI _LIBCPP_CONSTEXPR_SINCE_CXX20 const_iterator __make_const_iterator(const_pointer __p) const {
       66:  874:    return const_iterator(__p);
       66:  874-block  0
        -:  875:  }
        -:  876:
        -:  877:public:
        -:  878:  _LIBCPP_TEMPLATE_DATA_VIS static const size_type npos = -1;
        -:  879:
function _ZNSt3__112basic_stringIcNS_11char_traitsIcEENS_9allocatorIcEEEC1B8ne180100Ev called 0 returned 0% blocks executed 0%
function _ZNSt3__112basic_stringIcNS_11char_traitsIcEENS_9allocatorIcEEEC2B8ne180100Ev called 0 returned 0% blocks executed 0%
    #####:  880:  _LIBCPP_HIDE_FROM_ABI _LIBCPP_CONSTEXPR_SINCE_CXX20 basic_string()
        -:  881:      _NOEXCEPT_(is_nothrow_default_constructible<allocator_type>::value)
    #####:  882:      : __r_(__value_init_tag(), __default_init_tag()) {
    $$$$$:  882-block  0
branch  0 never executed
branch  1 never executed
    $$$$$:  882-block  1
    #####:  883:    __annotate_new(0);
    #####:  884:  }
    $$$$$:  884-block  0
    $$$$$:  884-block  1
        -:  885:
        -:  886:  _LIBCPP_HIDE_FROM_ABI _LIBCPP_CONSTEXPR_SINCE_CXX20 explicit basic_string(const allocator_type& __a)
        -:  887:#if _LIBCPP_STD_VER <= 14
        -:  888:      _NOEXCEPT_(is_nothrow_copy_constructible<allocator_type>::value)
        -:  889:#else
        -:  890:      _NOEXCEPT
        -:  891:#endif
        -:  892:      : __r_(__value_init_tag(), __a) {
        -:  893:    __annotate_new(0);
        -:  894:  }
        -:  895:
        -:  896:  _LIBCPP_CONSTEXPR_SINCE_CXX20 _LIBCPP_STRING_INTERNAL_MEMORY_ACCESS basic_string(const basic_string& __str)
        -:  897:      : __r_(__default_init_tag(), __alloc_traits::select_on_container_copy_construction(__str.__alloc())) {
        -:  898:    if (!__str.__is_long()) {
        -:  899:      __r_.first() = __str.__r_.first();
        -:  900:      __annotate_new(__get_short_size());
        -:  901:    } else
        -:  902:      __init_copy_ctor_external(std::__to_address(__str.__get_long_pointer()), __str.__get_long_size());
        -:  903:  }
        -:  904:
        -:  905:  _LIBCPP_CONSTEXPR_SINCE_CXX20 _LIBCPP_STRING_INTERNAL_MEMORY_ACCESS
        -:  906:  basic_string(const basic_string& __str, const allocator_type& __a)
        -:  907:      : __r_(__default_init_tag(), __a) {
        -:  908:    if (!__str.__is_long()) {
        -:  909:      __r_.first() = __str.__r_.first();
        -:  910:      __annotate_new(__get_short_size());
        -:  911:    } else
        -:  912:      __init_copy_ctor_external(std::__to_address(__str.__get_long_pointer()), __str.__get_long_size());
        -:  913:  }
        -:  914:
        -:  915:#ifndef _LIBCPP_CXX03_LANG
function _ZNSt3__112basic_stringIcNS_11char_traitsIcEENS_9allocatorIcEEEC1B8ne180100EOS5_ called 0 returned 0% blocks executed 0%
function _ZNSt3__112basic_stringIcNS_11char_traitsIcEENS_9allocatorIcEEEC2B8ne180100EOS5_ called 0 returned 0% blocks executed 0%
    #####:  916:  _LIBCPP_HIDE_FROM_ABI _LIBCPP_CONSTEXPR_SINCE_CXX20 basic_string(basic_string&& __str)
        -:  917:#  if _LIBCPP_STD_VER <= 14
        -:  918:      _NOEXCEPT_(is_nothrow_move_constructible<allocator_type>::value)
        -:  919:#  else
        -:  920:      _NOEXCEPT
        -:  921:#  endif
        -:  922:      // Turning off ASan instrumentation for variable initialization with _LIBCPP_STRING_INTERNAL_MEMORY_ACCESS
        -:  923:      // does not work consistently during initialization of __r_, so we instead unpoison __str's memory manually first.
        -:  924:      // __str's memory needs to be unpoisoned only in the case where it's a short string.
function _ZZNSt3__112basic_stringIcNS_11char_traitsIcEENS_9allocatorIcEEEC1B8ne180100EOS5_ENKUlRS5_E_clES7_ called 0 returned 0% blocks executed 0%
    #####:  925:      : __r_([](basic_string &__s) -> decltype(__s.__r_)&& { if(!__s.__is_long()) __s.__annotate_delete(); return std::move(__s.__r_); }(__str)) {
    $$$$$:  925-block  0
branch  0 never executed
branch  1 never executed
    $$$$$:  925-block  1
    $$$$$:  925-block  2
    $$$$$:  925-block  3
    $$$$$:  925-block  4
    $$$$$:  925-block  5
    #####:  926:    __str.__r_.first() = __rep();
    #####:  927:    __str.__annotate_new(0);
    #####:  928:    if (!__is_long())
    $$$$$:  928-block  0
    $$$$$:  928-block  1
    #####:  929:      __annotate_new(size());
    $$$$$:  929-block  0
    #####:  930:  }
    $$$$$:  930-block  0
    $$$$$:  930-block  1
        -:  931:
        -:  932:  _LIBCPP_HIDE_FROM_ABI _LIBCPP_CONSTEXPR_SINCE_CXX20 basic_string(basic_string&& __str, const allocator_type& __a)
        -:  933:      : __r_(__default_init_tag(), __a) {
        -:  934:    if (__str.__is_long() && __a != __str.__alloc()) // copy, not move
        -:  935:      __init(std::__to_address(__str.__get_long_pointer()), __str.__get_long_size());
        -:  936:    else {
        -:  937:      if (__libcpp_is_constant_evaluated())
        -:  938:        __r_.first() = __rep();
        -:  939:      if (!__str.__is_long())
        -:  940:        __str.__annotate_delete();
        -:  941:      __r_.first()       = __str.__r_.first();
        -:  942:      __str.__r_.first() = __rep();
        -:  943:      __str.__annotate_new(0);
        -:  944:      if (!__is_long() && this != &__str)
        -:  945:        __annotate_new(size());
        -:  946:    }
        -:  947:  }
        -:  948:#endif // _LIBCPP_CXX03_LANG
        -:  949:
        -:  950:  template <__enable_if_t<__is_allocator<_Allocator>::value, int> = 0>
function _ZNSt3__112basic_stringIcNS_11char_traitsIcEENS_9allocatorIcEEEC1B8ne180100ILi0EEEPKc called 0 returned 0% blocks executed 0%
function _ZNSt3__112basic_stringIcNS_11char_traitsIcEENS_9allocatorIcEEEC2B8ne180100ILi0EEEPKc called 0 returned 0% blocks executed 0%
function _ZNSt3__112basic_stringIwNS_11char_traitsIwEENS_9allocatorIwEEEC1B8ne180100ILi0EEEPKw called 0 returned 0% blocks executed 0%
function _ZNSt3__112basic_stringIwNS_11char_traitsIwEENS_9allocatorIwEEEC2B8ne180100ILi0EEEPKw called 0 returned 0% blocks executed 0%
    #####:  951:  _LIBCPP_HIDE_FROM_ABI _LIBCPP_CONSTEXPR_SINCE_CXX20 basic_string(const _CharT* __s)
    #####:  952:      : __r_(__default_init_tag(), __default_init_tag()) {
        -:  953:    _LIBCPP_ASSERT_NON_NULL(__s != nullptr, "basic_string(const char*) detected nullptr");
    #####:  954:    __init(__s, traits_type::length(__s));
    #####:  955:  }
    $$$$$:  955-block  0
    $$$$$:  955-block  1
    $$$$$:  955-block  2
    $$$$$:  955-block  3
        -:  956:
        -:  957:  template <__enable_if_t<__is_allocator<_Allocator>::value, int> = 0>
        -:  958:  _LIBCPP_HIDE_FROM_ABI _LIBCPP_CONSTEXPR_SINCE_CXX20 basic_string(const _CharT* __s, const _Allocator& __a)
        -:  959:      : __r_(__default_init_tag(), __a) {
        -:  960:    _LIBCPP_ASSERT_NON_NULL(__s != nullptr, "basic_string(const char*, allocator) detected nullptr");
        -:  961:    __init(__s, traits_type::length(__s));
        -:  962:  }
        -:  963:
        -:  964:#if _LIBCPP_STD_VER >= 23
        -:  965:  basic_string(nullptr_t) = delete;
        -:  966:#endif
        -:  967:
function _ZNSt3__112basic_stringIcNS_11char_traitsIcEENS_9allocatorIcEEEC1B8ne180100EPKcm called 1 returned 100% blocks executed 100%
function _ZNSt3__112basic_stringIcNS_11char_traitsIcEENS_9allocatorIcEEEC2B8ne180100EPKcm called 1 returned 100% blocks executed 100%
        2:  968:  _LIBCPP_HIDE_FROM_ABI _LIBCPP_CONSTEXPR_SINCE_CXX20 basic_string(const _CharT* __s, size_type __n)
        2:  969:      : __r_(__default_init_tag(), __default_init_tag()) {
        -:  970:    _LIBCPP_ASSERT_NON_NULL(__n == 0 || __s != nullptr, "basic_string(const char*, n) detected nullptr");
        1:  971:    __init(__s, __n);
        2:  972:  }
        1:  972-block  0
        1:  972-block  1
        -:  973:
        -:  974:  _LIBCPP_HIDE_FROM_ABI _LIBCPP_CONSTEXPR_SINCE_CXX20
        -:  975:  basic_string(const _CharT* __s, size_type __n, const _Allocator& __a)
        -:  976:      : __r_(__default_init_tag(), __a) {
        -:  977:    _LIBCPP_ASSERT_NON_NULL(__n == 0 || __s != nullptr, "basic_string(const char*, n, allocator) detected nullptr");
        -:  978:    __init(__s, __n);
        -:  979:  }
        -:  980:
function _ZNSt3__112basic_stringIcNS_11char_traitsIcEENS_9allocatorIcEEEC1B8ne180100Emc called 0 returned 0% blocks executed 0%
function _ZNSt3__112basic_stringIcNS_11char_traitsIcEENS_9allocatorIcEEEC2B8ne180100Emc called 0 returned 0% blocks executed 0%
    #####:  981:  _LIBCPP_HIDE_FROM_ABI _LIBCPP_CONSTEXPR_SINCE_CXX20 basic_string(size_type __n, _CharT __c)
    #####:  982:      : __r_(__default_init_tag(), __default_init_tag()) {
    #####:  983:    __init(__n, __c);
    #####:  984:  }
    $$$$$:  984-block  0
    $$$$$:  984-block  1
        -:  985:
        -:  986:#if _LIBCPP_STD_VER >= 23
        -:  987:  _LIBCPP_HIDE_FROM_ABI constexpr basic_string(
        -:  988:      basic_string&& __str, size_type __pos, const _Allocator& __alloc = _Allocator())
        -:  989:      : basic_string(std::move(__str), __pos, npos, __alloc) {}
        -:  990:
        -:  991:  _LIBCPP_HIDE_FROM_ABI constexpr basic_string(
        -:  992:      basic_string&& __str, size_type __pos, size_type __n, const _Allocator& __alloc = _Allocator())
        -:  993:      : __r_(__default_init_tag(), __alloc) {
        -:  994:    if (__pos > __str.size())
        -:  995:      __throw_out_of_range();
        -:  996:
        -:  997:    auto __len = std::min<size_type>(__n, __str.size() - __pos);
        -:  998:    if (__alloc_traits::is_always_equal::value || __alloc == __str.__alloc()) {
        -:  999:      __move_assign(std::move(__str), __pos, __len);
        -: 1000:    } else {
        -: 1001:      // Perform a copy because the allocators are not compatible.
        -: 1002:      __init(__str.data() + __pos, __len);
        -: 1003:    }
        -: 1004:  }
        -: 1005:#endif
        -: 1006:
        -: 1007:  template <__enable_if_t<__is_allocator<_Allocator>::value, int> = 0>
        -: 1008:  _LIBCPP_HIDE_FROM_ABI _LIBCPP_CONSTEXPR_SINCE_CXX20 basic_string(size_type __n, _CharT __c, const _Allocator& __a)
        -: 1009:      : __r_(__default_init_tag(), __a) {
        -: 1010:    __init(__n, __c);
        -: 1011:  }
        -: 1012:
        -: 1013:  _LIBCPP_CONSTEXPR_SINCE_CXX20
        -: 1014:  basic_string(const basic_string& __str, size_type __pos, size_type __n, const _Allocator& __a = _Allocator())
        -: 1015:      : __r_(__default_init_tag(), __a) {
        -: 1016:    size_type __str_sz = __str.size();
        -: 1017:    if (__pos > __str_sz)
        -: 1018:      __throw_out_of_range();
        -: 1019:    __init(__str.data() + __pos, std::min(__n, __str_sz - __pos));
        -: 1020:  }
        -: 1021:
        -: 1022:  _LIBCPP_HIDE_FROM_ABI _LIBCPP_CONSTEXPR_SINCE_CXX20
        -: 1023:  basic_string(const basic_string& __str, size_type __pos, const _Allocator& __a = _Allocator())
        -: 1024:      : __r_(__default_init_tag(), __a) {
        -: 1025:    size_type __str_sz = __str.size();
        -: 1026:    if (__pos > __str_sz)
        -: 1027:      __throw_out_of_range();
        -: 1028:    __init(__str.data() + __pos, __str_sz - __pos);
        -: 1029:  }
        -: 1030:
        -: 1031:  template <class _Tp,
        -: 1032:            __enable_if_t<__can_be_converted_to_string_view<_CharT, _Traits, _Tp>::value &&
        -: 1033:                              !__is_same_uncvref<_Tp, basic_string>::value,
        -: 1034:                          int> = 0>
        -: 1035:  _LIBCPP_METHOD_TEMPLATE_IMPLICIT_INSTANTIATION_VIS _LIBCPP_CONSTEXPR_SINCE_CXX20
        -: 1036:  basic_string(const _Tp& __t, size_type __pos, size_type __n, const allocator_type& __a = allocator_type())
        -: 1037:      : __r_(__default_init_tag(), __a) {
        -: 1038:    __self_view __sv0 = __t;
        -: 1039:    __self_view __sv  = __sv0.substr(__pos, __n);
        -: 1040:    __init(__sv.data(), __sv.size());
        -: 1041:  }
        -: 1042:
        -: 1043:  template <class _Tp,
        -: 1044:            __enable_if_t<__can_be_converted_to_string_view<_CharT, _Traits, _Tp>::value &&
        -: 1045:                              !__is_same_uncvref<_Tp, basic_string>::value,
        -: 1046:                          int> = 0>
        -: 1047:  _LIBCPP_METHOD_TEMPLATE_IMPLICIT_INSTANTIATION_VIS _LIBCPP_CONSTEXPR_SINCE_CXX20 explicit basic_string(const _Tp& __t)
        -: 1048:      : __r_(__default_init_tag(), __default_init_tag()) {
        -: 1049:    __self_view __sv = __t;
        -: 1050:    __init(__sv.data(), __sv.size());
        -: 1051:  }
        -: 1052:
        -: 1053:  template <class _Tp,
        -: 1054:            __enable_if_t<__can_be_converted_to_string_view<_CharT, _Traits, _Tp>::value &&
        -: 1055:                              !__is_same_uncvref<_Tp, basic_string>::value,
        -: 1056:                          int> = 0>
        -: 1057:  _LIBCPP_METHOD_TEMPLATE_IMPLICIT_INSTANTIATION_VIS _LIBCPP_CONSTEXPR_SINCE_CXX20 explicit basic_string(
        -: 1058:      const _Tp& __t, const allocator_type& __a)
        -: 1059:      : __r_(__default_init_tag(), __a) {
        -: 1060:    __self_view __sv = __t;
        -: 1061:    __init(__sv.data(), __sv.size());
        -: 1062:  }
        -: 1063:
        -: 1064:  template <class _InputIterator, __enable_if_t<__has_input_iterator_category<_InputIterator>::value, int> = 0>
function _ZNSt3__112basic_stringIcNS_11char_traitsIcEENS_9allocatorIcEEEC1B8ne180100IPKcLi0EEET_S9_ called 0 returned 0% blocks executed 0%
function _ZNSt3__112basic_stringIcNS_11char_traitsIcEENS_9allocatorIcEEEC2B8ne180100IPKcLi0EEET_S9_ called 0 returned 0% blocks executed 0%
    #####: 1065:  _LIBCPP_HIDE_FROM_ABI _LIBCPP_CONSTEXPR_SINCE_CXX20 basic_string(_InputIterator __first, _InputIterator __last)
    #####: 1066:      : __r_(__default_init_tag(), __default_init_tag()) {
    #####: 1067:    __init(__first, __last);
    #####: 1068:  }
    $$$$$: 1068-block  0
    $$$$$: 1068-block  1
        -: 1069:
        -: 1070:  template <class _InputIterator, __enable_if_t<__has_input_iterator_category<_InputIterator>::value, int> = 0>
        -: 1071:  _LIBCPP_HIDE_FROM_ABI _LIBCPP_CONSTEXPR_SINCE_CXX20
        -: 1072:  basic_string(_InputIterator __first, _InputIterator __last, const allocator_type& __a)
        -: 1073:      : __r_(__default_init_tag(), __a) {
        -: 1074:    __init(__first, __last);
        -: 1075:  }
        -: 1076:
        -: 1077:#if _LIBCPP_STD_VER >= 23
        -: 1078:  template <_ContainerCompatibleRange<_CharT> _Range>
        -: 1079:  _LIBCPP_HIDE_FROM_ABI constexpr basic_string(
        -: 1080:      from_range_t, _Range&& __range, const allocator_type& __a = allocator_type())
        -: 1081:      : __r_(__default_init_tag(), __a) {
        -: 1082:    if constexpr (ranges::forward_range<_Range> || ranges::sized_range<_Range>) {
        -: 1083:      __init_with_size(ranges::begin(__range), ranges::end(__range), ranges::distance(__range));
        -: 1084:    } else {
        -: 1085:      __init_with_sentinel(ranges::begin(__range), ranges::end(__range));
        -: 1086:    }
        -: 1087:  }
        -: 1088:#endif
        -: 1089:
        -: 1090:#ifndef _LIBCPP_CXX03_LANG
        -: 1091:  _LIBCPP_HIDE_FROM_ABI _LIBCPP_CONSTEXPR_SINCE_CXX20 basic_string(initializer_list<_CharT> __il)
        -: 1092:      : __r_(__default_init_tag(), __default_init_tag()) {
        -: 1093:    __init(__il.begin(), __il.end());
        -: 1094:  }
[...]
        -: 3882:operator+(const _CharT* __lhs, const basic_string<_CharT, _Traits, _Allocator>& __rhs) {
        -: 3883:  using _String = basic_string<_CharT, _Traits, _Allocator>;
        -: 3884:  auto __lhs_sz = _Traits::length(__lhs);
        -: 3885:  auto __rhs_sz = __rhs.size();
        -: 3886:  _String __r(__uninitialized_size_tag(),
        -: 3887:              __lhs_sz + __rhs_sz,
        -: 3888:              _String::__alloc_traits::select_on_container_copy_construction(__rhs.get_allocator()));
        -: 3889:  auto __ptr = std::__to_address(__r.__get_pointer());
        -: 3890:  _Traits::copy(__ptr, __lhs, __lhs_sz);
        -: 3891:  _Traits::copy(__ptr + __lhs_sz, __rhs.data(), __rhs_sz);
        -: 3892:  _Traits::assign(__ptr + __lhs_sz + __rhs_sz, 1, _CharT());
        -: 3893:  return __r;
        -: 3894:}
        -: 3895:
        -: 3896:template <class _CharT, class _Traits, class _Allocator>
        -: 3897:_LIBCPP_HIDE_FROM_ABI _LIBCPP_CONSTEXPR_SINCE_CXX20 basic_string<_CharT, _Traits, _Allocator>
        -: 3898:operator+(_CharT __lhs, const basic_string<_CharT, _Traits, _Allocator>& __rhs) {
        -: 3899:  using _String                        = basic_string<_CharT, _Traits, _Allocator>;
        -: 3900:  typename _String::size_type __rhs_sz = __rhs.size();
        -: 3901:  _String __r(__uninitialized_size_tag(),
        -: 3902:              __rhs_sz + 1,
        -: 3903:              _String::__alloc_traits::select_on_container_copy_construction(__rhs.get_allocator()));
        -: 3904:  auto __ptr = std::__to_address(__r.__get_pointer());
        -: 3905:  _Traits::assign(__ptr, 1, __lhs);
        -: 3906:  _Traits::copy(__ptr + 1, __rhs.data(), __rhs_sz);
        -: 3907:  _Traits::assign(__ptr + 1 + __rhs_sz, 1, _CharT());
        -: 3908:  return __r;
        -: 3909:}
        -: 3910:
        -: 3911:template <class _CharT, class _Traits, class _Allocator>
        -: 3912:inline _LIBCPP_CONSTEXPR_SINCE_CXX20 basic_string<_CharT, _Traits, _Allocator>
function _ZNSt3__1plB8ne180100IcNS_11char_traitsIcEENS_9allocatorIcEEEENS_12basic_stringIT_T0_T1_EERKS9_PKS6_ called 36 returned 100% blocks executed 50%
       36: 3913:operator+(const basic_string<_CharT, _Traits, _Allocator>& __lhs, const _CharT* __rhs) {
        -: 3914:  using _String                        = basic_string<_CharT, _Traits, _Allocator>;
       36: 3915:  typename _String::size_type __lhs_sz = __lhs.size();
       36: 3916:  typename _String::size_type __rhs_sz = _Traits::length(__rhs);
       72: 3917:  _String __r(__uninitialized_size_tag(),
       36: 3918:              __lhs_sz + __rhs_sz,
       36: 3919:              _String::__alloc_traits::select_on_container_copy_construction(__lhs.get_allocator()));
       36: 3920:  auto __ptr = std::__to_address(__r.__get_pointer());
       36: 3921:  _Traits::copy(__ptr, __lhs.data(), __lhs_sz);
       36: 3922:  _Traits::copy(__ptr + __lhs_sz, __rhs, __rhs_sz);
       36: 3923:  _Traits::assign(__ptr + __lhs_sz + __rhs_sz, 1, _CharT());
       36: 3924:  return __r;
       36: 3925:}
    $$$$$: 3925-block  0
       36: 3925-block  1
    $$$$$: 3925-block  2
       36: 3925-block  3
        -: 3926:
        -: 3927:template <class _CharT, class _Traits, class _Allocator>
        -: 3928:_LIBCPP_HIDE_FROM_ABI _LIBCPP_CONSTEXPR_SINCE_CXX20 basic_string<_CharT, _Traits, _Allocator>
function _ZNSt3__1plB8ne180100IcNS_11char_traitsIcEENS_9allocatorIcEEEENS_12basic_stringIT_T0_T1_EERKS9_S6_ called 0 returned 0% blocks executed 0%
    #####: 3929:operator+(const basic_string<_CharT, _Traits, _Allocator>& __lhs, _CharT __rhs) {
        -: 3930:  using _String                        = basic_string<_CharT, _Traits, _Allocator>;
    #####: 3931:  typename _String::size_type __lhs_sz = __lhs.size();
    #####: 3932:  _String __r(__uninitialized_size_tag(),
    #####: 3933:              __lhs_sz + 1,
    #####: 3934:              _String::__alloc_traits::select_on_container_copy_construction(__lhs.get_allocator()));
    #####: 3935:  auto __ptr = std::__to_address(__r.__get_pointer());
    #####: 3936:  _Traits::copy(__ptr, __lhs.data(), __lhs_sz);
    #####: 3937:  _Traits::assign(__ptr + __lhs_sz, 1, __rhs);
    #####: 3938:  _Traits::assign(__ptr + 1 + __lhs_sz, 1, _CharT());
    #####: 3939:  return __r;
    #####: 3940:}
    $$$$$: 3940-block  0
    $$$$$: 3940-block  1
    $$$$$: 3940-block  2
    $$$$$: 3940-block  3
        -: 3941:
        -: 3942:#ifndef _LIBCPP_CXX03_LANG
        -: 3943:
        -: 3944:template <class _CharT, class _Traits, class _Allocator>
        -: 3945:inline _LIBCPP_HIDE_FROM_ABI _LIBCPP_CONSTEXPR_SINCE_CXX20 basic_string<_CharT, _Traits, _Allocator>
function _ZNSt3__1plB8ne180100IcNS_11char_traitsIcEENS_9allocatorIcEEEENS_12basic_stringIT_T0_T1_EEOS9_RKS9_ called 36 returned 100% blocks executed 100%
       36: 3946:operator+(basic_string<_CharT, _Traits, _Allocator>&& __lhs, const basic_string<_CharT, _Traits, _Allocator>& __rhs) {
       36: 3947:  return std::move(__lhs.append(__rhs));
       36: 3947-block  0
        -: 3948:}
        -: 3949:
        -: 3950:template <class _CharT, class _Traits, class _Allocator>
        -: 3951:inline _LIBCPP_HIDE_FROM_ABI _LIBCPP_CONSTEXPR_SINCE_CXX20 basic_string<_CharT, _Traits, _Allocator>
        -: 3952:operator+(const basic_string<_CharT, _Traits, _Allocator>& __lhs, basic_string<_CharT, _Traits, _Allocator>&& __rhs) {
        -: 3953:  return std::move(__rhs.insert(0, __lhs));
        -: 3954:}
        -: 3955:
        -: 3956:template <class _CharT, class _Traits, class _Allocator>
        -: 3957:inline _LIBCPP_HIDE_FROM_ABI _LIBCPP_CONSTEXPR_SINCE_CXX20 basic_string<_CharT, _Traits, _Allocator>
function _ZNSt3__1plB8ne180100IcNS_11char_traitsIcEENS_9allocatorIcEEEENS_12basic_stringIT_T0_T1_EEOS9_SA_ called 0 returned 0% blocks executed 0%
    #####: 3958:operator+(basic_string<_CharT, _Traits, _Allocator>&& __lhs, basic_string<_CharT, _Traits, _Allocator>&& __rhs) {
    #####: 3959:  return std::move(__lhs.append(__rhs));
    $$$$$: 3959-block  0
        -: 3960:}
        -: 3961:
        -: 3962:template <class _CharT, class _Traits, class _Allocator>
        -: 3963:inline _LIBCPP_HIDE_FROM_ABI _LIBCPP_CONSTEXPR_SINCE_CXX20 basic_string<_CharT, _Traits, _Allocator>
function _ZNSt3__1plB8ne180100IcNS_11char_traitsIcEENS_9allocatorIcEEEENS_12basic_stringIT_T0_T1_EEPKS6_OS9_ called 0 returned 0% blocks executed 0%
    #####: 3964:operator+(const _CharT* __lhs, basic_string<_CharT, _Traits, _Allocator>&& __rhs) {
    #####: 3965:  return std::move(__rhs.insert(0, __lhs));
    $$$$$: 3965-block  0
        -: 3966:}
        -: 3967:
        -: 3968:template <class _CharT, class _Traits, class _Allocator>
        -: 3969:inline _LIBCPP_HIDE_FROM_ABI _LIBCPP_CONSTEXPR_SINCE_CXX20 basic_string<_CharT, _Traits, _Allocator>
        -: 3970:operator+(_CharT __lhs, basic_string<_CharT, _Traits, _Allocator>&& __rhs) {
        -: 3971:  __rhs.insert(__rhs.begin(), __lhs);
        -: 3972:  return std::move(__rhs);
        -: 3973:}
        -: 3974:
        -: 3975:template <class _CharT, class _Traits, class _Allocator>
        -: 3976:inline _LIBCPP_HIDE_FROM_ABI _LIBCPP_CONSTEXPR_SINCE_CXX20 basic_string<_CharT, _Traits, _Allocator>
function _ZNSt3__1plB8ne180100IcNS_11char_traitsIcEENS_9allocatorIcEEEENS_12basic_stringIT_T0_T1_EEOS9_PKS6_ called 192 returned 100% blocks executed 100%
      192: 3977:operator+(basic_string<_CharT, _Traits, _Allocator>&& __lhs, const _CharT* __rhs) {
      192: 3978:  return std::move(__lhs.append(__rhs));
      192: 3978-block  0
        -: 3979:}
        -: 3980:
        -: 3981:template <class _CharT, class _Traits, class _Allocator>
        -: 3982:inline _LIBCPP_HIDE_FROM_ABI _LIBCPP_CONSTEXPR_SINCE_CXX20 basic_string<_CharT, _Traits, _Allocator>
        -: 3983:operator+(basic_string<_CharT, _Traits, _Allocator>&& __lhs, _CharT __rhs) {
        -: 3984:  __lhs.push_back(__rhs);
        -: 3985:  return std::move(__lhs);
        -: 3986:}
        -: 3987:
        -: 3988:#endif // _LIBCPP_CXX03_LANG
        -: 3989:
        -: 3990:// swap
        -: 3991:
        -: 3992:template <class _CharT, class _Traits, class _Allocator>
        -: 3993:inline _LIBCPP_HIDE_FROM_ABI _LIBCPP_CONSTEXPR_SINCE_CXX20 void
function _ZNSt3__14swapB8ne180100IcNS_11char_traitsIcEENS_9allocatorIcEEEEvRNS_12basic_stringIT_T0_T1_EESA_ called 0 returned 0% blocks executed 0%
    #####: 3994:swap(basic_string<_CharT, _Traits, _Allocator>& __lhs, basic_string<_CharT, _Traits, _Allocator>& __rhs)
        -: 3995:    _NOEXCEPT_(_NOEXCEPT_(__lhs.swap(__rhs))) {
    #####: 3996:  __lhs.swap(__rhs);
    #####: 3997:}
    $$$$$: 3997-block  0
        -: 3998:
        -: 3999:_LIBCPP_EXPORTED_FROM_ABI int stoi(const string& __str, size_t* __idx = nullptr, int __base = 10);
        -: 4000:_LIBCPP_EXPORTED_FROM_ABI long stol(const string& __str, size_t* __idx = nullptr, int __base = 10);
        -: 4001:_LIBCPP_EXPORTED_FROM_ABI unsigned long stoul(const string& __str, size_t* __idx = nullptr, int __base = 10);
        -: 4002:_LIBCPP_EXPORTED_FROM_ABI long long stoll(const string& __str, size_t* __idx = nullptr, int __base = 10);
        -: 4003:_LIBCPP_EXPORTED_FROM_ABI unsigned long long stoull(const string& __str, size_t* __idx = nullptr, int __base = 10);
        -: 4004:
        -: 4005:_LIBCPP_EXPORTED_FROM_ABI float stof(const string& __str, size_t* __idx = nullptr);
        -: 4006:_LIBCPP_EXPORTED_FROM_ABI double stod(const string& __str, size_t* __idx = nullptr);
        -: 4007:_LIBCPP_EXPORTED_FROM_ABI long double stold(const string& __str, size_t* __idx = nullptr);
        -: 4008:
        -: 4009:_LIBCPP_EXPORTED_FROM_ABI string to_string(int __val);
        -: 4010:_LIBCPP_EXPORTED_FROM_ABI string to_string(unsigned __val);
        -: 4011:_LIBCPP_EXPORTED_FROM_ABI string to_string(long __val);
        -: 4012:_LIBCPP_EXPORTED_FROM_ABI string to_string(unsigned long __val);
        -: 4013:_LIBCPP_EXPORTED_FROM_ABI string to_string(long long __val);
        -: 4014:_LIBCPP_EXPORTED_FROM_ABI string to_string(unsigned long long __val);
        -: 4015:_LIBCPP_EXPORTED_FROM_ABI string to_string(float __val);
        -: 4016:_LIBCPP_EXPORTED_FROM_ABI string to_string(double __val);
        -: 4017:_LIBCPP_EXPORTED_FROM_ABI string to_string(long double __val);
        -: 4018:
        -: 4019:#ifndef _LIBCPP_HAS_NO_WIDE_CHARACTERS
        -: 4020:_LIBCPP_EXPORTED_FROM_ABI int stoi(const wstring& __str, size_t* __idx = nullptr, int __base = 10);
        -: 4021:_LIBCPP_EXPORTED_FROM_ABI long stol(const wstring& __str, size_t* __idx = nullptr, int __base = 10);
        -: 4022:_LIBCPP_EXPORTED_FROM_ABI unsigned long stoul(const wstring& __str, size_t* __idx = nullptr, int __base = 10);
        -: 4023:_LIBCPP_EXPORTED_FROM_ABI long long stoll(const wstring& __str, size_t* __idx = nullptr, int __base = 10);
        -: 4024:_LIBCPP_EXPORTED_FROM_ABI unsigned long long stoull(const wstring& __str, size_t* __idx = nullptr, int __base = 10);
        -: 4025:
        -: 4026:_LIBCPP_EXPORTED_FROM_ABI float stof(const wstring& __str, size_t* __idx = nullptr);
        -: 4027:_LIBCPP_EXPORTED_FROM_ABI double stod(const wstring& __str, size_t* __idx = nullptr);
        -: 4028:_LIBCPP_EXPORTED_FROM_ABI long double stold(const wstring& __str, size_t* __idx = nullptr);
        -: 4029:
        -: 4030:_LIBCPP_EXPORTED_FROM_ABI wstring to_wstring(int __val);
        -: 4031:_LIBCPP_EXPORTED_FROM_ABI wstring to_wstring(unsigned __val);
        -: 4032:_LIBCPP_EXPORTED_FROM_ABI wstring to_wstring(long __val);
        -: 4033:_LIBCPP_EXPORTED_FROM_ABI wstring to_wstring(unsigned long __val);
        -: 4034:_LIBCPP_EXPORTED_FROM_ABI wstring to_wstring(long long __val);
        -: 4035:_LIBCPP_EXPORTED_FROM_ABI wstring to_wstring(unsigned long long __val);
        -: 4036:_LIBCPP_EXPORTED_FROM_ABI wstring to_wstring(float __val);
        -: 4037:_LIBCPP_EXPORTED_FROM_ABI wstring to_wstring(double __val);
        -: 4038:_LIBCPP_EXPORTED_FROM_ABI wstring to_wstring(long double __val);
        -: 4039:#endif // _LIBCPP_HAS_NO_WIDE_CHARACTERS
        -: 4040:
        -: 4041:template <class _CharT, class _Traits, class _Allocator>
        -: 4042:_LIBCPP_TEMPLATE_DATA_VIS const typename basic_string<_CharT, _Traits, _Allocator>::size_type
        -: 4043:    basic_string<_CharT, _Traits, _Allocator>::npos;
        -: 4044:
        -: 4045:template <class _CharT, class _Allocator>
        -: 4046:struct __string_hash : public __unary_function<basic_string<_CharT, char_traits<_CharT>, _Allocator>, size_t> {
        -: 4047:  _LIBCPP_HIDE_FROM_ABI size_t
function _ZNKSt3__113__string_hashIcNS_9allocatorIcEEEclB8ne180100ERKNS_12basic_stringIcNS_11char_traitsIcEES2_EE called 138 returned 100% blocks executed 66%
      138: 4048:  operator()(const basic_string<_CharT, char_traits<_CharT>, _Allocator>& __val) const _NOEXCEPT {
      138: 4049:    return std::__do_string_hash(__val.data(), __val.data() + __val.size());
      138: 4049-block  0
branch  0 taken 138
branch  1 taken 0
      138: 4049-block  1
    $$$$$: 4049-block  2
        -: 4050:  }
        -: 4051:};
        -: 4052:
        -: 4053:template <class _Allocator>
        -: 4054:struct hash<basic_string<char, char_traits<char>, _Allocator> > : __string_hash<char, _Allocator> {};
        -: 4055:
        -: 4056:#ifndef _LIBCPP_HAS_NO_CHAR8_T
        -: 4057:template <class _Allocator>
        -: 4058:struct hash<basic_string<char8_t, char_traits<char8_t>, _Allocator> > : __string_hash<char8_t, _Allocator> {};
        -: 4059:#endif
        -: 4060:
        -: 4061:template <class _Allocator>
        -: 4062:struct hash<basic_string<char16_t, char_traits<char16_t>, _Allocator> > : __string_hash<char16_t, _Allocator> {};
        -: 4063:
        -: 4064:template <class _Allocator>
        -: 4065:struct hash<basic_string<char32_t, char_traits<char32_t>, _Allocator> > : __string_hash<char32_t, _Allocator> {};
        -: 4066:
        -: 4067:#ifndef _LIBCPP_HAS_NO_WIDE_CHARACTERS
        -: 4068:template <class _Allocator>
        -: 4069:struct hash<basic_string<wchar_t, char_traits<wchar_t>, _Allocator> > : __string_hash<wchar_t, _Allocator> {};
        -: 4070:#endif
        -: 4071:
        -: 4072:template <class _CharT, class _Traits, class _Allocator>
        -: 4073:_LIBCPP_HIDE_FROM_ABI basic_ostream<_CharT, _Traits>&
        -: 4074:operator<<(basic_ostream<_CharT, _Traits>& __os, const basic_string<_CharT, _Traits, _Allocator>& __str);
        -: 4075:
        -: 4076:template <class _CharT, class _Traits, class _Allocator>
        -: 4077:_LIBCPP_HIDE_FROM_ABI basic_istream<_CharT, _Traits>&
        -: 4078:operator>>(basic_istream<_CharT, _Traits>& __is, basic_string<_CharT, _Traits, _Allocator>& __str);
        -: 4079:
        -: 4080:template <class _CharT, class _Traits, class _Allocator>
        -: 4081:_LIBCPP_HIDE_FROM_ABI basic_istream<_CharT, _Traits>&
        -: 4082:getline(basic_istream<_CharT, _Traits>& __is, basic_string<_CharT, _Traits, _Allocator>& __str, _CharT __dlm);
        -: 4083:
        -: 4084:template <class _CharT, class _Traits, class _Allocator>
        -: 4085:inline _LIBCPP_HIDE_FROM_ABI basic_istream<_CharT, _Traits>&
        -: 4086:getline(basic_istream<_CharT, _Traits>& __is, basic_string<_CharT, _Traits, _Allocator>& __str);
        -: 4087:
        -: 4088:template <class _CharT, class _Traits, class _Allocator>
        -: 4089:inline _LIBCPP_HIDE_FROM_ABI basic_istream<_CharT, _Traits>&
        -: 4090:getline(basic_istream<_CharT, _Traits>&& __is, basic_string<_CharT, _Traits, _Allocator>& __str, _CharT __dlm);
        -: 4091:
        -: 4092:template <class _CharT, class _Traits, class _Allocator>
        -: 4093:inline _LIBCPP_HIDE_FROM_ABI basic_istream<_CharT, _Traits>&
        -: 4094:getline(basic_istream<_CharT, _Traits>&& __is, basic_string<_CharT, _Traits, _Allocator>& __str);
        -: 4095:
        -: 4096:#if _LIBCPP_STD_VER >= 20
        -: 4097:template <class _CharT, class _Traits, class _Allocator, class _Up>
        -: 4098:inline _LIBCPP_HIDE_FROM_ABI typename basic_string<_CharT, _Traits, _Allocator>::size_type
        -: 4099:erase(basic_string<_CharT, _Traits, _Allocator>& __str, const _Up& __v) {
        -: 4100:  auto __old_size = __str.size();
        -: 4101:  __str.erase(std::remove(__str.begin(), __str.end(), __v), __str.end());
        -: 4102:  return __old_size - __str.size();
        -: 4103:}
        -: 4104:
        -: 4105:template <class _CharT, class _Traits, class _Allocator, class _Predicate>
        -: 4106:inline _LIBCPP_HIDE_FROM_ABI typename basic_string<_CharT, _Traits, _Allocator>::size_type
        -: 4107:erase_if(basic_string<_CharT, _Traits, _Allocator>& __str, _Predicate __pred) {
        -: 4108:  auto __old_size = __str.size();
        -: 4109:  __str.erase(std::remove_if(__str.begin(), __str.end(), __pred), __str.end());
        -: 4110:  return __old_size - __str.size();
        -: 4111:}
        -: 4112:#endif
        -: 4113:
        -: 4114:#if _LIBCPP_STD_VER >= 14
        -: 4115:// Literal suffixes for basic_string [basic.string.literals]
        -: 4116:inline namespace literals {
        -: 4117:inline namespace string_literals {
        -: 4118:inline _LIBCPP_HIDE_FROM_ABI _LIBCPP_CONSTEXPR_SINCE_CXX20 basic_string<char>
        -: 4119:operator""s(const char* __str, size_t __len) {
        -: 4120:  return basic_string<char>(__str, __len);
        -: 4121:}
        -: 4122:
        -: 4123:#  ifndef _LIBCPP_HAS_NO_WIDE_CHARACTERS
        -: 4124:inline _LIBCPP_HIDE_FROM_ABI _LIBCPP_CONSTEXPR_SINCE_CXX20 basic_string<wchar_t>
        -: 4125:operator""s(const wchar_t* __str, size_t __len) {
        -: 4126:  return basic_string<wchar_t>(__str, __len);
        -: 4127:}
        -: 4128:#  endif
        -: 4129:
        -: 4130:#  ifndef _LIBCPP_HAS_NO_CHAR8_T
        -: 4131:inline _LIBCPP_HIDE_FROM_ABI constexpr basic_string<char8_t> operator""s(const char8_t* __str, size_t __len) {
        -: 4132:  return basic_string<char8_t>(__str, __len);
        -: 4133:}
        -: 4134:#  endif
        -: 4135:
        -: 4136:inline _LIBCPP_HIDE_FROM_ABI _LIBCPP_CONSTEXPR_SINCE_CXX20 basic_string<char16_t>
        -: 4137:operator""s(const char16_t* __str, size_t __len) {
        -: 4138:  return basic_string<char16_t>(__str, __len);
        -: 4139:}
        -: 4140:
        -: 4141:inline _LIBCPP_HIDE_FROM_ABI _LIBCPP_CONSTEXPR_SINCE_CXX20 basic_string<char32_t>
        -: 4142:operator""s(const char32_t* __str, size_t __len) {
        -: 4143:  return basic_string<char32_t>(__str, __len);
        -: 4144:}
        -: 4145:} // namespace string_literals
        -: 4146:} // namespace literals
        -: 4147:
        -: 4148:#  if _LIBCPP_STD_VER >= 20
        -: 4149:template <>
        -: 4150:inline constexpr bool __format::__enable_insertable<std::basic_string<char>> = true;
        -: 4151:#    ifndef _LIBCPP_HAS_NO_WIDE_CHARACTERS
        -: 4152:template <>
        -: 4153:inline constexpr bool __format::__enable_insertable<std::basic_string<wchar_t>> = true;
        -: 4154:#    endif
        -: 4155:#  endif
        -: 4156:
        -: 4157:#endif
        -: 4158:
        -: 4159:_LIBCPP_END_NAMESPACE_STD
        -: 4160:
        -: 4161:_LIBCPP_POP_MACROS
        -: 4162:
        -: 4163:#if !defined(_LIBCPP_REMOVE_TRANSITIVE_INCLUDES) && _LIBCPP_STD_VER <= 20
        -: 4164:#  include <algorithm>
        -: 4165:#  include <concepts>
        -: 4166:#  include <cstdlib>
        -: 4167:#  include <iterator>
        -: 4168:#  include <new>
        -: 4169:#  include <type_traits>
        -: 4170:#  include <typeinfo>
        -: 4171:#  include <utility>
        -: 4172:#endif
        -: 4173:
        -: 4174:#endif // _LIBCPP_STRING
