        -:    0:Source:/Applications/Xcode.app/Contents/Developer/Platforms/MacOSX.platform/Developer/SDKs/MacOSX15.0.sdk/usr/include/_ctype.h
        -:    0:Graph:/Users/artemastahov/All_files/styding/LabsBSUIR/LabsOS/FourthLab/FirstTask/cmake-build-debug-coverage-1/googletest/googletest/CMakeFiles/gtest.dir/src/gtest-all.cc.gcno
        -:    0:Data:/Users/artemastahov/All_files/styding/LabsBSUIR/LabsOS/FourthLab/FirstTask/cmake-build-debug-coverage-1/googletest/googletest/CMakeFiles/gtest.dir/src/gtest-all.cc.gcda
        -:    0:Runs:1
        -:    0:Programs:1
        -:    1:/*
        -:    2: * Copyright (c) 2000, 2005, 2008 Apple Inc. All rights reserved.
        -:    3: *
        -:    4: * @APPLE_LICENSE_HEADER_START@
        -:    5: * 
        -:    6: * This file contains Original Code and/or Modifications of Original Code
        -:    7: * as defined in and that are subject to the Apple Public Source License
        -:    8: * Version 2.0 (the 'License'). You may not use this file except in
        -:    9: * compliance with the License. Please obtain a copy of the License at
        -:   10: * http://www.opensource.apple.com/apsl/ and read it before using this
        -:   11: * file.
        -:   12: * 
        -:   13: * The Original Code and all software distributed under the License are
        -:   14: * distributed on an 'AS IS' basis, WITHOUT WARRANTY OF ANY KIND, EITHER
        -:   15: * EXPRESS OR IMPLIED, AND APPLE HEREBY DISCLAIMS ALL SUCH WARRANTIES,
        -:   16: * INCLUDING WITHOUT LIMITATION, ANY WARRANTIES OF MERCHANTABILITY,
        -:   17: * FITNESS FOR A PARTICULAR PURPOSE, QUIET ENJOYMENT OR NON-INFRINGEMENT.
        -:   18: * Please see the License for the specific language governing rights and
        -:   19: * limitations under the License.
        -:   20: * 
        -:   21: * @APPLE_LICENSE_HEADER_END@
        -:   22: */
        -:   23:/*
        -:   24: * Copyright (c) 1989, 1993
        -:   25: *	The Regents of the University of California.  All rights reserved.
        -:   26: * (c) UNIX System Laboratories, Inc.
        -:   27: * All or some portions of this file are derived from material licensed
        -:   28: * to the University of California by American Telephone and Telegraph
        -:   29: * Co. or Unix System Laboratories, Inc. and are reproduced herein with
        -:   30: * the permission of UNIX System Laboratories, Inc.
        -:   31: *
        -:   32: * This code is derived from software contributed to Berkeley by
        -:   33: * Paul Borman at Krystal Technologies.
        -:   34: *
        -:   35: * Redistribution and use in source and binary forms, with or without
        -:   36: * modification, are permitted provided that the following conditions
        -:   37: * are met:
        -:   38: * 1. Redistributions of source code must retain the above copyright
        -:   39: *    notice, this list of conditions and the following disclaimer.
        -:   40: * 2. Redistributions in binary form must reproduce the above copyright
        -:   41: *    notice, this list of conditions and the following disclaimer in the
        -:   42: *    documentation and/or other materials provided with the distribution.
        -:   43: * 3. All advertising materials mentioning features or use of this software
        -:   44: *    must display the following acknowledgement:
        -:   45: *	This product includes software developed by the University of
        -:   46: *	California, Berkeley and its contributors.
        -:   47: * 4. Neither the name of the University nor the names of its contributors
        -:   48: *    may be used to endorse or promote products derived from this software
        -:   49: *    without specific prior written permission.
        -:   50: *
        -:   51: * THIS SOFTWARE IS PROVIDED BY THE REGENTS AND CONTRIBUTORS ``AS IS'' AND
        -:   52: * ANY EXPRESS OR IMPLIED WARRANTIES, INCLUDING, BUT NOT LIMITED TO, THE
        -:   53: * IMPLIED WARRANTIES OF MERCHANTABILITY AND FITNESS FOR A PARTICULAR PURPOSE
        -:   54: * ARE DISCLAIMED.  IN NO EVENT SHALL THE REGENTS OR CONTRIBUTORS BE LIABLE
        -:   55: * FOR ANY DIRECT, INDIRECT, INCIDENTAL, SPECIAL, EXEMPLARY, OR CONSEQUENTIAL
        -:   56: * DAMAGES (INCLUDING, BUT NOT LIMITED TO, PROCUREMENT OF SUBSTITUTE GOODS
        -:   57: * OR SERVICES; LOSS OF USE, DATA, OR PROFITS; OR BUSINESS INTERRUPTION)
        -:   58: * HOWEVER CAUSED AND ON ANY THEORY OF LIABILITY, WHETHER IN CONTRACT, STRICT
        -:   59: * LIABILITY, OR TORT (INCLUDING NEGLIGENCE OR OTHERWISE) ARISING IN ANY WAY
        -:   60: * OUT OF THE USE OF THIS SOFTWARE, EVEN IF ADVISED OF THE POSSIBILITY OF
        -:   61: * SUCH DAMAGE.
        -:   62: *
        -:   63: *	@(#)ctype.h	8.4 (Berkeley) 1/21/94
        -:   64: */
        -:   65:
        -:   66:#ifndef	_CTYPE_H_
        -:   67:#define _CTYPE_H_
        -:   68:#define __CTYPE_H_
        -:   69:
        -:   70:#include <sys/cdefs.h>
        -:   71:#include <runetype.h>
        -:   72:
        -:   73:#define	_CTYPE_A	0x00000100L		/* Alpha */
        -:   74:#define	_CTYPE_C	0x00000200L		/* Control */
        -:   75:#define	_CTYPE_D	0x00000400L		/* Digit */
        -:   76:#define	_CTYPE_G	0x00000800L		/* Graph */
        -:   77:#define	_CTYPE_L	0x00001000L		/* Lower */
        -:   78:#define	_CTYPE_P	0x00002000L		/* Punct */
        -:   79:#define	_CTYPE_S	0x00004000L		/* Space */
        -:   80:#define	_CTYPE_U	0x00008000L		/* Upper */
        -:   81:#define	_CTYPE_X	0x00010000L		/* X digit */
        -:   82:#define	_CTYPE_B	0x00020000L		/* Blank */
        -:   83:#define	_CTYPE_R	0x00040000L		/* Print */
        -:   84:#define	_CTYPE_I	0x00080000L		/* Ideogram */
        -:   85:#define	_CTYPE_T	0x00100000L		/* Special */
        -:   86:#define	_CTYPE_Q	0x00200000L		/* Phonogram */
        -:   87:#define	_CTYPE_SW0	0x20000000L		/* 0 width character */
        -:   88:#define	_CTYPE_SW1	0x40000000L		/* 1 width character */
        -:   89:#define	_CTYPE_SW2	0x80000000L		/* 2 width character */
        -:   90:#define	_CTYPE_SW3	0xc0000000L		/* 3 width character */
        -:   91:#define	_CTYPE_SWM	0xe0000000L		/* Mask for screen width data */
        -:   92:#define	_CTYPE_SWS	30			/* Bits to shift to get width */
        -:   93:
        -:   94:#ifdef _NONSTD_SOURCE
        -:   95:/*
        -:   96: * Backward compatibility
        -:   97: */
        -:   98:#define	_A		_CTYPE_A		/* Alpha */
        -:   99:#define	_C		_CTYPE_C		/* Control */
        -:  100:#define	_D		_CTYPE_D		/* Digit */
        -:  101:#define	_G		_CTYPE_G		/* Graph */
        -:  102:#define	_L		_CTYPE_L		/* Lower */
        -:  103:#define	_P		_CTYPE_P		/* Punct */
        -:  104:#define	_S		_CTYPE_S		/* Space */
        -:  105:#define	_U		_CTYPE_U		/* Upper */
        -:  106:#define	_X		_CTYPE_X		/* X digit */
        -:  107:#define	_B		_CTYPE_B		/* Blank */
        -:  108:#define	_R		_CTYPE_R		/* Print */
        -:  109:#define	_I		_CTYPE_I		/* Ideogram */
        -:  110:#define	_T		_CTYPE_T		/* Special */
        -:  111:#define	_Q		_CTYPE_Q		/* Phonogram */
        -:  112:#define	_SW0		_CTYPE_SW0		/* 0 width character */
        -:  113:#define	_SW1		_CTYPE_SW1		/* 1 width character */
        -:  114:#define	_SW2		_CTYPE_SW2		/* 2 width character */
        -:  115:#define	_SW3		_CTYPE_SW3		/* 3 width character */
        -:  116:#endif /* _NONSTD_SOURCE */
        -:  117:
        -:  118:#define __DARWIN_CTYPE_inline		__header_inline
        -:  119:
        -:  120:#define __DARWIN_CTYPE_TOP_inline	__header_inline
        -:  121:
        -:  122:
        -:  123:/*
        -:  124: * Use inline functions if we are allowed to and the compiler supports them.
        -:  125: */
        -:  126:#if !defined(_DONT_USE_CTYPE_INLINE_) && \
        -:  127:    (defined(_USE_CTYPE_INLINE_) || defined(__GNUC__) || defined(__cplusplus))
        -:  128:
        -:  129:/* See comments in <machine/_type.h> about __darwin_ct_rune_t. */
        -:  130:__BEGIN_DECLS
        -:  131:unsigned long		___runetype(__darwin_ct_rune_t);
        -:  132:__darwin_ct_rune_t	___tolower(__darwin_ct_rune_t);
        -:  133:__darwin_ct_rune_t	___toupper(__darwin_ct_rune_t);
        -:  134:__END_DECLS
        -:  135:
        -:  136:__DARWIN_CTYPE_TOP_inline int
function _Z7isasciii called 0 returned 0% blocks executed 0%
    #####:  137:isascii(int _c)
        -:  138:{
    #####:  139:	return ((_c & ~0x7F) == 0);
    $$$$$:  139-block  0
        -:  140:}
        -:  141:
        -:  142:#ifdef USE_ASCII
        -:  143:__DARWIN_CTYPE_inline int
        -:  144:__maskrune(__darwin_ct_rune_t _c, unsigned long _f)
        -:  145:{
        -:  146:	return (int)_DefaultRuneLocale.__runetype[_c & 0xff] & (__uint32_t)_f;
        -:  147:}
        -:  148:#else /* !USE_ASCII */
        -:  149:__BEGIN_DECLS
        -:  150:int             	__maskrune(__darwin_ct_rune_t, unsigned long);
        -:  151:__END_DECLS
        -:  152:#endif /* USE_ASCII */
        -:  153:
        -:  154:__DARWIN_CTYPE_inline int
function _Z8__istypeim called 0 returned 0% blocks executed 0%
    #####:  155:__istype(__darwin_ct_rune_t _c, unsigned long _f)
        -:  156:{
        -:  157:#ifdef USE_ASCII
        -:  158:	return !!(__maskrune(_c, _f));
        -:  159:#else /* USE_ASCII */
    #####:  160:	return (isascii(_c) ? !!(_DefaultRuneLocale.__runetype[_c] & _f)
    $$$$$:  160-block  0
branch  0 never executed
branch  1 never executed
    $$$$$:  160-block  1
    $$$$$:  160-block  2
    $$$$$:  160-block  3
    #####:  161:		: !!__maskrune(_c, _f));
        -:  162:#endif /* USE_ASCII */
        -:  163:}
        -:  164:
        -:  165:__DARWIN_CTYPE_inline __darwin_ct_rune_t
function _Z9__isctypeim called 0 returned 0% blocks executed 0%
    #####:  166:__isctype(__darwin_ct_rune_t _c, unsigned long _f)
        -:  167:{
        -:  168:#ifdef USE_ASCII
        -:  169:	return !!(__maskrune(_c, _f));
        -:  170:#else /* USE_ASCII */
    #####:  171:	return (_c < 0 || _c >= _CACHED_RUNES) ? 0 :
    $$$$$:  171-block  0
    $$$$$:  171-block  1
    $$$$$:  171-block  2
    $$$$$:  171-block  3
    $$$$$:  171-block  4
    $$$$$:  171-block  5
    $$$$$:  171-block  6
    #####:  172:		!!(_DefaultRuneLocale.__runetype[_c] & _f);
        -:  173:#endif /* USE_ASCII */
        -:  174:}
        -:  175:
        -:  176:#ifdef USE_ASCII
        -:  177:__DARWIN_CTYPE_inline __darwin_ct_rune_t
        -:  178:__toupper(__darwin_ct_rune_t _c)
        -:  179:{
        -:  180:	return _DefaultRuneLocale.__mapupper[_c & 0xff];
        -:  181:}
        -:  182:
        -:  183:__DARWIN_CTYPE_inline __darwin_ct_rune_t
        -:  184:__tolower(__darwin_ct_rune_t _c)
        -:  185:{
        -:  186:	return _DefaultRuneLocale.__maplower[_c & 0xff];
        -:  187:}
        -:  188:#else /* !USE_ASCII */
        -:  189:__BEGIN_DECLS
        -:  190:__darwin_ct_rune_t	__toupper(__darwin_ct_rune_t);
        -:  191:__darwin_ct_rune_t	__tolower(__darwin_ct_rune_t);
        -:  192:__END_DECLS
        -:  193:#endif /* USE_ASCII */
        -:  194:
        -:  195:__DARWIN_CTYPE_inline int
        -:  196:__wcwidth(__darwin_ct_rune_t _c)
        -:  197:{
        -:  198:	unsigned int _x;
        -:  199:
        -:  200:	if (_c == 0)
        -:  201:		return (0);
        -:  202:	_x = (unsigned int)__maskrune(_c, _CTYPE_SWM|_CTYPE_R);
        -:  203:	if ((_x & _CTYPE_SWM) != 0)
        -:  204:		return ((_x & _CTYPE_SWM) >> _CTYPE_SWS);
        -:  205:	return ((_x & _CTYPE_R) != 0 ? 1 : -1);
        -:  206:}
        -:  207:
        -:  208:#ifndef _EXTERNALIZE_CTYPE_INLINES_
        -:  209:
        -:  210:#define	_tolower(c)	__tolower(c)
        -:  211:#define	_toupper(c)	__toupper(c)
        -:  212:
        -:  213:__DARWIN_CTYPE_TOP_inline int
        -:  214:isalnum(int _c)
        -:  215:{
        -:  216:	return (__istype(_c, _CTYPE_A|_CTYPE_D));
        -:  217:}
        -:  218:
        -:  219:__DARWIN_CTYPE_TOP_inline int
        -:  220:isalpha(int _c)
        -:  221:{
        -:  222:	return (__istype(_c, _CTYPE_A));
        -:  223:}
        -:  224:
        -:  225:__DARWIN_CTYPE_TOP_inline int
        -:  226:isblank(int _c)
        -:  227:{
        -:  228:	return (__istype(_c, _CTYPE_B));
        -:  229:}
        -:  230:
        -:  231:__DARWIN_CTYPE_TOP_inline int
function _Z7iscntrli called 0 returned 0% blocks executed 0%
    #####:  232:iscntrl(int _c)
        -:  233:{
    #####:  234:	return (__istype(_c, _CTYPE_C));
    $$$$$:  234-block  0
        -:  235:}
        -:  236:
        -:  237:/* ANSI -- locale independent */
        -:  238:__DARWIN_CTYPE_TOP_inline int
function _Z7isdigiti called 0 returned 0% blocks executed 0%
    #####:  239:isdigit(int _c)
        -:  240:{
    #####:  241:	return (__isctype(_c, _CTYPE_D));
    $$$$$:  241-block  0
        -:  242:}
        -:  243:
        -:  244:__DARWIN_CTYPE_TOP_inline int
        -:  245:isgraph(int _c)
        -:  246:{
        -:  247:	return (__istype(_c, _CTYPE_G));
        -:  248:}
        -:  249:
        -:  250:__DARWIN_CTYPE_TOP_inline int
        -:  251:islower(int _c)
        -:  252:{
        -:  253:	return (__istype(_c, _CTYPE_L));
        -:  254:}
        -:  255:
        -:  256:__DARWIN_CTYPE_TOP_inline int
        -:  257:isprint(int _c)
        -:  258:{
        -:  259:	return (__istype(_c, _CTYPE_R));
        -:  260:}
        -:  261:
        -:  262:__DARWIN_CTYPE_TOP_inline int
        -:  263:ispunct(int _c)
        -:  264:{
        -:  265:	return (__istype(_c, _CTYPE_P));
        -:  266:}
        -:  267:
        -:  268:__DARWIN_CTYPE_TOP_inline int
function _Z7isspacei called 0 returned 0% blocks executed 0%
    #####:  269:isspace(int _c)
        -:  270:{
    #####:  271:	return (__istype(_c, _CTYPE_S));
    $$$$$:  271-block  0
        -:  272:}
        -:  273:
        -:  274:__DARWIN_CTYPE_TOP_inline int
        -:  275:isupper(int _c)
        -:  276:{
        -:  277:	return (__istype(_c, _CTYPE_U));
        -:  278:}
        -:  279:
        -:  280:/* ANSI -- locale independent */
        -:  281:__DARWIN_CTYPE_TOP_inline int
function _Z8isxdigiti called 0 returned 0% blocks executed 0%
    #####:  282:isxdigit(int _c)
        -:  283:{
    #####:  284:	return (__isctype(_c, _CTYPE_X));
    $$$$$:  284-block  0
        -:  285:}
        -:  286:
        -:  287:__DARWIN_CTYPE_TOP_inline int
        -:  288:toascii(int _c)
        -:  289:{
        -:  290:	return (_c & 0x7F);
        -:  291:}
        -:  292:
        -:  293:__DARWIN_CTYPE_TOP_inline int
        -:  294:tolower(int _c)
        -:  295:{
        -:  296:        return (__tolower(_c));
        -:  297:}
        -:  298:
        -:  299:__DARWIN_CTYPE_TOP_inline int
function _Z7toupperi called 2484 returned 100% blocks executed 100%
     2484:  300:toupper(int _c)
        -:  301:{
     2484:  302:        return (__toupper(_c));
     2484:  302-block  0
        -:  303:}
        -:  304:
        -:  305:#if !defined(_ANSI_SOURCE) && (!defined(_POSIX_C_SOURCE) || defined(_DARWIN_C_SOURCE))
        -:  306:__DARWIN_CTYPE_TOP_inline int
        -:  307:digittoint(int _c)
        -:  308:{
        -:  309:	return (__maskrune(_c, 0x0F));
        -:  310:}
        -:  311:
        -:  312:__DARWIN_CTYPE_TOP_inline int
        -:  313:ishexnumber(int _c)
        -:  314:{
        -:  315:	return (__istype(_c, _CTYPE_X));
        -:  316:}
        -:  317:
        -:  318:__DARWIN_CTYPE_TOP_inline int
        -:  319:isideogram(int _c)
        -:  320:{
        -:  321:	return (__istype(_c, _CTYPE_I));
        -:  322:}
        -:  323:
        -:  324:__DARWIN_CTYPE_TOP_inline int
        -:  325:isnumber(int _c)
        -:  326:{
        -:  327:	return (__istype(_c, _CTYPE_D));
        -:  328:}
        -:  329:
        -:  330:__DARWIN_CTYPE_TOP_inline int
        -:  331:isphonogram(int _c)
        -:  332:{
        -:  333:	return (__istype(_c, _CTYPE_Q));
        -:  334:}
        -:  335:
        -:  336:__DARWIN_CTYPE_TOP_inline int
        -:  337:isrune(int _c)
        -:  338:{
        -:  339:	return (__istype(_c, 0xFFFFFFF0L));
        -:  340:}
        -:  341:
        -:  342:__DARWIN_CTYPE_TOP_inline int
        -:  343:isspecial(int _c)
        -:  344:{
        -:  345:	return (__istype(_c, _CTYPE_T));
        -:  346:}
        -:  347:#endif /* !_ANSI_SOURCE && (!_POSIX_C_SOURCE || _DARWIN_C_SOURCE) */
        -:  348:#endif /* _EXTERNALIZE_CTYPE_INLINES_ */
        -:  349:
        -:  350:#else /* not using inlines */
        -:  351:
        -:  352:__BEGIN_DECLS
        -:  353:int     isalnum(int);
        -:  354:int     isalpha(int);
        -:  355:int     isblank(int);
        -:  356:int     iscntrl(int);
        -:  357:int     isdigit(int);
        -:  358:int     isgraph(int);
        -:  359:int     islower(int);
        -:  360:int     isprint(int);
        -:  361:int     ispunct(int);
        -:  362:int     isspace(int);
        -:  363:int     isupper(int);
        -:  364:int     isxdigit(int);
        -:  365:int     tolower(int);
        -:  366:int     toupper(int);
        -:  367:int     isascii(int);
        -:  368:int     toascii(int);
        -:  369:
        -:  370:#if !defined(_ANSI_SOURCE) && (!defined(_POSIX_C_SOURCE) || defined(_DARWIN_C_SOURCE))
        -:  371:int     _tolower(int);
        -:  372:int     _toupper(int);
        -:  373:int     digittoint(int);
        -:  374:int     ishexnumber(int);
        -:  375:int     isideogram(int);
        -:  376:int     isnumber(int);
        -:  377:int     isphonogram(int);
        -:  378:int     isrune(int);
        -:  379:int     isspecial(int);
        -:  380:#endif
        -:  381:__END_DECLS
        -:  382:
        -:  383:#endif /* using inlines */
        -:  384:
        -:  385:#endif /* !_CTYPE_H_ */
