        -:    0:Source:/Applications/Xcode.app/Contents/Developer/Platforms/MacOSX.platform/Developer/SDKs/MacOSX15.0.sdk/usr/include/c++/v1/vector
        -:    0:Graph:/Users/artemastahov/All_files/styding/LabsBSUIR/LabsOS/FourthLab/FirstTask/cmake-build-debug-coverage-1/googletest/googletest/CMakeFiles/gtest.dir/src/gtest-all.cc.gcno
        -:    0:Data:/Users/artemastahov/All_files/styding/LabsBSUIR/LabsOS/FourthLab/FirstTask/cmake-build-debug-coverage-1/googletest/googletest/CMakeFiles/gtest.dir/src/gtest-all.cc.gcda
        -:    0:Runs:1
        -:    0:Programs:1
        -:    1:// -*- C++ -*-
        -:    2://===----------------------------------------------------------------------===//
        -:    3://
        -:    4:// Part of the LLVM Project, under the Apache License v2.0 with LLVM Exceptions.
        -:    5:// See https://llvm.org/LICENSE.txt for license information.
        -:    6:// SPDX-License-Identifier: Apache-2.0 WITH LLVM-exception
        -:    7://
        -:    8://===----------------------------------------------------------------------===//
        -:    9:
        -:   10:#ifndef _LIBCPP_VECTOR
        -:   11:#define _LIBCPP_VECTOR
        -:   12:
        -:   13:// clang-format off
        -:   14:
        -:   15:/*
        -:   16:    vector synopsis
        -:   17:
        -:   18:namespace std
        -:   19:{
        -:   20:
        -:   21:template <class T, class Allocator = allocator<T> >
        -:   22:class vector
        -:   23:{
        -:   24:public:
        -:   25:    typedef T                                        value_type;
        -:   26:    typedef Allocator                                allocator_type;
        -:   27:    typedef typename allocator_type::reference       reference;
        -:   28:    typedef typename allocator_type::const_reference const_reference;
        -:   29:    typedef implementation-defined                   iterator;
        -:   30:    typedef implementation-defined                   const_iterator;
        -:   31:    typedef typename allocator_type::size_type       size_type;
        -:   32:    typedef typename allocator_type::difference_type difference_type;
        -:   33:    typedef typename allocator_type::pointer         pointer;
        -:   34:    typedef typename allocator_type::const_pointer   const_pointer;
        -:   35:    typedef std::reverse_iterator<iterator>          reverse_iterator;
        -:   36:    typedef std::reverse_iterator<const_iterator>    const_reverse_iterator;
        -:   37:
        -:   38:    vector()
        -:   39:        noexcept(is_nothrow_default_constructible<allocator_type>::value);
        -:   40:    explicit vector(const allocator_type&);
        -:   41:    explicit vector(size_type n);
        -:   42:    explicit vector(size_type n, const allocator_type&); // C++14
        -:   43:    vector(size_type n, const value_type& value, const allocator_type& = allocator_type());
        -:   44:    template <class InputIterator>
        -:   45:        vector(InputIterator first, InputIterator last, const allocator_type& = allocator_type());
        -:   46:    template<container-compatible-range<T> R>
        -:   47:      constexpr vector(from_range_t, R&& rg, const Allocator& = Allocator()); // C++23
        -:   48:    vector(const vector& x);
        -:   49:    vector(vector&& x)
        -:   50:        noexcept(is_nothrow_move_constructible<allocator_type>::value);
        -:   51:    vector(initializer_list<value_type> il);
        -:   52:    vector(initializer_list<value_type> il, const allocator_type& a);
        -:   53:    ~vector();
        -:   54:    vector& operator=(const vector& x);
        -:   55:    vector& operator=(vector&& x)
        -:   56:        noexcept(
        -:   57:             allocator_type::propagate_on_container_move_assignment::value ||
        -:   58:             allocator_type::is_always_equal::value); // C++17
        -:   59:    vector& operator=(initializer_list<value_type> il);
        -:   60:    template <class InputIterator>
        -:   61:        void assign(InputIterator first, InputIterator last);
        -:   62:    template<container-compatible-range<T> R>
        -:   63:      constexpr void assign_range(R&& rg); // C++23
        -:   64:    void assign(size_type n, const value_type& u);
        -:   65:    void assign(initializer_list<value_type> il);
        -:   66:
        -:   67:    allocator_type get_allocator() const noexcept;
        -:   68:
        -:   69:    iterator               begin() noexcept;
        -:   70:    const_iterator         begin()   const noexcept;
        -:   71:    iterator               end() noexcept;
        -:   72:    const_iterator         end()     const noexcept;
        -:   73:
        -:   74:    reverse_iterator       rbegin() noexcept;
        -:   75:    const_reverse_iterator rbegin()  const noexcept;
        -:   76:    reverse_iterator       rend() noexcept;
        -:   77:    const_reverse_iterator rend()    const noexcept;
        -:   78:
        -:   79:    const_iterator         cbegin()  const noexcept;
        -:   80:    const_iterator         cend()    const noexcept;
        -:   81:    const_reverse_iterator crbegin() const noexcept;
        -:   82:    const_reverse_iterator crend()   const noexcept;
        -:   83:
        -:   84:    size_type size() const noexcept;
        -:   85:    size_type max_size() const noexcept;
        -:   86:    size_type capacity() const noexcept;
        -:   87:    bool empty() const noexcept;
        -:   88:    void reserve(size_type n);
        -:   89:    void shrink_to_fit() noexcept;
        -:   90:
        -:   91:    reference       operator[](size_type n);
        -:   92:    const_reference operator[](size_type n) const;
        -:   93:    reference       at(size_type n);
        -:   94:    const_reference at(size_type n) const;
        -:   95:
        -:   96:    reference       front();
        -:   97:    const_reference front() const;
        -:   98:    reference       back();
        -:   99:    const_reference back() const;
        -:  100:
        -:  101:    value_type*       data() noexcept;
        -:  102:    const value_type* data() const noexcept;
        -:  103:
        -:  104:    void push_back(const value_type& x);
        -:  105:    void push_back(value_type&& x);
        -:  106:    template <class... Args>
        -:  107:        reference emplace_back(Args&&... args); // reference in C++17
        -:  108:    template<container-compatible-range<T> R>
        -:  109:      constexpr void append_range(R&& rg); // C++23
        -:  110:    void pop_back();
        -:  111:
        -:  112:    template <class... Args> iterator emplace(const_iterator position, Args&&... args);
        -:  113:    iterator insert(const_iterator position, const value_type& x);
        -:  114:    iterator insert(const_iterator position, value_type&& x);
        -:  115:    iterator insert(const_iterator position, size_type n, const value_type& x);
        -:  116:    template <class InputIterator>
        -:  117:        iterator insert(const_iterator position, InputIterator first, InputIterator last);
        -:  118:    template<container-compatible-range<T> R>
        -:  119:      constexpr iterator insert_range(const_iterator position, R&& rg); // C++23
        -:  120:    iterator insert(const_iterator position, initializer_list<value_type> il);
        -:  121:
        -:  122:    iterator erase(const_iterator position);
        -:  123:    iterator erase(const_iterator first, const_iterator last);
        -:  124:
        -:  125:    void clear() noexcept;
        -:  126:
        -:  127:    void resize(size_type sz);
        -:  128:    void resize(size_type sz, const value_type& c);
        -:  129:
        -:  130:    void swap(vector&)
        -:  131:        noexcept(allocator_traits<allocator_type>::propagate_on_container_swap::value ||
        -:  132:                 allocator_traits<allocator_type>::is_always_equal::value);  // C++17
        -:  133:
        -:  134:    bool __invariants() const;
        -:  135:};
        -:  136:
        -:  137:template <class Allocator = allocator<T> >
        -:  138:class vector<bool, Allocator>
        -:  139:{
        -:  140:public:
        -:  141:    typedef bool                                     value_type;
        -:  142:    typedef Allocator                                allocator_type;
        -:  143:    typedef implementation-defined                   iterator;
        -:  144:    typedef implementation-defined                   const_iterator;
        -:  145:    typedef typename allocator_type::size_type       size_type;
        -:  146:    typedef typename allocator_type::difference_type difference_type;
        -:  147:    typedef iterator                                 pointer;
        -:  148:    typedef const_iterator                           const_pointer;
        -:  149:    typedef std::reverse_iterator<iterator>          reverse_iterator;
        -:  150:    typedef std::reverse_iterator<const_iterator>    const_reverse_iterator;
        -:  151:
        -:  152:    class reference
        -:  153:    {
        -:  154:    public:
        -:  155:        reference(const reference&) noexcept;
        -:  156:        operator bool() const noexcept;
        -:  157:        reference& operator=(bool x) noexcept;
        -:  158:        reference& operator=(const reference& x) noexcept;
        -:  159:        iterator operator&() const noexcept;
        -:  160:        void flip() noexcept;
        -:  161:    };
        -:  162:
        -:  163:    class const_reference
        -:  164:    {
        -:  165:    public:
        -:  166:        const_reference(const reference&) noexcept;
        -:  167:        operator bool() const noexcept;
        -:  168:        const_iterator operator&() const noexcept;
        -:  169:    };
        -:  170:
        -:  171:    vector()
        -:  172:        noexcept(is_nothrow_default_constructible<allocator_type>::value);
        -:  173:    explicit vector(const allocator_type&);
        -:  174:    explicit vector(size_type n, const allocator_type& a = allocator_type()); // C++14
        -:  175:    vector(size_type n, const value_type& value, const allocator_type& = allocator_type());
        -:  176:    template <class InputIterator>
        -:  177:        vector(InputIterator first, InputIterator last, const allocator_type& = allocator_type());
        -:  178:    template<container-compatible-range<bool> R>
        -:  179:      constexpr vector(from_range_t, R&& rg, const Allocator& = Allocator());
        -:  180:    vector(const vector& x);
        -:  181:    vector(vector&& x)
        -:  182:        noexcept(is_nothrow_move_constructible<allocator_type>::value);
        -:  183:    vector(initializer_list<value_type> il);
        -:  184:    vector(initializer_list<value_type> il, const allocator_type& a);
        -:  185:    ~vector();
        -:  186:    vector& operator=(const vector& x);
        -:  187:    vector& operator=(vector&& x)
        -:  188:        noexcept(
        -:  189:             allocator_type::propagate_on_container_move_assignment::value ||
        -:  190:             allocator_type::is_always_equal::value); // C++17
        -:  191:    vector& operator=(initializer_list<value_type> il);
        -:  192:    template <class InputIterator>
        -:  193:        void assign(InputIterator first, InputIterator last);
        -:  194:    template<container-compatible-range<T> R>
        -:  195:      constexpr void assign_range(R&& rg); // C++23
        -:  196:    void assign(size_type n, const value_type& u);
        -:  197:    void assign(initializer_list<value_type> il);
        -:  198:
        -:  199:    allocator_type get_allocator() const noexcept;
        -:  200:
        -:  201:    iterator               begin() noexcept;
        -:  202:    const_iterator         begin()   const noexcept;
        -:  203:    iterator               end() noexcept;
        -:  204:    const_iterator         end()     const noexcept;
        -:  205:
        -:  206:    reverse_iterator       rbegin() noexcept;
        -:  207:    const_reverse_iterator rbegin()  const noexcept;
        -:  208:    reverse_iterator       rend() noexcept;
        -:  209:    const_reverse_iterator rend()    const noexcept;
        -:  210:
        -:  211:    const_iterator         cbegin()  const noexcept;
        -:  212:    const_iterator         cend()    const noexcept;
        -:  213:    const_reverse_iterator crbegin() const noexcept;
        -:  214:    const_reverse_iterator crend()   const noexcept;
        -:  215:
        -:  216:    size_type size() const noexcept;
        -:  217:    size_type max_size() const noexcept;
        -:  218:    size_type capacity() const noexcept;
        -:  219:    bool empty() const noexcept;
        -:  220:    void reserve(size_type n);
        -:  221:    void shrink_to_fit() noexcept;
        -:  222:
        -:  223:    reference       operator[](size_type n);
        -:  224:    const_reference operator[](size_type n) const;
        -:  225:    reference       at(size_type n);
        -:  226:    const_reference at(size_type n) const;
        -:  227:
        -:  228:    reference       front();
        -:  229:    const_reference front() const;
        -:  230:    reference       back();
        -:  231:    const_reference back() const;
        -:  232:
        -:  233:    void push_back(const value_type& x);
        -:  234:    template <class... Args> reference emplace_back(Args&&... args);  // C++14; reference in C++17
        -:  235:    template<container-compatible-range<T> R>
        -:  236:      constexpr void append_range(R&& rg); // C++23
        -:  237:    void pop_back();
        -:  238:
        -:  239:    template <class... Args> iterator emplace(const_iterator position, Args&&... args);  // C++14
        -:  240:    iterator insert(const_iterator position, const value_type& x);
        -:  241:    iterator insert(const_iterator position, size_type n, const value_type& x);
        -:  242:    template <class InputIterator>
        -:  243:        iterator insert(const_iterator position, InputIterator first, InputIterator last);
        -:  244:    template<container-compatible-range<T> R>
        -:  245:      constexpr iterator insert_range(const_iterator position, R&& rg); // C++23
        -:  246:    iterator insert(const_iterator position, initializer_list<value_type> il);
        -:  247:
        -:  248:    iterator erase(const_iterator position);
        -:  249:    iterator erase(const_iterator first, const_iterator last);
        -:  250:
        -:  251:    void clear() noexcept;
        -:  252:
        -:  253:    void resize(size_type sz);
        -:  254:    void resize(size_type sz, value_type x);
        -:  255:
        -:  256:    void swap(vector&)
        -:  257:        noexcept(allocator_traits<allocator_type>::propagate_on_container_swap::value ||
        -:  258:                 allocator_traits<allocator_type>::is_always_equal::value);  // C++17
        -:  259:    void flip() noexcept;
        -:  260:
        -:  261:    bool __invariants() const;
        -:  262:};
        -:  263:
        -:  264:template <class InputIterator, class Allocator = allocator<typename iterator_traits<InputIterator>::value_type>>
        -:  265:   vector(InputIterator, InputIterator, Allocator = Allocator())
        -:  266:   -> vector<typename iterator_traits<InputIterator>::value_type, Allocator>; // C++17
        -:  267:
        -:  268:template<ranges::input_range R, class Allocator = allocator<ranges::range_value_t<R>>>
        -:  269:  vector(from_range_t, R&&, Allocator = Allocator())
        -:  270:    -> vector<ranges::range_value_t<R>, Allocator>; // C++23
        -:  271:
        -:  272:template <class Allocator> struct hash<std::vector<bool, Allocator>>;
        -:  273:
        -:  274:template <class T, class Allocator> bool operator==(const vector<T,Allocator>& x, const vector<T,Allocator>& y);   // constexpr since C++20
        -:  275:template <class T, class Allocator> bool operator!=(const vector<T,Allocator>& x, const vector<T,Allocator>& y);   // removed in C++20
        -:  276:template <class T, class Allocator> bool operator< (const vector<T,Allocator>& x, const vector<T,Allocator>& y);   // removed in C++20
        -:  277:template <class T, class Allocator> bool operator> (const vector<T,Allocator>& x, const vector<T,Allocator>& y);   // removed in C++20
        -:  278:template <class T, class Allocator> bool operator>=(const vector<T,Allocator>& x, const vector<T,Allocator>& y);   // removed in C++20
        -:  279:template <class T, class Allocator> bool operator<=(const vector<T,Allocator>& x, const vector<T,Allocator>& y);   // removed in C++20
        -:  280:template <class T, class Allocator> constexpr
        -:  281:  constexpr synth-three-way-result<T> operator<=>(const vector<T, Allocator>& x,
        -:  282:                                                  const vector<T, Allocator>& y);                                  // since C++20
        -:  283:
        -:  284:template <class T, class Allocator>
        -:  285:void swap(vector<T,Allocator>& x, vector<T,Allocator>& y)
        -:  286:    noexcept(noexcept(x.swap(y)));
        -:  287:
        -:  288:template <class T, class Allocator, class U>
        -:  289:typename vector<T, Allocator>::size_type
        -:  290:erase(vector<T, Allocator>& c, const U& value);       // since C++20
        -:  291:template <class T, class Allocator, class Predicate>
        -:  292:typename vector<T, Allocator>::size_type
        -:  293:erase_if(vector<T, Allocator>& c, Predicate pred);    // since C++20
        -:  294:
        -:  295:
        -:  296:template<class T>
        -:  297: inline constexpr bool is-vector-bool-reference = see below;        // exposition only, since C++23
        -:  298:
        -:  299:template<class T, class charT> requires is-vector-bool-reference<T> // Since C++23
        -:  300: struct formatter<T, charT>;
        -:  301:
        -:  302:}  // std
        -:  303:
        -:  304:*/
        -:  305:
        -:  306:// clang-format on
        -:  307:
        -:  308:#include <__algorithm/copy.h>
        -:  309:#include <__algorithm/equal.h>
        -:  310:#include <__algorithm/fill_n.h>
        -:  311:#include <__algorithm/iterator_operations.h>
        -:  312:#include <__algorithm/lexicographical_compare.h>
        -:  313:#include <__algorithm/lexicographical_compare_three_way.h>
        -:  314:#include <__algorithm/remove.h>
        -:  315:#include <__algorithm/remove_if.h>
        -:  316:#include <__algorithm/rotate.h>
        -:  317:#include <__algorithm/unwrap_iter.h>
        -:  318:#include <__assert> // all public C++ headers provide the assertion handler
        -:  319:#include <__availability>
        -:  320:#include <__bit_reference>
        -:  321:#include <__concepts/same_as.h>
        -:  322:#include <__config>
        -:  323:#include <__format/enable_insertable.h>
        -:  324:#include <__format/formatter.h>
        -:  325:#include <__format/formatter_bool.h>
        -:  326:#include <__functional/hash.h>
        -:  327:#include <__functional/unary_function.h>
        -:  328:#include <__iterator/advance.h>
        -:  329:#include <__iterator/distance.h>
        -:  330:#include <__iterator/iterator_traits.h>
        -:  331:#include <__iterator/reverse_iterator.h>
        -:  332:#include <__iterator/wrap_iter.h>
        -:  333:#include <__memory/addressof.h>
        -:  334:#include <__memory/allocate_at_least.h>
        -:  335:#include <__memory/allocator_traits.h>
        -:  336:#include <__memory/pointer_traits.h>
        -:  337:#include <__memory/swap_allocator.h>
        -:  338:#include <__memory/temp_value.h>
        -:  339:#include <__memory/uninitialized_algorithms.h>
        -:  340:#include <__memory_resource/polymorphic_allocator.h>
        -:  341:#include <__ranges/access.h>
        -:  342:#include <__ranges/concepts.h>
        -:  343:#include <__ranges/container_compatible_range.h>
        -:  344:#include <__ranges/from_range.h>
        -:  345:#include <__ranges/size.h>
        -:  346:#include <__split_buffer>
        -:  347:#include <__type_traits/is_allocator.h>
        -:  348:#include <__type_traits/is_constructible.h>
        -:  349:#include <__type_traits/is_nothrow_move_assignable.h>
        -:  350:#include <__type_traits/noexcept_move_assign_container.h>
        -:  351:#include <__type_traits/type_identity.h>
        -:  352:#include <__utility/exception_guard.h>
        -:  353:#include <__utility/forward.h>
        -:  354:#include <__utility/move.h>
        -:  355:#include <__utility/pair.h>
        -:  356:#include <__utility/swap.h>
        -:  357:#include <climits>
        -:  358:#include <cstring>
        -:  359:#include <iosfwd> // for forward declaration of vector
        -:  360:#include <limits>
        -:  361:#include <stdexcept>
        -:  362:#include <version>
        -:  363:
        -:  364:// standard-mandated includes
        -:  365:
        -:  366:// [iterator.range]
        -:  367:#include <__iterator/access.h>
        -:  368:#include <__iterator/data.h>
        -:  369:#include <__iterator/empty.h>
        -:  370:#include <__iterator/reverse_access.h>
        -:  371:#include <__iterator/size.h>
        -:  372:
        -:  373:// [vector.syn]
        -:  374:#include <compare>
        -:  375:#include <initializer_list>
        -:  376:
        -:  377:#if !defined(_LIBCPP_HAS_NO_PRAGMA_SYSTEM_HEADER)
        -:  378:#  pragma GCC system_header
        -:  379:#endif
        -:  380:
        -:  381:_LIBCPP_PUSH_MACROS
        -:  382:#include <__undef_macros>
        -:  383:
        -:  384:_LIBCPP_BEGIN_NAMESPACE_STD
        -:  385:
        -:  386:template <class _Tp, class _Allocator /* = allocator<_Tp> */>
        -:  387:class _LIBCPP_TEMPLATE_VIS vector {
        -:  388:private:
        -:  389:  typedef allocator<_Tp> __default_allocator_type;
        -:  390:
        -:  391:public:
        -:  392:  typedef vector __self;
        -:  393:  typedef _Tp value_type;
        -:  394:  typedef _Allocator allocator_type;
        -:  395:  typedef allocator_traits<allocator_type> __alloc_traits;
        -:  396:  typedef value_type& reference;
        -:  397:  typedef const value_type& const_reference;
        -:  398:  typedef typename __alloc_traits::size_type size_type;
        -:  399:  typedef typename __alloc_traits::difference_type difference_type;
        -:  400:  typedef typename __alloc_traits::pointer pointer;
        -:  401:  typedef typename __alloc_traits::const_pointer const_pointer;
        -:  402:  // TODO: Implement iterator bounds checking without requiring the global database.
        -:  403:  typedef __wrap_iter<pointer> iterator;
        -:  404:  typedef __wrap_iter<const_pointer> const_iterator;
        -:  405:  typedef std::reverse_iterator<iterator> reverse_iterator;
        -:  406:  typedef std::reverse_iterator<const_iterator> const_reverse_iterator;
        -:  407:
        -:  408:  static_assert((is_same<typename allocator_type::value_type, value_type>::value),
        -:  409:                "Allocator::value_type must be same type as value_type");
        -:  410:
        -:  411:  static_assert(is_same<allocator_type, __rebind_alloc<__alloc_traits, value_type> >::value,
        -:  412:                "[allocator.requirements] states that rebinding an allocator to the same type should result in the "
        -:  413:                "original allocator");
        -:  414:
function _ZNSt3__16vectorINS_12basic_stringIcNS_11char_traitsIcEENS_9allocatorIcEEEENS4_IS6_EEEC1B8ne180100Ev called 84 returned 100% blocks executed 100%
function _ZNSt3__16vectorIN7testing8internal13edit_distance8EditTypeENS_9allocatorIS4_EEEC1B8ne180100Ev called 0 returned 0% blocks executed 0%
function _ZNSt3__16vectorImNS_9allocatorImEEEC1B8ne180100Ev called 0 returned 0% blocks executed 0%
function _ZNSt3__16vectorIN7testing14TestPartResultENS_9allocatorIS2_EEEC1B8ne180100Ev called 48 returned 100% blocks executed 100%
function _ZNSt3__16vectorIN7testing12TestPropertyENS_9allocatorIS2_EEEC1B8ne180100Ev called 48 returned 100% blocks executed 100%
function _ZNSt3__16vectorIPN7testing8TestInfoENS_9allocatorIS3_EEEC1B8ne180100Ev called 6 returned 100% blocks executed 100%
function _ZNSt3__16vectorIiNS_9allocatorIiEEEC1B8ne180100Ev called 12 returned 100% blocks executed 100%
function _ZNSt3__16vectorIPN7testing11EnvironmentENS_9allocatorIS3_EEEC1B8ne180100Ev called 6 returned 100% blocks executed 100%
function _ZNSt3__16vectorIPN7testing9TestSuiteENS_9allocatorIS3_EEEC1B8ne180100Ev called 6 returned 100% blocks executed 100%
function _ZNSt3__16vectorIPcNS_9allocatorIS1_EEEC1B8ne180100Ev called 0 returned 0% blocks executed 0%
function _ZNSt3__16vectorIPcNS_9allocatorIS1_EEEC2B8ne180100Ev called 0 returned 0% blocks executed 0%
function _ZNSt3__16vectorIPN7testing17TestEventListenerENS_9allocatorIS3_EEEC1B8ne180100Ev called 6 returned 100% blocks executed 100%
function _ZNSt3__16vectorIPN7testing17TestEventListenerENS_9allocatorIS3_EEEC2B8ne180100Ev called 6 returned 100% blocks executed 66%
function _ZNSt3__16vectorIPN7testing8internal30ParameterizedTestSuiteInfoBaseENS_9allocatorIS4_EEEC1B8ne180100Ev called 6 returned 100% blocks executed 100%
function _ZNSt3__16vectorIPN7testing8internal30ParameterizedTestSuiteInfoBaseENS_9allocatorIS4_EEEC2B8ne180100Ev called 6 returned 100% blocks executed 66%
function _ZNSt3__16vectorINS_12basic_stringIcNS_11char_traitsIcEENS_9allocatorIcEEEENS4_IS6_EEEC2B8ne180100Ev called 84 returned 100% blocks executed 66%
function _ZNSt3__16vectorIN7testing8internal13edit_distance8EditTypeENS_9allocatorIS4_EEEC2B8ne180100Ev called 0 returned 0% blocks executed 0%
function _ZNSt3__16vectorImNS_9allocatorImEEEC2B8ne180100Ev called 0 returned 0% blocks executed 0%
function _ZNSt3__16vectorIN7testing14TestPartResultENS_9allocatorIS2_EEEC2B8ne180100Ev called 48 returned 100% blocks executed 66%
function _ZNSt3__16vectorIN7testing12TestPropertyENS_9allocatorIS2_EEEC2B8ne180100Ev called 48 returned 100% blocks executed 66%
function _ZNSt3__16vectorIPN7testing8TestInfoENS_9allocatorIS3_EEEC2B8ne180100Ev called 6 returned 100% blocks executed 66%
function _ZNSt3__16vectorIiNS_9allocatorIiEEEC2B8ne180100Ev called 12 returned 100% blocks executed 66%
function _ZNSt3__16vectorIPN7testing11EnvironmentENS_9allocatorIS3_EEEC2B8ne180100Ev called 6 returned 100% blocks executed 66%
function _ZNSt3__16vectorIPN7testing9TestSuiteENS_9allocatorIS3_EEEC2B8ne180100Ev called 6 returned 100% blocks executed 66%
function _ZNSt3__16vectorIN7testing8internal9TraceInfoENS_9allocatorIS3_EEEC1B8ne180100Ev called 0 returned 0% blocks executed 0%
function _ZNSt3__16vectorIN7testing8internal9TraceInfoENS_9allocatorIS3_EEEC2B8ne180100Ev called 0 returned 0% blocks executed 0%
      444:  415:  _LIBCPP_CONSTEXPR_SINCE_CXX20 _LIBCPP_HIDE_FROM_ABI vector()
      444:  416:      _NOEXCEPT_(is_nothrow_default_constructible<allocator_type>::value) {}
       84:  416-block  0
    $$$$$:  416-block  1
    $$$$$:  416-block  2
       48:  416-block  3
       48:  416-block  4
        6:  416-block  5
       12:  416-block  6
        6:  416-block  7
        6:  416-block  8
    $$$$$:  416-block  9
    $$$$$:  416-block 10
        6:  416-block 11
        6:  416-block 12
        6:  416-block 13
        6:  416-block 14
       84:  416-block 15
    $$$$$:  416-block 16
    $$$$$:  416-block 17
       48:  416-block 18
       48:  416-block 19
        6:  416-block 20
       12:  416-block 21
        6:  416-block 22
        6:  416-block 23
    $$$$$:  416-block 24
    $$$$$:  416-block 25
        -:  417:  _LIBCPP_CONSTEXPR_SINCE_CXX20 _LIBCPP_HIDE_FROM_ABI explicit vector(const allocator_type& __a)
        -:  418:#if _LIBCPP_STD_VER <= 14
        -:  419:      _NOEXCEPT_(is_nothrow_copy_constructible<allocator_type>::value)
        -:  420:#else
        -:  421:      _NOEXCEPT
        -:  422:#endif
        -:  423:      : __end_cap_(nullptr, __a) {
        -:  424:  }
        -:  425:  _LIBCPP_CONSTEXPR_SINCE_CXX20 _LIBCPP_HIDE_FROM_ABI explicit vector(size_type __n);
        -:  426:#if _LIBCPP_STD_VER >= 14
        -:  427:  _LIBCPP_CONSTEXPR_SINCE_CXX20 _LIBCPP_HIDE_FROM_ABI explicit vector(size_type __n, const allocator_type& __a);
        -:  428:#endif
        -:  429:  _LIBCPP_CONSTEXPR_SINCE_CXX20 _LIBCPP_HIDE_FROM_ABI vector(size_type __n, const value_type& __x);
        -:  430:
        -:  431:  template <class = __enable_if_t<__is_allocator<_Allocator>::value> >
        -:  432:  _LIBCPP_CONSTEXPR_SINCE_CXX20 _LIBCPP_HIDE_FROM_ABI
        -:  433:  vector(size_type __n, const value_type& __x, const allocator_type& __a)
        -:  434:      : __end_cap_(nullptr, __a) {
        -:  435:    if (__n > 0) {
        -:  436:      __vallocate(__n);
        -:  437:      __construct_at_end(__n, __x);
        -:  438:    }
        -:  439:  }
        -:  440:
        -:  441:  template <class _InputIterator,
        -:  442:            __enable_if_t<__has_exactly_input_iterator_category<_InputIterator>::value &&
        -:  443:                              is_constructible<value_type, typename iterator_traits<_InputIterator>::reference>::value,
        -:  444:                          int> = 0>
        -:  445:  _LIBCPP_CONSTEXPR_SINCE_CXX20 _LIBCPP_HIDE_FROM_ABI vector(_InputIterator __first, _InputIterator __last);
        -:  446:  template <class _InputIterator,
        -:  447:            __enable_if_t<__has_exactly_input_iterator_category<_InputIterator>::value &&
        -:  448:                              is_constructible<value_type, typename iterator_traits<_InputIterator>::reference>::value,
        -:  449:                          int> = 0>
        -:  450:  _LIBCPP_CONSTEXPR_SINCE_CXX20 _LIBCPP_HIDE_FROM_ABI
        -:  451:  vector(_InputIterator __first, _InputIterator __last, const allocator_type& __a);
        -:  452:
        -:  453:  template <
        -:  454:      class _ForwardIterator,
        -:  455:      __enable_if_t<__has_forward_iterator_category<_ForwardIterator>::value &&
        -:  456:                        is_constructible<value_type, typename iterator_traits<_ForwardIterator>::reference>::value,
        -:  457:                    int> = 0>
        -:  458:  _LIBCPP_CONSTEXPR_SINCE_CXX20 _LIBCPP_HIDE_FROM_ABI vector(_ForwardIterator __first, _ForwardIterator __last);
        -:  459:
        -:  460:  template <
        -:  461:      class _ForwardIterator,
        -:  462:      __enable_if_t<__has_forward_iterator_category<_ForwardIterator>::value &&
        -:  463:                        is_constructible<value_type, typename iterator_traits<_ForwardIterator>::reference>::value,
        -:  464:                    int> = 0>
        -:  465:  _LIBCPP_CONSTEXPR_SINCE_CXX20 _LIBCPP_HIDE_FROM_ABI
        -:  466:  vector(_ForwardIterator __first, _ForwardIterator __last, const allocator_type& __a);
        -:  467:
        -:  468:#if _LIBCPP_STD_VER >= 23
        -:  469:  template <_ContainerCompatibleRange<_Tp> _Range>
        -:  470:  _LIBCPP_HIDE_FROM_ABI constexpr vector(
        -:  471:      from_range_t, _Range&& __range, const allocator_type& __alloc = allocator_type())
        -:  472:      : __end_cap_(nullptr, __alloc) {
        -:  473:    if constexpr (ranges::forward_range<_Range> || ranges::sized_range<_Range>) {
        -:  474:      auto __n = static_cast<size_type>(ranges::distance(__range));
        -:  475:      __init_with_size(ranges::begin(__range), ranges::end(__range), __n);
        -:  476:
        -:  477:    } else {
        -:  478:      __init_with_sentinel(ranges::begin(__range), ranges::end(__range));
        -:  479:    }
        -:  480:  }
        -:  481:#endif
        -:  482:
        -:  483:private:
        -:  484:  class __destroy_vector {
        -:  485:  public:
function _ZNSt3__16vectorINS_12basic_stringIcNS_11char_traitsIcEENS_9allocatorIcEEEENS4_IS6_EEE16__destroy_vectorC1B8ne180100ERS8_ called 102 returned 100% blocks executed 100%
function _ZNSt3__16vectorINS_12basic_stringIcNS_11char_traitsIcEENS_9allocatorIcEEEENS4_IS6_EEE16__destroy_vectorC2B8ne180100ERS8_ called 102 returned 100% blocks executed 100%
function _ZNSt3__16vectorIPN7testing8internal30ParameterizedTestSuiteInfoBaseENS_9allocatorIS4_EEE16__destroy_vectorC1B8ne180100ERS7_ called 0 returned 0% blocks executed 0%
function _ZNSt3__16vectorIPN7testing8internal30ParameterizedTestSuiteInfoBaseENS_9allocatorIS4_EEE16__destroy_vectorC2B8ne180100ERS7_ called 0 returned 0% blocks executed 0%
function _ZNSt3__16vectorIPcNS_9allocatorIS1_EEE16__destroy_vectorC1B8ne180100ERS4_ called 0 returned 0% blocks executed 0%
function _ZNSt3__16vectorIPcNS_9allocatorIS1_EEE16__destroy_vectorC2B8ne180100ERS4_ called 0 returned 0% blocks executed 0%
function _ZNSt3__16vectorIdNS_9allocatorIdEEE16__destroy_vectorC1B8ne180100ERS3_ called 0 returned 0% blocks executed 0%
function _ZNSt3__16vectorIdNS_9allocatorIdEEE16__destroy_vectorC2B8ne180100ERS3_ called 0 returned 0% blocks executed 0%
function _ZNSt3__16vectorINS0_IdNS_9allocatorIdEEEENS1_IS3_EEE16__destroy_vectorC1B8ne180100ERS5_ called 0 returned 0% blocks executed 0%
function _ZNSt3__16vectorINS0_IdNS_9allocatorIdEEEENS1_IS3_EEE16__destroy_vectorC2B8ne180100ERS5_ called 0 returned 0% blocks executed 0%
function _ZNSt3__16vectorIN7testing8internal13edit_distance8EditTypeENS_9allocatorIS4_EEE16__destroy_vectorC1B8ne180100ERS7_ called 0 returned 0% blocks executed 0%
function _ZNSt3__16vectorIN7testing8internal13edit_distance8EditTypeENS_9allocatorIS4_EEE16__destroy_vectorC2B8ne180100ERS7_ called 0 returned 0% blocks executed 0%
function _ZNSt3__16vectorINS0_IN7testing8internal13edit_distance8EditTypeENS_9allocatorIS4_EEEENS5_IS7_EEE16__destroy_vectorC1B8ne180100ERS9_ called 0 returned 0% blocks executed 0%
function _ZNSt3__16vectorINS0_IN7testing8internal13edit_distance8EditTypeENS_9allocatorIS4_EEEENS5_IS7_EEE16__destroy_vectorC2B8ne180100ERS9_ called 0 returned 0% blocks executed 0%
function _ZNSt3__16vectorImNS_9allocatorImEEE16__destroy_vectorC1B8ne180100ERS3_ called 0 returned 0% blocks executed 0%
function _ZNSt3__16vectorImNS_9allocatorImEEE16__destroy_vectorC2B8ne180100ERS3_ called 0 returned 0% blocks executed 0%
function _ZNSt3__16vectorIN7testing14TestPartResultENS_9allocatorIS2_EEE16__destroy_vectorC1B8ne180100ERS5_ called 0 returned 0% blocks executed 0%
function _ZNSt3__16vectorIN7testing14TestPartResultENS_9allocatorIS2_EEE16__destroy_vectorC2B8ne180100ERS5_ called 0 returned 0% blocks executed 0%
function _ZNSt3__16vectorIN7testing12TestPropertyENS_9allocatorIS2_EEE16__destroy_vectorC1B8ne180100ERS5_ called 0 returned 0% blocks executed 0%
function _ZNSt3__16vectorIN7testing12TestPropertyENS_9allocatorIS2_EEE16__destroy_vectorC2B8ne180100ERS5_ called 0 returned 0% blocks executed 0%
function _ZNSt3__16vectorIPN7testing8TestInfoENS_9allocatorIS3_EEE16__destroy_vectorC1B8ne180100ERS6_ called 0 returned 0% blocks executed 0%
function _ZNSt3__16vectorIPN7testing8TestInfoENS_9allocatorIS3_EEE16__destroy_vectorC2B8ne180100ERS6_ called 0 returned 0% blocks executed 0%
function _ZNSt3__16vectorIiNS_9allocatorIiEEE16__destroy_vectorC1B8ne180100ERS3_ called 0 returned 0% blocks executed 0%
function _ZNSt3__16vectorIiNS_9allocatorIiEEE16__destroy_vectorC2B8ne180100ERS3_ called 0 returned 0% blocks executed 0%
function _ZNSt3__16vectorIPN7testing17TestEventListenerENS_9allocatorIS3_EEE16__destroy_vectorC1B8ne180100ERS6_ called 0 returned 0% blocks executed 0%
function _ZNSt3__16vectorIPN7testing17TestEventListenerENS_9allocatorIS3_EEE16__destroy_vectorC2B8ne180100ERS6_ called 0 returned 0% blocks executed 0%
function _ZNSt3__16vectorIN7testing8internal9TraceInfoENS_9allocatorIS3_EEE16__destroy_vectorC1B8ne180100ERS6_ called 0 returned 0% blocks executed 0%
function _ZNSt3__16vectorIN7testing8internal9TraceInfoENS_9allocatorIS3_EEE16__destroy_vectorC2B8ne180100ERS6_ called 0 returned 0% blocks executed 0%
function _ZNSt3__16vectorIPN7testing11EnvironmentENS_9allocatorIS3_EEE16__destroy_vectorC1B8ne180100ERS6_ called 0 returned 0% blocks executed 0%
function _ZNSt3__16vectorIPN7testing11EnvironmentENS_9allocatorIS3_EEE16__destroy_vectorC2B8ne180100ERS6_ called 0 returned 0% blocks executed 0%
function _ZNSt3__16vectorIPN7testing9TestSuiteENS_9allocatorIS3_EEE16__destroy_vectorC1B8ne180100ERS6_ called 0 returned 0% blocks executed 0%
function _ZNSt3__16vectorIPN7testing9TestSuiteENS_9allocatorIS3_EEE16__destroy_vectorC2B8ne180100ERS6_ called 0 returned 0% blocks executed 0%
      204:  486:    _LIBCPP_CONSTEXPR _LIBCPP_HIDE_FROM_ABI __destroy_vector(vector& __vec) : __vec_(__vec) {}
      102:  486-block  0
      102:  486-block  1
    $$$$$:  486-block  2
    $$$$$:  486-block  3
    $$$$$:  486-block  4
    $$$$$:  486-block  5
    $$$$$:  486-block  6
    $$$$$:  486-block  7
    $$$$$:  486-block  8
    $$$$$:  486-block  9
    $$$$$:  486-block 10
    $$$$$:  486-block 11
    $$$$$:  486-block 12
    $$$$$:  486-block 13
    $$$$$:  486-block 14
    $$$$$:  486-block 15
    $$$$$:  486-block 16
    $$$$$:  486-block 17
    $$$$$:  486-block 18
    $$$$$:  486-block 19
    $$$$$:  486-block 20
    $$$$$:  486-block 21
    $$$$$:  486-block 22
    $$$$$:  486-block 23
    $$$$$:  486-block 24
    $$$$$:  486-block 25
    $$$$$:  486-block 26
    $$$$$:  486-block 27
    $$$$$:  486-block 28
    $$$$$:  486-block 29
    $$$$$:  486-block 30
    $$$$$:  486-block 31
        -:  487:
function _ZNSt3__16vectorINS_12basic_stringIcNS_11char_traitsIcEENS_9allocatorIcEEEENS4_IS6_EEE16__destroy_vectorclB8ne180100Ev called 90 returned 100% blocks executed 100%
function _ZNSt3__16vectorIPN7testing8internal30ParameterizedTestSuiteInfoBaseENS_9allocatorIS4_EEE16__destroy_vectorclB8ne180100Ev called 0 returned 0% blocks executed 0%
function _ZNSt3__16vectorIPcNS_9allocatorIS1_EEE16__destroy_vectorclB8ne180100Ev called 0 returned 0% blocks executed 0%
function _ZNSt3__16vectorIdNS_9allocatorIdEEE16__destroy_vectorclB8ne180100Ev called 0 returned 0% blocks executed 0%
function _ZNSt3__16vectorINS0_IdNS_9allocatorIdEEEENS1_IS3_EEE16__destroy_vectorclB8ne180100Ev called 0 returned 0% blocks executed 0%
function _ZNSt3__16vectorIN7testing8internal13edit_distance8EditTypeENS_9allocatorIS4_EEE16__destroy_vectorclB8ne180100Ev called 0 returned 0% blocks executed 0%
function _ZNSt3__16vectorINS0_IN7testing8internal13edit_distance8EditTypeENS_9allocatorIS4_EEEENS5_IS7_EEE16__destroy_vectorclB8ne180100Ev called 0 returned 0% blocks executed 0%
function _ZNSt3__16vectorImNS_9allocatorImEEE16__destroy_vectorclB8ne180100Ev called 0 returned 0% blocks executed 0%
function _ZNSt3__16vectorIN7testing14TestPartResultENS_9allocatorIS2_EEE16__destroy_vectorclB8ne180100Ev called 0 returned 0% blocks executed 0%
function _ZNSt3__16vectorIN7testing12TestPropertyENS_9allocatorIS2_EEE16__destroy_vectorclB8ne180100Ev called 0 returned 0% blocks executed 0%
function _ZNSt3__16vectorIPN7testing8TestInfoENS_9allocatorIS3_EEE16__destroy_vectorclB8ne180100Ev called 0 returned 0% blocks executed 0%
function _ZNSt3__16vectorIiNS_9allocatorIiEEE16__destroy_vectorclB8ne180100Ev called 0 returned 0% blocks executed 0%
function _ZNSt3__16vectorIPN7testing17TestEventListenerENS_9allocatorIS3_EEE16__destroy_vectorclB8ne180100Ev called 0 returned 0% blocks executed 0%
function _ZNSt3__16vectorIN7testing8internal9TraceInfoENS_9allocatorIS3_EEE16__destroy_vectorclB8ne180100Ev called 0 returned 0% blocks executed 0%
function _ZNSt3__16vectorIPN7testing11EnvironmentENS_9allocatorIS3_EEE16__destroy_vectorclB8ne180100Ev called 0 returned 0% blocks executed 0%
function _ZNSt3__16vectorIPN7testing9TestSuiteENS_9allocatorIS3_EEE16__destroy_vectorclB8ne180100Ev called 0 returned 0% blocks executed 0%
       90:  488:    _LIBCPP_CONSTEXPR_SINCE_CXX20 _LIBCPP_HIDE_FROM_ABI void operator()() {
       90:  489:      if (__vec_.__begin_ != nullptr) {
       42:  489-block  0
       48:  489-block  1
    $$$$$:  489-block  2
    $$$$$:  489-block  3
    $$$$$:  489-block  4
    $$$$$:  489-block  5
    $$$$$:  489-block  6
    $$$$$:  489-block  7
    $$$$$:  489-block  8
    $$$$$:  489-block  9
    $$$$$:  489-block 10
    $$$$$:  489-block 11
    $$$$$:  489-block 12
    $$$$$:  489-block 13
    $$$$$:  489-block 14
    $$$$$:  489-block 15
    $$$$$:  489-block 16
    $$$$$:  489-block 17
    $$$$$:  489-block 18
    $$$$$:  489-block 19
    $$$$$:  489-block 20
    $$$$$:  489-block 21
    $$$$$:  489-block 22
    $$$$$:  489-block 23
    $$$$$:  489-block 24
    $$$$$:  489-block 25
    $$$$$:  489-block 26
    $$$$$:  489-block 27
    $$$$$:  489-block 28
    $$$$$:  489-block 29
    $$$$$:  489-block 30
    $$$$$:  489-block 31
       42:  490:        __vec_.__clear();
       42:  491:        __vec_.__annotate_delete();
       42:  492:        __alloc_traits::deallocate(__vec_.__alloc(), __vec_.__begin_, __vec_.capacity());
       42:  493:      }
       42:  493-block  0
    $$$$$:  493-block  1
    $$$$$:  493-block  2
    $$$$$:  493-block  3
    $$$$$:  493-block  4
    $$$$$:  493-block  5
    $$$$$:  493-block  6
    $$$$$:  493-block  7
    $$$$$:  493-block  8
    $$$$$:  493-block  9
    $$$$$:  493-block 10
    $$$$$:  493-block 11
    $$$$$:  493-block 12
    $$$$$:  493-block 13
    $$$$$:  493-block 14
    $$$$$:  493-block 15
       90:  494:    }
       90:  494-block  0
    $$$$$:  494-block  1
    $$$$$:  494-block  2
    $$$$$:  494-block  3
    $$$$$:  494-block  4
    $$$$$:  494-block  5
    $$$$$:  494-block  6
    $$$$$:  494-block  7
    $$$$$:  494-block  8
    $$$$$:  494-block  9
    $$$$$:  494-block 10
    $$$$$:  494-block 11
    $$$$$:  494-block 12
    $$$$$:  494-block 13
    $$$$$:  494-block 14
    $$$$$:  494-block 15
        -:  495:
        -:  496:  private:
        -:  497:    vector& __vec_;
        -:  498:  };
        -:  499:
        -:  500:public:
function _ZNSt3__16vectorIPcNS_9allocatorIS1_EEED1B8ne180100Ev called 0 returned 0% blocks executed 0%
function _ZNSt3__16vectorINS_12basic_stringIcNS_11char_traitsIcEENS_9allocatorIcEEEENS4_IS6_EEED1B8ne180100Ev called 90 returned 100% blocks executed 100%
function _ZNSt3__16vectorIdNS_9allocatorIdEEED1B8ne180100Ev called 0 returned 0% blocks executed 0%
function _ZNSt3__16vectorIN7testing8internal13edit_distance8EditTypeENS_9allocatorIS4_EEED1B8ne180100Ev called 0 returned 0% blocks executed 0%
function _ZNSt3__16vectorINS0_IN7testing8internal13edit_distance8EditTypeENS_9allocatorIS4_EEEENS5_IS7_EEED1B8ne180100Ev called 0 returned 0% blocks executed 0%
function _ZNSt3__16vectorINS0_IdNS_9allocatorIdEEEENS1_IS3_EEED1B8ne180100Ev called 0 returned 0% blocks executed 0%
function _ZNSt3__16vectorImNS_9allocatorImEEED1B8ne180100Ev called 0 returned 0% blocks executed 0%
function _ZNSt3__16vectorIN7testing12TestPropertyENS_9allocatorIS2_EEED1B8ne180100Ev called 0 returned 0% blocks executed 0%
function _ZNSt3__16vectorIN7testing14TestPartResultENS_9allocatorIS2_EEED1B8ne180100Ev called 0 returned 0% blocks executed 0%
function _ZNSt3__16vectorIiNS_9allocatorIiEEED1B8ne180100Ev called 0 returned 0% blocks executed 0%
function _ZNSt3__16vectorIPN7testing8TestInfoENS_9allocatorIS3_EEED1B8ne180100Ev called 0 returned 0% blocks executed 0%
function _ZNSt3__16vectorIPN7testing17TestEventListenerENS_9allocatorIS3_EEED1B8ne180100Ev called 0 returned 0% blocks executed 0%
function _ZNSt3__16vectorIPN7testing9TestSuiteENS_9allocatorIS3_EEED1B8ne180100Ev called 0 returned 0% blocks executed 0%
function _ZNSt3__16vectorIPN7testing11EnvironmentENS_9allocatorIS3_EEED1B8ne180100Ev called 0 returned 0% blocks executed 0%
function _ZNSt3__16vectorIPN7testing8internal30ParameterizedTestSuiteInfoBaseENS_9allocatorIS4_EEED1B8ne180100Ev called 0 returned 0% blocks executed 0%
function _ZNSt3__16vectorIPN7testing8internal30ParameterizedTestSuiteInfoBaseENS_9allocatorIS4_EEED2B8ne180100Ev called 0 returned 0% blocks executed 0%
function _ZNSt3__16vectorIPcNS_9allocatorIS1_EEED2B8ne180100Ev called 0 returned 0% blocks executed 0%
function _ZNSt3__16vectorINS_12basic_stringIcNS_11char_traitsIcEENS_9allocatorIcEEEENS4_IS6_EEED2B8ne180100Ev called 90 returned 100% blocks executed 66%
function _ZNSt3__16vectorIdNS_9allocatorIdEEED2B8ne180100Ev called 0 returned 0% blocks executed 0%
function _ZNSt3__16vectorINS0_IdNS_9allocatorIdEEEENS1_IS3_EEED2B8ne180100Ev called 0 returned 0% blocks executed 0%
function _ZNSt3__16vectorIN7testing8internal13edit_distance8EditTypeENS_9allocatorIS4_EEED2B8ne180100Ev called 0 returned 0% blocks executed 0%
function _ZNSt3__16vectorINS0_IN7testing8internal13edit_distance8EditTypeENS_9allocatorIS4_EEEENS5_IS7_EEED2B8ne180100Ev called 0 returned 0% blocks executed 0%
function _ZNSt3__16vectorImNS_9allocatorImEEED2B8ne180100Ev called 0 returned 0% blocks executed 0%
function _ZNSt3__16vectorIN7testing14TestPartResultENS_9allocatorIS2_EEED2B8ne180100Ev called 0 returned 0% blocks executed 0%
function _ZNSt3__16vectorIN7testing12TestPropertyENS_9allocatorIS2_EEED2B8ne180100Ev called 0 returned 0% blocks executed 0%
function _ZNSt3__16vectorIPN7testing8TestInfoENS_9allocatorIS3_EEED2B8ne180100Ev called 0 returned 0% blocks executed 0%
function _ZNSt3__16vectorIiNS_9allocatorIiEEED2B8ne180100Ev called 0 returned 0% blocks executed 0%
function _ZNSt3__16vectorIPN7testing17TestEventListenerENS_9allocatorIS3_EEED2B8ne180100Ev called 0 returned 0% blocks executed 0%
function _ZNSt3__16vectorIN7testing8internal9TraceInfoENS_9allocatorIS3_EEED1B8ne180100Ev called 0 returned 0% blocks executed 0%
function _ZNSt3__16vectorIN7testing8internal9TraceInfoENS_9allocatorIS3_EEED2B8ne180100Ev called 0 returned 0% blocks executed 0%
function _ZNSt3__16vectorIPN7testing11EnvironmentENS_9allocatorIS3_EEED2B8ne180100Ev called 0 returned 0% blocks executed 0%
function _ZNSt3__16vectorIPN7testing9TestSuiteENS_9allocatorIS3_EEED2B8ne180100Ev called 0 returned 0% blocks executed 0%
      180:  501:  _LIBCPP_CONSTEXPR_SINCE_CXX20 _LIBCPP_HIDE_FROM_ABI ~vector() { __destroy_vector (*this)(); }
    $$$$$:  501-block  0
       90:  501-block  1
    $$$$$:  501-block  2
    $$$$$:  501-block  3
    $$$$$:  501-block  4
    $$$$$:  501-block  5
    $$$$$:  501-block  6
    $$$$$:  501-block  7
    $$$$$:  501-block  8
    $$$$$:  501-block  9
    $$$$$:  501-block 10
    $$$$$:  501-block 11
    $$$$$:  501-block 12
    $$$$$:  501-block 13
    $$$$$:  501-block 14
    $$$$$:  501-block 15
    $$$$$:  501-block 16
    $$$$$:  501-block 17
    $$$$$:  501-block 18
    $$$$$:  501-block 19
    $$$$$:  501-block 20
    $$$$$:  501-block 21
    $$$$$:  501-block 22
       90:  501-block 23
branch  0 taken 90
branch  1 taken 0
       90:  501-block 24
    $$$$$:  501-block 25
    $$$$$:  501-block 26
branch  2 never executed
branch  3 never executed
    $$$$$:  501-block 27
    $$$$$:  501-block 28
    $$$$$:  501-block 29
branch  4 never executed
branch  5 never executed
    $$$$$:  501-block 30
    $$$$$:  501-block 31
    $$$$$:  501-block 32
branch  6 never executed
branch  7 never executed
    $$$$$:  501-block 33
    $$$$$:  501-block 34
    $$$$$:  501-block 35
branch  8 never executed
branch  9 never executed
    $$$$$:  501-block 36
    $$$$$:  501-block 37
    $$$$$:  501-block 38
    $$$$$:  501-block 39
    $$$$$:  501-block 40
    $$$$$:  501-block 41
    $$$$$:  501-block 42
    $$$$$:  501-block 43
    $$$$$:  501-block 44
    $$$$$:  501-block 45
    $$$$$:  501-block 46
    $$$$$:  501-block 47
    $$$$$:  501-block 48
    $$$$$:  501-block 49
    $$$$$:  501-block 50
    $$$$$:  501-block 51
    $$$$$:  501-block 52
    $$$$$:  501-block 53
    $$$$$:  501-block 54
    $$$$$:  501-block 55
    $$$$$:  501-block 56
    $$$$$:  501-block 57
    $$$$$:  501-block 58
    $$$$$:  501-block 59
    $$$$$:  501-block 60
    $$$$$:  501-block 61
    $$$$$:  501-block 62
    $$$$$:  501-block 63
    $$$$$:  501-block 64
    $$$$$:  501-block 65
    $$$$$:  501-block 66
    $$$$$:  501-block 67
    $$$$$:  501-block 68
    $$$$$:  501-block 69
    $$$$$:  501-block 70
    $$$$$:  501-block 71
    $$$$$:  501-block 72
    $$$$$:  501-block 73
    $$$$$:  501-block 74
        -:  502:
        -:  503:  _LIBCPP_CONSTEXPR_SINCE_CXX20 _LIBCPP_HIDE_FROM_ABI vector(const vector& __x);
        -:  504:  _LIBCPP_CONSTEXPR_SINCE_CXX20 _LIBCPP_HIDE_FROM_ABI
        -:  505:  vector(const vector& __x, const __type_identity_t<allocator_type>& __a);
        -:  506:  _LIBCPP_CONSTEXPR_SINCE_CXX20 _LIBCPP_HIDE_FROM_ABI vector& operator=(const vector& __x);
        -:  507:
        -:  508:#ifndef _LIBCPP_CXX03_LANG
        -:  509:  _LIBCPP_CONSTEXPR_SINCE_CXX20 _LIBCPP_HIDE_FROM_ABI vector(initializer_list<value_type> __il);
        -:  510:
        -:  511:  _LIBCPP_CONSTEXPR_SINCE_CXX20 _LIBCPP_HIDE_FROM_ABI
        -:  512:  vector(initializer_list<value_type> __il, const allocator_type& __a);
        -:  513:
        -:  514:  _LIBCPP_CONSTEXPR_SINCE_CXX20 _LIBCPP_HIDE_FROM_ABI vector& operator=(initializer_list<value_type> __il) {
        -:  515:    assign(__il.begin(), __il.end());
        -:  516:    return *this;
        -:  517:  }
        -:  518:#endif // !_LIBCPP_CXX03_LANG
        -:  519:
        -:  520:  _LIBCPP_CONSTEXPR_SINCE_CXX20 _LIBCPP_HIDE_FROM_ABI vector(vector&& __x)
        -:  521:#if _LIBCPP_STD_VER >= 17
        -:  522:      noexcept;
        -:  523:#else
        -:  524:      _NOEXCEPT_(is_nothrow_move_constructible<allocator_type>::value);
        -:  525:#endif
        -:  526:
        -:  527:  _LIBCPP_CONSTEXPR_SINCE_CXX20 _LIBCPP_HIDE_FROM_ABI
        -:  528:  vector(vector&& __x, const __type_identity_t<allocator_type>& __a);
        -:  529:  _LIBCPP_CONSTEXPR_SINCE_CXX20 _LIBCPP_HIDE_FROM_ABI vector& operator=(vector&& __x)
        -:  530:      _NOEXCEPT_((__noexcept_move_assign_container<_Allocator, __alloc_traits>::value));
        -:  531:
        -:  532:  template <class _InputIterator,
        -:  533:            __enable_if_t<__has_exactly_input_iterator_category<_InputIterator>::value &&
        -:  534:                              is_constructible<value_type, typename iterator_traits<_InputIterator>::reference>::value,
        -:  535:                          int> = 0>
        -:  536:  _LIBCPP_CONSTEXPR_SINCE_CXX20 _LIBCPP_HIDE_FROM_ABI void assign(_InputIterator __first, _InputIterator __last);
        -:  537:  template <
        -:  538:      class _ForwardIterator,
        -:  539:      __enable_if_t<__has_forward_iterator_category<_ForwardIterator>::value &&
        -:  540:                        is_constructible<value_type, typename iterator_traits<_ForwardIterator>::reference>::value,
        -:  541:                    int> = 0>
        -:  542:  _LIBCPP_CONSTEXPR_SINCE_CXX20 _LIBCPP_HIDE_FROM_ABI void assign(_ForwardIterator __first, _ForwardIterator __last);
        -:  543:
        -:  544:#if _LIBCPP_STD_VER >= 23
        -:  545:  template <_ContainerCompatibleRange<_Tp> _Range>
        -:  546:  _LIBCPP_HIDE_FROM_ABI constexpr void assign_range(_Range&& __range) {
        -:  547:    if constexpr (ranges::forward_range<_Range> || ranges::sized_range<_Range>) {
        -:  548:      auto __n = static_cast<size_type>(ranges::distance(__range));
        -:  549:      __assign_with_size(ranges::begin(__range), ranges::end(__range), __n);
        -:  550:
        -:  551:    } else {
        -:  552:      __assign_with_sentinel(ranges::begin(__range), ranges::end(__range));
        -:  553:    }
        -:  554:  }
        -:  555:#endif
        -:  556:
        -:  557:  _LIBCPP_CONSTEXPR_SINCE_CXX20 _LIBCPP_HIDE_FROM_ABI void assign(size_type __n, const_reference __u);
        -:  558:
        -:  559:#ifndef _LIBCPP_CXX03_LANG
        -:  560:  _LIBCPP_CONSTEXPR_SINCE_CXX20 _LIBCPP_HIDE_FROM_ABI void assign(initializer_list<value_type> __il) {
        -:  561:    assign(__il.begin(), __il.end());
        -:  562:  }
        -:  563:#endif
        -:  564:
        -:  565:  _LIBCPP_CONSTEXPR_SINCE_CXX20 _LIBCPP_HIDE_FROM_ABI allocator_type get_allocator() const _NOEXCEPT {
        -:  566:    return this->__alloc();
        -:  567:  }
        -:  568:
        -:  569:  _LIBCPP_CONSTEXPR_SINCE_CXX20 _LIBCPP_HIDE_FROM_ABI iterator begin() _NOEXCEPT;
        -:  570:  _LIBCPP_CONSTEXPR_SINCE_CXX20 _LIBCPP_HIDE_FROM_ABI const_iterator begin() const _NOEXCEPT;
        -:  571:  _LIBCPP_CONSTEXPR_SINCE_CXX20 _LIBCPP_HIDE_FROM_ABI iterator end() _NOEXCEPT;
        -:  572:  _LIBCPP_CONSTEXPR_SINCE_CXX20 _LIBCPP_HIDE_FROM_ABI const_iterator end() const _NOEXCEPT;
        -:  573:
function _ZNSt3__16vectorIPN7testing9TestSuiteENS_9allocatorIS3_EEE6rbeginB8ne180100Ev called 60 returned 100% blocks executed 66%
function _ZNSt3__16vectorIPN7testing11EnvironmentENS_9allocatorIS3_EEE6rbeginB8ne180100Ev called 6 returned 100% blocks executed 66%
       66:  574:  _LIBCPP_CONSTEXPR_SINCE_CXX20 _LIBCPP_HIDE_FROM_ABI reverse_iterator rbegin() _NOEXCEPT {
       66:  575:    return reverse_iterator(end());
       60:  575-block  0
branch  0 taken 60
branch  1 taken 0
       60:  575-block  1
    $$$$$:  575-block  2
        6:  575-block  3
branch  2 taken 6
branch  3 taken 0
        6:  575-block  4
    $$$$$:  575-block  5
        -:  576:  }
        -:  577:  _LIBCPP_CONSTEXPR_SINCE_CXX20 _LIBCPP_HIDE_FROM_ABI const_reverse_iterator rbegin() const _NOEXCEPT {
        -:  578:    return const_reverse_iterator(end());
        -:  579:  }
function _ZNSt3__16vectorIPN7testing11EnvironmentENS_9allocatorIS3_EEE4rendB8ne180100Ev called 6 returned 100% blocks executed 66%
        6:  580:  _LIBCPP_CONSTEXPR_SINCE_CXX20 _LIBCPP_HIDE_FROM_ABI reverse_iterator rend() _NOEXCEPT {
        6:  581:    return reverse_iterator(begin());
        6:  581-block  0
branch  0 taken 6
branch  1 taken 0
        6:  581-block  1
    $$$$$:  581-block  2
        -:  582:  }
        -:  583:  _LIBCPP_CONSTEXPR_SINCE_CXX20 _LIBCPP_HIDE_FROM_ABI const_reverse_iterator rend() const _NOEXCEPT {
        -:  584:    return const_reverse_iterator(begin());
        -:  585:  }
        -:  586:
function _ZNKSt3__16vectorIPN7testing17TestEventListenerENS_9allocatorIS3_EEE6cbeginB8ne180100Ev called 0 returned 0% blocks executed 0%
    #####:  587:  _LIBCPP_CONSTEXPR_SINCE_CXX20 _LIBCPP_HIDE_FROM_ABI const_iterator cbegin() const _NOEXCEPT { return begin(); }
    $$$$$:  587-block  0
        -:  588:  _LIBCPP_CONSTEXPR_SINCE_CXX20 _LIBCPP_HIDE_FROM_ABI const_iterator cend() const _NOEXCEPT { return end(); }
        -:  589:  _LIBCPP_CONSTEXPR_SINCE_CXX20 _LIBCPP_HIDE_FROM_ABI const_reverse_iterator crbegin() const _NOEXCEPT {
        -:  590:    return rbegin();
        -:  591:  }
        -:  592:  _LIBCPP_CONSTEXPR_SINCE_CXX20 _LIBCPP_HIDE_FROM_ABI const_reverse_iterator crend() const _NOEXCEPT { return rend(); }
        -:  593:
function _ZNKSt3__16vectorINS_12basic_stringIcNS_11char_traitsIcEENS_9allocatorIcEEEENS4_IS6_EEE4sizeB8ne180100Ev called 210 returned 100% blocks executed 100%
function _ZNKSt3__16vectorIN7testing14TestPartResultENS_9allocatorIS2_EEE4sizeB8ne180100Ev called 144 returned 100% blocks executed 100%
function _ZNKSt3__16vectorIPN7testing9TestSuiteENS_9allocatorIS3_EEE4sizeB8ne180100Ev called 102 returned 100% blocks executed 100%
function _ZNKSt3__16vectorImNS_9allocatorImEEE4sizeB8ne180100Ev called 0 returned 0% blocks executed 0%
function _ZNKSt3__16vectorINS0_IdNS_9allocatorIdEEEENS1_IS3_EEE4sizeB8ne180100Ev called 0 returned 0% blocks executed 0%
function _ZNKSt3__16vectorIdNS_9allocatorIdEEE4sizeB8ne180100Ev called 0 returned 0% blocks executed 0%
function _ZNKSt3__16vectorIN7testing8internal13edit_distance8EditTypeENS_9allocatorIS4_EEE4sizeB8ne180100Ev called 0 returned 0% blocks executed 0%
function _ZNKSt3__16vectorIN7testing12TestPropertyENS_9allocatorIS2_EEE4sizeB8ne180100Ev called 42 returned 100% blocks executed 100%
function _ZNKSt3__16vectorIPN7testing8TestInfoENS_9allocatorIS3_EEE4sizeB8ne180100Ev called 114 returned 100% blocks executed 100%
function _ZNKSt3__16vectorIiNS_9allocatorIiEEE4sizeB8ne180100Ev called 216 returned 100% blocks executed 100%
function _ZNKSt3__16vectorIPN7testing17TestEventListenerENS_9allocatorIS3_EEE4sizeB8ne180100Ev called 150 returned 100% blocks executed 100%
function _ZNKSt3__16vectorIN7testing8internal9TraceInfoENS_9allocatorIS3_EEE4sizeB8ne180100Ev called 0 returned 0% blocks executed 0%
function _ZNKSt3__16vectorIPcNS_9allocatorIS1_EEE4sizeB8ne180100Ev called 0 returned 0% blocks executed 0%
function _ZNKSt3__16vectorIPN7testing11EnvironmentENS_9allocatorIS3_EEE4sizeB8ne180100Ev called 6 returned 100% blocks executed 100%
      984:  594:  _LIBCPP_CONSTEXPR_SINCE_CXX20 _LIBCPP_HIDE_FROM_ABI size_type size() const _NOEXCEPT {
      984:  595:    return static_cast<size_type>(this->__end_ - this->__begin_);
      210:  595-block  0
      144:  595-block  1
      102:  595-block  2
    $$$$$:  595-block  3
    $$$$$:  595-block  4
    $$$$$:  595-block  5
    $$$$$:  595-block  6
       42:  595-block  7
      114:  595-block  8
      216:  595-block  9
      150:  595-block 10
    $$$$$:  595-block 11
    $$$$$:  595-block 12
        6:  595-block 13
        -:  596:  }
function _ZNKSt3__16vectorIPcNS_9allocatorIS1_EEE8capacityB8ne180100Ev called 0 returned 0% blocks executed 0%
function _ZNKSt3__16vectorINS_12basic_stringIcNS_11char_traitsIcEENS_9allocatorIcEEEENS4_IS6_EEE8capacityB8ne180100Ev called 114 returned 100% blocks executed 100%
function _ZNKSt3__16vectorIPN7testing8internal30ParameterizedTestSuiteInfoBaseENS_9allocatorIS4_EEE8capacityB8ne180100Ev called 0 returned 0% blocks executed 0%
function _ZNKSt3__16vectorIN7testing14TestPartResultENS_9allocatorIS2_EEE8capacityB8ne180100Ev called 0 returned 0% blocks executed 0%
function _ZNKSt3__16vectorIdNS_9allocatorIdEEE8capacityB8ne180100Ev called 0 returned 0% blocks executed 0%
function _ZNKSt3__16vectorINS0_IdNS_9allocatorIdEEEENS1_IS3_EEE8capacityB8ne180100Ev called 0 returned 0% blocks executed 0%
function _ZNKSt3__16vectorIN7testing8internal13edit_distance8EditTypeENS_9allocatorIS4_EEE8capacityB8ne180100Ev called 0 returned 0% blocks executed 0%
function _ZNKSt3__16vectorINS0_IN7testing8internal13edit_distance8EditTypeENS_9allocatorIS4_EEEENS5_IS7_EEE8capacityB8ne180100Ev called 0 returned 0% blocks executed 0%
function _ZNKSt3__16vectorImNS_9allocatorImEEE8capacityB8ne180100Ev called 0 returned 0% blocks executed 0%
function _ZNKSt3__16vectorIN7testing12TestPropertyENS_9allocatorIS2_EEE8capacityB8ne180100Ev called 0 returned 0% blocks executed 0%
function _ZNKSt3__16vectorIPN7testing8TestInfoENS_9allocatorIS3_EEE8capacityB8ne180100Ev called 24 returned 100% blocks executed 100%
function _ZNKSt3__16vectorIiNS_9allocatorIiEEE8capacityB8ne180100Ev called 30 returned 100% blocks executed 100%
function _ZNKSt3__16vectorIPN7testing17TestEventListenerENS_9allocatorIS3_EEE8capacityB8ne180100Ev called 6 returned 100% blocks executed 100%
function _ZNKSt3__16vectorIPN7testing11EnvironmentENS_9allocatorIS3_EEE8capacityB8ne180100Ev called 0 returned 0% blocks executed 0%
function _ZNKSt3__16vectorIN7testing8internal9TraceInfoENS_9allocatorIS3_EEE8capacityB8ne180100Ev called 0 returned 0% blocks executed 0%
function _ZNKSt3__16vectorIPN7testing9TestSuiteENS_9allocatorIS3_EEE8capacityB8ne180100Ev called 6 returned 100% blocks executed 100%
      180:  597:  _LIBCPP_CONSTEXPR_SINCE_CXX20 _LIBCPP_HIDE_FROM_ABI size_type capacity() const _NOEXCEPT {
      180:  598:    return static_cast<size_type>(__end_cap() - this->__begin_);
    $$$$$:  598-block  0
      114:  598-block  1
    $$$$$:  598-block  2
    $$$$$:  598-block  3
    $$$$$:  598-block  4
    $$$$$:  598-block  5
    $$$$$:  598-block  6
    $$$$$:  598-block  7
    $$$$$:  598-block  8
    $$$$$:  598-block  9
       24:  598-block 10
       30:  598-block 11
        6:  598-block 12
    $$$$$:  598-block 13
    $$$$$:  598-block 14
        6:  598-block 15
        -:  599:  }
function _ZNKSt3__16vectorINS_12basic_stringIcNS_11char_traitsIcEENS_9allocatorIcEEEENS4_IS6_EEE5emptyB8ne180100Ev called 12 returned 100% blocks executed 100%
function _ZNKSt3__16vectorIN7testing8internal9TraceInfoENS_9allocatorIS3_EEE5emptyB8ne180100Ev called 0 returned 0% blocks executed 0%
function _ZNKSt3__16vectorIPN7testing9TestSuiteENS_9allocatorIS3_EEE5emptyB8ne180100Ev called 36 returned 100% blocks executed 100%
       48:  600:  _LIBCPP_NODISCARD_AFTER_CXX17 _LIBCPP_CONSTEXPR_SINCE_CXX20 _LIBCPP_HIDE_FROM_ABI bool empty() const _NOEXCEPT {
       48:  601:    return this->__begin_ == this->__end_;
       12:  601-block  0
    $$$$$:  601-block  1
       36:  601-block  2
        -:  602:  }
        -:  603:  _LIBCPP_CONSTEXPR_SINCE_CXX20 _LIBCPP_HIDE_FROM_ABI size_type max_size() const _NOEXCEPT;
        -:  604:  _LIBCPP_CONSTEXPR_SINCE_CXX20 _LIBCPP_HIDE_FROM_ABI void reserve(size_type __n);
        -:  605:  _LIBCPP_CONSTEXPR_SINCE_CXX20 _LIBCPP_HIDE_FROM_ABI void shrink_to_fit() _NOEXCEPT;
        -:  606:
        -:  607:  _LIBCPP_CONSTEXPR_SINCE_CXX20 _LIBCPP_HIDE_FROM_ABI reference operator[](size_type __n) _NOEXCEPT;
        -:  608:  _LIBCPP_CONSTEXPR_SINCE_CXX20 _LIBCPP_HIDE_FROM_ABI const_reference operator[](size_type __n) const _NOEXCEPT;
        -:  609:  _LIBCPP_CONSTEXPR_SINCE_CXX20 _LIBCPP_HIDE_FROM_ABI reference at(size_type __n);
        -:  610:  _LIBCPP_CONSTEXPR_SINCE_CXX20 _LIBCPP_HIDE_FROM_ABI const_reference at(size_type __n) const;
        -:  611:
function _ZNSt3__16vectorINS_12basic_stringIcNS_11char_traitsIcEENS_9allocatorIcEEEENS4_IS6_EEE5frontB8ne180100Ev called 6 returned 100% blocks executed 100%
        6:  612:  _LIBCPP_CONSTEXPR_SINCE_CXX20 _LIBCPP_HIDE_FROM_ABI reference front() _NOEXCEPT {
        -:  613:    _LIBCPP_ASSERT_VALID_ELEMENT_ACCESS(!empty(), "front() called on an empty vector");
        6:  614:    return *this->__begin_;
        6:  614-block  0
        -:  615:  }
        -:  616:  _LIBCPP_CONSTEXPR_SINCE_CXX20 _LIBCPP_HIDE_FROM_ABI const_reference front() const _NOEXCEPT {
        -:  617:    _LIBCPP_ASSERT_VALID_ELEMENT_ACCESS(!empty(), "front() called on an empty vector");
        -:  618:    return *this->__begin_;
        -:  619:  }
        -:  620:  _LIBCPP_CONSTEXPR_SINCE_CXX20 _LIBCPP_HIDE_FROM_ABI reference back() _NOEXCEPT {
        -:  621:    _LIBCPP_ASSERT_VALID_ELEMENT_ACCESS(!empty(), "back() called on an empty vector");
        -:  622:    return *(this->__end_ - 1);
        -:  623:  }
        -:  624:  _LIBCPP_CONSTEXPR_SINCE_CXX20 _LIBCPP_HIDE_FROM_ABI const_reference back() const _NOEXCEPT {
        -:  625:    _LIBCPP_ASSERT_VALID_ELEMENT_ACCESS(!empty(), "back() called on an empty vector");
        -:  626:    return *(this->__end_ - 1);
        -:  627:  }
        -:  628:
function _ZNSt3__16vectorIPcNS_9allocatorIS1_EEE4dataB8ne180100Ev called 0 returned 0% blocks executed 0%
    #####:  629:  _LIBCPP_CONSTEXPR_SINCE_CXX20 _LIBCPP_HIDE_FROM_ABI value_type* data() _NOEXCEPT {
    #####:  630:    return std::__to_address(this->__begin_);
    $$$$$:  630-block  0
        -:  631:  }
        -:  632:
        -:  633:  _LIBCPP_CONSTEXPR_SINCE_CXX20 _LIBCPP_HIDE_FROM_ABI const value_type* data() const _NOEXCEPT {
        -:  634:    return std::__to_address(this->__begin_);
        -:  635:  }
        -:  636:
        -:  637:  _LIBCPP_CONSTEXPR_SINCE_CXX20 _LIBCPP_HIDE_FROM_ABI void push_back(const_reference __x);
        -:  638:
        -:  639:  _LIBCPP_CONSTEXPR_SINCE_CXX20 _LIBCPP_HIDE_FROM_ABI void push_back(value_type&& __x);
        -:  640:
        -:  641:  template <class... _Args>
        -:  642:  _LIBCPP_CONSTEXPR_SINCE_CXX20 _LIBCPP_HIDE_FROM_ABI
        -:  643:#if _LIBCPP_STD_VER >= 17
        -:  644:      reference
        -:  645:      emplace_back(_Args&&... __args);
        -:  646:#else
        -:  647:      void
        -:  648:      emplace_back(_Args&&... __args);
        -:  649:#endif
        -:  650:
        -:  651:#if _LIBCPP_STD_VER >= 23
        -:  652:  template <_ContainerCompatibleRange<_Tp> _Range>
        -:  653:  _LIBCPP_HIDE_FROM_ABI constexpr void append_range(_Range&& __range) {
        -:  654:    insert_range(end(), std::forward<_Range>(__range));
        -:  655:  }
        -:  656:#endif
        -:  657:
        -:  658:  _LIBCPP_CONSTEXPR_SINCE_CXX20 _LIBCPP_HIDE_FROM_ABI void pop_back();
        -:  659:
        -:  660:  _LIBCPP_CONSTEXPR_SINCE_CXX20 _LIBCPP_HIDE_FROM_ABI iterator insert(const_iterator __position, const_reference __x);
        -:  661:
        -:  662:  _LIBCPP_CONSTEXPR_SINCE_CXX20 _LIBCPP_HIDE_FROM_ABI iterator insert(const_iterator __position, value_type&& __x);
        -:  663:  template <class... _Args>
        -:  664:  _LIBCPP_CONSTEXPR_SINCE_CXX20 _LIBCPP_HIDE_FROM_ABI iterator emplace(const_iterator __position, _Args&&... __args);
        -:  665:
        -:  666:  _LIBCPP_CONSTEXPR_SINCE_CXX20 _LIBCPP_HIDE_FROM_ABI iterator
        -:  667:  insert(const_iterator __position, size_type __n, const_reference __x);
        -:  668:
        -:  669:  template <class _InputIterator,
        -:  670:            __enable_if_t<__has_exactly_input_iterator_category<_InputIterator>::value &&
        -:  671:                              is_constructible< value_type, typename iterator_traits<_InputIterator>::reference>::value,
        -:  672:                          int> = 0>
        -:  673:  _LIBCPP_CONSTEXPR_SINCE_CXX20 _LIBCPP_HIDE_FROM_ABI iterator
        -:  674:  insert(const_iterator __position, _InputIterator __first, _InputIterator __last);
        -:  675:
        -:  676:#if _LIBCPP_STD_VER >= 23
        -:  677:  template <_ContainerCompatibleRange<_Tp> _Range>
        -:  678:  _LIBCPP_HIDE_FROM_ABI constexpr iterator insert_range(const_iterator __position, _Range&& __range) {
        -:  679:    if constexpr (ranges::forward_range<_Range> || ranges::sized_range<_Range>) {
        -:  680:      auto __n = static_cast<size_type>(ranges::distance(__range));
        -:  681:      return __insert_with_size(__position, ranges::begin(__range), ranges::end(__range), __n);
        -:  682:
        -:  683:    } else {
        -:  684:      return __insert_with_sentinel(__position, ranges::begin(__range), ranges::end(__range));
        -:  685:    }
        -:  686:  }
        -:  687:#endif
        -:  688:
        -:  689:  template <
        -:  690:      class _ForwardIterator,
        -:  691:      __enable_if_t<__has_forward_iterator_category<_ForwardIterator>::value &&
        -:  692:                        is_constructible< value_type, typename iterator_traits<_ForwardIterator>::reference>::value,
        -:  693:                    int> = 0>
        -:  694:  _LIBCPP_CONSTEXPR_SINCE_CXX20 _LIBCPP_HIDE_FROM_ABI iterator
        -:  695:  insert(const_iterator __position, _ForwardIterator __first, _ForwardIterator __last);
        -:  696:
        -:  697:#ifndef _LIBCPP_CXX03_LANG
        -:  698:  _LIBCPP_CONSTEXPR_SINCE_CXX20 _LIBCPP_HIDE_FROM_ABI iterator
        -:  699:  insert(const_iterator __position, initializer_list<value_type> __il) {
        -:  700:    return insert(__position, __il.begin(), __il.end());
        -:  701:  }
        -:  702:#endif
        -:  703:
        -:  704:  _LIBCPP_CONSTEXPR_SINCE_CXX20 _LIBCPP_HIDE_FROM_ABI iterator erase(const_iterator __position);
        -:  705:  _LIBCPP_CONSTEXPR_SINCE_CXX20 _LIBCPP_HIDE_FROM_ABI iterator erase(const_iterator __first, const_iterator __last);
        -:  706:
function _ZNSt3__16vectorIN7testing14TestPartResultENS_9allocatorIS2_EEE5clearB8ne180100Ev called 42 returned 100% blocks executed 100%
function _ZNSt3__16vectorIN7testing12TestPropertyENS_9allocatorIS2_EEE5clearB8ne180100Ev called 42 returned 100% blocks executed 100%
function _ZNSt3__16vectorIPN7testing11EnvironmentENS_9allocatorIS3_EEE5clearB8ne180100Ev called 6 returned 100% blocks executed 100%
function _ZNSt3__16vectorINS_12basic_stringIcNS_11char_traitsIcEENS_9allocatorIcEEEENS4_IS6_EEE5clearB8ne180100Ev called 6 returned 100% blocks executed 100%
       96:  707:  _LIBCPP_CONSTEXPR_SINCE_CXX20 _LIBCPP_HIDE_FROM_ABI void clear() _NOEXCEPT {
       96:  708:    size_type __old_size = size();
       96:  709:    __clear();
       96:  710:    __annotate_shrink(__old_size);
       96:  711:  }
       42:  711-block  0
       42:  711-block  1
        6:  711-block  2
        6:  711-block  3
        -:  712:
        -:  713:  _LIBCPP_CONSTEXPR_SINCE_CXX20 _LIBCPP_HIDE_FROM_ABI void resize(size_type __sz);
        -:  714:  _LIBCPP_CONSTEXPR_SINCE_CXX20 _LIBCPP_HIDE_FROM_ABI void resize(size_type __sz, const_reference __x);
        -:  715:
        -:  716:  _LIBCPP_CONSTEXPR_SINCE_CXX20 _LIBCPP_HIDE_FROM_ABI void swap(vector&)
        -:  717:#if _LIBCPP_STD_VER >= 14
        -:  718:      _NOEXCEPT;
        -:  719:#else
        -:  720:      _NOEXCEPT_(!__alloc_traits::propagate_on_container_swap::value || __is_nothrow_swappable<allocator_type>::value);
        -:  721:#endif
        -:  722:
        -:  723:  _LIBCPP_CONSTEXPR_SINCE_CXX20 _LIBCPP_HIDE_FROM_ABI bool __invariants() const;
        -:  724:
        -:  725:private:
      234:  726:  pointer __begin_ = nullptr;
      234:  727:  pointer __end_   = nullptr;
      222:  728:  __compressed_pair<pointer, allocator_type> __end_cap_ =
      222:  729:      __compressed_pair<pointer, allocator_type>(nullptr, __default_init_tag());
    $$$$$:  729-block  0
branch  0 never executed
branch  1 never executed
    $$$$$:  729-block  1
        6:  729-block  2
branch  2 taken 6
branch  3 taken 0
    $$$$$:  729-block  3
        6:  729-block  4
branch  4 taken 6
branch  5 taken 0
    $$$$$:  729-block  5
       84:  729-block  6
branch  6 taken 84
branch  7 taken 0
    $$$$$:  729-block  7
    $$$$$:  729-block  8
branch  8 never executed
branch  9 never executed
    $$$$$:  729-block  9
    $$$$$:  729-block 10
branch 10 never executed
branch 11 never executed
    $$$$$:  729-block 11
       48:  729-block 12
branch 12 taken 48
branch 13 taken 0
    $$$$$:  729-block 13
       48:  729-block 14
branch 14 taken 48
branch 15 taken 0
    $$$$$:  729-block 15
        6:  729-block 16
branch 16 taken 6
branch 17 taken 0
    $$$$$:  729-block 17
       12:  729-block 18
branch 18 taken 12
branch 19 taken 0
    $$$$$:  729-block 19
        6:  729-block 20
branch 20 taken 6
branch 21 taken 0
    $$$$$:  729-block 21
        6:  729-block 22
branch 22 taken 6
branch 23 taken 0
    $$$$$:  729-block 23
    $$$$$:  729-block 24
branch 24 never executed
branch 25 never executed
    $$$$$:  729-block 25
        -:  730:
        -:  731:  //  Allocate space for __n objects
        -:  732:  //  throws length_error if __n > max_size()
        -:  733:  //  throws (probably bad_alloc) if memory run out
        -:  734:  //  Precondition:  __begin_ == __end_ == __end_cap() == 0
        -:  735:  //  Precondition:  __n > 0
        -:  736:  //  Postcondition:  capacity() >= __n
        -:  737:  //  Postcondition:  size() == 0
function _ZNSt3__16vectorINS_12basic_stringIcNS_11char_traitsIcEENS_9allocatorIcEEEENS4_IS6_EEE11__vallocateB8ne180100Em called 6 returned 100% blocks executed 66%
function _ZNSt3__16vectorIdNS_9allocatorIdEEE11__vallocateB8ne180100Em called 0 returned 0% blocks executed 0%
function _ZNSt3__16vectorINS0_IdNS_9allocatorIdEEEENS1_IS3_EEE11__vallocateB8ne180100Em called 0 returned 0% blocks executed 0%
function _ZNSt3__16vectorIN7testing8internal13edit_distance8EditTypeENS_9allocatorIS4_EEE11__vallocateB8ne180100Em called 0 returned 0% blocks executed 0%
function _ZNSt3__16vectorINS0_IN7testing8internal13edit_distance8EditTypeENS_9allocatorIS4_EEEENS5_IS7_EEE11__vallocateB8ne180100Em called 0 returned 0% blocks executed 0%
        6:  738:  _LIBCPP_CONSTEXPR_SINCE_CXX20 _LIBCPP_HIDE_FROM_ABI void __vallocate(size_type __n) {
        6:  739:    if (__n > max_size())
        6:  739-block  0
branch  0 taken 0
branch  1 taken 6
    $$$$$:  739-block  1
branch  2 never executed
branch  3 never executed
    $$$$$:  739-block  2
branch  4 never executed
branch  5 never executed
    $$$$$:  739-block  3
branch  6 never executed
branch  7 never executed
    $$$$$:  739-block  4
branch  8 never executed
branch  9 never executed
    #####:  740:      __throw_length_error();
    $$$$$:  740-block  0
    $$$$$:  740-block  1
    $$$$$:  740-block  2
    $$$$$:  740-block  3
    $$$$$:  740-block  4
        6:  741:    auto __allocation = std::__allocate_at_least(__alloc(), __n);
        6:  742:    __begin_          = __allocation.ptr;
        6:  743:    __end_            = __allocation.ptr;
        6:  744:    __end_cap()       = __begin_ + __allocation.count;
        6:  745:    __annotate_new(0);
        6:  746:  }
        6:  746-block  0
    $$$$$:  746-block  1
    $$$$$:  746-block  2
    $$$$$:  746-block  3
    $$$$$:  746-block  4
        -:  747:
        -:  748:  _LIBCPP_CONSTEXPR_SINCE_CXX20 _LIBCPP_HIDE_FROM_ABI void __vdeallocate() _NOEXCEPT;
        -:  749:  _LIBCPP_CONSTEXPR_SINCE_CXX20 _LIBCPP_HIDE_FROM_ABI size_type __recommend(size_type __new_size) const;
        -:  750:  _LIBCPP_CONSTEXPR_SINCE_CXX20 _LIBCPP_HIDE_FROM_ABI void __construct_at_end(size_type __n);
        -:  751:  _LIBCPP_CONSTEXPR_SINCE_CXX20 _LIBCPP_HIDE_FROM_ABI void __construct_at_end(size_type __n, const_reference __x);
        -:  752:
        -:  753:  template <class _InputIterator, class _Sentinel>
        -:  754:  _LIBCPP_CONSTEXPR_SINCE_CXX20 _LIBCPP_HIDE_FROM_ABI void
function _ZNSt3__16vectorINS_12basic_stringIcNS_11char_traitsIcEENS_9allocatorIcEEEENS4_IS6_EEE16__init_with_sizeB8ne180100IPKPKcSD_EEvT_T0_m called 0 returned 0% blocks executed 0%
function _ZNSt3__16vectorINS_12basic_stringIcNS_11char_traitsIcEENS_9allocatorIcEEEENS4_IS6_EEE16__init_with_sizeB8ne180100IPS6_SA_EEvT_T0_m called 12 returned 100% blocks executed 75%
function _ZNSt3__16vectorINS_12basic_stringIcNS_11char_traitsIcEENS_9allocatorIcEEEENS4_IS6_EEE16__init_with_sizeB8ne180100INS_11__wrap_iterIPKS6_EESD_EEvT_T0_m called 0 returned 0% blocks executed 0%
function _ZNSt3__16vectorIdNS_9allocatorIdEEE16__init_with_sizeB8ne180100IPdS5_EEvT_T0_m called 0 returned 0% blocks executed 0%
function _ZNSt3__16vectorIN7testing8internal13edit_distance8EditTypeENS_9allocatorIS4_EEE16__init_with_sizeB8ne180100IPS4_S9_EEvT_T0_m called 0 returned 0% blocks executed 0%
       12:  755:  __init_with_size(_InputIterator __first, _Sentinel __last, size_type __n) {
       12:  756:    auto __guard = std::__make_exception_guard(__destroy_vector(*this));
        -:  757:
       12:  758:    if (__n > 0) {
    $$$$$:  758-block  0
    $$$$$:  758-block  1
        6:  758-block  2
        6:  758-block  3
    $$$$$:  758-block  4
    $$$$$:  758-block  5
    $$$$$:  758-block  6
    $$$$$:  758-block  7
    $$$$$:  758-block  8
    $$$$$:  758-block  9
        6:  759:      __vallocate(__n);
    $$$$$:  759-block  0
        6:  759-block  1
    $$$$$:  759-block  2
    $$$$$:  759-block  3
    $$$$$:  759-block  4
        6:  760:      __construct_at_end(__first, __last, __n);
    $$$$$:  760-block  0
        6:  760-block  1
    $$$$$:  760-block  2
    $$$$$:  760-block  3
    $$$$$:  760-block  4
        6:  761:    }
    $$$$$:  761-block  0
        6:  761-block  1
    $$$$$:  761-block  2
    $$$$$:  761-block  3
    $$$$$:  761-block  4
        -:  762:
       12:  763:    __guard.__complete();
       12:  764:  }
    $$$$$:  764-block  0
    $$$$$:  764-block  1
    $$$$$:  764-block  2
    $$$$$:  764-block  3
       12:  764-block  4
    $$$$$:  764-block  5
    $$$$$:  764-block  6
    $$$$$:  764-block  7
    $$$$$:  764-block  8
    $$$$$:  764-block  9
    $$$$$:  764-block 10
    $$$$$:  764-block 11
    $$$$$:  764-block 12
    $$$$$:  764-block 13
    $$$$$:  764-block 14
        -:  765:
        -:  766:  template <class _InputIterator, class _Sentinel>
        -:  767:  _LIBCPP_CONSTEXPR_SINCE_CXX20 _LIBCPP_HIDE_FROM_ABI void
        -:  768:  __init_with_sentinel(_InputIterator __first, _Sentinel __last) {
        -:  769:    auto __guard = std::__make_exception_guard(__destroy_vector(*this));
        -:  770:
        -:  771:    for (; __first != __last; ++__first)
        -:  772:      emplace_back(*__first);
        -:  773:
        -:  774:    __guard.__complete();
        -:  775:  }
        -:  776:
        -:  777:  template <class _Iterator, class _Sentinel>
        -:  778:  _LIBCPP_CONSTEXPR_SINCE_CXX20 _LIBCPP_HIDE_FROM_ABI void __assign_with_sentinel(_Iterator __first, _Sentinel __last);
        -:  779:
        -:  780:  template <class _ForwardIterator, class _Sentinel>
        -:  781:  _LIBCPP_CONSTEXPR_SINCE_CXX20 _LIBCPP_HIDE_FROM_ABI void
        -:  782:  __assign_with_size(_ForwardIterator __first, _Sentinel __last, difference_type __n);
        -:  783:
        -:  784:  template <class _InputIterator, class _Sentinel>
        -:  785:  _LIBCPP_CONSTEXPR_SINCE_CXX20 _LIBCPP_HIDE_FROM_ABI iterator
        -:  786:  __insert_with_sentinel(const_iterator __position, _InputIterator __first, _Sentinel __last);
        -:  787:
        -:  788:  template <class _Iterator, class _Sentinel>
        -:  789:  _LIBCPP_CONSTEXPR_SINCE_CXX20 _LIBCPP_HIDE_FROM_ABI iterator
        -:  790:  __insert_with_size(const_iterator __position, _Iterator __first, _Sentinel __last, difference_type __n);
        -:  791:
        -:  792:  template <class _InputIterator, class _Sentinel>
        -:  793:  _LIBCPP_CONSTEXPR_SINCE_CXX20 _LIBCPP_HIDE_FROM_ABI void
        -:  794:  __construct_at_end(_InputIterator __first, _Sentinel __last, size_type __n);
        -:  795:
        -:  796:  _LIBCPP_CONSTEXPR_SINCE_CXX20 _LIBCPP_HIDE_FROM_ABI void __append(size_type __n);
        -:  797:  _LIBCPP_CONSTEXPR_SINCE_CXX20 _LIBCPP_HIDE_FROM_ABI void __append(size_type __n, const_reference __x);
function _ZNSt3__16vectorINS_12basic_stringIcNS_11char_traitsIcEENS_9allocatorIcEEEENS4_IS6_EEE11__make_iterB8ne180100EPS6_ called 156 returned 100% blocks executed 100%
function _ZNSt3__16vectorIPN7testing8internal30ParameterizedTestSuiteInfoBaseENS_9allocatorIS4_EEE11__make_iterB8ne180100EPS4_ called 12 returned 100% blocks executed 100%
function _ZNSt3__16vectorIN7testing8internal13edit_distance8EditTypeENS_9allocatorIS4_EEE11__make_iterB8ne180100EPS4_ called 0 returned 0% blocks executed 0%
function _ZNSt3__16vectorIN7testing12TestPropertyENS_9allocatorIS2_EEE11__make_iterB8ne180100EPS2_ called 0 returned 0% blocks executed 0%
function _ZNSt3__16vectorIPN7testing8TestInfoENS_9allocatorIS3_EEE11__make_iterB8ne180100EPS3_ called 24 returned 100% blocks executed 100%
function _ZNSt3__16vectorIPN7testing17TestEventListenerENS_9allocatorIS3_EEE11__make_iterB8ne180100EPS3_ called 0 returned 0% blocks executed 0%
function _ZNSt3__16vectorIPN7testing9TestSuiteENS_9allocatorIS3_EEE11__make_iterB8ne180100EPS3_ called 72 returned 100% blocks executed 100%
function _ZNSt3__16vectorIPN7testing11EnvironmentENS_9allocatorIS3_EEE11__make_iterB8ne180100EPS3_ called 12 returned 100% blocks executed 100%
      276:  798:  _LIBCPP_CONSTEXPR_SINCE_CXX20 _LIBCPP_HIDE_FROM_ABI iterator __make_iter(pointer __p) _NOEXCEPT {
      276:  799:    return iterator(__p);
      156:  799-block  0
       12:  799-block  1
    $$$$$:  799-block  2
    $$$$$:  799-block  3
       24:  799-block  4
    $$$$$:  799-block  5
       72:  799-block  6
       12:  799-block  7
[...]
        -: 2585:  if (__n > capacity()) {
        -: 2586:    if (__n > max_size())
        -: 2587:      this->__throw_length_error();
        -: 2588:    vector __v(this->get_allocator());
        -: 2589:    __v.__vallocate(__n);
        -: 2590:    __v.__construct_at_end(this->begin(), this->end(), this->size());
        -: 2591:    swap(__v);
        -: 2592:  }
        -: 2593:}
        -: 2594:
        -: 2595:template <class _Allocator>
        -: 2596:_LIBCPP_CONSTEXPR_SINCE_CXX20 void vector<bool, _Allocator>::shrink_to_fit() _NOEXCEPT {
        -: 2597:  if (__external_cap_to_internal(size()) > __cap()) {
        -: 2598:#ifndef _LIBCPP_HAS_NO_EXCEPTIONS
        -: 2599:    try {
        -: 2600:#endif // _LIBCPP_HAS_NO_EXCEPTIONS
        -: 2601:      vector(*this, allocator_type(__alloc())).swap(*this);
        -: 2602:#ifndef _LIBCPP_HAS_NO_EXCEPTIONS
        -: 2603:    } catch (...) {
        -: 2604:    }
        -: 2605:#endif // _LIBCPP_HAS_NO_EXCEPTIONS
        -: 2606:  }
        -: 2607:}
        -: 2608:
        -: 2609:template <class _Allocator>
        -: 2610:typename vector<bool, _Allocator>::reference vector<bool, _Allocator>::at(size_type __n) {
        -: 2611:  if (__n >= size())
        -: 2612:    this->__throw_out_of_range();
        -: 2613:  return (*this)[__n];
        -: 2614:}
        -: 2615:
        -: 2616:template <class _Allocator>
        -: 2617:typename vector<bool, _Allocator>::const_reference vector<bool, _Allocator>::at(size_type __n) const {
        -: 2618:  if (__n >= size())
        -: 2619:    this->__throw_out_of_range();
        -: 2620:  return (*this)[__n];
        -: 2621:}
        -: 2622:
        -: 2623:template <class _Allocator>
        -: 2624:_LIBCPP_CONSTEXPR_SINCE_CXX20 void vector<bool, _Allocator>::push_back(const value_type& __x) {
        -: 2625:  if (this->__size_ == this->capacity())
        -: 2626:    reserve(__recommend(this->__size_ + 1));
        -: 2627:  ++this->__size_;
        -: 2628:  back() = __x;
        -: 2629:}
        -: 2630:
        -: 2631:template <class _Allocator>
        -: 2632:_LIBCPP_CONSTEXPR_SINCE_CXX20 typename vector<bool, _Allocator>::iterator
        -: 2633:vector<bool, _Allocator>::insert(const_iterator __position, const value_type& __x) {
        -: 2634:  iterator __r;
        -: 2635:  if (size() < capacity()) {
        -: 2636:    const_iterator __old_end = end();
        -: 2637:    ++__size_;
        -: 2638:    std::copy_backward(__position, __old_end, end());
        -: 2639:    __r = __const_iterator_cast(__position);
        -: 2640:  } else {
        -: 2641:    vector __v(get_allocator());
        -: 2642:    __v.reserve(__recommend(__size_ + 1));
        -: 2643:    __v.__size_ = __size_ + 1;
        -: 2644:    __r         = std::copy(cbegin(), __position, __v.begin());
        -: 2645:    std::copy_backward(__position, cend(), __v.end());
        -: 2646:    swap(__v);
        -: 2647:  }
        -: 2648:  *__r = __x;
        -: 2649:  return __r;
        -: 2650:}
        -: 2651:
        -: 2652:template <class _Allocator>
        -: 2653:_LIBCPP_CONSTEXPR_SINCE_CXX20 typename vector<bool, _Allocator>::iterator
        -: 2654:vector<bool, _Allocator>::insert(const_iterator __position, size_type __n, const value_type& __x) {
        -: 2655:  iterator __r;
        -: 2656:  size_type __c = capacity();
        -: 2657:  if (__n <= __c && size() <= __c - __n) {
        -: 2658:    const_iterator __old_end = end();
        -: 2659:    __size_ += __n;
        -: 2660:    std::copy_backward(__position, __old_end, end());
        -: 2661:    __r = __const_iterator_cast(__position);
        -: 2662:  } else {
        -: 2663:    vector __v(get_allocator());
        -: 2664:    __v.reserve(__recommend(__size_ + __n));
        -: 2665:    __v.__size_ = __size_ + __n;
        -: 2666:    __r         = std::copy(cbegin(), __position, __v.begin());
        -: 2667:    std::copy_backward(__position, cend(), __v.end());
        -: 2668:    swap(__v);
        -: 2669:  }
        -: 2670:  std::fill_n(__r, __n, __x);
        -: 2671:  return __r;
        -: 2672:}
        -: 2673:
        -: 2674:template <class _Allocator>
        -: 2675:template <class _InputIterator, __enable_if_t<__has_exactly_input_iterator_category<_InputIterator>::value, int> >
        -: 2676:_LIBCPP_CONSTEXPR_SINCE_CXX20 typename vector<bool, _Allocator>::iterator
        -: 2677:vector<bool, _Allocator>::insert(const_iterator __position, _InputIterator __first, _InputIterator __last) {
        -: 2678:  return __insert_with_sentinel(__position, __first, __last);
        -: 2679:}
        -: 2680:
        -: 2681:template <class _Allocator>
        -: 2682:template <class _InputIterator, class _Sentinel>
        -: 2683:_LIBCPP_CONSTEXPR_SINCE_CXX20 _LIBCPP_HIDE_FROM_ABI typename vector<bool, _Allocator>::iterator
        -: 2684:vector<bool, _Allocator>::__insert_with_sentinel(const_iterator __position, _InputIterator __first, _Sentinel __last) {
        -: 2685:  difference_type __off = __position - begin();
        -: 2686:  iterator __p          = __const_iterator_cast(__position);
        -: 2687:  iterator __old_end    = end();
        -: 2688:  for (; size() != capacity() && __first != __last; ++__first) {
        -: 2689:    ++this->__size_;
        -: 2690:    back() = *__first;
        -: 2691:  }
        -: 2692:  vector __v(get_allocator());
        -: 2693:  if (__first != __last) {
        -: 2694:#ifndef _LIBCPP_HAS_NO_EXCEPTIONS
        -: 2695:    try {
        -: 2696:#endif // _LIBCPP_HAS_NO_EXCEPTIONS
        -: 2697:      __v.__assign_with_sentinel(std::move(__first), std::move(__last));
        -: 2698:      difference_type __old_size = static_cast<difference_type>(__old_end - begin());
        -: 2699:      difference_type __old_p    = __p - begin();
        -: 2700:      reserve(__recommend(size() + __v.size()));
        -: 2701:      __p       = begin() + __old_p;
        -: 2702:      __old_end = begin() + __old_size;
        -: 2703:#ifndef _LIBCPP_HAS_NO_EXCEPTIONS
        -: 2704:    } catch (...) {
        -: 2705:      erase(__old_end, end());
        -: 2706:      throw;
        -: 2707:    }
        -: 2708:#endif // _LIBCPP_HAS_NO_EXCEPTIONS
        -: 2709:  }
        -: 2710:  __p = std::rotate(__p, __old_end, end());
        -: 2711:  insert(__p, __v.begin(), __v.end());
        -: 2712:  return begin() + __off;
        -: 2713:}
        -: 2714:
        -: 2715:template <class _Allocator>
        -: 2716:template <class _ForwardIterator, __enable_if_t<__has_forward_iterator_category<_ForwardIterator>::value, int> >
        -: 2717:_LIBCPP_CONSTEXPR_SINCE_CXX20 typename vector<bool, _Allocator>::iterator
        -: 2718:vector<bool, _Allocator>::insert(const_iterator __position, _ForwardIterator __first, _ForwardIterator __last) {
        -: 2719:  return __insert_with_size(__position, __first, __last, std::distance(__first, __last));
        -: 2720:}
        -: 2721:
        -: 2722:template <class _Allocator>
        -: 2723:template <class _ForwardIterator, class _Sentinel>
        -: 2724:_LIBCPP_CONSTEXPR_SINCE_CXX20 _LIBCPP_HIDE_FROM_ABI typename vector<bool, _Allocator>::iterator
        -: 2725:vector<bool, _Allocator>::__insert_with_size(
        -: 2726:    const_iterator __position, _ForwardIterator __first, _Sentinel __last, difference_type __n_signed) {
        -: 2727:  _LIBCPP_ASSERT_VALID_INPUT_RANGE(__n_signed >= 0, "invalid range specified");
        -: 2728:  const size_type __n = static_cast<size_type>(__n_signed);
        -: 2729:  iterator __r;
        -: 2730:  size_type __c = capacity();
        -: 2731:  if (__n <= __c && size() <= __c - __n) {
        -: 2732:    const_iterator __old_end = end();
        -: 2733:    __size_ += __n;
        -: 2734:    std::copy_backward(__position, __old_end, end());
        -: 2735:    __r = __const_iterator_cast(__position);
        -: 2736:  } else {
        -: 2737:    vector __v(get_allocator());
        -: 2738:    __v.reserve(__recommend(__size_ + __n));
        -: 2739:    __v.__size_ = __size_ + __n;
        -: 2740:    __r         = std::copy(cbegin(), __position, __v.begin());
        -: 2741:    std::copy_backward(__position, cend(), __v.end());
        -: 2742:    swap(__v);
        -: 2743:  }
        -: 2744:  std::__copy<_ClassicAlgPolicy>(__first, __last, __r);
        -: 2745:  return __r;
        -: 2746:}
        -: 2747:
        -: 2748:template <class _Allocator>
        -: 2749:inline _LIBCPP_HIDE_FROM_ABI _LIBCPP_CONSTEXPR_SINCE_CXX20 typename vector<bool, _Allocator>::iterator
        -: 2750:vector<bool, _Allocator>::erase(const_iterator __position) {
        -: 2751:  iterator __r = __const_iterator_cast(__position);
        -: 2752:  std::copy(__position + 1, this->cend(), __r);
        -: 2753:  --__size_;
        -: 2754:  return __r;
        -: 2755:}
        -: 2756:
        -: 2757:template <class _Allocator>
        -: 2758:_LIBCPP_CONSTEXPR_SINCE_CXX20 typename vector<bool, _Allocator>::iterator
        -: 2759:vector<bool, _Allocator>::erase(const_iterator __first, const_iterator __last) {
        -: 2760:  iterator __r        = __const_iterator_cast(__first);
        -: 2761:  difference_type __d = __last - __first;
        -: 2762:  std::copy(__last, this->cend(), __r);
        -: 2763:  __size_ -= __d;
        -: 2764:  return __r;
        -: 2765:}
        -: 2766:
        -: 2767:template <class _Allocator>
        -: 2768:_LIBCPP_CONSTEXPR_SINCE_CXX20 void vector<bool, _Allocator>::swap(vector& __x)
        -: 2769:#if _LIBCPP_STD_VER >= 14
        -: 2770:    _NOEXCEPT
        -: 2771:#else
        -: 2772:    _NOEXCEPT_(!__alloc_traits::propagate_on_container_swap::value || __is_nothrow_swappable<allocator_type>::value)
        -: 2773:#endif
        -: 2774:{
        -: 2775:  std::swap(this->__begin_, __x.__begin_);
        -: 2776:  std::swap(this->__size_, __x.__size_);
        -: 2777:  std::swap(this->__cap(), __x.__cap());
        -: 2778:  std::__swap_allocator(
        -: 2779:      this->__alloc(), __x.__alloc(), integral_constant<bool, __alloc_traits::propagate_on_container_swap::value>());
        -: 2780:}
        -: 2781:
        -: 2782:template <class _Allocator>
        -: 2783:_LIBCPP_CONSTEXPR_SINCE_CXX20 void vector<bool, _Allocator>::resize(size_type __sz, value_type __x) {
        -: 2784:  size_type __cs = size();
        -: 2785:  if (__cs < __sz) {
        -: 2786:    iterator __r;
        -: 2787:    size_type __c = capacity();
        -: 2788:    size_type __n = __sz - __cs;
        -: 2789:    if (__n <= __c && __cs <= __c - __n) {
        -: 2790:      __r = end();
        -: 2791:      __size_ += __n;
        -: 2792:    } else {
        -: 2793:      vector __v(get_allocator());
        -: 2794:      __v.reserve(__recommend(__size_ + __n));
        -: 2795:      __v.__size_ = __size_ + __n;
        -: 2796:      __r         = std::copy(cbegin(), cend(), __v.begin());
        -: 2797:      swap(__v);
        -: 2798:    }
        -: 2799:    std::fill_n(__r, __n, __x);
        -: 2800:  } else
        -: 2801:    __size_ = __sz;
        -: 2802:}
        -: 2803:
        -: 2804:template <class _Allocator>
        -: 2805:_LIBCPP_CONSTEXPR_SINCE_CXX20 void vector<bool, _Allocator>::flip() _NOEXCEPT {
        -: 2806:  // do middle whole words
        -: 2807:  size_type __n         = __size_;
        -: 2808:  __storage_pointer __p = __begin_;
        -: 2809:  for (; __n >= __bits_per_word; ++__p, __n -= __bits_per_word)
        -: 2810:    *__p = ~*__p;
        -: 2811:  // do last partial word
        -: 2812:  if (__n > 0) {
        -: 2813:    __storage_type __m = ~__storage_type(0) >> (__bits_per_word - __n);
        -: 2814:    __storage_type __b = *__p & __m;
        -: 2815:    *__p &= ~__m;
        -: 2816:    *__p |= ~__b & __m;
        -: 2817:  }
        -: 2818:}
        -: 2819:
        -: 2820:template <class _Allocator>
        -: 2821:_LIBCPP_CONSTEXPR_SINCE_CXX20 bool vector<bool, _Allocator>::__invariants() const {
        -: 2822:  if (this->__begin_ == nullptr) {
        -: 2823:    if (this->__size_ != 0 || this->__cap() != 0)
        -: 2824:      return false;
        -: 2825:  } else {
        -: 2826:    if (this->__cap() == 0)
        -: 2827:      return false;
        -: 2828:    if (this->__size_ > this->capacity())
        -: 2829:      return false;
        -: 2830:  }
        -: 2831:  return true;
        -: 2832:}
        -: 2833:
        -: 2834:template <class _Allocator>
        -: 2835:_LIBCPP_CONSTEXPR_SINCE_CXX20 size_t vector<bool, _Allocator>::__hash_code() const _NOEXCEPT {
        -: 2836:  size_t __h = 0;
        -: 2837:  // do middle whole words
        -: 2838:  size_type __n         = __size_;
        -: 2839:  __storage_pointer __p = __begin_;
        -: 2840:  for (; __n >= __bits_per_word; ++__p, __n -= __bits_per_word)
        -: 2841:    __h ^= *__p;
        -: 2842:  // do last partial word
        -: 2843:  if (__n > 0) {
        -: 2844:    const __storage_type __m = ~__storage_type(0) >> (__bits_per_word - __n);
        -: 2845:    __h ^= *__p & __m;
        -: 2846:  }
        -: 2847:  return __h;
        -: 2848:}
        -: 2849:
        -: 2850:template <class _Allocator>
        -: 2851:struct _LIBCPP_TEMPLATE_VIS hash<vector<bool, _Allocator> >
        -: 2852:    : public __unary_function<vector<bool, _Allocator>, size_t> {
        -: 2853:  _LIBCPP_HIDE_FROM_ABI _LIBCPP_CONSTEXPR_SINCE_CXX20 size_t
        -: 2854:  operator()(const vector<bool, _Allocator>& __vec) const _NOEXCEPT {
        -: 2855:    return __vec.__hash_code();
        -: 2856:  }
        -: 2857:};
        -: 2858:
        -: 2859:template <class _Tp, class _Allocator>
        -: 2860:_LIBCPP_CONSTEXPR_SINCE_CXX20 inline _LIBCPP_HIDE_FROM_ABI bool
        -: 2861:operator==(const vector<_Tp, _Allocator>& __x, const vector<_Tp, _Allocator>& __y) {
        -: 2862:  const typename vector<_Tp, _Allocator>::size_type __sz = __x.size();
        -: 2863:  return __sz == __y.size() && std::equal(__x.begin(), __x.end(), __y.begin());
        -: 2864:}
        -: 2865:
        -: 2866:#if _LIBCPP_STD_VER <= 17
        -: 2867:
        -: 2868:template <class _Tp, class _Allocator>
        -: 2869:inline _LIBCPP_HIDE_FROM_ABI bool operator!=(const vector<_Tp, _Allocator>& __x, const vector<_Tp, _Allocator>& __y) {
        -: 2870:  return !(__x == __y);
        -: 2871:}
        -: 2872:
        -: 2873:template <class _Tp, class _Allocator>
        -: 2874:inline _LIBCPP_HIDE_FROM_ABI bool operator<(const vector<_Tp, _Allocator>& __x, const vector<_Tp, _Allocator>& __y) {
        -: 2875:  return std::lexicographical_compare(__x.begin(), __x.end(), __y.begin(), __y.end());
        -: 2876:}
        -: 2877:
        -: 2878:template <class _Tp, class _Allocator>
        -: 2879:inline _LIBCPP_HIDE_FROM_ABI bool operator>(const vector<_Tp, _Allocator>& __x, const vector<_Tp, _Allocator>& __y) {
        -: 2880:  return __y < __x;
        -: 2881:}
        -: 2882:
        -: 2883:template <class _Tp, class _Allocator>
        -: 2884:inline _LIBCPP_HIDE_FROM_ABI bool operator>=(const vector<_Tp, _Allocator>& __x, const vector<_Tp, _Allocator>& __y) {
        -: 2885:  return !(__x < __y);
        -: 2886:}
        -: 2887:
        -: 2888:template <class _Tp, class _Allocator>
        -: 2889:inline _LIBCPP_HIDE_FROM_ABI bool operator<=(const vector<_Tp, _Allocator>& __x, const vector<_Tp, _Allocator>& __y) {
        -: 2890:  return !(__y < __x);
        -: 2891:}
        -: 2892:
        -: 2893:#else // _LIBCPP_STD_VER <= 17
        -: 2894:
        -: 2895:template <class _Tp, class _Allocator>
        -: 2896:_LIBCPP_HIDE_FROM_ABI constexpr __synth_three_way_result<_Tp>
        -: 2897:operator<=>(const vector<_Tp, _Allocator>& __x, const vector<_Tp, _Allocator>& __y) {
        -: 2898:  return std::lexicographical_compare_three_way(
        -: 2899:      __x.begin(), __x.end(), __y.begin(), __y.end(), std::__synth_three_way<_Tp, _Tp>);
        -: 2900:}
        -: 2901:
        -: 2902:#endif // _LIBCPP_STD_VER <= 17
        -: 2903:
        -: 2904:template <class _Tp, class _Allocator>
        -: 2905:_LIBCPP_CONSTEXPR_SINCE_CXX20 inline _LIBCPP_HIDE_FROM_ABI void
        -: 2906:swap(vector<_Tp, _Allocator>& __x, vector<_Tp, _Allocator>& __y) _NOEXCEPT_(_NOEXCEPT_(__x.swap(__y))) {
        -: 2907:  __x.swap(__y);
        -: 2908:}
        -: 2909:
        -: 2910:#if _LIBCPP_STD_VER >= 20
        -: 2911:template <class _Tp, class _Allocator, class _Up>
        -: 2912:_LIBCPP_CONSTEXPR_SINCE_CXX20 inline _LIBCPP_HIDE_FROM_ABI typename vector<_Tp, _Allocator>::size_type
        -: 2913:erase(vector<_Tp, _Allocator>& __c, const _Up& __v) {
        -: 2914:  auto __old_size = __c.size();
        -: 2915:  __c.erase(std::remove(__c.begin(), __c.end(), __v), __c.end());
        -: 2916:  return __old_size - __c.size();
        -: 2917:}
        -: 2918:
        -: 2919:template <class _Tp, class _Allocator, class _Predicate>
        -: 2920:_LIBCPP_CONSTEXPR_SINCE_CXX20 inline _LIBCPP_HIDE_FROM_ABI typename vector<_Tp, _Allocator>::size_type
        -: 2921:erase_if(vector<_Tp, _Allocator>& __c, _Predicate __pred) {
        -: 2922:  auto __old_size = __c.size();
        -: 2923:  __c.erase(std::remove_if(__c.begin(), __c.end(), __pred), __c.end());
        -: 2924:  return __old_size - __c.size();
        -: 2925:}
        -: 2926:
        -: 2927:template <>
        -: 2928:inline constexpr bool __format::__enable_insertable<vector<char>> = true;
        -: 2929:#  ifndef _LIBCPP_HAS_NO_WIDE_CHARACTERS
        -: 2930:template <>
        -: 2931:inline constexpr bool __format::__enable_insertable<vector<wchar_t>> = true;
        -: 2932:#  endif
        -: 2933:
        -: 2934:#endif // _LIBCPP_STD_VER >= 20
        -: 2935:
        -: 2936:#if _LIBCPP_STD_VER >= 23
        -: 2937:template <class _Tp, class _CharT>
        -: 2938:// Since is-vector-bool-reference is only used once it's inlined here.
        -: 2939:  requires same_as<typename _Tp::__container, vector<bool, typename _Tp::__container::allocator_type>>
        -: 2940:struct _LIBCPP_TEMPLATE_VIS formatter<_Tp, _CharT> {
        -: 2941:private:
        -: 2942:  formatter<bool, _CharT> __underlying_;
        -: 2943:
        -: 2944:public:
        -: 2945:  template <class _ParseContext>
        -: 2946:  _LIBCPP_HIDE_FROM_ABI constexpr typename _ParseContext::iterator parse(_ParseContext& __ctx) {
        -: 2947:    return __underlying_.parse(__ctx);
        -: 2948:  }
        -: 2949:
        -: 2950:  template <class _FormatContext>
        -: 2951:  _LIBCPP_HIDE_FROM_ABI typename _FormatContext::iterator format(const _Tp& __ref, _FormatContext& __ctx) const {
        -: 2952:    return __underlying_.format(__ref, __ctx);
        -: 2953:  }
        -: 2954:};
        -: 2955:#endif // _LIBCPP_STD_VER >= 23
        -: 2956:
        -: 2957:_LIBCPP_END_NAMESPACE_STD
        -: 2958:
        -: 2959:#if _LIBCPP_STD_VER >= 17
        -: 2960:_LIBCPP_BEGIN_NAMESPACE_STD
        -: 2961:namespace pmr {
        -: 2962:template <class _ValueT>
        -: 2963:using vector _LIBCPP_AVAILABILITY_PMR = std::vector<_ValueT, polymorphic_allocator<_ValueT>>;
        -: 2964:} // namespace pmr
        -: 2965:_LIBCPP_END_NAMESPACE_STD
        -: 2966:#endif
        -: 2967:
        -: 2968:_LIBCPP_POP_MACROS
        -: 2969:
        -: 2970:#if !defined(_LIBCPP_REMOVE_TRANSITIVE_INCLUDES) && _LIBCPP_STD_VER <= 20
        -: 2971:#  include <algorithm>
        -: 2972:#  include <atomic>
        -: 2973:#  include <concepts>
        -: 2974:#  include <cstdlib>
        -: 2975:#  include <type_traits>
        -: 2976:#  include <typeinfo>
        -: 2977:#  include <utility>
        -: 2978:#endif
        -: 2979:
        -: 2980:#endif // _LIBCPP_VECTOR
