        -:    0:Source:/Applications/Xcode.app/Contents/Developer/Platforms/MacOSX.platform/Developer/SDKs/MacOSX15.0.sdk/usr/include/c++/v1/locale
        -:    0:Graph:/Users/artemastahov/All_files/styding/LabsBSUIR/LabsOS/FourthLab/FirstTask/cmake-build-debug-coverage-1/CMakeFiles/tests_for_lab.dir/TestsForLab.cpp.gcno
        -:    0:Data:/Users/artemastahov/All_files/styding/LabsBSUIR/LabsOS/FourthLab/FirstTask/cmake-build-debug-coverage-1/CMakeFiles/tests_for_lab.dir/TestsForLab.cpp.gcda
        -:    0:Runs:6
        -:    0:Programs:1
        -:    1:// -*- C++ -*-
        -:    2://===----------------------------------------------------------------------===//
        -:    3://
        -:    4:// Part of the LLVM Project, under the Apache License v2.0 with LLVM Exceptions.
        -:    5:// See https://llvm.org/LICENSE.txt for license information.
        -:    6:// SPDX-License-Identifier: Apache-2.0 WITH LLVM-exception
        -:    7://
        -:    8://===----------------------------------------------------------------------===//
        -:    9:
        -:   10:#ifndef _LIBCPP_LOCALE
        -:   11:#define _LIBCPP_LOCALE
        -:   12:
        -:   13:/*
        -:   14:    locale synopsis
        -:   15:
        -:   16:namespace std
        -:   17:{
        -:   18:
        -:   19:class locale
        -:   20:{
        -:   21:public:
        -:   22:    // types:
        -:   23:    class facet;
        -:   24:    class id;
        -:   25:
        -:   26:    typedef int category;
        -:   27:    static const category // values assigned here are for exposition only
        -:   28:        none     = 0x000,
        -:   29:        collate  = 0x010,
        -:   30:        ctype    = 0x020,
        -:   31:        monetary = 0x040,
        -:   32:        numeric  = 0x080,
        -:   33:        time     = 0x100,
        -:   34:        messages = 0x200,
        -:   35:        all = collate | ctype | monetary | numeric | time | messages;
        -:   36:
        -:   37:    // construct/copy/destroy:
        -:   38:    locale() noexcept;
        -:   39:    locale(const locale& other) noexcept;
        -:   40:    explicit locale(const char* std_name);
        -:   41:    explicit locale(const string& std_name);
        -:   42:    locale(const locale& other, const char* std_name, category);
        -:   43:    locale(const locale& other, const string& std_name, category);
        -:   44:    template <class Facet> locale(const locale& other, Facet* f);
        -:   45:    locale(const locale& other, const locale& one, category);
        -:   46:
        -:   47:    ~locale(); // not virtual
        -:   48:
        -:   49:    const locale& operator=(const locale& other) noexcept;
        -:   50:
        -:   51:    template <class Facet> locale combine(const locale& other) const;
        -:   52:
        -:   53:    // locale operations:
        -:   54:    basic_string<char> name() const;
        -:   55:    bool operator==(const locale& other) const;
        -:   56:    bool operator!=(const locale& other) const;                              // removed C++20
        -:   57:    template <class charT, class Traits, class Allocator>
        -:   58:      bool operator()(const basic_string<charT,Traits,Allocator>& s1,
        -:   59:                      const basic_string<charT,Traits,Allocator>& s2) const;
        -:   60:
        -:   61:    // global locale objects:
        -:   62:    static locale global(const locale&);
        -:   63:    static const locale& classic();
        -:   64:};
        -:   65:
        -:   66:template <class Facet> const Facet& use_facet(const locale&);
        -:   67:template <class Facet> bool has_facet(const locale&) noexcept;
        -:   68:
        -:   69:// 22.3.3, convenience interfaces:
        -:   70:template <class charT> bool isspace (charT c, const locale& loc);
        -:   71:template <class charT> bool isprint (charT c, const locale& loc);
        -:   72:template <class charT> bool iscntrl (charT c, const locale& loc);
        -:   73:template <class charT> bool isupper (charT c, const locale& loc);
        -:   74:template <class charT> bool islower (charT c, const locale& loc);
        -:   75:template <class charT> bool isalpha (charT c, const locale& loc);
        -:   76:template <class charT> bool isdigit (charT c, const locale& loc);
        -:   77:template <class charT> bool ispunct (charT c, const locale& loc);
        -:   78:template <class charT> bool isxdigit(charT c, const locale& loc);
        -:   79:template <class charT> bool isalnum (charT c, const locale& loc);
        -:   80:template <class charT> bool isgraph (charT c, const locale& loc);
        -:   81:template <class charT> charT toupper(charT c, const locale& loc);
        -:   82:template <class charT> charT tolower(charT c, const locale& loc);
        -:   83:
        -:   84:template<class Codecvt, class Elem = wchar_t,
        -:   85:         class Wide_alloc = allocator<Elem>,
        -:   86:         class Byte_alloc = allocator<char>>
        -:   87:class wstring_convert
        -:   88:{
        -:   89:public:
        -:   90:    typedef basic_string<char, char_traits<char>, Byte_alloc> byte_string;
        -:   91:    typedef basic_string<Elem, char_traits<Elem>, Wide_alloc> wide_string;
        -:   92:    typedef typename Codecvt::state_type                      state_type;
        -:   93:    typedef typename wide_string::traits_type::int_type       int_type;
        -:   94:
        -:   95:    wstring_convert(Codecvt* pcvt = new Codecvt);          // before C++14
        -:   96:    explicit wstring_convert(Codecvt* pcvt = new Codecvt); // before C++20
        -:   97:    wstring_convert() : wstring_convert(new Codecvt) {}    // C++20
        -:   98:    explicit wstring_convert(Codecvt* pcvt);               // C++20
        -:   99:
        -:  100:    wstring_convert(Codecvt* pcvt, state_type state);
        -:  101:    explicit wstring_convert(const byte_string& byte_err,           // explicit in C++14
        -:  102:                    const wide_string& wide_err = wide_string());
        -:  103:    wstring_convert(const wstring_convert&) = delete;               // C++14
        -:  104:    wstring_convert & operator=(const wstring_convert &) = delete;  // C++14
        -:  105:    ~wstring_convert();
        -:  106:
        -:  107:    wide_string from_bytes(char byte);
        -:  108:    wide_string from_bytes(const char* ptr);
        -:  109:    wide_string from_bytes(const byte_string& str);
        -:  110:    wide_string from_bytes(const char* first, const char* last);
        -:  111:
        -:  112:    byte_string to_bytes(Elem wchar);
        -:  113:    byte_string to_bytes(const Elem* wptr);
        -:  114:    byte_string to_bytes(const wide_string& wstr);
        -:  115:    byte_string to_bytes(const Elem* first, const Elem* last);
        -:  116:
        -:  117:    size_t converted() const; // noexcept in C++14
        -:  118:    state_type state() const;
        -:  119:};
        -:  120:
        -:  121:template <class Codecvt, class Elem = wchar_t, class Tr = char_traits<Elem>>
        -:  122:class wbuffer_convert
        -:  123:    : public basic_streambuf<Elem, Tr>
        -:  124:{
        -:  125:public:
        -:  126:    typedef typename Tr::state_type state_type;
        -:  127:
        -:  128:    wbuffer_convert(streambuf* bytebuf = 0, Codecvt* pcvt = new Codecvt,
        -:  129:                    state_type state = state_type());          // before C++14
        -:  130:    explicit wbuffer_convert(streambuf* bytebuf = nullptr, Codecvt* pcvt = new Codecvt,
        -:  131:                            state_type state = state_type()); // before C++20
        -:  132:    wbuffer_convert() : wbuffer_convert(nullptr) {} // C++20
        -:  133:    explicit wbuffer_convert(streambuf* bytebuf, Codecvt* pcvt = new Codecvt,
        -:  134:                            state_type state = state_type()); // C++20
        -:  135:
        -:  136:    wbuffer_convert(const wbuffer_convert&) = delete;               // C++14
        -:  137:    wbuffer_convert & operator=(const wbuffer_convert &) = delete;  // C++14
        -:  138:    ~wbuffer_convert();                                             // C++14
        -:  139:
        -:  140:    streambuf* rdbuf() const;
        -:  141:    streambuf* rdbuf(streambuf* bytebuf);
        -:  142:
        -:  143:    state_type state() const;
        -:  144:};
        -:  145:
        -:  146:// 22.4.1 and 22.4.1.3, ctype:
        -:  147:class ctype_base;
        -:  148:template <class charT> class ctype;
        -:  149:template <> class ctype<char>; // specialization
        -:  150:template <class charT> class ctype_byname;
        -:  151:template <> class ctype_byname<char>; // specialization
        -:  152:
        -:  153:class codecvt_base;
        -:  154:template <class internT, class externT, class stateT> class codecvt;
        -:  155:template <class internT, class externT, class stateT> class codecvt_byname;
        -:  156:
        -:  157:// 22.4.2 and 22.4.3, numeric:
        -:  158:template <class charT, class InputIterator> class num_get;
        -:  159:template <class charT, class OutputIterator> class num_put;
        -:  160:template <class charT> class numpunct;
        -:  161:template <class charT> class numpunct_byname;
        -:  162:
        -:  163:// 22.4.4, col lation:
        -:  164:template <class charT> class collate;
        -:  165:template <class charT> class collate_byname;
        -:  166:
        -:  167:// 22.4.5, date and time:
        -:  168:class time_base;
        -:  169:template <class charT, class InputIterator> class time_get;
        -:  170:template <class charT, class InputIterator> class time_get_byname;
        -:  171:template <class charT, class OutputIterator> class time_put;
        -:  172:template <class charT, class OutputIterator> class time_put_byname;
        -:  173:
        -:  174:// 22.4.6, money:
        -:  175:class money_base;
        -:  176:template <class charT, class InputIterator> class money_get;
        -:  177:template <class charT, class OutputIterator> class money_put;
        -:  178:template <class charT, bool Intl> class moneypunct;
        -:  179:template <class charT, bool Intl> class moneypunct_byname;
        -:  180:
        -:  181:// 22.4.7, message retrieval:
        -:  182:class messages_base;
        -:  183:template <class charT> class messages;
        -:  184:template <class charT> class messages_byname;
        -:  185:
        -:  186:}  // std
        -:  187:
        -:  188:*/
        -:  189:
        -:  190:#include <__algorithm/copy.h>
        -:  191:#include <__algorithm/equal.h>
        -:  192:#include <__algorithm/find.h>
        -:  193:#include <__algorithm/max.h>
        -:  194:#include <__algorithm/reverse.h>
        -:  195:#include <__algorithm/unwrap_iter.h>
        -:  196:#include <__assert> // all public C++ headers provide the assertion handler
        -:  197:#include <__config>
        -:  198:#include <__iterator/access.h>
        -:  199:#include <__iterator/back_insert_iterator.h>
        -:  200:#include <__iterator/istreambuf_iterator.h>
        -:  201:#include <__iterator/ostreambuf_iterator.h>
        -:  202:#include <__locale>
        -:  203:#include <__memory/unique_ptr.h>
        -:  204:#include <__type_traits/make_unsigned.h>
        -:  205:#include <cerrno>
        -:  206:#include <cstdio>
        -:  207:#include <cstdlib>
        -:  208:#include <ctime>
        -:  209:#include <ios>
        -:  210:#include <limits>
        -:  211:#include <new>
        -:  212:#include <streambuf>
        -:  213:#include <version>
        -:  214:
        -:  215:// TODO: Fix __bsd_locale_defaults.h
        -:  216:// NOLINTBEGIN(libcpp-robust-against-adl)
        -:  217:
        -:  218:#if defined(__unix__) || (defined(__APPLE__) && defined(__MACH__) && !defined(_LIBCPP_ON_SEP))
        -:  219:// Most unix variants have catopen.  These are the specific ones that don't.
        -:  220:#  if !defined(__BIONIC__) && !defined(_NEWLIB_VERSION) && !defined(__EMSCRIPTEN__)
        -:  221:#    define _LIBCPP_HAS_CATOPEN 1
        -:  222:#    include <nl_types.h>
        -:  223:#  endif
        -:  224:#endif
        -:  225:
        -:  226:#ifdef _LIBCPP_LOCALE__L_EXTENSIONS
        -:  227:#  include <__locale_dir/locale_base_api/bsd_locale_defaults.h>
        -:  228:#else
        -:  229:#  include <__locale_dir/locale_base_api/bsd_locale_fallbacks.h>
        -:  230:#endif
        -:  231:
        -:  232:#if !defined(_LIBCPP_HAS_NO_PRAGMA_SYSTEM_HEADER)
        -:  233:#  pragma GCC system_header
        -:  234:#endif
        -:  235:
        -:  236:_LIBCPP_PUSH_MACROS
        -:  237:#include <__undef_macros>
        -:  238:
        -:  239:_LIBCPP_BEGIN_NAMESPACE_STD
        -:  240:
        -:  241:#if defined(__APPLE__) || defined(__FreeBSD__)
        -:  242:#  define _LIBCPP_GET_C_LOCALE 0
        -:  243:#elif defined(__NetBSD__)
        -:  244:#  define _LIBCPP_GET_C_LOCALE LC_C_LOCALE
        -:  245:#else
        -:  246:#  define _LIBCPP_GET_C_LOCALE __cloc()
        -:  247:// Get the C locale object
        -:  248:_LIBCPP_EXPORTED_FROM_ABI locale_t __cloc();
        -:  249:#  define __cloc_defined
        -:  250:#endif
        -:  251:
        -:  252:// __scan_keyword
        -:  253:// Scans [__b, __e) until a match is found in the basic_strings range
        -:  254://  [__kb, __ke) or until it can be shown that there is no match in [__kb, __ke).
        -:  255://  __b will be incremented (visibly), consuming CharT until a match is found
        -:  256://  or proved to not exist.  A keyword may be "", in which will match anything.
        -:  257://  If one keyword is a prefix of another, and the next CharT in the input
        -:  258://  might match another keyword, the algorithm will attempt to find the longest
        -:  259://  matching keyword.  If the longer matching keyword ends up not matching, then
        -:  260://  no keyword match is found.  If no keyword match is found, __ke is returned
        -:  261://  and failbit is set in __err.
        -:  262://  Else an iterator pointing to the matching keyword is found.  If more than
        -:  263://  one keyword matches, an iterator to the first matching keyword is returned.
        -:  264://  If on exit __b == __e, eofbit is set in __err.  If __case_sensitive is false,
        -:  265://  __ct is used to force to lower case before comparing characters.
        -:  266://  Examples:
        -:  267://  Keywords:  "a", "abb"
        -:  268://  If the input is "a", the first keyword matches and eofbit is set.
        -:  269://  If the input is "abc", no match is found and "ab" are consumed.
        -:  270:template <class _InputIterator, class _ForwardIterator, class _Ctype>
        -:  271:_LIBCPP_HIDE_FROM_ABI _ForwardIterator __scan_keyword(
        -:  272:    _InputIterator& __b,
        -:  273:    _InputIterator __e,
        -:  274:    _ForwardIterator __kb,
        -:  275:    _ForwardIterator __ke,
        -:  276:    const _Ctype& __ct,
        -:  277:    ios_base::iostate& __err,
        -:  278:    bool __case_sensitive = true) {
        -:  279:  typedef typename iterator_traits<_InputIterator>::value_type _CharT;
        -:  280:  size_t __nkw                       = static_cast<size_t>(std::distance(__kb, __ke));
        -:  281:  const unsigned char __doesnt_match = '\0';
        -:  282:  const unsigned char __might_match  = '\1';
        -:  283:  const unsigned char __does_match   = '\2';
        -:  284:  unsigned char __statbuf[100];
        -:  285:  unsigned char* __status = __statbuf;
        -:  286:  unique_ptr<unsigned char, void (*)(void*)> __stat_hold(nullptr, free);
        -:  287:  if (__nkw > sizeof(__statbuf)) {
        -:  288:    __status = (unsigned char*)malloc(__nkw);
        -:  289:    if (__status == nullptr)
        -:  290:      __throw_bad_alloc();
        -:  291:    __stat_hold.reset(__status);
        -:  292:  }
        -:  293:  size_t __n_might_match = __nkw; // At this point, any keyword might match
        -:  294:  size_t __n_does_match  = 0;     // but none of them definitely do
        -:  295:  // Initialize all statuses to __might_match, except for "" keywords are __does_match
        -:  296:  unsigned char* __st = __status;
        -:  297:  for (_ForwardIterator __ky = __kb; __ky != __ke; ++__ky, (void)++__st) {
        -:  298:    if (!__ky->empty())
        -:  299:      *__st = __might_match;
        -:  300:    else {
        -:  301:      *__st = __does_match;
        -:  302:      --__n_might_match;
        -:  303:      ++__n_does_match;
        -:  304:    }
        -:  305:  }
        -:  306:  // While there might be a match, test keywords against the next CharT
        -:  307:  for (size_t __indx = 0; __b != __e && __n_might_match > 0; ++__indx) {
        -:  308:    // Peek at the next CharT but don't consume it
        -:  309:    _CharT __c = *__b;
        -:  310:    if (!__case_sensitive)
        -:  311:      __c = __ct.toupper(__c);
        -:  312:    bool __consume = false;
        -:  313:    // For each keyword which might match, see if the __indx character is __c
        -:  314:    // If a match if found, consume __c
        -:  315:    // If a match is found, and that is the last character in the keyword,
        -:  316:    //    then that keyword matches.
        -:  317:    // If the keyword doesn't match this character, then change the keyword
        -:  318:    //    to doesn't match
        -:  319:    __st = __status;
        -:  320:    for (_ForwardIterator __ky = __kb; __ky != __ke; ++__ky, (void)++__st) {
        -:  321:      if (*__st == __might_match) {
        -:  322:        _CharT __kc = (*__ky)[__indx];
        -:  323:        if (!__case_sensitive)
        -:  324:          __kc = __ct.toupper(__kc);
        -:  325:        if (__c == __kc) {
        -:  326:          __consume = true;
        -:  327:          if (__ky->size() == __indx + 1) {
        -:  328:            *__st = __does_match;
        -:  329:            --__n_might_match;
        -:  330:            ++__n_does_match;
        -:  331:          }
        -:  332:        } else {
        -:  333:          *__st = __doesnt_match;
        -:  334:          --__n_might_match;
        -:  335:        }
        -:  336:      }
        -:  337:    }
        -:  338:    // consume if we matched a character
        -:  339:    if (__consume) {
        -:  340:      ++__b;
        -:  341:      // If we consumed a character and there might be a matched keyword that
        -:  342:      //   was marked matched on a previous iteration, then such keywords
        -:  343:      //   which are now marked as not matching.
        -:  344:      if (__n_might_match + __n_does_match > 1) {
        -:  345:        __st = __status;
        -:  346:        for (_ForwardIterator __ky = __kb; __ky != __ke; ++__ky, (void)++__st) {
        -:  347:          if (*__st == __does_match && __ky->size() != __indx + 1) {
        -:  348:            *__st = __doesnt_match;
        -:  349:            --__n_does_match;
        -:  350:          }
        -:  351:        }
        -:  352:      }
        -:  353:    }
        -:  354:  }
        -:  355:  // We've exited the loop because we hit eof and/or we have no more "might matches".
        -:  356:  if (__b == __e)
        -:  357:    __err |= ios_base::eofbit;
        -:  358:  // Return the first matching result
        -:  359:  for (__st = __status; __kb != __ke; ++__kb, (void)++__st)
        -:  360:    if (*__st == __does_match)
        -:  361:      break;
        -:  362:  if (__kb == __ke)
        -:  363:    __err |= ios_base::failbit;
        -:  364:  return __kb;
        -:  365:}
        -:  366:
        -:  367:struct _LIBCPP_EXPORTED_FROM_ABI __num_get_base {
        -:  368:  static const int __num_get_buf_sz = 40;
        -:  369:
        -:  370:  static int __get_base(ios_base&);
        -:  371:  static const char __src[33];
        -:  372:};
        -:  373:
        -:  374:_LIBCPP_EXPORTED_FROM_ABI void
        -:  375:__check_grouping(const string& __grouping, unsigned* __g, unsigned* __g_end, ios_base::iostate& __err);
        -:  376:
        -:  377:template <class _CharT>
        -:  378:struct __num_get : protected __num_get_base {
        -:  379:  static string __stage2_float_prep(ios_base& __iob, _CharT* __atoms, _CharT& __decimal_point, _CharT& __thousands_sep);
        -:  380:
        -:  381:  static int __stage2_float_loop(
        -:  382:      _CharT __ct,
        -:  383:      bool& __in_units,
        -:  384:      char& __exp,
        -:  385:      char* __a,
        -:  386:      char*& __a_end,
        -:  387:      _CharT __decimal_point,
        -:  388:      _CharT __thousands_sep,
        -:  389:      const string& __grouping,
        -:  390:      unsigned* __g,
        -:  391:      unsigned*& __g_end,
        -:  392:      unsigned& __dc,
        -:  393:      _CharT* __atoms);
        -:  394:#ifndef _LIBCPP_ABI_OPTIMIZED_LOCALE_NUM_GET
        -:  395:  static string __stage2_int_prep(ios_base& __iob, _CharT* __atoms, _CharT& __thousands_sep);
        -:  396:  static int __stage2_int_loop(
        -:  397:      _CharT __ct,
        -:  398:      int __base,
        -:  399:      char* __a,
        -:  400:      char*& __a_end,
        -:  401:      unsigned& __dc,
        -:  402:      _CharT __thousands_sep,
        -:  403:      const string& __grouping,
        -:  404:      unsigned* __g,
        -:  405:      unsigned*& __g_end,
        -:  406:      _CharT* __atoms);
        -:  407:
        -:  408:#else
        -:  409:  static string __stage2_int_prep(ios_base& __iob, _CharT& __thousands_sep) {
        -:  410:    locale __loc                 = __iob.getloc();
        -:  411:    const numpunct<_CharT>& __np = use_facet<numpunct<_CharT> >(__loc);
        -:  412:    __thousands_sep              = __np.thousands_sep();
        -:  413:    return __np.grouping();
        -:  414:  }
        -:  415:
        -:  416:  const _CharT* __do_widen(ios_base& __iob, _CharT* __atoms) const { return __do_widen_p(__iob, __atoms); }
        -:  417:
        -:  418:  static int __stage2_int_loop(
        -:  419:      _CharT __ct,
        -:  420:      int __base,
        -:  421:      char* __a,
        -:  422:      char*& __a_end,
        -:  423:      unsigned& __dc,
        -:  424:      _CharT __thousands_sep,
        -:  425:      const string& __grouping,
        -:  426:      unsigned* __g,
        -:  427:      unsigned*& __g_end,
        -:  428:      const _CharT* __atoms);
        -:  429:
        -:  430:private:
        -:  431:  template <typename _Tp>
        -:  432:  const _Tp* __do_widen_p(ios_base& __iob, _Tp* __atoms) const {
        -:  433:    locale __loc = __iob.getloc();
        -:  434:    use_facet<ctype<_Tp> >(__loc).widen(__src, __src + 26, __atoms);
        -:  435:    return __atoms;
        -:  436:  }
        -:  437:
        -:  438:  const char* __do_widen_p(ios_base& __iob, char* __atoms) const {
        -:  439:    (void)__iob;
        -:  440:    (void)__atoms;
        -:  441:    return __src;
        -:  442:  }
        -:  443:#endif
        -:  444:};
        -:  445:
        -:  446:#ifndef _LIBCPP_ABI_OPTIMIZED_LOCALE_NUM_GET
        -:  447:template <class _CharT>
        -:  448:string __num_get<_CharT>::__stage2_int_prep(ios_base& __iob, _CharT* __atoms, _CharT& __thousands_sep) {
        -:  449:  locale __loc = __iob.getloc();
        -:  450:  std::use_facet<ctype<_CharT> >(__loc).widen(__src, __src + 26, __atoms);
        -:  451:  const numpunct<_CharT>& __np = std::use_facet<numpunct<_CharT> >(__loc);
        -:  452:  __thousands_sep              = __np.thousands_sep();
        -:  453:  return __np.grouping();
        -:  454:}
        -:  455:#endif
        -:  456:
        -:  457:template <class _CharT>
        -:  458:string __num_get<_CharT>::__stage2_float_prep(
        -:  459:    ios_base& __iob, _CharT* __atoms, _CharT& __decimal_point, _CharT& __thousands_sep) {
        -:  460:  locale __loc = __iob.getloc();
        -:  461:  std::use_facet<ctype<_CharT> >(__loc).widen(__src, __src + 32, __atoms);
        -:  462:  const numpunct<_CharT>& __np = std::use_facet<numpunct<_CharT> >(__loc);
        -:  463:  __decimal_point              = __np.decimal_point();
        -:  464:  __thousands_sep              = __np.thousands_sep();
        -:  465:  return __np.grouping();
        -:  466:}
        -:  467:
        -:  468:template <class _CharT>
        -:  469:int
        -:  470:#ifndef _LIBCPP_ABI_OPTIMIZED_LOCALE_NUM_GET
        -:  471:__num_get<_CharT>::__stage2_int_loop(_CharT __ct, int __base, char* __a, char*& __a_end,
        -:  472:                  unsigned& __dc, _CharT __thousands_sep, const string& __grouping,
        -:  473:                  unsigned* __g, unsigned*& __g_end, _CharT* __atoms)
        -:  474:#else
        -:  475:__num_get<_CharT>::__stage2_int_loop(_CharT __ct, int __base, char* __a, char*& __a_end,
        -:  476:                  unsigned& __dc, _CharT __thousands_sep, const string& __grouping,
        -:  477:                  unsigned* __g, unsigned*& __g_end, const _CharT* __atoms)
        -:  478:
        -:  479:#endif
        -:  480:{
        -:  481:  if (__a_end == __a && (__ct == __atoms[24] || __ct == __atoms[25])) {
        -:  482:    *__a_end++ = __ct == __atoms[24] ? '+' : '-';
        -:  483:    __dc       = 0;
        -:  484:    return 0;
        -:  485:  }
        -:  486:  if (__grouping.size() != 0 && __ct == __thousands_sep) {
        -:  487:    if (__g_end - __g < __num_get_buf_sz) {
        -:  488:      *__g_end++ = __dc;
        -:  489:      __dc       = 0;
        -:  490:    }
        -:  491:    return 0;
        -:  492:  }
        -:  493:  ptrdiff_t __f = std::find(__atoms, __atoms + 26, __ct) - __atoms;
        -:  494:  if (__f >= 24)
        -:  495:    return -1;
        -:  496:  switch (__base) {
        -:  497:  case 8:
        -:  498:  case 10:
        -:  499:    if (__f >= __base)
        -:  500:      return -1;
        -:  501:    break;
        -:  502:  case 16:
        -:  503:    if (__f < 22)
        -:  504:      break;
        -:  505:    if (__a_end != __a && __a_end - __a <= 2 && __a_end[-1] == '0') {
        -:  506:      __dc       = 0;
        -:  507:      *__a_end++ = __src[__f];
        -:  508:      return 0;
        -:  509:    }
        -:  510:    return -1;
        -:  511:  }
        -:  512:  *__a_end++ = __src[__f];
        -:  513:  ++__dc;
        -:  514:  return 0;
        -:  515:}
        -:  516:
        -:  517:template <class _CharT>
        -:  518:int __num_get<_CharT>::__stage2_float_loop(
        -:  519:    _CharT __ct,
        -:  520:    bool& __in_units,
        -:  521:    char& __exp,
        -:  522:    char* __a,
        -:  523:    char*& __a_end,
        -:  524:    _CharT __decimal_point,
        -:  525:    _CharT __thousands_sep,
        -:  526:    const string& __grouping,
        -:  527:    unsigned* __g,
        -:  528:    unsigned*& __g_end,
        -:  529:    unsigned& __dc,
        -:  530:    _CharT* __atoms) {
        -:  531:  if (__ct == __decimal_point) {
        -:  532:    if (!__in_units)
        -:  533:      return -1;
        -:  534:    __in_units = false;
        -:  535:    *__a_end++ = '.';
        -:  536:    if (__grouping.size() != 0 && __g_end - __g < __num_get_buf_sz)
        -:  537:      *__g_end++ = __dc;
        -:  538:    return 0;
        -:  539:  }
        -:  540:  if (__ct == __thousands_sep && __grouping.size() != 0) {
        -:  541:    if (!__in_units)
        -:  542:      return -1;
        -:  543:    if (__g_end - __g < __num_get_buf_sz) {
        -:  544:      *__g_end++ = __dc;
        -:  545:      __dc       = 0;
        -:  546:    }
        -:  547:    return 0;
        -:  548:  }
        -:  549:  ptrdiff_t __f = std::find(__atoms, __atoms + 32, __ct) - __atoms;
        -:  550:  if (__f >= 32)
        -:  551:    return -1;
        -:  552:  char __x = __src[__f];
        -:  553:  if (__x == '-' || __x == '+') {
        -:  554:    if (__a_end == __a || (std::toupper(__a_end[-1]) == std::toupper(__exp))) {
        -:  555:      *__a_end++ = __x;
        -:  556:      return 0;
        -:  557:    }
        -:  558:    return -1;
        -:  559:  }
        -:  560:  if (__x == 'x' || __x == 'X')
        -:  561:    __exp = 'P';
        -:  562:  else if (std::toupper(__x) == __exp) {
        -:  563:    __exp = std::tolower(__exp);
        -:  564:    if (__in_units) {
        -:  565:      __in_units = false;
        -:  566:      if (__grouping.size() != 0 && __g_end - __g < __num_get_buf_sz)
        -:  567:        *__g_end++ = __dc;
        -:  568:    }
        -:  569:  }
        -:  570:  *__a_end++ = __x;
        -:  571:  if (__f >= 22)
        -:  572:    return 0;
        -:  573:  ++__dc;
        -:  574:  return 0;
        -:  575:}
        -:  576:
        -:  577:extern template struct _LIBCPP_EXTERN_TEMPLATE_TYPE_VIS __num_get<char>;
        -:  578:#ifndef _LIBCPP_HAS_NO_WIDE_CHARACTERS
        -:  579:extern template struct _LIBCPP_EXTERN_TEMPLATE_TYPE_VIS __num_get<wchar_t>;
        -:  580:#endif
        -:  581:
        -:  582:template <class _CharT, class _InputIterator = istreambuf_iterator<_CharT> >
        -:  583:class _LIBCPP_TEMPLATE_VIS num_get : public locale::facet, private __num_get<_CharT> {
        -:  584:public:
        -:  585:  typedef _CharT char_type;
        -:  586:  typedef _InputIterator iter_type;
        -:  587:
        -:  588:  _LIBCPP_HIDE_FROM_ABI explicit num_get(size_t __refs = 0) : locale::facet(__refs) {}
        -:  589:
        -:  590:  _LIBCPP_HIDE_FROM_ABI iter_type
        -:  591:  get(iter_type __b, iter_type __e, ios_base& __iob, ios_base::iostate& __err, bool& __v) const {
        -:  592:    return do_get(__b, __e, __iob, __err, __v);
        -:  593:  }
        -:  594:
        -:  595:  _LIBCPP_HIDE_FROM_ABI iter_type
        -:  596:  get(iter_type __b, iter_type __e, ios_base& __iob, ios_base::iostate& __err, long& __v) const {
        -:  597:    return do_get(__b, __e, __iob, __err, __v);
        -:  598:  }
        -:  599:
        -:  600:  _LIBCPP_HIDE_FROM_ABI iter_type
        -:  601:  get(iter_type __b, iter_type __e, ios_base& __iob, ios_base::iostate& __err, long long& __v) const {
        -:  602:    return do_get(__b, __e, __iob, __err, __v);
        -:  603:  }
        -:  604:
        -:  605:  _LIBCPP_HIDE_FROM_ABI iter_type
        -:  606:  get(iter_type __b, iter_type __e, ios_base& __iob, ios_base::iostate& __err, unsigned short& __v) const {
        -:  607:    return do_get(__b, __e, __iob, __err, __v);
        -:  608:  }
        -:  609:
        -:  610:  _LIBCPP_HIDE_FROM_ABI iter_type
        -:  611:  get(iter_type __b, iter_type __e, ios_base& __iob, ios_base::iostate& __err, unsigned int& __v) const {
        -:  612:    return do_get(__b, __e, __iob, __err, __v);
        -:  613:  }
        -:  614:
        -:  615:  _LIBCPP_HIDE_FROM_ABI iter_type
        -:  616:  get(iter_type __b, iter_type __e, ios_base& __iob, ios_base::iostate& __err, unsigned long& __v) const {
        -:  617:    return do_get(__b, __e, __iob, __err, __v);
        -:  618:  }
        -:  619:
        -:  620:  _LIBCPP_HIDE_FROM_ABI iter_type
        -:  621:  get(iter_type __b, iter_type __e, ios_base& __iob, ios_base::iostate& __err, unsigned long long& __v) const {
        -:  622:    return do_get(__b, __e, __iob, __err, __v);
        -:  623:  }
        -:  624:
        -:  625:  _LIBCPP_HIDE_FROM_ABI iter_type
        -:  626:  get(iter_type __b, iter_type __e, ios_base& __iob, ios_base::iostate& __err, float& __v) const {
        -:  627:    return do_get(__b, __e, __iob, __err, __v);
        -:  628:  }
        -:  629:
        -:  630:  _LIBCPP_HIDE_FROM_ABI iter_type
        -:  631:  get(iter_type __b, iter_type __e, ios_base& __iob, ios_base::iostate& __err, double& __v) const {
        -:  632:    return do_get(__b, __e, __iob, __err, __v);
        -:  633:  }
        -:  634:
        -:  635:  _LIBCPP_HIDE_FROM_ABI iter_type
        -:  636:  get(iter_type __b, iter_type __e, ios_base& __iob, ios_base::iostate& __err, long double& __v) const {
        -:  637:    return do_get(__b, __e, __iob, __err, __v);
        -:  638:  }
        -:  639:
        -:  640:  _LIBCPP_HIDE_FROM_ABI iter_type
        -:  641:  get(iter_type __b, iter_type __e, ios_base& __iob, ios_base::iostate& __err, void*& __v) const {
        -:  642:    return do_get(__b, __e, __iob, __err, __v);
        -:  643:  }
        -:  644:
        -:  645:  static locale::id id;
        -:  646:
        -:  647:protected:
        -:  648:  _LIBCPP_HIDE_FROM_ABI_VIRTUAL ~num_get() override {}
        -:  649:
        -:  650:  template <class _Fp>
        -:  651:  _LIBCPP_METHOD_TEMPLATE_IMPLICIT_INSTANTIATION_VIS iter_type
        -:  652:  __do_get_floating_point(iter_type __b, iter_type __e, ios_base& __iob, ios_base::iostate& __err, _Fp& __v) const;
        -:  653:
        -:  654:  template <class _Signed>
        -:  655:  _LIBCPP_METHOD_TEMPLATE_IMPLICIT_INSTANTIATION_VIS iter_type
        -:  656:  __do_get_signed(iter_type __b, iter_type __e, ios_base& __iob, ios_base::iostate& __err, _Signed& __v) const;
        -:  657:
        -:  658:  template <class _Unsigned>
        -:  659:  _LIBCPP_METHOD_TEMPLATE_IMPLICIT_INSTANTIATION_VIS iter_type
        -:  660:  __do_get_unsigned(iter_type __b, iter_type __e, ios_base& __iob, ios_base::iostate& __err, _Unsigned& __v) const;
        -:  661:
        -:  662:  virtual iter_type do_get(iter_type __b, iter_type __e, ios_base& __iob, ios_base::iostate& __err, bool& __v) const;
        -:  663:
        -:  664:  virtual iter_type do_get(iter_type __b, iter_type __e, ios_base& __iob, ios_base::iostate& __err, long& __v) const {
        -:  665:    return this->__do_get_signed(__b, __e, __iob, __err, __v);
        -:  666:  }
        -:  667:
        -:  668:  virtual iter_type
        -:  669:  do_get(iter_type __b, iter_type __e, ios_base& __iob, ios_base::iostate& __err, long long& __v) const {
        -:  670:    return this->__do_get_signed(__b, __e, __iob, __err, __v);
        -:  671:  }
        -:  672:
        -:  673:  virtual iter_type
        -:  674:  do_get(iter_type __b, iter_type __e, ios_base& __iob, ios_base::iostate& __err, unsigned short& __v) const {
        -:  675:    return this->__do_get_unsigned(__b, __e, __iob, __err, __v);
        -:  676:  }
        -:  677:
        -:  678:  virtual iter_type
        -:  679:  do_get(iter_type __b, iter_type __e, ios_base& __iob, ios_base::iostate& __err, unsigned int& __v) const {
        -:  680:    return this->__do_get_unsigned(__b, __e, __iob, __err, __v);
        -:  681:  }
        -:  682:
        -:  683:  virtual iter_type
        -:  684:  do_get(iter_type __b, iter_type __e, ios_base& __iob, ios_base::iostate& __err, unsigned long& __v) const {
        -:  685:    return this->__do_get_unsigned(__b, __e, __iob, __err, __v);
        -:  686:  }
        -:  687:
        -:  688:  virtual iter_type
        -:  689:  do_get(iter_type __b, iter_type __e, ios_base& __iob, ios_base::iostate& __err, unsigned long long& __v) const {
        -:  690:    return this->__do_get_unsigned(__b, __e, __iob, __err, __v);
        -:  691:  }
        -:  692:
        -:  693:  virtual iter_type do_get(iter_type __b, iter_type __e, ios_base& __iob, ios_base::iostate& __err, float& __v) const {
        -:  694:    return this->__do_get_floating_point(__b, __e, __iob, __err, __v);
        -:  695:  }
        -:  696:
        -:  697:  virtual iter_type do_get(iter_type __b, iter_type __e, ios_base& __iob, ios_base::iostate& __err, double& __v) const {
        -:  698:    return this->__do_get_floating_point(__b, __e, __iob, __err, __v);
        -:  699:  }
        -:  700:
        -:  701:  virtual iter_type
        -:  702:  do_get(iter_type __b, iter_type __e, ios_base& __iob, ios_base::iostate& __err, long double& __v) const {
        -:  703:    return this->__do_get_floating_point(__b, __e, __iob, __err, __v);
        -:  704:  }
        -:  705:
        -:  706:  virtual iter_type do_get(iter_type __b, iter_type __e, ios_base& __iob, ios_base::iostate& __err, void*& __v) const;
        -:  707:};
        -:  708:
        -:  709:template <class _CharT, class _InputIterator>
        -:  710:locale::id num_get<_CharT, _InputIterator>::id;
        -:  711:
        -:  712:template <class _Tp>
        -:  713:_LIBCPP_HIDE_FROM_ABI _Tp
        -:  714:__num_get_signed_integral(const char* __a, const char* __a_end, ios_base::iostate& __err, int __base) {
        -:  715:  if (__a != __a_end) {
        -:  716:    __libcpp_remove_reference_t<decltype(errno)> __save_errno = errno;
        -:  717:    errno                                                     = 0;
        -:  718:    char* __p2;
        -:  719:    long long __ll                                               = strtoll_l(__a, &__p2, __base, _LIBCPP_GET_C_LOCALE);
        -:  720:    __libcpp_remove_reference_t<decltype(errno)> __current_errno = errno;
        -:  721:    if (__current_errno == 0)
        -:  722:      errno = __save_errno;
        -:  723:    if (__p2 != __a_end) {
        -:  724:      __err = ios_base::failbit;
        -:  725:      return 0;
        -:  726:    } else if (__current_errno == ERANGE || __ll < numeric_limits<_Tp>::min() || numeric_limits<_Tp>::max() < __ll) {
        -:  727:      __err = ios_base::failbit;
        -:  728:      if (__ll > 0)
        -:  729:        return numeric_limits<_Tp>::max();
        -:  730:      else
        -:  731:        return numeric_limits<_Tp>::min();
        -:  732:    }
        -:  733:    return static_cast<_Tp>(__ll);
        -:  734:  }
        -:  735:  __err = ios_base::failbit;
        -:  736:  return 0;
        -:  737:}
        -:  738:
        -:  739:template <class _Tp>
        -:  740:_LIBCPP_HIDE_FROM_ABI _Tp
        -:  741:__num_get_unsigned_integral(const char* __a, const char* __a_end, ios_base::iostate& __err, int __base) {
        -:  742:  if (__a != __a_end) {
        -:  743:    const bool __negate = *__a == '-';
        -:  744:    if (__negate && ++__a == __a_end) {
        -:  745:      __err = ios_base::failbit;
        -:  746:      return 0;
        -:  747:    }
        -:  748:    __libcpp_remove_reference_t<decltype(errno)> __save_errno = errno;
        -:  749:    errno                                                     = 0;
        -:  750:    char* __p2;
        -:  751:    unsigned long long __ll                                      = strtoull_l(__a, &__p2, __base, _LIBCPP_GET_C_LOCALE);
        -:  752:    __libcpp_remove_reference_t<decltype(errno)> __current_errno = errno;
        -:  753:    if (__current_errno == 0)
        -:  754:      errno = __save_errno;
        -:  755:    if (__p2 != __a_end) {
        -:  756:      __err = ios_base::failbit;
        -:  757:      return 0;
        -:  758:    } else if (__current_errno == ERANGE || numeric_limits<_Tp>::max() < __ll) {
        -:  759:      __err = ios_base::failbit;
        -:  760:      return numeric_limits<_Tp>::max();
        -:  761:    }
        -:  762:    _Tp __res = static_cast<_Tp>(__ll);
        -:  763:    if (__negate)
        -:  764:      __res = -__res;
        -:  765:    return __res;
        -:  766:  }
        -:  767:  __err = ios_base::failbit;
        -:  768:  return 0;
        -:  769:}
        -:  770:
        -:  771:template <class _Tp>
        -:  772:_LIBCPP_HIDE_FROM_ABI _Tp __do_strtod(const char* __a, char** __p2);
        -:  773:
        -:  774:template <>
        -:  775:inline _LIBCPP_HIDE_FROM_ABI float __do_strtod<float>(const char* __a, char** __p2) {
        -:  776:  return strtof_l(__a, __p2, _LIBCPP_GET_C_LOCALE);
        -:  777:}
        -:  778:
        -:  779:template <>
        -:  780:inline _LIBCPP_HIDE_FROM_ABI double __do_strtod<double>(const char* __a, char** __p2) {
        -:  781:  return strtod_l(__a, __p2, _LIBCPP_GET_C_LOCALE);
        -:  782:}
        -:  783:
        -:  784:template <>
        -:  785:inline _LIBCPP_HIDE_FROM_ABI long double __do_strtod<long double>(const char* __a, char** __p2) {
        -:  786:  return strtold_l(__a, __p2, _LIBCPP_GET_C_LOCALE);
        -:  787:}
        -:  788:
        -:  789:template <class _Tp>
        -:  790:_LIBCPP_HIDE_FROM_ABI _Tp __num_get_float(const char* __a, const char* __a_end, ios_base::iostate& __err) {
        -:  791:  if (__a != __a_end) {
        -:  792:    __libcpp_remove_reference_t<decltype(errno)> __save_errno = errno;
        -:  793:    errno                                                     = 0;
        -:  794:    char* __p2;
        -:  795:    _Tp __ld                                                     = std::__do_strtod<_Tp>(__a, &__p2);
        -:  796:    __libcpp_remove_reference_t<decltype(errno)> __current_errno = errno;
        -:  797:    if (__current_errno == 0)
        -:  798:      errno = __save_errno;
        -:  799:    if (__p2 != __a_end) {
        -:  800:      __err = ios_base::failbit;
        -:  801:      return 0;
        -:  802:    } else if (__current_errno == ERANGE)
        -:  803:      __err = ios_base::failbit;
        -:  804:    return __ld;
        -:  805:  }
        -:  806:  __err = ios_base::failbit;
        -:  807:  return 0;
        -:  808:}
        -:  809:
        -:  810:template <class _CharT, class _InputIterator>
        -:  811:_InputIterator num_get<_CharT, _InputIterator>::do_get(
        -:  812:    iter_type __b, iter_type __e, ios_base& __iob, ios_base::iostate& __err, bool& __v) const {
        -:  813:  if ((__iob.flags() & ios_base::boolalpha) == 0) {
        -:  814:    long __lv = -1;
        -:  815:    __b       = do_get(__b, __e, __iob, __err, __lv);
        -:  816:    switch (__lv) {
        -:  817:    case 0:
        -:  818:      __v = false;
        -:  819:      break;
        -:  820:    case 1:
        -:  821:      __v = true;
        -:  822:      break;
        -:  823:    default:
        -:  824:      __v   = true;
        -:  825:      __err = ios_base::failbit;
        -:  826:      break;
        -:  827:    }
        -:  828:    return __b;
        -:  829:  }
        -:  830:  const ctype<_CharT>& __ct    = std::use_facet<ctype<_CharT> >(__iob.getloc());
        -:  831:  const numpunct<_CharT>& __np = std::use_facet<numpunct<_CharT> >(__iob.getloc());
        -:  832:  typedef typename numpunct<_CharT>::string_type string_type;
        -:  833:  const string_type __names[2] = {__np.truename(), __np.falsename()};
        -:  834:  const string_type* __i       = std::__scan_keyword(__b, __e, __names, __names + 2, __ct, __err);
        -:  835:  __v                          = __i == __names;
        -:  836:  return __b;
        -:  837:}
        -:  838:
        -:  839:// signed
        -:  840:
        -:  841:template <class _CharT, class _InputIterator>
        -:  842:template <class _Signed>
        -:  843:_InputIterator num_get<_CharT, _InputIterator>::__do_get_signed(
        -:  844:    iter_type __b, iter_type __e, ios_base& __iob, ios_base::iostate& __err, _Signed& __v) const {
        -:  845:  // Stage 1
        -:  846:  int __base = this->__get_base(__iob);
        -:  847:  // Stage 2
        -:  848:  char_type __thousands_sep;
        -:  849:  const int __atoms_size = 26;
        -:  850:#ifdef _LIBCPP_ABI_OPTIMIZED_LOCALE_NUM_GET
        -:  851:  char_type __atoms1[__atoms_size];
        -:  852:  const char_type* __atoms = this->__do_widen(__iob, __atoms1);
        -:  853:  string __grouping        = this->__stage2_int_prep(__iob, __thousands_sep);
        -:  854:#else
        -:  855:  char_type __atoms[__atoms_size];
        -:  856:  string __grouping = this->__stage2_int_prep(__iob, __atoms, __thousands_sep);
        -:  857:#endif
        -:  858:  string __buf;
        -:  859:  __buf.resize(__buf.capacity());
        -:  860:  char* __a     = &__buf[0];
        -:  861:  char* __a_end = __a;
        -:  862:  unsigned __g[__num_get_base::__num_get_buf_sz];
        -:  863:  unsigned* __g_end = __g;
        -:  864:  unsigned __dc     = 0;
        -:  865:  for (; __b != __e; ++__b) {
        -:  866:    if (__a_end == __a + __buf.size()) {
        -:  867:      size_t __tmp = __buf.size();
        -:  868:      __buf.resize(2 * __buf.size());
        -:  869:      __buf.resize(__buf.capacity());
        -:  870:      __a     = &__buf[0];
        -:  871:      __a_end = __a + __tmp;
        -:  872:    }
        -:  873:    if (this->__stage2_int_loop(*__b, __base, __a, __a_end, __dc, __thousands_sep, __grouping, __g, __g_end, __atoms))
        -:  874:      break;
        -:  875:  }
        -:  876:  if (__grouping.size() != 0 && __g_end - __g < __num_get_base::__num_get_buf_sz)
        -:  877:    *__g_end++ = __dc;
        -:  878:  // Stage 3
        -:  879:  __v = std::__num_get_signed_integral<_Signed>(__a, __a_end, __err, __base);
        -:  880:  // Digit grouping checked
        -:  881:  __check_grouping(__grouping, __g, __g_end, __err);
        -:  882:  // EOF checked
        -:  883:  if (__b == __e)
        -:  884:    __err |= ios_base::eofbit;
        -:  885:  return __b;
        -:  886:}
        -:  887:
        -:  888:// unsigned
        -:  889:
        -:  890:template <class _CharT, class _InputIterator>
        -:  891:template <class _Unsigned>
        -:  892:_InputIterator num_get<_CharT, _InputIterator>::__do_get_unsigned(
        -:  893:    iter_type __b, iter_type __e, ios_base& __iob, ios_base::iostate& __err, _Unsigned& __v) const {
        -:  894:  // Stage 1
        -:  895:  int __base = this->__get_base(__iob);
        -:  896:  // Stage 2
        -:  897:  char_type __thousands_sep;
        -:  898:  const int __atoms_size = 26;
        -:  899:#ifdef _LIBCPP_ABI_OPTIMIZED_LOCALE_NUM_GET
        -:  900:  char_type __atoms1[__atoms_size];
        -:  901:  const char_type* __atoms = this->__do_widen(__iob, __atoms1);
        -:  902:  string __grouping        = this->__stage2_int_prep(__iob, __thousands_sep);
        -:  903:#else
        -:  904:  char_type __atoms[__atoms_size];
        -:  905:  string __grouping = this->__stage2_int_prep(__iob, __atoms, __thousands_sep);
        -:  906:#endif
        -:  907:  string __buf;
        -:  908:  __buf.resize(__buf.capacity());
        -:  909:  char* __a     = &__buf[0];
        -:  910:  char* __a_end = __a;
        -:  911:  unsigned __g[__num_get_base::__num_get_buf_sz];
        -:  912:  unsigned* __g_end = __g;
        -:  913:  unsigned __dc     = 0;
        -:  914:  for (; __b != __e; ++__b) {
        -:  915:    if (__a_end == __a + __buf.size()) {
        -:  916:      size_t __tmp = __buf.size();
        -:  917:      __buf.resize(2 * __buf.size());
        -:  918:      __buf.resize(__buf.capacity());
        -:  919:      __a     = &__buf[0];
        -:  920:      __a_end = __a + __tmp;
        -:  921:    }
        -:  922:    if (this->__stage2_int_loop(*__b, __base, __a, __a_end, __dc, __thousands_sep, __grouping, __g, __g_end, __atoms))
        -:  923:      break;
        -:  924:  }
        -:  925:  if (__grouping.size() != 0 && __g_end - __g < __num_get_base::__num_get_buf_sz)
        -:  926:    *__g_end++ = __dc;
        -:  927:  // Stage 3
        -:  928:  __v = std::__num_get_unsigned_integral<_Unsigned>(__a, __a_end, __err, __base);
        -:  929:  // Digit grouping checked
        -:  930:  __check_grouping(__grouping, __g, __g_end, __err);
        -:  931:  // EOF checked
        -:  932:  if (__b == __e)
        -:  933:    __err |= ios_base::eofbit;
        -:  934:  return __b;
        -:  935:}
        -:  936:
        -:  937:// floating point
        -:  938:
        -:  939:template <class _CharT, class _InputIterator>
        -:  940:template <class _Fp>
        -:  941:_InputIterator num_get<_CharT, _InputIterator>::__do_get_floating_point(
        -:  942:    iter_type __b, iter_type __e, ios_base& __iob, ios_base::iostate& __err, _Fp& __v) const {
        -:  943:  // Stage 1, nothing to do
        -:  944:  // Stage 2
        -:  945:  char_type __atoms[32];
        -:  946:  char_type __decimal_point;
        -:  947:  char_type __thousands_sep;
        -:  948:  string __grouping = this->__stage2_float_prep(__iob, __atoms, __decimal_point, __thousands_sep);
        -:  949:  string __buf;
        -:  950:  __buf.resize(__buf.capacity());
        -:  951:  char* __a     = &__buf[0];
        -:  952:  char* __a_end = __a;
        -:  953:  unsigned __g[__num_get_base::__num_get_buf_sz];
        -:  954:  unsigned* __g_end = __g;
        -:  955:  unsigned __dc     = 0;
        -:  956:  bool __in_units   = true;
        -:  957:  char __exp        = 'E';
        -:  958:  for (; __b != __e; ++__b) {
        -:  959:    if (__a_end == __a + __buf.size()) {
        -:  960:      size_t __tmp = __buf.size();
        -:  961:      __buf.resize(2 * __buf.size());
        -:  962:      __buf.resize(__buf.capacity());
        -:  963:      __a     = &__buf[0];
        -:  964:      __a_end = __a + __tmp;
        -:  965:    }
        -:  966:    if (this->__stage2_float_loop(
        -:  967:            *__b,
        -:  968:            __in_units,
        -:  969:            __exp,
        -:  970:            __a,
        -:  971:            __a_end,
        -:  972:            __decimal_point,
        -:  973:            __thousands_sep,
        -:  974:            __grouping,
        -:  975:            __g,
        -:  976:            __g_end,
        -:  977:            __dc,
        -:  978:            __atoms))
        -:  979:      break;
        -:  980:  }
        -:  981:  if (__grouping.size() != 0 && __in_units && __g_end - __g < __num_get_base::__num_get_buf_sz)
        -:  982:    *__g_end++ = __dc;
        -:  983:  // Stage 3
        -:  984:  __v = std::__num_get_float<_Fp>(__a, __a_end, __err);
        -:  985:  // Digit grouping checked
        -:  986:  __check_grouping(__grouping, __g, __g_end, __err);
        -:  987:  // EOF checked
        -:  988:  if (__b == __e)
        -:  989:    __err |= ios_base::eofbit;
        -:  990:  return __b;
        -:  991:}
        -:  992:
        -:  993:template <class _CharT, class _InputIterator>
        -:  994:_InputIterator num_get<_CharT, _InputIterator>::do_get(
        -:  995:    iter_type __b, iter_type __e, ios_base& __iob, ios_base::iostate& __err, void*& __v) const {
        -:  996:  // Stage 1
        -:  997:  int __base = 16;
        -:  998:  // Stage 2
        -:  999:  char_type __atoms[26];
        -: 1000:  char_type __thousands_sep = char_type();
        -: 1001:  string __grouping;
        -: 1002:  std::use_facet<ctype<_CharT> >(__iob.getloc()).widen(__num_get_base::__src, __num_get_base::__src + 26, __atoms);
        -: 1003:  string __buf;
        -: 1004:  __buf.resize(__buf.capacity());
        -: 1005:  char* __a     = &__buf[0];
        -: 1006:  char* __a_end = __a;
        -: 1007:  unsigned __g[__num_get_base::__num_get_buf_sz];
        -: 1008:  unsigned* __g_end = __g;
        -: 1009:  unsigned __dc     = 0;
        -: 1010:  for (; __b != __e; ++__b) {
        -: 1011:    if (__a_end == __a + __buf.size()) {
        -: 1012:      size_t __tmp = __buf.size();
        -: 1013:      __buf.resize(2 * __buf.size());
        -: 1014:      __buf.resize(__buf.capacity());
        -: 1015:      __a     = &__buf[0];
        -: 1016:      __a_end = __a + __tmp;
        -: 1017:    }
        -: 1018:    if (this->__stage2_int_loop(*__b, __base, __a, __a_end, __dc, __thousands_sep, __grouping, __g, __g_end, __atoms))
        -: 1019:      break;
        -: 1020:  }
        -: 1021:  // Stage 3
        -: 1022:  __buf.resize(__a_end - __a);
        -: 1023:  if (__libcpp_sscanf_l(__buf.c_str(), _LIBCPP_GET_C_LOCALE, "%p", &__v) != 1)
        -: 1024:    __err = ios_base::failbit;
        -: 1025:  // EOF checked
        -: 1026:  if (__b == __e)
        -: 1027:    __err |= ios_base::eofbit;
        -: 1028:  return __b;
        -: 1029:}
        -: 1030:
        -: 1031:extern template class _LIBCPP_EXTERN_TEMPLATE_TYPE_VIS num_get<char>;
        -: 1032:#ifndef _LIBCPP_HAS_NO_WIDE_CHARACTERS
        -: 1033:extern template class _LIBCPP_EXTERN_TEMPLATE_TYPE_VIS num_get<wchar_t>;
        -: 1034:#endif
        -: 1035:
        -: 1036:struct _LIBCPP_EXPORTED_FROM_ABI __num_put_base {
        -: 1037:protected:
        -: 1038:  static void __format_int(char* __fmt, const char* __len, bool __signd, ios_base::fmtflags __flags);
        -: 1039:  static bool __format_float(char* __fmt, const char* __len, ios_base::fmtflags __flags);
        -: 1040:  static char* __identify_padding(char* __nb, char* __ne, const ios_base& __iob);
        -: 1041:};
        -: 1042:
        -: 1043:template <class _CharT>
        -: 1044:struct __num_put : protected __num_put_base {
        -: 1045:  static void __widen_and_group_int(
        -: 1046:      char* __nb, char* __np, char* __ne, _CharT* __ob, _CharT*& __op, _CharT*& __oe, const locale& __loc);
        -: 1047:  static void __widen_and_group_float(
        -: 1048:      char* __nb, char* __np, char* __ne, _CharT* __ob, _CharT*& __op, _CharT*& __oe, const locale& __loc);
        -: 1049:};
        -: 1050:
        -: 1051:template <class _CharT>
        -: 1052:void __num_put<_CharT>::__widen_and_group_int(
        -: 1053:    char* __nb, char* __np, char* __ne, _CharT* __ob, _CharT*& __op, _CharT*& __oe, const locale& __loc) {
        -: 1054:  const ctype<_CharT>& __ct     = std::use_facet<ctype<_CharT> >(__loc);
        -: 1055:  const numpunct<_CharT>& __npt = std::use_facet<numpunct<_CharT> >(__loc);
        -: 1056:  string __grouping             = __npt.grouping();
        -: 1057:  if (__grouping.empty()) {
        -: 1058:    __ct.widen(__nb, __ne, __ob);
        -: 1059:    __oe = __ob + (__ne - __nb);
        -: 1060:  } else {
        -: 1061:    __oe       = __ob;
        -: 1062:    char* __nf = __nb;
        -: 1063:    if (*__nf == '-' || *__nf == '+')
        -: 1064:      *__oe++ = __ct.widen(*__nf++);
        -: 1065:    if (__ne - __nf >= 2 && __nf[0] == '0' && (__nf[1] == 'x' || __nf[1] == 'X')) {
        -: 1066:      *__oe++ = __ct.widen(*__nf++);
        -: 1067:      *__oe++ = __ct.widen(*__nf++);
        -: 1068:    }
        -: 1069:    std::reverse(__nf, __ne);
        -: 1070:    _CharT __thousands_sep = __npt.thousands_sep();
        -: 1071:    unsigned __dc          = 0;
        -: 1072:    unsigned __dg          = 0;
        -: 1073:    for (char* __p = __nf; __p < __ne; ++__p) {
        -: 1074:      if (static_cast<unsigned>(__grouping[__dg]) > 0 && __dc == static_cast<unsigned>(__grouping[__dg])) {
        -: 1075:        *__oe++ = __thousands_sep;
        -: 1076:        __dc    = 0;
        -: 1077:        if (__dg < __grouping.size() - 1)
        -: 1078:          ++__dg;
        -: 1079:      }
        -: 1080:      *__oe++ = __ct.widen(*__p);
        -: 1081:      ++__dc;
        -: 1082:    }
        -: 1083:    std::reverse(__ob + (__nf - __nb), __oe);
        -: 1084:  }
        -: 1085:  if (__np == __ne)
        -: 1086:    __op = __oe;
        -: 1087:  else
        -: 1088:    __op = __ob + (__np - __nb);
        -: 1089:}
        -: 1090:
        -: 1091:template <class _CharT>
        -: 1092:void __num_put<_CharT>::__widen_and_group_float(
        -: 1093:    char* __nb, char* __np, char* __ne, _CharT* __ob, _CharT*& __op, _CharT*& __oe, const locale& __loc) {
        -: 1094:  const ctype<_CharT>& __ct     = std::use_facet<ctype<_CharT> >(__loc);
        -: 1095:  const numpunct<_CharT>& __npt = std::use_facet<numpunct<_CharT> >(__loc);
        -: 1096:  string __grouping             = __npt.grouping();
        -: 1097:  __oe                          = __ob;
        -: 1098:  char* __nf                    = __nb;
        -: 1099:  if (*__nf == '-' || *__nf == '+')
        -: 1100:    *__oe++ = __ct.widen(*__nf++);
        -: 1101:  char* __ns;
        -: 1102:  if (__ne - __nf >= 2 && __nf[0] == '0' && (__nf[1] == 'x' || __nf[1] == 'X')) {
        -: 1103:    *__oe++ = __ct.widen(*__nf++);
        -: 1104:    *__oe++ = __ct.widen(*__nf++);
        -: 1105:    for (__ns = __nf; __ns < __ne; ++__ns)
        -: 1106:      if (!isxdigit_l(*__ns, _LIBCPP_GET_C_LOCALE))
        -: 1107:        break;
        -: 1108:  } else {
        -: 1109:    for (__ns = __nf; __ns < __ne; ++__ns)
        -: 1110:      if (!isdigit_l(*__ns, _LIBCPP_GET_C_LOCALE))
        -: 1111:        break;
        -: 1112:  }
        -: 1113:  if (__grouping.empty()) {
        -: 1114:    __ct.widen(__nf, __ns, __oe);
        -: 1115:    __oe += __ns - __nf;
        -: 1116:  } else {
        -: 1117:    std::reverse(__nf, __ns);
        -: 1118:    _CharT __thousands_sep = __npt.thousands_sep();
        -: 1119:    unsigned __dc          = 0;
        -: 1120:    unsigned __dg          = 0;
        -: 1121:    for (char* __p = __nf; __p < __ns; ++__p) {
        -: 1122:      if (__grouping[__dg] > 0 && __dc == static_cast<unsigned>(__grouping[__dg])) {
        -: 1123:        *__oe++ = __thousands_sep;
        -: 1124:        __dc    = 0;
        -: 1125:        if (__dg < __grouping.size() - 1)
        -: 1126:          ++__dg;
        -: 1127:      }
        -: 1128:      *__oe++ = __ct.widen(*__p);
        -: 1129:      ++__dc;
        -: 1130:    }
        -: 1131:    std::reverse(__ob + (__nf - __nb), __oe);
        -: 1132:  }
        -: 1133:  for (__nf = __ns; __nf < __ne; ++__nf) {
        -: 1134:    if (*__nf == '.') {
        -: 1135:      *__oe++ = __npt.decimal_point();
        -: 1136:      ++__nf;
        -: 1137:      break;
        -: 1138:    } else
        -: 1139:      *__oe++ = __ct.widen(*__nf);
        -: 1140:  }
        -: 1141:  __ct.widen(__nf, __ne, __oe);
        -: 1142:  __oe += __ne - __nf;
        -: 1143:  if (__np == __ne)
        -: 1144:    __op = __oe;
        -: 1145:  else
        -: 1146:    __op = __ob + (__np - __nb);
        -: 1147:}
        -: 1148:
        -: 1149:extern template struct _LIBCPP_EXTERN_TEMPLATE_TYPE_VIS __num_put<char>;
        -: 1150:#ifndef _LIBCPP_HAS_NO_WIDE_CHARACTERS
        -: 1151:extern template struct _LIBCPP_EXTERN_TEMPLATE_TYPE_VIS __num_put<wchar_t>;
        -: 1152:#endif
        -: 1153:
        -: 1154:template <class _CharT, class _OutputIterator = ostreambuf_iterator<_CharT> >
        -: 1155:class _LIBCPP_TEMPLATE_VIS num_put : public locale::facet, private __num_put<_CharT> {
        -: 1156:public:
        -: 1157:  typedef _CharT char_type;
        -: 1158:  typedef _OutputIterator iter_type;
        -: 1159:
        -: 1160:  _LIBCPP_HIDE_FROM_ABI explicit num_put(size_t __refs = 0) : locale::facet(__refs) {}
        -: 1161:
        -: 1162:  _LIBCPP_HIDE_FROM_ABI iter_type put(iter_type __s, ios_base& __iob, char_type __fl, bool __v) const {
        -: 1163:    return do_put(__s, __iob, __fl, __v);
        -: 1164:  }
        -: 1165:
        -: 1166:  _LIBCPP_HIDE_FROM_ABI iter_type put(iter_type __s, ios_base& __iob, char_type __fl, long __v) const {
        -: 1167:    return do_put(__s, __iob, __fl, __v);
        -: 1168:  }
        -: 1169:
        -: 1170:  _LIBCPP_HIDE_FROM_ABI iter_type put(iter_type __s, ios_base& __iob, char_type __fl, long long __v) const {
        -: 1171:    return do_put(__s, __iob, __fl, __v);
        -: 1172:  }
        -: 1173:
        -: 1174:  _LIBCPP_HIDE_FROM_ABI iter_type put(iter_type __s, ios_base& __iob, char_type __fl, unsigned long __v) const {
        -: 1175:    return do_put(__s, __iob, __fl, __v);
        -: 1176:  }
        -: 1177:
        -: 1178:  _LIBCPP_HIDE_FROM_ABI iter_type put(iter_type __s, ios_base& __iob, char_type __fl, unsigned long long __v) const {
        -: 1179:    return do_put(__s, __iob, __fl, __v);
        -: 1180:  }
        -: 1181:
        -: 1182:  _LIBCPP_HIDE_FROM_ABI iter_type put(iter_type __s, ios_base& __iob, char_type __fl, double __v) const {
        -: 1183:    return do_put(__s, __iob, __fl, __v);
        -: 1184:  }
        -: 1185:
        -: 1186:  _LIBCPP_HIDE_FROM_ABI iter_type put(iter_type __s, ios_base& __iob, char_type __fl, long double __v) const {
        -: 1187:    return do_put(__s, __iob, __fl, __v);
        -: 1188:  }
        -: 1189:
        -: 1190:  _LIBCPP_HIDE_FROM_ABI iter_type put(iter_type __s, ios_base& __iob, char_type __fl, const void* __v) const {
        -: 1191:    return do_put(__s, __iob, __fl, __v);
        -: 1192:  }
        -: 1193:
        -: 1194:  static locale::id id;
        -: 1195:
        -: 1196:protected:
        -: 1197:  _LIBCPP_HIDE_FROM_ABI_VIRTUAL ~num_put() override {}
        -: 1198:
        -: 1199:  virtual iter_type do_put(iter_type __s, ios_base& __iob, char_type __fl, bool __v) const;
        -: 1200:  virtual iter_type do_put(iter_type __s, ios_base& __iob, char_type __fl, long __v) const;
        -: 1201:  virtual iter_type do_put(iter_type __s, ios_base& __iob, char_type __fl, long long __v) const;
        -: 1202:  virtual iter_type do_put(iter_type __s, ios_base& __iob, char_type __fl, unsigned long) const;
        -: 1203:  virtual iter_type do_put(iter_type __s, ios_base& __iob, char_type __fl, unsigned long long) const;
        -: 1204:  virtual iter_type do_put(iter_type __s, ios_base& __iob, char_type __fl, double __v) const;
        -: 1205:  virtual iter_type do_put(iter_type __s, ios_base& __iob, char_type __fl, long double __v) const;
        -: 1206:  virtual iter_type do_put(iter_type __s, ios_base& __iob, char_type __fl, const void* __v) const;
        -: 1207:
        -: 1208:  template <class _Integral>
        -: 1209:  _LIBCPP_HIDE_FROM_ABI inline _OutputIterator
        -: 1210:  __do_put_integral(iter_type __s, ios_base& __iob, char_type __fl, _Integral __v, char const* __len) const;
        -: 1211:
        -: 1212:  template <class _Float>
        -: 1213:  _LIBCPP_HIDE_FROM_ABI inline _OutputIterator
        -: 1214:  __do_put_floating_point(iter_type __s, ios_base& __iob, char_type __fl, _Float __v, char const* __len) const;
        -: 1215:};
        -: 1216:
        -: 1217:template <class _CharT, class _OutputIterator>
        -: 1218:locale::id num_put<_CharT, _OutputIterator>::id;
        -: 1219:
        -: 1220:template <class _CharT, class _OutputIterator>
        -: 1221:_LIBCPP_HIDE_FROM_ABI _OutputIterator __pad_and_output(
        -: 1222:    _OutputIterator __s, const _CharT* __ob, const _CharT* __op, const _CharT* __oe, ios_base& __iob, _CharT __fl) {
        -: 1223:  streamsize __sz = __oe - __ob;
        -: 1224:  streamsize __ns = __iob.width();
        -: 1225:  if (__ns > __sz)
        -: 1226:    __ns -= __sz;
        -: 1227:  else
        -: 1228:    __ns = 0;
        -: 1229:  for (; __ob < __op; ++__ob, ++__s)
        -: 1230:    *__s = *__ob;
        -: 1231:  for (; __ns; --__ns, ++__s)
        -: 1232:    *__s = __fl;
        -: 1233:  for (; __ob < __oe; ++__ob, ++__s)
        -: 1234:    *__s = *__ob;
        -: 1235:  __iob.width(0);
        -: 1236:  return __s;
        -: 1237:}
        -: 1238:
        -: 1239:template <class _CharT, class _Traits>
function _ZNSt3__116__pad_and_outputB8ne180100IcNS_11char_traitsIcEEEENS_19ostreambuf_iteratorIT_T0_EES6_PKS4_S8_S8_RNS_8ios_baseES4_ called 2800 returned 100% blocks executed 40%
     2800: 1240:_LIBCPP_HIDE_FROM_ABI ostreambuf_iterator<_CharT, _Traits> __pad_and_output(
        -: 1241:    ostreambuf_iterator<_CharT, _Traits> __s,
        -: 1242:    const _CharT* __ob,
        -: 1243:    const _CharT* __op,
        -: 1244:    const _CharT* __oe,
        -: 1245:    ios_base& __iob,
        -: 1246:    _CharT __fl) {
     2800: 1247:  if (__s.__sbuf_ == nullptr)
     2800: 1247-block  0
branch  0 taken 2800
branch  1 taken 0
    #####: 1248:    return __s;
    $$$$$: 1248-block  0
     2800: 1249:  streamsize __sz = __oe - __ob;
     2800: 1250:  streamsize __ns = __iob.width();
     2800: 1251:  if (__ns > __sz)
     2800: 1251-block  0
branch  0 taken 0
branch  1 taken 2800
    #####: 1252:    __ns -= __sz;
    $$$$$: 1252-block  0
        -: 1253:  else
     2800: 1254:    __ns = 0;
     2800: 1254-block  0
     2800: 1255:  streamsize __np = __op - __ob;
     2800: 1256:  if (__np > 0) {
     2800: 1256-block  0
branch  0 taken 2800
branch  1 taken 0
    #####: 1257:    if (__s.__sbuf_->sputn(__ob, __np) != __np) {
    $$$$$: 1257-block  0
branch  0 never executed
branch  1 never executed
    #####: 1258:      __s.__sbuf_ = nullptr;
    #####: 1259:      return __s;
    $$$$$: 1259-block  0
        -: 1260:    }
    #####: 1261:  }
    $$$$$: 1261-block  0
     2800: 1262:  if (__ns > 0) {
     2800: 1262-block  0
branch  0 taken 2800
branch  1 taken 0
    #####: 1263:    basic_string<_CharT, _Traits> __sp(__ns, __fl);
    #####: 1264:    if (__s.__sbuf_->sputn(__sp.data(), __ns) != __ns) {
    $$$$$: 1264-block  0
branch  0 never executed
branch  1 never executed
    $$$$$: 1264-block  1
branch  2 never executed
branch  3 never executed
    #####: 1265:      __s.__sbuf_ = nullptr;
    #####: 1266:      return __s;
    $$$$$: 1266-block  0
        -: 1267:    }
    #####: 1268:  }
    $$$$$: 1268-block  0
    $$$$$: 1268-block  1
    $$$$$: 1268-block  2
branch  0 never executed
branch  1 never executed
branch  2 never executed
    $$$$$: 1268-block  3
    $$$$$: 1268-block  4
     2800: 1269:  __np = __oe - __op;
     2800: 1270:  if (__np > 0) {
     2800: 1270-block  0
branch  0 taken 0
branch  1 taken 2800
     2800: 1271:    if (__s.__sbuf_->sputn(__op, __np) != __np) {
     2800: 1271-block  0
branch  0 taken 0
branch  1 taken 2800
    #####: 1272:      __s.__sbuf_ = nullptr;
    #####: 1273:      return __s;
    $$$$$: 1273-block  0
        -: 1274:    }
     2800: 1275:  }
     2800: 1275-block  0
     2800: 1276:  __iob.width(0);
     2800: 1277:  return __s;
     2800: 1277-block  0
     2800: 1278:}
     2800: 1278-block  0
        -: 1279:
        -: 1280:template <class _CharT, class _OutputIterator>
        -: 1281:_OutputIterator
        -: 1282:num_put<_CharT, _OutputIterator>::do_put(iter_type __s, ios_base& __iob, char_type __fl, bool __v) const {
        -: 1283:  if ((__iob.flags() & ios_base::boolalpha) == 0)
        -: 1284:    return do_put(__s, __iob, __fl, (unsigned long)__v);
        -: 1285:  const numpunct<char_type>& __np = std::use_facet<numpunct<char_type> >(__iob.getloc());
        -: 1286:  typedef typename numpunct<char_type>::string_type string_type;
        -: 1287:  string_type __nm = __v ? __np.truename() : __np.falsename();
        -: 1288:  for (typename string_type::iterator __i = __nm.begin(); __i != __nm.end(); ++__i, ++__s)
        -: 1289:    *__s = *__i;
        -: 1290:  return __s;
        -: 1291:}
        -: 1292:
        -: 1293:template <class _CharT, class _OutputIterator>
        -: 1294:template <class _Integral>
        -: 1295:_LIBCPP_HIDE_FROM_ABI inline _OutputIterator num_put<_CharT, _OutputIterator>::__do_put_integral(
        -: 1296:    iter_type __s, ios_base& __iob, char_type __fl, _Integral __v, char const* __len) const {
        -: 1297:  // Stage 1 - Get number in narrow char
        -: 1298:  char __fmt[8] = {'%', 0};
        -: 1299:  this->__format_int(__fmt + 1, __len, is_signed<_Integral>::value, __iob.flags());
        -: 1300:  // Worst case is octal, with showbase enabled. Note that octal is always
        -: 1301:  // printed as an unsigned value.
        -: 1302:  using _Unsigned = typename make_unsigned<_Integral>::type;
        -: 1303:  _LIBCPP_CONSTEXPR const unsigned __nbuf =
        -: 1304:      (numeric_limits<_Unsigned>::digits / 3)          // 1 char per 3 bits
        -: 1305:      + ((numeric_limits<_Unsigned>::digits % 3) != 0) // round up
        -: 1306:      + 2;                                             // base prefix + terminating null character
        -: 1307:  char __nar[__nbuf];
        -: 1308:  _LIBCPP_DIAGNOSTIC_PUSH
        -: 1309:  _LIBCPP_CLANG_DIAGNOSTIC_IGNORED("-Wformat-nonliteral")
        -: 1310:  _LIBCPP_GCC_DIAGNOSTIC_IGNORED("-Wformat-nonliteral")
        -: 1311:  int __nc = __libcpp_snprintf_l(__nar, sizeof(__nar), _LIBCPP_GET_C_LOCALE, __fmt, __v);
        -: 1312:  _LIBCPP_DIAGNOSTIC_POP
        -: 1313:  char* __ne = __nar + __nc;
        -: 1314:  char* __np = this->__identify_padding(__nar, __ne, __iob);
        -: 1315:  // Stage 2 - Widen __nar while adding thousands separators
        -: 1316:  char_type __o[2 * (__nbuf - 1) - 1];
        -: 1317:  char_type* __op; // pad here
        -: 1318:  char_type* __oe; // end of output
        -: 1319:  this->__widen_and_group_int(__nar, __np, __ne, __o, __op, __oe, __iob.getloc());
        -: 1320:  // [__o, __oe) contains thousands_sep'd wide number
        -: 1321:  // Stage 3 & 4
        -: 1322:  return std::__pad_and_output(__s, __o, __op, __oe, __iob, __fl);
        -: 1323:}
        -: 1324:
        -: 1325:template <class _CharT, class _OutputIterator>
        -: 1326:_OutputIterator
        -: 1327:num_put<_CharT, _OutputIterator>::do_put(iter_type __s, ios_base& __iob, char_type __fl, long __v) const {
        -: 1328:  return this->__do_put_integral(__s, __iob, __fl, __v, "l");
        -: 1329:}
        -: 1330:
        -: 1331:template <class _CharT, class _OutputIterator>
        -: 1332:_OutputIterator
        -: 1333:num_put<_CharT, _OutputIterator>::do_put(iter_type __s, ios_base& __iob, char_type __fl, long long __v) const {
        -: 1334:  return this->__do_put_integral(__s, __iob, __fl, __v, "ll");
        -: 1335:}
        -: 1336:
        -: 1337:template <class _CharT, class _OutputIterator>
        -: 1338:_OutputIterator
        -: 1339:num_put<_CharT, _OutputIterator>::do_put(iter_type __s, ios_base& __iob, char_type __fl, unsigned long __v) const {
        -: 1340:  return this->__do_put_integral(__s, __iob, __fl, __v, "l");
        -: 1341:}
        -: 1342:
        -: 1343:template <class _CharT, class _OutputIterator>
        -: 1344:_OutputIterator
        -: 1345:num_put<_CharT, _OutputIterator>::do_put(iter_type __s, ios_base& __iob, char_type __fl, unsigned long long __v) const {
        -: 1346:  return this->__do_put_integral(__s, __iob, __fl, __v, "ll");
        -: 1347:}
        -: 1348:
        -: 1349:template <class _CharT, class _OutputIterator>
        -: 1350:template <class _Float>
        -: 1351:_LIBCPP_HIDE_FROM_ABI inline _OutputIterator num_put<_CharT, _OutputIterator>::__do_put_floating_point(
        -: 1352:    iter_type __s, ios_base& __iob, char_type __fl, _Float __v, char const* __len) const {
        -: 1353:  // Stage 1 - Get number in narrow char
        -: 1354:  char __fmt[8]            = {'%', 0};
        -: 1355:  bool __specify_precision = this->__format_float(__fmt + 1, __len, __iob.flags());
        -: 1356:  const unsigned __nbuf    = 30;
        -: 1357:  char __nar[__nbuf];
        -: 1358:  char* __nb = __nar;
        -: 1359:  int __nc;
        -: 1360:  _LIBCPP_DIAGNOSTIC_PUSH
        -: 1361:  _LIBCPP_CLANG_DIAGNOSTIC_IGNORED("-Wformat-nonliteral")
        -: 1362:  _LIBCPP_GCC_DIAGNOSTIC_IGNORED("-Wformat-nonliteral")
        -: 1363:  if (__specify_precision)
        -: 1364:    __nc = __libcpp_snprintf_l(__nb, __nbuf, _LIBCPP_GET_C_LOCALE, __fmt, (int)__iob.precision(), __v);
        -: 1365:  else
        -: 1366:    __nc = __libcpp_snprintf_l(__nb, __nbuf, _LIBCPP_GET_C_LOCALE, __fmt, __v);
        -: 1367:  unique_ptr<char, void (*)(void*)> __nbh(nullptr, free);
        -: 1368:  if (__nc > static_cast<int>(__nbuf - 1)) {
        -: 1369:    if (__specify_precision)
        -: 1370:      __nc = __libcpp_asprintf_l(&__nb, _LIBCPP_GET_C_LOCALE, __fmt, (int)__iob.precision(), __v);
        -: 1371:    else
        -: 1372:      __nc = __libcpp_asprintf_l(&__nb, _LIBCPP_GET_C_LOCALE, __fmt, __v);
        -: 1373:    if (__nc == -1)
        -: 1374:      __throw_bad_alloc();
        -: 1375:    __nbh.reset(__nb);
        -: 1376:  }
        -: 1377:  _LIBCPP_DIAGNOSTIC_POP
        -: 1378:  char* __ne = __nb + __nc;
        -: 1379:  char* __np = this->__identify_padding(__nb, __ne, __iob);
        -: 1380:  // Stage 2 - Widen __nar while adding thousands separators
        -: 1381:  char_type __o[2 * (__nbuf - 1) - 1];
        -: 1382:  char_type* __ob = __o;
        -: 1383:  unique_ptr<char_type, void (*)(void*)> __obh(0, free);
        -: 1384:  if (__nb != __nar) {
        -: 1385:    __ob = (char_type*)malloc(2 * static_cast<size_t>(__nc) * sizeof(char_type));
        -: 1386:    if (__ob == 0)
        -: 1387:      __throw_bad_alloc();
        -: 1388:    __obh.reset(__ob);
        -: 1389:  }
        -: 1390:  char_type* __op; // pad here
        -: 1391:  char_type* __oe; // end of output
        -: 1392:  this->__widen_and_group_float(__nb, __np, __ne, __ob, __op, __oe, __iob.getloc());
        -: 1393:  // [__o, __oe) contains thousands_sep'd wide number
        -: 1394:  // Stage 3 & 4
        -: 1395:  __s = std::__pad_and_output(__s, __ob, __op, __oe, __iob, __fl);
        -: 1396:  return __s;
        -: 1397:}
        -: 1398:
        -: 1399:template <class _CharT, class _OutputIterator>
        -: 1400:_OutputIterator
        -: 1401:num_put<_CharT, _OutputIterator>::do_put(iter_type __s, ios_base& __iob, char_type __fl, double __v) const {
        -: 1402:  return this->__do_put_floating_point(__s, __iob, __fl, __v, "");
        -: 1403:}
        -: 1404:
        -: 1405:template <class _CharT, class _OutputIterator>
        -: 1406:_OutputIterator
        -: 1407:num_put<_CharT, _OutputIterator>::do_put(iter_type __s, ios_base& __iob, char_type __fl, long double __v) const {
        -: 1408:  return this->__do_put_floating_point(__s, __iob, __fl, __v, "L");
        -: 1409:}
        -: 1410:
        -: 1411:template <class _CharT, class _OutputIterator>
        -: 1412:_OutputIterator
        -: 1413:num_put<_CharT, _OutputIterator>::do_put(iter_type __s, ios_base& __iob, char_type __fl, const void* __v) const {
        -: 1414:  // Stage 1 - Get pointer in narrow char
        -: 1415:  const unsigned __nbuf = 20;
        -: 1416:  char __nar[__nbuf];
        -: 1417:  int __nc   = __libcpp_snprintf_l(__nar, sizeof(__nar), _LIBCPP_GET_C_LOCALE, "%p", __v);
        -: 1418:  char* __ne = __nar + __nc;
        -: 1419:  char* __np = this->__identify_padding(__nar, __ne, __iob);
        -: 1420:  // Stage 2 - Widen __nar
        -: 1421:  char_type __o[2 * (__nbuf - 1) - 1];
        -: 1422:  char_type* __op; // pad here
        -: 1423:  char_type* __oe; // end of output
        -: 1424:  const ctype<char_type>& __ct = std::use_facet<ctype<char_type> >(__iob.getloc());
        -: 1425:  __ct.widen(__nar, __ne, __o);
        -: 1426:  __oe = __o + (__ne - __nar);
        -: 1427:  if (__np == __ne)
        -: 1428:    __op = __oe;
        -: 1429:  else
        -: 1430:    __op = __o + (__np - __nar);
        -: 1431:  // [__o, __oe) contains wide number
        -: 1432:  // Stage 3 & 4
        -: 1433:  return std::__pad_and_output(__s, __o, __op, __oe, __iob, __fl);
        -: 1434:}
        -: 1435:
        -: 1436:extern template class _LIBCPP_EXTERN_TEMPLATE_TYPE_VIS num_put<char>;
        -: 1437:#ifndef _LIBCPP_HAS_NO_WIDE_CHARACTERS
        -: 1438:extern template class _LIBCPP_EXTERN_TEMPLATE_TYPE_VIS num_put<wchar_t>;
        -: 1439:#endif
        -: 1440:
        -: 1441:template <class _CharT, class _InputIterator>
        -: 1442:_LIBCPP_HIDE_FROM_ABI int __get_up_to_n_digits(
        -: 1443:    _InputIterator& __b, _InputIterator __e, ios_base::iostate& __err, const ctype<_CharT>& __ct, int __n) {
        -: 1444:  // Precondition:  __n >= 1
        -: 1445:  if (__b == __e) {
        -: 1446:    __err |= ios_base::eofbit | ios_base::failbit;
        -: 1447:    return 0;
        -: 1448:  }
        -: 1449:  // get first digit
        -: 1450:  _CharT __c = *__b;
        -: 1451:  if (!__ct.is(ctype_base::digit, __c)) {
        -: 1452:    __err |= ios_base::failbit;
        -: 1453:    return 0;
        -: 1454:  }
        -: 1455:  int __r = __ct.narrow(__c, 0) - '0';
        -: 1456:  for (++__b, (void)--__n; __b != __e && __n > 0; ++__b, (void)--__n) {
        -: 1457:    // get next digit
        -: 1458:    __c = *__b;
        -: 1459:    if (!__ct.is(ctype_base::digit, __c))
        -: 1460:      return __r;
        -: 1461:    __r = __r * 10 + __ct.narrow(__c, 0) - '0';
        -: 1462:  }
        -: 1463:  if (__b == __e)
        -: 1464:    __err |= ios_base::eofbit;
        -: 1465:  return __r;
        -: 1466:}
        -: 1467:
        -: 1468:class _LIBCPP_EXPORTED_FROM_ABI time_base {
        -: 1469:public:
        -: 1470:  enum dateorder { no_order, dmy, mdy, ymd, ydm };
        -: 1471:};
        -: 1472:
        -: 1473:template <class _CharT>
        -: 1474:class _LIBCPP_TEMPLATE_VIS __time_get_c_storage {
        -: 1475:protected:
        -: 1476:  typedef basic_string<_CharT> string_type;
        -: 1477:
        -: 1478:  virtual const string_type* __weeks() const;
        -: 1479:  virtual const string_type* __months() const;
        -: 1480:  virtual const string_type* __am_pm() const;
        -: 1481:  virtual const string_type& __c() const;
        -: 1482:  virtual const string_type& __r() const;
        -: 1483:  virtual const string_type& __x() const;
        -: 1484:  virtual const string_type& __X() const;
        -: 1485:
        -: 1486:  _LIBCPP_HIDE_FROM_ABI ~__time_get_c_storage() {}
        -: 1487:};
        -: 1488:
        -: 1489:template <>
        -: 1490:_LIBCPP_EXPORTED_FROM_ABI const string* __time_get_c_storage<char>::__weeks() const;
        -: 1491:template <>
        -: 1492:_LIBCPP_EXPORTED_FROM_ABI const string* __time_get_c_storage<char>::__months() const;
        -: 1493:template <>
        -: 1494:_LIBCPP_EXPORTED_FROM_ABI const string* __time_get_c_storage<char>::__am_pm() const;
        -: 1495:template <>
        -: 1496:_LIBCPP_EXPORTED_FROM_ABI const string& __time_get_c_storage<char>::__c() const;
        -: 1497:template <>
        -: 1498:_LIBCPP_EXPORTED_FROM_ABI const string& __time_get_c_storage<char>::__r() const;
        -: 1499:template <>
        -: 1500:_LIBCPP_EXPORTED_FROM_ABI const string& __time_get_c_storage<char>::__x() const;
        -: 1501:template <>
        -: 1502:_LIBCPP_EXPORTED_FROM_ABI const string& __time_get_c_storage<char>::__X() const;
        -: 1503:
        -: 1504:#ifndef _LIBCPP_HAS_NO_WIDE_CHARACTERS
        -: 1505:template <>
        -: 1506:_LIBCPP_EXPORTED_FROM_ABI const wstring* __time_get_c_storage<wchar_t>::__weeks() const;
        -: 1507:template <>
        -: 1508:_LIBCPP_EXPORTED_FROM_ABI const wstring* __time_get_c_storage<wchar_t>::__months() const;
        -: 1509:template <>
        -: 1510:_LIBCPP_EXPORTED_FROM_ABI const wstring* __time_get_c_storage<wchar_t>::__am_pm() const;
        -: 1511:template <>
        -: 1512:_LIBCPP_EXPORTED_FROM_ABI const wstring& __time_get_c_storage<wchar_t>::__c() const;
        -: 1513:template <>
[...]
        -: 3346:  ios_base::openmode __cm_;
        -: 3347:  bool __owns_eb_;
        -: 3348:  bool __owns_ib_;
        -: 3349:  bool __always_noconv_;
        -: 3350:
        -: 3351:  wbuffer_convert(const wbuffer_convert&);
        -: 3352:  wbuffer_convert& operator=(const wbuffer_convert&);
        -: 3353:
        -: 3354:public:
        -: 3355:#ifndef _LIBCPP_CXX03_LANG
        -: 3356:  _LIBCPP_HIDE_FROM_ABI wbuffer_convert() : wbuffer_convert(nullptr) {}
        -: 3357:  explicit _LIBCPP_HIDE_FROM_ABI
        -: 3358:  wbuffer_convert(streambuf* __bytebuf, _Codecvt* __pcvt = new _Codecvt, state_type __state = state_type());
        -: 3359:#else
        -: 3360:  _LIBCPP_EXPLICIT_SINCE_CXX14 _LIBCPP_HIDE_FROM_ABI
        -: 3361:  wbuffer_convert(streambuf* __bytebuf = nullptr, _Codecvt* __pcvt = new _Codecvt, state_type __state = state_type());
        -: 3362:#endif
        -: 3363:
        -: 3364:  _LIBCPP_HIDE_FROM_ABI ~wbuffer_convert();
        -: 3365:
        -: 3366:  _LIBCPP_HIDE_FROM_ABI streambuf* rdbuf() const { return __bufptr_; }
        -: 3367:  _LIBCPP_HIDE_FROM_ABI streambuf* rdbuf(streambuf* __bytebuf) {
        -: 3368:    streambuf* __r = __bufptr_;
        -: 3369:    __bufptr_      = __bytebuf;
        -: 3370:    return __r;
        -: 3371:  }
        -: 3372:
        -: 3373:  _LIBCPP_HIDE_FROM_ABI state_type state() const { return __st_; }
        -: 3374:
        -: 3375:protected:
        -: 3376:  _LIBCPP_HIDE_FROM_ABI_VIRTUAL virtual int_type underflow();
        -: 3377:  _LIBCPP_HIDE_FROM_ABI_VIRTUAL virtual int_type pbackfail(int_type __c = traits_type::eof());
        -: 3378:  _LIBCPP_HIDE_FROM_ABI_VIRTUAL virtual int_type overflow(int_type __c = traits_type::eof());
        -: 3379:  _LIBCPP_HIDE_FROM_ABI_VIRTUAL virtual basic_streambuf<char_type, traits_type>* setbuf(char_type* __s, streamsize __n);
        -: 3380:  _LIBCPP_HIDE_FROM_ABI_VIRTUAL virtual pos_type
        -: 3381:  seekoff(off_type __off, ios_base::seekdir __way, ios_base::openmode __wch = ios_base::in | ios_base::out);
        -: 3382:  _LIBCPP_HIDE_FROM_ABI_VIRTUAL virtual pos_type
        -: 3383:  seekpos(pos_type __sp, ios_base::openmode __wch = ios_base::in | ios_base::out);
        -: 3384:  _LIBCPP_HIDE_FROM_ABI_VIRTUAL virtual int sync();
        -: 3385:
        -: 3386:private:
        -: 3387:  _LIBCPP_HIDE_FROM_ABI_VIRTUAL bool __read_mode();
        -: 3388:  _LIBCPP_HIDE_FROM_ABI_VIRTUAL void __write_mode();
        -: 3389:  _LIBCPP_HIDE_FROM_ABI_VIRTUAL wbuffer_convert* __close();
        -: 3390:};
        -: 3391:
        -: 3392:_LIBCPP_SUPPRESS_DEPRECATED_PUSH
        -: 3393:template <class _Codecvt, class _Elem, class _Tr>
        -: 3394:wbuffer_convert<_Codecvt, _Elem, _Tr>::wbuffer_convert(streambuf* __bytebuf, _Codecvt* __pcvt, state_type __state)
        -: 3395:    : __extbuf_(nullptr),
        -: 3396:      __extbufnext_(nullptr),
        -: 3397:      __extbufend_(nullptr),
        -: 3398:      __ebs_(0),
        -: 3399:      __intbuf_(0),
        -: 3400:      __ibs_(0),
        -: 3401:      __bufptr_(__bytebuf),
        -: 3402:      __cv_(__pcvt),
        -: 3403:      __st_(__state),
        -: 3404:      __cm_(0),
        -: 3405:      __owns_eb_(false),
        -: 3406:      __owns_ib_(false),
        -: 3407:      __always_noconv_(__cv_ ? __cv_->always_noconv() : false) {
        -: 3408:  setbuf(0, 4096);
        -: 3409:}
        -: 3410:
        -: 3411:template <class _Codecvt, class _Elem, class _Tr>
        -: 3412:wbuffer_convert<_Codecvt, _Elem, _Tr>::~wbuffer_convert() {
        -: 3413:  __close();
        -: 3414:  delete __cv_;
        -: 3415:  if (__owns_eb_)
        -: 3416:    delete[] __extbuf_;
        -: 3417:  if (__owns_ib_)
        -: 3418:    delete[] __intbuf_;
        -: 3419:}
        -: 3420:
        -: 3421:template <class _Codecvt, class _Elem, class _Tr>
        -: 3422:typename wbuffer_convert<_Codecvt, _Elem, _Tr>::int_type wbuffer_convert<_Codecvt, _Elem, _Tr>::underflow() {
        -: 3423:  _LIBCPP_SUPPRESS_DEPRECATED_POP
        -: 3424:  if (__cv_ == 0 || __bufptr_ == nullptr)
        -: 3425:    return traits_type::eof();
        -: 3426:  bool __initial = __read_mode();
        -: 3427:  char_type __1buf;
        -: 3428:  if (this->gptr() == 0)
        -: 3429:    this->setg(&__1buf, &__1buf + 1, &__1buf + 1);
        -: 3430:  const size_t __unget_sz = __initial ? 0 : std::min<size_t>((this->egptr() - this->eback()) / 2, 4);
        -: 3431:  int_type __c            = traits_type::eof();
        -: 3432:  if (this->gptr() == this->egptr()) {
        -: 3433:    std::memmove(this->eback(), this->egptr() - __unget_sz, __unget_sz * sizeof(char_type));
        -: 3434:    if (__always_noconv_) {
        -: 3435:      streamsize __nmemb = static_cast<streamsize>(this->egptr() - this->eback() - __unget_sz);
        -: 3436:      __nmemb            = __bufptr_->sgetn((char*)this->eback() + __unget_sz, __nmemb);
        -: 3437:      if (__nmemb != 0) {
        -: 3438:        this->setg(this->eback(), this->eback() + __unget_sz, this->eback() + __unget_sz + __nmemb);
        -: 3439:        __c = *this->gptr();
        -: 3440:      }
        -: 3441:    } else {
        -: 3442:      if (__extbufend_ != __extbufnext_) {
        -: 3443:        _LIBCPP_ASSERT_NON_NULL(__extbufnext_ != nullptr, "underflow moving from nullptr");
        -: 3444:        _LIBCPP_ASSERT_NON_NULL(__extbuf_ != nullptr, "underflow moving into nullptr");
        -: 3445:        std::memmove(__extbuf_, __extbufnext_, __extbufend_ - __extbufnext_);
        -: 3446:      }
        -: 3447:      __extbufnext_      = __extbuf_ + (__extbufend_ - __extbufnext_);
        -: 3448:      __extbufend_       = __extbuf_ + (__extbuf_ == __extbuf_min_ ? sizeof(__extbuf_min_) : __ebs_);
        -: 3449:      streamsize __nmemb = std::min(static_cast<streamsize>(this->egptr() - this->eback() - __unget_sz),
        -: 3450:                                    static_cast<streamsize>(__extbufend_ - __extbufnext_));
        -: 3451:      codecvt_base::result __r;
        -: 3452:      // FIXME: Do we ever need to restore the state here?
        -: 3453:      // state_type __svs = __st_;
        -: 3454:      streamsize __nr = __bufptr_->sgetn(const_cast<char*>(__extbufnext_), __nmemb);
        -: 3455:      if (__nr != 0) {
        -: 3456:        __extbufend_ = __extbufnext_ + __nr;
        -: 3457:        char_type* __inext;
        -: 3458:        __r = __cv_->in(
        -: 3459:            __st_, __extbuf_, __extbufend_, __extbufnext_, this->eback() + __unget_sz, this->egptr(), __inext);
        -: 3460:        if (__r == codecvt_base::noconv) {
        -: 3461:          this->setg((char_type*)__extbuf_, (char_type*)__extbuf_, (char_type*)const_cast<char*>(__extbufend_));
        -: 3462:          __c = *this->gptr();
        -: 3463:        } else if (__inext != this->eback() + __unget_sz) {
        -: 3464:          this->setg(this->eback(), this->eback() + __unget_sz, __inext);
        -: 3465:          __c = *this->gptr();
        -: 3466:        }
        -: 3467:      }
        -: 3468:    }
        -: 3469:  } else
        -: 3470:    __c = *this->gptr();
        -: 3471:  if (this->eback() == &__1buf)
        -: 3472:    this->setg(0, 0, 0);
        -: 3473:  return __c;
        -: 3474:}
        -: 3475:
        -: 3476:_LIBCPP_SUPPRESS_DEPRECATED_PUSH
        -: 3477:template <class _Codecvt, class _Elem, class _Tr>
        -: 3478:typename wbuffer_convert<_Codecvt, _Elem, _Tr>::int_type
        -: 3479:wbuffer_convert<_Codecvt, _Elem, _Tr>::pbackfail(int_type __c) {
        -: 3480:  _LIBCPP_SUPPRESS_DEPRECATED_POP
        -: 3481:  if (__cv_ != 0 && __bufptr_ && this->eback() < this->gptr()) {
        -: 3482:    if (traits_type::eq_int_type(__c, traits_type::eof())) {
        -: 3483:      this->gbump(-1);
        -: 3484:      return traits_type::not_eof(__c);
        -: 3485:    }
        -: 3486:    if (traits_type::eq(traits_type::to_char_type(__c), this->gptr()[-1])) {
        -: 3487:      this->gbump(-1);
        -: 3488:      *this->gptr() = traits_type::to_char_type(__c);
        -: 3489:      return __c;
        -: 3490:    }
        -: 3491:  }
        -: 3492:  return traits_type::eof();
        -: 3493:}
        -: 3494:
        -: 3495:_LIBCPP_SUPPRESS_DEPRECATED_PUSH
        -: 3496:template <class _Codecvt, class _Elem, class _Tr>
        -: 3497:typename wbuffer_convert<_Codecvt, _Elem, _Tr>::int_type wbuffer_convert<_Codecvt, _Elem, _Tr>::overflow(int_type __c) {
        -: 3498:  _LIBCPP_SUPPRESS_DEPRECATED_POP
        -: 3499:  if (__cv_ == 0 || !__bufptr_)
        -: 3500:    return traits_type::eof();
        -: 3501:  __write_mode();
        -: 3502:  char_type __1buf;
        -: 3503:  char_type* __pb_save  = this->pbase();
        -: 3504:  char_type* __epb_save = this->epptr();
        -: 3505:  if (!traits_type::eq_int_type(__c, traits_type::eof())) {
        -: 3506:    if (this->pptr() == 0)
        -: 3507:      this->setp(&__1buf, &__1buf + 1);
        -: 3508:    *this->pptr() = traits_type::to_char_type(__c);
        -: 3509:    this->pbump(1);
        -: 3510:  }
        -: 3511:  if (this->pptr() != this->pbase()) {
        -: 3512:    if (__always_noconv_) {
        -: 3513:      streamsize __nmemb = static_cast<streamsize>(this->pptr() - this->pbase());
        -: 3514:      if (__bufptr_->sputn((const char*)this->pbase(), __nmemb) != __nmemb)
        -: 3515:        return traits_type::eof();
        -: 3516:    } else {
        -: 3517:      char* __extbe = __extbuf_;
        -: 3518:      codecvt_base::result __r;
        -: 3519:      do {
        -: 3520:        const char_type* __e;
        -: 3521:        __r = __cv_->out(__st_, this->pbase(), this->pptr(), __e, __extbuf_, __extbuf_ + __ebs_, __extbe);
        -: 3522:        if (__e == this->pbase())
        -: 3523:          return traits_type::eof();
        -: 3524:        if (__r == codecvt_base::noconv) {
        -: 3525:          streamsize __nmemb = static_cast<size_t>(this->pptr() - this->pbase());
        -: 3526:          if (__bufptr_->sputn((const char*)this->pbase(), __nmemb) != __nmemb)
        -: 3527:            return traits_type::eof();
        -: 3528:        } else if (__r == codecvt_base::ok || __r == codecvt_base::partial) {
        -: 3529:          streamsize __nmemb = static_cast<size_t>(__extbe - __extbuf_);
        -: 3530:          if (__bufptr_->sputn(__extbuf_, __nmemb) != __nmemb)
        -: 3531:            return traits_type::eof();
        -: 3532:          if (__r == codecvt_base::partial) {
        -: 3533:            this->setp(const_cast<char_type*>(__e), this->pptr());
        -: 3534:            this->__pbump(this->epptr() - this->pbase());
        -: 3535:          }
        -: 3536:        } else
        -: 3537:          return traits_type::eof();
        -: 3538:      } while (__r == codecvt_base::partial);
        -: 3539:    }
        -: 3540:    this->setp(__pb_save, __epb_save);
        -: 3541:  }
        -: 3542:  return traits_type::not_eof(__c);
        -: 3543:}
        -: 3544:
        -: 3545:_LIBCPP_SUPPRESS_DEPRECATED_PUSH
        -: 3546:template <class _Codecvt, class _Elem, class _Tr>
        -: 3547:basic_streambuf<_Elem, _Tr>* wbuffer_convert<_Codecvt, _Elem, _Tr>::setbuf(char_type* __s, streamsize __n) {
        -: 3548:  _LIBCPP_SUPPRESS_DEPRECATED_POP
        -: 3549:  this->setg(0, 0, 0);
        -: 3550:  this->setp(0, 0);
        -: 3551:  if (__owns_eb_)
        -: 3552:    delete[] __extbuf_;
        -: 3553:  if (__owns_ib_)
        -: 3554:    delete[] __intbuf_;
        -: 3555:  __ebs_ = __n;
        -: 3556:  if (__ebs_ > sizeof(__extbuf_min_)) {
        -: 3557:    if (__always_noconv_ && __s) {
        -: 3558:      __extbuf_  = (char*)__s;
        -: 3559:      __owns_eb_ = false;
        -: 3560:    } else {
        -: 3561:      __extbuf_  = new char[__ebs_];
        -: 3562:      __owns_eb_ = true;
        -: 3563:    }
        -: 3564:  } else {
        -: 3565:    __extbuf_  = __extbuf_min_;
        -: 3566:    __ebs_     = sizeof(__extbuf_min_);
        -: 3567:    __owns_eb_ = false;
        -: 3568:  }
        -: 3569:  if (!__always_noconv_) {
        -: 3570:    __ibs_ = max<streamsize>(__n, sizeof(__extbuf_min_));
        -: 3571:    if (__s && __ibs_ >= sizeof(__extbuf_min_)) {
        -: 3572:      __intbuf_  = __s;
        -: 3573:      __owns_ib_ = false;
        -: 3574:    } else {
        -: 3575:      __intbuf_  = new char_type[__ibs_];
        -: 3576:      __owns_ib_ = true;
        -: 3577:    }
        -: 3578:  } else {
        -: 3579:    __ibs_     = 0;
        -: 3580:    __intbuf_  = 0;
        -: 3581:    __owns_ib_ = false;
        -: 3582:  }
        -: 3583:  return this;
        -: 3584:}
        -: 3585:
        -: 3586:_LIBCPP_SUPPRESS_DEPRECATED_PUSH
        -: 3587:template <class _Codecvt, class _Elem, class _Tr>
        -: 3588:typename wbuffer_convert<_Codecvt, _Elem, _Tr>::pos_type
        -: 3589:wbuffer_convert<_Codecvt, _Elem, _Tr>::seekoff(off_type __off, ios_base::seekdir __way, ios_base::openmode __om) {
        -: 3590:  int __width = __cv_->encoding();
        -: 3591:  if (__cv_ == 0 || !__bufptr_ || (__width <= 0 && __off != 0) || sync())
        -: 3592:    return pos_type(off_type(-1));
        -: 3593:  // __width > 0 || __off == 0, now check __way
        -: 3594:  if (__way != ios_base::beg && __way != ios_base::cur && __way != ios_base::end)
        -: 3595:    return pos_type(off_type(-1));
        -: 3596:  pos_type __r = __bufptr_->pubseekoff(__width * __off, __way, __om);
        -: 3597:  __r.state(__st_);
        -: 3598:  return __r;
        -: 3599:}
        -: 3600:
        -: 3601:template <class _Codecvt, class _Elem, class _Tr>
        -: 3602:typename wbuffer_convert<_Codecvt, _Elem, _Tr>::pos_type
        -: 3603:wbuffer_convert<_Codecvt, _Elem, _Tr>::seekpos(pos_type __sp, ios_base::openmode __wch) {
        -: 3604:  if (__cv_ == 0 || !__bufptr_ || sync())
        -: 3605:    return pos_type(off_type(-1));
        -: 3606:  if (__bufptr_->pubseekpos(__sp, __wch) == pos_type(off_type(-1)))
        -: 3607:    return pos_type(off_type(-1));
        -: 3608:  return __sp;
        -: 3609:}
        -: 3610:
        -: 3611:template <class _Codecvt, class _Elem, class _Tr>
        -: 3612:int wbuffer_convert<_Codecvt, _Elem, _Tr>::sync() {
        -: 3613:  _LIBCPP_SUPPRESS_DEPRECATED_POP
        -: 3614:  if (__cv_ == 0 || !__bufptr_)
        -: 3615:    return 0;
        -: 3616:  if (__cm_ & ios_base::out) {
        -: 3617:    if (this->pptr() != this->pbase())
        -: 3618:      if (overflow() == traits_type::eof())
        -: 3619:        return -1;
        -: 3620:    codecvt_base::result __r;
        -: 3621:    do {
        -: 3622:      char* __extbe;
        -: 3623:      __r                = __cv_->unshift(__st_, __extbuf_, __extbuf_ + __ebs_, __extbe);
        -: 3624:      streamsize __nmemb = static_cast<streamsize>(__extbe - __extbuf_);
        -: 3625:      if (__bufptr_->sputn(__extbuf_, __nmemb) != __nmemb)
        -: 3626:        return -1;
        -: 3627:    } while (__r == codecvt_base::partial);
        -: 3628:    if (__r == codecvt_base::error)
        -: 3629:      return -1;
        -: 3630:    if (__bufptr_->pubsync())
        -: 3631:      return -1;
        -: 3632:  } else if (__cm_ & ios_base::in) {
        -: 3633:    off_type __c;
        -: 3634:    if (__always_noconv_)
        -: 3635:      __c = this->egptr() - this->gptr();
        -: 3636:    else {
        -: 3637:      int __width = __cv_->encoding();
        -: 3638:      __c         = __extbufend_ - __extbufnext_;
        -: 3639:      if (__width > 0)
        -: 3640:        __c += __width * (this->egptr() - this->gptr());
        -: 3641:      else {
        -: 3642:        if (this->gptr() != this->egptr()) {
        -: 3643:          std::reverse(this->gptr(), this->egptr());
        -: 3644:          codecvt_base::result __r;
        -: 3645:          const char_type* __e = this->gptr();
        -: 3646:          char* __extbe;
        -: 3647:          do {
        -: 3648:            __r = __cv_->out(__st_, __e, this->egptr(), __e, __extbuf_, __extbuf_ + __ebs_, __extbe);
        -: 3649:            switch (__r) {
        -: 3650:            case codecvt_base::noconv:
        -: 3651:              __c += this->egptr() - this->gptr();
        -: 3652:              break;
        -: 3653:            case codecvt_base::ok:
        -: 3654:            case codecvt_base::partial:
        -: 3655:              __c += __extbe - __extbuf_;
        -: 3656:              break;
        -: 3657:            default:
        -: 3658:              return -1;
        -: 3659:            }
        -: 3660:          } while (__r == codecvt_base::partial);
        -: 3661:        }
        -: 3662:      }
        -: 3663:    }
        -: 3664:    if (__bufptr_->pubseekoff(-__c, ios_base::cur, __cm_) == pos_type(off_type(-1)))
        -: 3665:      return -1;
        -: 3666:    this->setg(0, 0, 0);
        -: 3667:    __cm_ = 0;
        -: 3668:  }
        -: 3669:  return 0;
        -: 3670:}
        -: 3671:
        -: 3672:_LIBCPP_SUPPRESS_DEPRECATED_PUSH
        -: 3673:template <class _Codecvt, class _Elem, class _Tr>
        -: 3674:bool wbuffer_convert<_Codecvt, _Elem, _Tr>::__read_mode() {
        -: 3675:  if (!(__cm_ & ios_base::in)) {
        -: 3676:    this->setp(0, 0);
        -: 3677:    if (__always_noconv_)
        -: 3678:      this->setg((char_type*)__extbuf_, (char_type*)__extbuf_ + __ebs_, (char_type*)__extbuf_ + __ebs_);
        -: 3679:    else
        -: 3680:      this->setg(__intbuf_, __intbuf_ + __ibs_, __intbuf_ + __ibs_);
        -: 3681:    __cm_ = ios_base::in;
        -: 3682:    return true;
        -: 3683:  }
        -: 3684:  return false;
        -: 3685:}
        -: 3686:
        -: 3687:template <class _Codecvt, class _Elem, class _Tr>
        -: 3688:void wbuffer_convert<_Codecvt, _Elem, _Tr>::__write_mode() {
        -: 3689:  if (!(__cm_ & ios_base::out)) {
        -: 3690:    this->setg(0, 0, 0);
        -: 3691:    if (__ebs_ > sizeof(__extbuf_min_)) {
        -: 3692:      if (__always_noconv_)
        -: 3693:        this->setp((char_type*)__extbuf_, (char_type*)__extbuf_ + (__ebs_ - 1));
        -: 3694:      else
        -: 3695:        this->setp(__intbuf_, __intbuf_ + (__ibs_ - 1));
        -: 3696:    } else
        -: 3697:      this->setp(0, 0);
        -: 3698:    __cm_ = ios_base::out;
        -: 3699:  }
        -: 3700:}
        -: 3701:
        -: 3702:template <class _Codecvt, class _Elem, class _Tr>
        -: 3703:wbuffer_convert<_Codecvt, _Elem, _Tr>* wbuffer_convert<_Codecvt, _Elem, _Tr>::__close() {
        -: 3704:  wbuffer_convert* __rt = nullptr;
        -: 3705:  if (__cv_ != nullptr && __bufptr_ != nullptr) {
        -: 3706:    __rt = this;
        -: 3707:    if ((__cm_ & ios_base::out) && sync())
        -: 3708:      __rt = nullptr;
        -: 3709:  }
        -: 3710:  return __rt;
        -: 3711:}
        -: 3712:
        -: 3713:_LIBCPP_SUPPRESS_DEPRECATED_POP
        -: 3714:
        -: 3715:_LIBCPP_END_NAMESPACE_STD
        -: 3716:
        -: 3717:_LIBCPP_POP_MACROS
        -: 3718:
        -: 3719:// NOLINTEND(libcpp-robust-against-adl)
        -: 3720:
        -: 3721:#if !defined(_LIBCPP_REMOVE_TRANSITIVE_INCLUDES) && _LIBCPP_STD_VER <= 20
        -: 3722:#  include <atomic>
        -: 3723:#  include <concepts>
        -: 3724:#  include <cstdarg>
        -: 3725:#  include <iterator>
        -: 3726:#  include <mutex>
        -: 3727:#  include <stdexcept>
        -: 3728:#  include <type_traits>
        -: 3729:#  include <typeinfo>
        -: 3730:#endif
        -: 3731:
        -: 3732:#endif // _LIBCPP_LOCALE
